20.8556 	EXP 	Created window1 = Window(allowGUI=False, allowStencil=False, args=UNKNOWN, autoLog=True, bitsMode=UNKNOWN, blendMode='avg', color=array([0.992, 0.992, 0.992]), colorSpace='rgb', fullscr=<method-wrapper '__getattribute__' of attributeSetter object at 0x131509ba8>, gamma=None, gammaErrorPolicy='raise', kwargs=UNKNOWN, lms=UNKNOWN, monitor=<psychopy.monitors.calibTools.Monitor object at 0x131398ac8>, multiSample=False, name='window1', numSamples=2, pos=[360.0, 225.0], screen=0, size=array([2880, 1800]), stereo=False, units='height', useFBO=True, useRetina=True, viewOri=0.0, viewPos=None, viewScale=None, waitBlanking=True, winType='pyglet')
20.8557 	EXP 	window1: recordFrameIntervals = False
21.0208 	EXP 	window1: recordFrameIntervals = True
21.2054 	EXP 	window1: recordFrameIntervals = False
21.5345 	EXP 	Created Instruction_text = TextStim(__class__=<class 'psychopy.visual.text.TextStim'>, alignHoriz='center', alignVert='center', antialias=True, autoLog=True, bold=False, color='white', colorSpace='named', contrast=1.0, depth=0.0, flipHoriz=False, flipVert=False, font='Arial', fontFiles=[], height=0.1, italic=False, languageStyle='LTR', name='Instruction_text', opacity=1.0, ori=0, pos=array([0., 0.]), rgb=array([255., 255., 255.]), text='Remember the image pairs', units='height', win=Window(...), wrapWidth=1)
21.5690 	EXP 	Created a_image = ImageStim(__class__=<class 'psychopy.visual.image.ImageStim'>, autoLog=True, color=array([1., 1., 1.]), colorSpace='rgb', contrast=1.0, depth=0.0, flipHoriz=False, flipVert=False, image='sin', interpolate=True, mask=None, maskParams=None, name='a_image', opacity=1.0, ori=0.0, pos=array([-0.3,  0. ]), size=array([0.5, 0.5]), texRes=128, units='height', win=Window(...))
21.5708 	EXP 	Created b_image = ImageStim(__class__=<class 'psychopy.visual.image.ImageStim'>, autoLog=True, color=array([1., 1., 1.]), colorSpace='rgb', contrast=1.0, depth=-1.0, flipHoriz=False, flipVert=False, image='sin', interpolate=True, mask=None, maskParams=None, name='b_image', opacity=1.0, ori=0.0, pos=array([0.3, 0. ]), size=array([0.5, 0.5]), texRes=128, units='height', win=Window(...))
21.5893 	EXP 	Instruction_text: autoDraw = True
44.8891 	EXP 	Imported intentional_encoding.xlsx as conditions, 48 conditions, 6 params
44.8896 	EXP 	Created sequence: sequential, trialTypes=48, nReps=48, seed=None
44.8906 	EXP 	New trial (rep=0, index=0): OrderedDict([('trial', 1), ('image_a', 'images/flipflopsBlue.png'), ('image_b', 'images/amy_poehler_c.jpg'), ('category_b', 'face'), ('location_a', 'left'), ('Location_b', 'right')])
44.9554 	DATA 	Keypress: space
44.9706 	EXP 	Instruction_text: autoDraw = False
44.9706 	EXP 	a_image: image = 'images/flipflopsBlue.png'
44.9706 	EXP 	b_image: image = 'images/amy_poehler_c.jpg'
45.0236 	DATA 	Keypress: space
45.4716 	EXP 	a_image: autoDraw = True
45.4716 	EXP 	b_image: autoDraw = True
45.5740 	DATA 	Keypress: space
49.3934 	EXP 	New trial (rep=0, index=1): OrderedDict([('trial', 2), ('image_a', 'images/bag_gift.png'), ('image_b', 'images/bill_gates_a.jpg'), ('category_b', 'face'), ('location_a', 'left'), ('Location_b', 'right')])
49.4374 	EXP 	a_image: autoDraw = False
49.4374 	EXP 	b_image: autoDraw = False
49.4374 	EXP 	a_image: image = 'images/bag_gift.png'
49.4374 	EXP 	b_image: image = 'images/bill_gates_a.jpg'
49.9045 	EXP 	a_image: autoDraw = True
49.9045 	EXP 	b_image: autoDraw = True
53.8905 	EXP 	New trial (rep=0, index=2): OrderedDict([('trial', 3), ('image_a', 'images/ball_8.png'), ('image_b', 'images/courtney_cox_c.jpg'), ('category_b', 'face'), ('location_a', 'left'), ('Location_b', 'right')])
53.9220 	EXP 	a_image: autoDraw = False
53.9220 	EXP 	b_image: autoDraw = False
53.9220 	EXP 	a_image: image = 'images/ball_8.png'
53.9220 	EXP 	b_image: image = 'images/courtney_cox_c.jpg'
54.4049 	EXP 	a_image: autoDraw = True
54.4049 	EXP 	b_image: autoDraw = True
58.3904 	EXP 	New trial (rep=0, index=3): OrderedDict([('trial', 4), ('image_a', 'images/ball_baseball.png'), ('image_b', 'images/dakota_fanning_c.jpg'), ('category_b', 'face'), ('location_a', 'left'), ('Location_b', 'right')])
58.4208 	EXP 	a_image: autoDraw = False
58.4208 	EXP 	b_image: autoDraw = False
58.4208 	EXP 	a_image: image = 'images/ball_baseball.png'
58.4208 	EXP 	b_image: image = 'images/dakota_fanning_c.jpg'
58.9047 	EXP 	a_image: autoDraw = True
58.9047 	EXP 	b_image: autoDraw = True
62.8904 	EXP 	New trial (rep=0, index=4): OrderedDict([('trial', 5), ('image_a', 'images/balloon.jpg'), ('image_b', 'images/drew_barrymore_c.jpg'), ('category_b', 'face'), ('location_a', 'left'), ('Location_b', 'right')])
62.9215 	EXP 	a_image: autoDraw = False
62.9215 	EXP 	b_image: autoDraw = False
62.9215 	EXP 	a_image: image = 'images/balloon.jpg'
62.9215 	EXP 	b_image: image = 'images/drew_barrymore_c.jpg'
63.4048 	EXP 	a_image: autoDraw = True
63.4048 	EXP 	b_image: autoDraw = True
67.3903 	EXP 	New trial (rep=0, index=5): OrderedDict([('trial', 6), ('image_a', 'images/bandage.jpg'), ('image_b', 'images/ellen_degeneres_b.jpg'), ('category_b', 'face'), ('location_a', 'left'), ('Location_b', 'right')])
67.4377 	EXP 	a_image: autoDraw = False
67.4377 	EXP 	b_image: autoDraw = False
67.4377 	EXP 	a_image: image = 'images/bandage.jpg'
67.4377 	EXP 	b_image: image = 'images/ellen_degeneres_b.jpg'
67.9046 	EXP 	a_image: autoDraw = True
67.9046 	EXP 	b_image: autoDraw = True
71.8900 	EXP 	New trial (rep=0, index=6): OrderedDict([('trial', 7), ('image_a', 'images/barrel.jpg'), ('image_b', 'images/emma_stone.jpg'), ('category_b', 'face'), ('location_a', 'left'), ('Location_b', 'right')])
71.9376 	EXP 	a_image: autoDraw = False
71.9376 	EXP 	b_image: autoDraw = False
71.9376 	EXP 	a_image: image = 'images/barrel.jpg'
71.9376 	EXP 	b_image: image = 'images/emma_stone.jpg'
72.4213 	EXP 	a_image: autoDraw = True
72.4213 	EXP 	b_image: autoDraw = True
76.3900 	EXP 	New trial (rep=0, index=7): OrderedDict([('trial', 8), ('image_a', 'images/bathrobe.png'), ('image_b', 'images/emma_watson.jpg'), ('category_b', 'face'), ('location_a', 'left'), ('Location_b', 'right')])
76.4211 	EXP 	a_image: autoDraw = False
76.4211 	EXP 	b_image: autoDraw = False
76.4211 	EXP 	a_image: image = 'images/bathrobe.png'
76.4211 	EXP 	b_image: image = 'images/emma_watson.jpg'
76.9046 	EXP 	a_image: autoDraw = True
76.9046 	EXP 	b_image: autoDraw = True
80.8901 	EXP 	New trial (rep=0, index=8): OrderedDict([('trial', 9), ('image_a', 'images/beetle.png'), ('image_b', 'images/george_clooney_a.jpg'), ('category_b', 'face'), ('location_a', 'left'), ('Location_b', 'right')])
80.9209 	EXP 	a_image: autoDraw = False
80.9209 	EXP 	b_image: autoDraw = False
80.9209 	EXP 	a_image: image = 'images/beetle.png'
80.9209 	EXP 	b_image: image = 'images/george_clooney_a.jpg'
81.4046 	EXP 	a_image: autoDraw = True
81.4046 	EXP 	b_image: autoDraw = True
85.3898 	EXP 	New trial (rep=0, index=9): OrderedDict([('trial', 10), ('image_a', 'images/bench_park.png'), ('image_b', 'images/gwen_stefani_c.jpg'), ('category_b', 'face'), ('location_a', 'left'), ('Location_b', 'right')])
85.4201 	EXP 	a_image: autoDraw = False
85.4201 	EXP 	b_image: autoDraw = False
85.4201 	EXP 	a_image: image = 'images/bench_park.png'
85.4201 	EXP 	b_image: image = 'images/gwen_stefani_c.jpg'
85.9044 	EXP 	a_image: autoDraw = True
85.9044 	EXP 	b_image: autoDraw = True
89.8898 	EXP 	New trial (rep=0, index=10): OrderedDict([('trial', 11), ('image_a', 'images/bib.png'), ('image_b', 'images/hillary_clinton_a.jpg'), ('category_b', 'face'), ('location_a', 'left'), ('Location_b', 'right')])
89.9248 	EXP 	a_image: autoDraw = False
89.9248 	EXP 	b_image: autoDraw = False
89.9248 	EXP 	a_image: image = 'images/bib.png'
89.9248 	EXP 	b_image: image = 'images/hillary_clinton_a.jpg'
90.4042 	EXP 	a_image: autoDraw = True
90.4042 	EXP 	b_image: autoDraw = True
94.3897 	EXP 	New trial (rep=0, index=11): OrderedDict([('trial', 12), ('image_a', 'images/bird_parrot.png'), ('image_b', 'images/jackie_kennedy_a.jpg'), ('category_b', 'face'), ('location_a', 'left'), ('Location_b', 'right')])
94.4206 	EXP 	a_image: autoDraw = False
94.4206 	EXP 	b_image: autoDraw = False
94.4206 	EXP 	a_image: image = 'images/bird_parrot.png'
94.4206 	EXP 	b_image: image = 'images/jackie_kennedy_a.jpg'
94.9043 	EXP 	a_image: autoDraw = True
94.9043 	EXP 	b_image: autoDraw = True
98.8894 	EXP 	New trial (rep=0, index=12): OrderedDict([('trial', 13), ('image_a', 'images/blankets.jpg'), ('image_b', 'images/james_franco_c.jpg'), ('category_b', 'face'), ('location_a', 'left'), ('Location_b', 'right')])
98.9709 	EXP 	a_image: autoDraw = False
98.9709 	EXP 	b_image: autoDraw = False
98.9709 	EXP 	a_image: image = 'images/blankets.jpg'
98.9709 	EXP 	b_image: image = 'images/james_franco_c.jpg'
99.4376 	EXP 	a_image: autoDraw = True
99.4376 	EXP 	b_image: autoDraw = True
103.3899 	EXP 	New trial (rep=0, index=13): OrderedDict([('trial', 14), ('image_a', 'images/boar.png'), ('image_b', 'images/jamie_foxx_b.jpg'), ('category_b', 'face'), ('location_a', 'left'), ('Location_b', 'right')])
103.4232 	EXP 	a_image: autoDraw = False
103.4232 	EXP 	b_image: autoDraw = False
103.4232 	EXP 	a_image: image = 'images/boar.png'
103.4232 	EXP 	b_image: image = 'images/jamie_foxx_b.jpg'
103.9042 	EXP 	a_image: autoDraw = True
103.9042 	EXP 	b_image: autoDraw = True
107.8893 	EXP 	New trial (rep=0, index=14): OrderedDict([('trial', 15), ('image_a', 'images/boat_sail.png'), ('image_b', 'images/queen_elizabeth_a.jpg'), ('category_b', 'face'), ('location_a', 'left'), ('Location_b', 'right')])
107.9228 	EXP 	a_image: autoDraw = False
107.9228 	EXP 	b_image: autoDraw = False
107.9228 	EXP 	a_image: image = 'images/boat_sail.png'
107.9228 	EXP 	b_image: image = 'images/queen_elizabeth_a.jpg'
108.4042 	EXP 	a_image: autoDraw = True
108.4042 	EXP 	b_image: autoDraw = True
112.3897 	EXP 	New trial (rep=0, index=15): OrderedDict([('trial', 16), ('image_a', 'images/carton_eggs.jpg'), ('image_b', 'images/jennifer_aniston_a.jpg'), ('category_b', 'face'), ('location_a', 'left'), ('Location_b', 'right')])
112.4201 	EXP 	a_image: autoDraw = False
112.4201 	EXP 	b_image: autoDraw = False
112.4201 	EXP 	a_image: image = 'images/carton_eggs.jpg'
112.4201 	EXP 	b_image: image = 'images/jennifer_aniston_a.jpg'
112.9041 	EXP 	a_image: autoDraw = True
112.9041 	EXP 	b_image: autoDraw = True
116.8896 	EXP 	New trial (rep=0, index=16): OrderedDict([('trial', 17), ('image_a', 'images/cashregister.png'), ('image_b', 'images/jimmy_fallon.jpg'), ('category_b', 'face'), ('location_a', 'left'), ('Location_b', 'right')])
116.9243 	EXP 	a_image: autoDraw = False
116.9243 	EXP 	b_image: autoDraw = False
116.9243 	EXP 	a_image: image = 'images/cashregister.png'
116.9243 	EXP 	b_image: image = 'images/jimmy_fallon.jpg'
117.4040 	EXP 	a_image: autoDraw = True
117.4040 	EXP 	b_image: autoDraw = True
121.3878 	EXP 	New trial (rep=0, index=17): OrderedDict([('trial', 18), ('image_a', 'images/castle_sand.png'), ('image_b', 'images/julia_roberts_c.jpg'), ('category_b', 'face'), ('location_a', 'left'), ('Location_b', 'right')])
121.4202 	EXP 	a_image: autoDraw = False
121.4202 	EXP 	b_image: autoDraw = False
121.4202 	EXP 	a_image: image = 'images/castle_sand.png'
121.4202 	EXP 	b_image: image = 'images/julia_roberts_c.jpg'
121.9040 	EXP 	a_image: autoDraw = True
121.9040 	EXP 	b_image: autoDraw = True
125.8896 	EXP 	New trial (rep=0, index=18): OrderedDict([('trial', 19), ('image_a', 'images/castle.png'), ('image_b', 'images/katy_perry.jpg'), ('category_b', 'face'), ('location_a', 'left'), ('Location_b', 'right')])
125.9236 	EXP 	a_image: autoDraw = False
125.9236 	EXP 	b_image: autoDraw = False
125.9236 	EXP 	a_image: image = 'images/castle.png'
125.9236 	EXP 	b_image: image = 'images/katy_perry.jpg'
126.4039 	EXP 	a_image: autoDraw = True
126.4039 	EXP 	b_image: autoDraw = True
130.3894 	EXP 	New trial (rep=0, index=19): OrderedDict([('trial', 20), ('image_a', 'images/cat.png'), ('image_b', 'images/kristen_stewart.jpg'), ('category_b', 'face'), ('location_a', 'left'), ('Location_b', 'right')])
130.4220 	EXP 	a_image: autoDraw = False
130.4220 	EXP 	b_image: autoDraw = False
130.4220 	EXP 	a_image: image = 'images/cat.png'
130.4220 	EXP 	b_image: image = 'images/kristen_stewart.jpg'
130.9038 	EXP 	a_image: autoDraw = True
130.9038 	EXP 	b_image: autoDraw = True
134.8892 	EXP 	New trial (rep=0, index=20): OrderedDict([('trial', 21), ('image_a', 'images/caterpillar_green.png'), ('image_b', 'images/mark_zuckerberg_c.jpg'), ('category_b', 'face'), ('location_a', 'left'), ('Location_b', 'right')])
134.9205 	EXP 	a_image: autoDraw = False
134.9205 	EXP 	b_image: autoDraw = False
134.9205 	EXP 	a_image: image = 'images/caterpillar_green.png'
134.9205 	EXP 	b_image: image = 'images/mark_zuckerberg_c.jpg'
135.4038 	EXP 	a_image: autoDraw = True
135.4038 	EXP 	b_image: autoDraw = True
139.3893 	EXP 	New trial (rep=0, index=21): OrderedDict([('trial', 22), ('image_a', 'images/cautionSignFrench.jpg'), ('image_b', 'images/michelle_obama_a.jpg'), ('category_b', 'face'), ('location_a', 'left'), ('Location_b', 'right')])
139.4217 	EXP 	a_image: autoDraw = False
139.4217 	EXP 	b_image: autoDraw = False
139.4217 	EXP 	a_image: image = 'images/cautionSignFrench.jpg'
139.4217 	EXP 	b_image: image = 'images/michelle_obama_a.jpg'
139.9038 	EXP 	a_image: autoDraw = True
139.9038 	EXP 	b_image: autoDraw = True
143.8893 	EXP 	New trial (rep=0, index=22): OrderedDict([('trial', 23), ('image_a', 'images/chain_rusty.png'), ('image_b', 'images/neil_patrick_harris.jpg'), ('category_b', 'face'), ('location_a', 'left'), ('Location_b', 'right')])
143.9241 	EXP 	a_image: autoDraw = False
143.9241 	EXP 	b_image: autoDraw = False
143.9241 	EXP 	a_image: image = 'images/chain_rusty.png'
143.9241 	EXP 	b_image: image = 'images/neil_patrick_harris.jpg'
144.4036 	EXP 	a_image: autoDraw = True
144.4036 	EXP 	b_image: autoDraw = True
148.3892 	EXP 	New trial (rep=0, index=23): OrderedDict([('trial', 24), ('image_a', 'images/chair_deck.jpg'), ('image_b', 'images/oprah_b.jpg'), ('category_b', 'face'), ('location_a', 'left'), ('Location_b', 'right')])
148.4201 	EXP 	a_image: autoDraw = False
148.4201 	EXP 	b_image: autoDraw = False
148.4201 	EXP 	a_image: image = 'images/chair_deck.jpg'
148.4201 	EXP 	b_image: image = 'images/oprah_b.jpg'
148.9042 	EXP 	a_image: autoDraw = True
148.9042 	EXP 	b_image: autoDraw = True
152.8888 	EXP 	New trial (rep=0, index=24): OrderedDict([('trial', 25), ('image_a', 'images/chalkboarderaser.png'), ('image_b', 'images/acropolis_c.jpg'), ('category_b', 'scene'), ('location_a', 'left'), ('Location_b', 'right')])
152.9189 	EXP 	a_image: autoDraw = False
152.9189 	EXP 	b_image: autoDraw = False
152.9189 	EXP 	a_image: image = 'images/chalkboarderaser.png'
152.9189 	EXP 	b_image: image = 'images/acropolis_c.jpg'
153.4036 	EXP 	a_image: autoDraw = True
153.4036 	EXP 	b_image: autoDraw = True
157.3881 	EXP 	New trial (rep=0, index=25): OrderedDict([('trial', 26), ('image_a', 'images/champagne.jpg'), ('image_b', 'images/arches_national_park_a.jpg'), ('category_b', 'scene'), ('location_a', 'left'), ('Location_b', 'right')])
157.4199 	EXP 	a_image: autoDraw = False
157.4199 	EXP 	b_image: autoDraw = False
157.4199 	EXP 	a_image: image = 'images/champagne.jpg'
157.4199 	EXP 	b_image: image = 'images/arches_national_park_a.jpg'
157.9033 	EXP 	a_image: autoDraw = True
157.9033 	EXP 	b_image: autoDraw = True
161.8888 	EXP 	New trial (rep=0, index=26): OrderedDict([('trial', 27), ('image_a', 'images/checkers_board.png'), ('image_b', 'images/cn_tower_b.jpg'), ('category_b', 'scene'), ('location_a', 'left'), ('Location_b', 'right')])
161.9367 	EXP 	a_image: autoDraw = False
161.9367 	EXP 	b_image: autoDraw = False
161.9367 	EXP 	a_image: image = 'images/checkers_board.png'
161.9367 	EXP 	b_image: image = 'images/cn_tower_b.jpg'
162.4201 	EXP 	a_image: autoDraw = True
162.4201 	EXP 	b_image: autoDraw = True
166.3891 	EXP 	New trial (rep=0, index=27): OrderedDict([('trial', 28), ('image_a', 'images/cheeseGouda.png'), ('image_b', 'images/eiffel_tower_c.jpg'), ('category_b', 'scene'), ('location_a', 'left'), ('Location_b', 'right')])
166.4193 	EXP 	a_image: autoDraw = False
166.4193 	EXP 	b_image: autoDraw = False
166.4193 	EXP 	a_image: image = 'images/cheeseGouda.png'
166.4193 	EXP 	b_image: image = 'images/eiffel_tower_c.jpg'
166.9033 	EXP 	a_image: autoDraw = True
166.9033 	EXP 	b_image: autoDraw = True
170.8885 	EXP 	New trial (rep=0, index=28): OrderedDict([('trial', 29), ('image_a', 'images/chest_toys.png'), ('image_b', 'images/empire_state_building_a.jpg'), ('category_b', 'scene'), ('location_a', 'left'), ('Location_b', 'right')])
170.9198 	EXP 	a_image: autoDraw = False
170.9198 	EXP 	b_image: autoDraw = False
170.9198 	EXP 	a_image: image = 'images/chest_toys.png'
170.9198 	EXP 	b_image: image = 'images/empire_state_building_a.jpg'
171.4031 	EXP 	a_image: autoDraw = True
171.4031 	EXP 	b_image: autoDraw = True
175.3871 	EXP 	New trial (rep=0, index=29): OrderedDict([('trial', 30), ('image_a', 'images/chick.jpg'), ('image_b', 'images/flatiron_building_b.jpg'), ('category_b', 'scene'), ('location_a', 'left'), ('Location_b', 'right')])
175.4192 	EXP 	a_image: autoDraw = False
175.4192 	EXP 	b_image: autoDraw = False
175.4192 	EXP 	a_image: image = 'images/chick.jpg'
175.4192 	EXP 	b_image: image = 'images/flatiron_building_b.jpg'
175.9030 	EXP 	a_image: autoDraw = True
175.9030 	EXP 	b_image: autoDraw = True
179.8890 	EXP 	New trial (rep=0, index=30): OrderedDict([('trial', 31), ('image_a', 'images/drum.png'), ('image_b', 'images/forbidden_city_c.jpg'), ('category_b', 'scene'), ('location_a', 'left'), ('Location_b', 'right')])
180.1408 	EXP 	a_image: autoDraw = False
180.1408 	EXP 	b_image: autoDraw = False
180.1408 	EXP 	a_image: image = 'images/drum.png'
180.1408 	EXP 	b_image: image = 'images/forbidden_city_c.jpg'
180.6199 	EXP 	a_image: autoDraw = True
180.6199 	EXP 	b_image: autoDraw = True
184.3887 	EXP 	New trial (rep=0, index=31): OrderedDict([('trial', 32), ('image_a', 'images/dryingmachine02.png'), ('image_b', 'images/waikiki_c.jpg'), ('category_b', 'scene'), ('location_a', 'left'), ('Location_b', 'right')])
184.4359 	EXP 	a_image: autoDraw = False
184.4359 	EXP 	b_image: autoDraw = False
184.4359 	EXP 	a_image: image = 'images/dryingmachine02.png'
184.4359 	EXP 	b_image: image = 'images/waikiki_c.jpg'
184.9198 	EXP 	a_image: autoDraw = True
184.9198 	EXP 	b_image: autoDraw = True
188.8884 	EXP 	New trial (rep=0, index=32): OrderedDict([('trial', 33), ('image_a', 'images/dust_pan.jpg'), ('image_b', 'images/gaudi_cathedral_c.jpg'), ('category_b', 'scene'), ('location_a', 'left'), ('Location_b', 'right')])
188.9361 	EXP 	a_image: autoDraw = False
188.9361 	EXP 	b_image: autoDraw = False
188.9361 	EXP 	a_image: image = 'images/dust_pan.jpg'
188.9361 	EXP 	b_image: image = 'images/gaudi_cathedral_c.jpg'
189.4195 	EXP 	a_image: autoDraw = True
189.4195 	EXP 	b_image: autoDraw = True
193.3882 	EXP 	New trial (rep=0, index=33): OrderedDict([('trial', 34), ('image_a', 'images/earrings_dangling.jpg'), ('image_b', 'images/giants_causeway_b.jpg'), ('category_b', 'scene'), ('location_a', 'left'), ('Location_b', 'right')])
193.4233 	EXP 	a_image: autoDraw = False
193.4233 	EXP 	b_image: autoDraw = False
193.4233 	EXP 	a_image: image = 'images/earrings_dangling.jpg'
193.4233 	EXP 	b_image: image = 'images/giants_causeway_b.jpg'
193.9028 	EXP 	a_image: autoDraw = True
193.9028 	EXP 	b_image: autoDraw = True
195.9720 	DATA 	Mouse: wheel shift=(0,0), pos=(623,539)
195.9752 	DATA 	Mouse: wheel shift=(0,0), pos=(623,539)
197.8881 	EXP 	New trial (rep=0, index=34): OrderedDict([('trial', 35), ('image_a', 'images/egg_easter.jpg'), ('image_b', 'images/giza_pyramids_c.jpg'), ('category_b', 'scene'), ('location_a', 'left'), ('Location_b', 'right')])
197.9211 	EXP 	a_image: autoDraw = False
197.9211 	EXP 	b_image: autoDraw = False
197.9211 	EXP 	a_image: image = 'images/egg_easter.jpg'
197.9211 	EXP 	b_image: image = 'images/giza_pyramids_c.jpg'
198.4028 	EXP 	a_image: autoDraw = True
198.4028 	EXP 	b_image: autoDraw = True
202.3881 	EXP 	New trial (rep=0, index=35): OrderedDict([('trial', 36), ('image_a', 'images/electricoutlet.png'), ('image_b', 'images/glacier_national_park_c.jpg'), ('category_b', 'scene'), ('location_a', 'left'), ('Location_b', 'right')])
202.4223 	EXP 	a_image: autoDraw = False
202.4223 	EXP 	b_image: autoDraw = False
202.4223 	EXP 	a_image: image = 'images/electricoutlet.png'
202.4223 	EXP 	b_image: image = 'images/glacier_national_park_c.jpg'
202.9026 	EXP 	a_image: autoDraw = True
202.9026 	EXP 	b_image: autoDraw = True
206.8882 	EXP 	New trial (rep=0, index=36): OrderedDict([('trial', 37), ('image_a', 'images/elephant.png'), ('image_b', 'images/golden_gate_bridge_b.jpg'), ('category_b', 'scene'), ('location_a', 'left'), ('Location_b', 'right')])
206.9221 	EXP 	a_image: autoDraw = False
206.9221 	EXP 	b_image: autoDraw = False
206.9221 	EXP 	a_image: image = 'images/elephant.png'
206.9221 	EXP 	b_image: image = 'images/golden_gate_bridge_b.jpg'
207.4026 	EXP 	a_image: autoDraw = True
207.4026 	EXP 	b_image: autoDraw = True
211.3879 	EXP 	New trial (rep=0, index=37): OrderedDict([('trial', 38), ('image_a', 'images/englishmuffin.png'), ('image_b', 'images/grand_canyon_c.jpg'), ('category_b', 'scene'), ('location_a', 'left'), ('Location_b', 'right')])
211.4355 	EXP 	a_image: autoDraw = False
211.4355 	EXP 	b_image: autoDraw = False
211.4355 	EXP 	a_image: image = 'images/englishmuffin.png'
211.4355 	EXP 	b_image: image = 'images/grand_canyon_c.jpg'
211.9193 	EXP 	a_image: autoDraw = True
211.9193 	EXP 	b_image: autoDraw = True
215.8880 	EXP 	New trial (rep=0, index=38): OrderedDict([('trial', 39), ('image_a', 'images/eraser.png'), ('image_b', 'images/grand_tetons_a.jpg'), ('category_b', 'scene'), ('location_a', 'left'), ('Location_b', 'right')])
215.9189 	EXP 	a_image: autoDraw = False
215.9189 	EXP 	b_image: autoDraw = False
215.9189 	EXP 	a_image: image = 'images/eraser.png'
215.9189 	EXP 	b_image: image = 'images/grand_tetons_a.jpg'
216.4025 	EXP 	a_image: autoDraw = True
216.4025 	EXP 	b_image: autoDraw = True
220.3879 	EXP 	New trial (rep=0, index=39): OrderedDict([('trial', 40), ('image_a', 'images/escalator.png'), ('image_b', 'images/great_wall_of_china_c.jpg'), ('category_b', 'scene'), ('location_a', 'left'), ('Location_b', 'right')])
220.4186 	EXP 	a_image: autoDraw = False
220.4186 	EXP 	b_image: autoDraw = False
220.4186 	EXP 	a_image: image = 'images/escalator.png'
220.4186 	EXP 	b_image: image = 'images/great_wall_of_china_c.jpg'
220.9027 	EXP 	a_image: autoDraw = True
220.9027 	EXP 	b_image: autoDraw = True
224.8878 	EXP 	New trial (rep=0, index=40): OrderedDict([('trial', 41), ('image_a', 'images/eyeMask.jpg'), ('image_b', 'images/iguazu_falls_b.jpg'), ('category_b', 'scene'), ('location_a', 'left'), ('Location_b', 'right')])
224.9183 	EXP 	a_image: autoDraw = False
224.9183 	EXP 	b_image: autoDraw = False
224.9183 	EXP 	a_image: image = 'images/eyeMask.jpg'
224.9183 	EXP 	b_image: image = 'images/iguazu_falls_b.jpg'
225.4024 	EXP 	a_image: autoDraw = True
225.4024 	EXP 	b_image: autoDraw = True
229.3881 	EXP 	New trial (rep=0, index=41): OrderedDict([('trial', 42), ('image_a', 'images/fan.png'), ('image_b', 'images/joshua_tree_c.jpg'), ('category_b', 'scene'), ('location_a', 'left'), ('Location_b', 'right')])
229.4360 	EXP 	a_image: autoDraw = False
229.4360 	EXP 	b_image: autoDraw = False
229.4360 	EXP 	a_image: image = 'images/fan.png'
229.4360 	EXP 	b_image: image = 'images/joshua_tree_c.jpg'
229.9025 	EXP 	a_image: autoDraw = True
229.9025 	EXP 	b_image: autoDraw = True
233.8878 	EXP 	New trial (rep=0, index=42): OrderedDict([('trial', 43), ('image_a', 'images/feather.png'), ('image_b', 'images/machu_picchu_c.jpg'), ('category_b', 'scene'), ('location_a', 'left'), ('Location_b', 'right')])
233.9225 	EXP 	a_image: autoDraw = False
233.9225 	EXP 	b_image: autoDraw = False
233.9225 	EXP 	a_image: image = 'images/feather.png'
233.9225 	EXP 	b_image: image = 'images/machu_picchu_c.jpg'
234.4022 	EXP 	a_image: autoDraw = True
234.4022 	EXP 	b_image: autoDraw = True
238.3875 	EXP 	New trial (rep=0, index=43): OrderedDict([('trial', 44), ('image_a', 'images/figurine_ballerina.jpg'), ('image_b', 'images/neuschwanstein_castle_c.jpg'), ('category_b', 'scene'), ('location_a', 'left'), ('Location_b', 'right')])
238.4349 	EXP 	a_image: autoDraw = False
238.4349 	EXP 	b_image: autoDraw = False
238.4349 	EXP 	a_image: image = 'images/figurine_ballerina.jpg'
238.4349 	EXP 	b_image: image = 'images/neuschwanstein_castle_c.jpg'
238.9191 	EXP 	a_image: autoDraw = True
238.9191 	EXP 	b_image: autoDraw = True
242.8874 	EXP 	New trial (rep=0, index=44): OrderedDict([('trial', 45), ('image_a', 'images/firehydrant.png'), ('image_b', 'images/serengeti_c.jpg'), ('category_b', 'scene'), ('location_a', 'left'), ('Location_b', 'right')])
242.9351 	EXP 	a_image: autoDraw = False
242.9351 	EXP 	b_image: autoDraw = False
242.9351 	EXP 	a_image: image = 'images/firehydrant.png'
242.9351 	EXP 	b_image: image = 'images/serengeti_c.jpg'
243.4188 	EXP 	a_image: autoDraw = True
243.4188 	EXP 	b_image: autoDraw = True
247.3879 	EXP 	New trial (rep=0, index=45): OrderedDict([('trial', 46), ('image_a', 'images/flamingo.png'), ('image_b', 'images/stonehenge_b.jpg'), ('category_b', 'scene'), ('location_a', 'left'), ('Location_b', 'right')])
247.4199 	EXP 	a_image: autoDraw = False
247.4199 	EXP 	b_image: autoDraw = False
247.4199 	EXP 	a_image: image = 'images/flamingo.png'
247.4199 	EXP 	b_image: image = 'images/stonehenge_b.jpg'
247.9021 	EXP 	a_image: autoDraw = True
247.9021 	EXP 	b_image: autoDraw = True
251.8878 	EXP 	New trial (rep=0, index=46): OrderedDict([('trial', 47), ('image_a', 'images/flashlight.png'), ('image_b', 'images/times_square_b.jpg'), ('category_b', 'scene'), ('location_a', 'left'), ('Location_b', 'right')])
251.9190 	EXP 	a_image: autoDraw = False
251.9190 	EXP 	b_image: autoDraw = False
251.9190 	EXP 	a_image: image = 'images/flashlight.png'
251.9190 	EXP 	b_image: image = 'images/times_square_b.jpg'
252.4022 	EXP 	a_image: autoDraw = True
252.4022 	EXP 	b_image: autoDraw = True
256.3876 	EXP 	New trial (rep=0, index=47): OrderedDict([('trial', 48), ('image_a', 'images/mannequin.jpg'), ('image_b', 'images/tower_of_pisa_c.jpg'), ('category_b', 'scene'), ('location_a', 'left'), ('Location_b', 'right')])
256.4179 	EXP 	a_image: autoDraw = False
256.4179 	EXP 	b_image: autoDraw = False
256.4179 	EXP 	a_image: image = 'images/mannequin.jpg'
256.4179 	EXP 	b_image: image = 'images/tower_of_pisa_c.jpg'
256.9021 	EXP 	a_image: autoDraw = True
256.9021 	EXP 	b_image: autoDraw = True
260.8877 	EXP 	New trial (rep=1, index=0): OrderedDict([('trial', 1), ('image_a', 'images/flipflopsBlue.png'), ('image_b', 'images/amy_poehler_c.jpg'), ('category_b', 'face'), ('location_a', 'left'), ('Location_b', 'right')])
260.9212 	EXP 	a_image: autoDraw = False
260.9212 	EXP 	b_image: autoDraw = False
260.9212 	EXP 	a_image: image = 'images/flipflopsBlue.png'
260.9212 	EXP 	b_image: image = 'images/amy_poehler_c.jpg'
261.4018 	EXP 	a_image: autoDraw = True
261.4018 	EXP 	b_image: autoDraw = True
265.3874 	EXP 	New trial (rep=1, index=1): OrderedDict([('trial', 2), ('image_a', 'images/bag_gift.png'), ('image_b', 'images/bill_gates_a.jpg'), ('category_b', 'face'), ('location_a', 'left'), ('Location_b', 'right')])
265.4180 	EXP 	a_image: autoDraw = False
265.4180 	EXP 	b_image: autoDraw = False
265.4180 	EXP 	a_image: image = 'images/bag_gift.png'
265.4180 	EXP 	b_image: image = 'images/bill_gates_a.jpg'
265.9020 	EXP 	a_image: autoDraw = True
265.9020 	EXP 	b_image: autoDraw = True
269.8874 	EXP 	New trial (rep=1, index=2): OrderedDict([('trial', 3), ('image_a', 'images/ball_8.png'), ('image_b', 'images/courtney_cox_c.jpg'), ('category_b', 'face'), ('location_a', 'left'), ('Location_b', 'right')])
269.9182 	EXP 	a_image: autoDraw = False
269.9182 	EXP 	b_image: autoDraw = False
269.9182 	EXP 	a_image: image = 'images/ball_8.png'
269.9182 	EXP 	b_image: image = 'images/courtney_cox_c.jpg'
270.4019 	EXP 	a_image: autoDraw = True
270.4019 	EXP 	b_image: autoDraw = True
274.3870 	EXP 	New trial (rep=1, index=3): OrderedDict([('trial', 4), ('image_a', 'images/ball_baseball.png'), ('image_b', 'images/dakota_fanning_c.jpg'), ('category_b', 'face'), ('location_a', 'left'), ('Location_b', 'right')])
274.4183 	EXP 	a_image: autoDraw = False
274.4183 	EXP 	b_image: autoDraw = False
274.4183 	EXP 	a_image: image = 'images/ball_baseball.png'
274.4183 	EXP 	b_image: image = 'images/dakota_fanning_c.jpg'
274.9009 	EXP 	a_image: autoDraw = True
274.9009 	EXP 	b_image: autoDraw = True
278.8875 	EXP 	New trial (rep=1, index=4): OrderedDict([('trial', 5), ('image_a', 'images/balloon.jpg'), ('image_b', 'images/drew_barrymore_c.jpg'), ('category_b', 'face'), ('location_a', 'left'), ('Location_b', 'right')])
278.9180 	EXP 	a_image: autoDraw = False
278.9180 	EXP 	b_image: autoDraw = False
278.9180 	EXP 	a_image: image = 'images/balloon.jpg'
278.9180 	EXP 	b_image: image = 'images/drew_barrymore_c.jpg'
279.4018 	EXP 	a_image: autoDraw = True
279.4018 	EXP 	b_image: autoDraw = True
283.3869 	EXP 	New trial (rep=1, index=5): OrderedDict([('trial', 6), ('image_a', 'images/bandage.jpg'), ('image_b', 'images/ellen_degeneres_b.jpg'), ('category_b', 'face'), ('location_a', 'left'), ('Location_b', 'right')])
283.4352 	EXP 	a_image: autoDraw = False
283.4352 	EXP 	b_image: autoDraw = False
283.4352 	EXP 	a_image: image = 'images/bandage.jpg'
283.4352 	EXP 	b_image: image = 'images/ellen_degeneres_b.jpg'
283.9018 	EXP 	a_image: autoDraw = True
283.9018 	EXP 	b_image: autoDraw = True
287.8874 	EXP 	New trial (rep=1, index=6): OrderedDict([('trial', 7), ('image_a', 'images/barrel.jpg'), ('image_b', 'images/emma_stone.jpg'), ('category_b', 'face'), ('location_a', 'left'), ('Location_b', 'right')])
287.9353 	EXP 	a_image: autoDraw = False
287.9353 	EXP 	b_image: autoDraw = False
287.9353 	EXP 	a_image: image = 'images/barrel.jpg'
287.9353 	EXP 	b_image: image = 'images/emma_stone.jpg'
288.4182 	EXP 	a_image: autoDraw = True
288.4182 	EXP 	b_image: autoDraw = True
292.3869 	EXP 	New trial (rep=1, index=7): OrderedDict([('trial', 8), ('image_a', 'images/bathrobe.png'), ('image_b', 'images/emma_watson.jpg'), ('category_b', 'face'), ('location_a', 'left'), ('Location_b', 'right')])
292.4184 	EXP 	a_image: autoDraw = False
292.4184 	EXP 	b_image: autoDraw = False
292.4184 	EXP 	a_image: image = 'images/bathrobe.png'
292.4184 	EXP 	b_image: image = 'images/emma_watson.jpg'
292.9017 	EXP 	a_image: autoDraw = True
292.9017 	EXP 	b_image: autoDraw = True
296.8872 	EXP 	New trial (rep=1, index=8): OrderedDict([('trial', 9), ('image_a', 'images/beetle.png'), ('image_b', 'images/george_clooney_a.jpg'), ('category_b', 'face'), ('location_a', 'left'), ('Location_b', 'right')])
296.9178 	EXP 	a_image: autoDraw = False
296.9178 	EXP 	b_image: autoDraw = False
296.9178 	EXP 	a_image: image = 'images/beetle.png'
296.9178 	EXP 	b_image: image = 'images/george_clooney_a.jpg'
297.4017 	EXP 	a_image: autoDraw = True
297.4017 	EXP 	b_image: autoDraw = True
301.3871 	EXP 	New trial (rep=1, index=9): OrderedDict([('trial', 10), ('image_a', 'images/bench_park.png'), ('image_b', 'images/gwen_stefani_c.jpg'), ('category_b', 'face'), ('location_a', 'left'), ('Location_b', 'right')])
301.4182 	EXP 	a_image: autoDraw = False
301.4182 	EXP 	b_image: autoDraw = False
301.4182 	EXP 	a_image: image = 'images/bench_park.png'
301.4182 	EXP 	b_image: image = 'images/gwen_stefani_c.jpg'
301.9015 	EXP 	a_image: autoDraw = True
301.9015 	EXP 	b_image: autoDraw = True
302.2368 	DATA 	Keypress: escape
302.6487 	EXP 	window1: mouseVisible = True
