7.5845 	EXP 	Created window1 = Window(allowGUI=False, allowStencil=False, args=UNKNOWN, autoLog=True, bitsMode=UNKNOWN, blendMode='avg', color=array([0., 0., 0.]), colorSpace='rgb', fullscr=<method-wrapper '__getattribute__' of attributeSetter object at 0x131689ba8>, gamma=None, gammaErrorPolicy='raise', kwargs=UNKNOWN, lms=UNKNOWN, monitor=<psychopy.monitors.calibTools.Monitor object at 0x131561ac8>, multiSample=False, name='window1', numSamples=2, pos=[360.0, 225.0], screen=0, size=array([2880, 1800]), stereo=False, units='height', useFBO=True, useRetina=True, viewOri=0.0, viewPos=None, viewScale=None, waitBlanking=True, winType='pyglet')
7.5845 	EXP 	window1: recordFrameIntervals = False
7.7500 	EXP 	window1: recordFrameIntervals = True
7.9337 	EXP 	window1: recordFrameIntervals = False
8.3075 	EXP 	Created Instruction_text = TextStim(__class__=<class 'psychopy.visual.text.TextStim'>, alignHoriz='center', alignVert='center', antialias=True, autoLog=True, bold=False, color='white', colorSpace='named', contrast=1.0, depth=0.0, flipHoriz=False, flipVert=False, font='Arial', fontFiles=[], height=0.1, italic=False, languageStyle='LTR', name='Instruction_text', opacity=1.0, ori=0, pos=array([0., 0.]), rgb=array([255., 255., 255.]), text='Remember the image pairs', units='height', win=Window(...), wrapWidth=1)
8.3464 	EXP 	Created a_image = ImageStim(__class__=<class 'psychopy.visual.image.ImageStim'>, autoLog=True, color=array([1., 1., 1.]), colorSpace='rgb', contrast=1.0, depth=0.0, flipHoriz=False, flipVert=False, image='sin', interpolate=True, mask=None, maskParams=None, name='a_image', opacity=1.0, ori=0.0, pos=array([-5.,  0.]), size=array([0.5, 0.5]), texRes=128, units='height', win=Window(...))
8.3481 	EXP 	Created b_image = ImageStim(__class__=<class 'psychopy.visual.image.ImageStim'>, autoLog=True, color=array([1., 1., 1.]), colorSpace='rgb', contrast=1.0, depth=-1.0, flipHoriz=False, flipVert=False, image='sin', interpolate=True, mask=None, maskParams=None, name='b_image', opacity=1.0, ori=0.0, pos=array([5., 0.]), size=array([0.5, 0.5]), texRes=128, units='height', win=Window(...))
8.3805 	EXP 	Instruction_text: autoDraw = True
8.7054 	DATA 	Keypress: space
8.8499 	EXP 	Imported intentional_encoding.xlsx as conditions, 48 conditions, 6 params
8.8506 	EXP 	Created sequence: sequential, trialTypes=48, nReps=1, seed=None
8.8511 	EXP 	New trial (rep=0, index=0): OrderedDict([('trial', 1), ('image_a', 'images/flipflopsBlue.png'), ('image_b', 'images/amy_poehler_c.jpg'), ('category_b', 'face'), ('location_a', 'left'), ('Location_b', 'right')])
8.9674 	EXP 	Instruction_text: autoDraw = False
8.9674 	EXP 	a_image: image = 'images/flipflopsBlue.png'
8.9674 	EXP 	b_image: image = 'images/amy_poehler_c.jpg'
9.4666 	EXP 	a_image: autoDraw = True
9.4666 	EXP 	b_image: autoDraw = True
12.3512 	EXP 	New trial (rep=0, index=1): OrderedDict([('trial', 2), ('image_a', 'images/bag_gift.png'), ('image_b', 'images/bill_gates_a.jpg'), ('category_b', 'face'), ('location_a', 'left'), ('Location_b', 'right')])
12.3841 	EXP 	a_image: autoDraw = False
12.3841 	EXP 	b_image: autoDraw = False
12.3841 	EXP 	a_image: image = 'images/bag_gift.png'
12.3841 	EXP 	b_image: image = 'images/bill_gates_a.jpg'
12.8668 	EXP 	a_image: autoDraw = True
12.8668 	EXP 	b_image: autoDraw = True
14.0033 	DATA 	Keypress: space
15.8503 	EXP 	New trial (rep=0, index=2): OrderedDict([('trial', 3), ('image_a', 'images/ball_8.png'), ('image_b', 'images/courtney_cox_c.jpg'), ('category_b', 'face'), ('location_a', 'left'), ('Location_b', 'right')])
15.8832 	EXP 	a_image: autoDraw = False
15.8832 	EXP 	b_image: autoDraw = False
15.8832 	EXP 	a_image: image = 'images/ball_8.png'
15.8832 	EXP 	b_image: image = 'images/courtney_cox_c.jpg'
16.3672 	EXP 	a_image: autoDraw = True
16.3672 	EXP 	b_image: autoDraw = True
16.3888 	DATA 	Keypress: space
19.1860 	DATA 	Keypress: space
19.3511 	EXP 	New trial (rep=0, index=3): OrderedDict([('trial', 4), ('image_a', 'images/ball_baseball.png'), ('image_b', 'images/dakota_fanning_c.jpg'), ('category_b', 'face'), ('location_a', 'left'), ('Location_b', 'right')])
19.3840 	EXP 	a_image: autoDraw = False
19.3840 	EXP 	b_image: autoDraw = False
19.3840 	EXP 	a_image: image = 'images/ball_baseball.png'
19.3840 	EXP 	b_image: image = 'images/dakota_fanning_c.jpg'
19.8681 	EXP 	a_image: autoDraw = True
19.8681 	EXP 	b_image: autoDraw = True
20.2044 	DATA 	Keypress: space
21.6539 	DATA 	Keypress: space
22.5057 	DATA 	Keypress: escape
22.9533 	EXP 	window1: mouseVisible = True
