7.0164 	EXP 	Created window1 = Window(allowGUI=False, allowStencil=False, args=UNKNOWN, autoLog=True, bitsMode=UNKNOWN, blendMode='avg', color=array([0., 0., 0.]), colorSpace='rgb', fullscr=<method-wrapper '__getattribute__' of attributeSetter object at 0x1317c9ba8>, gamma=None, gammaErrorPolicy='raise', kwargs=UNKNOWN, lms=UNKNOWN, monitor=<psychopy.monitors.calibTools.Monitor object at 0x1316a1ac8>, multiSample=False, name='window1', numSamples=2, pos=[360.0, 225.0], screen=0, size=array([2880, 1800]), stereo=False, units='height', useFBO=True, useRetina=True, viewOri=0.0, viewPos=None, viewScale=None, waitBlanking=True, winType='pyglet')
7.0165 	EXP 	window1: recordFrameIntervals = False
7.1828 	EXP 	window1: recordFrameIntervals = True
7.3656 	EXP 	window1: recordFrameIntervals = False
7.7039 	EXP 	Created Instruction_text = TextStim(__class__=<class 'psychopy.visual.text.TextStim'>, alignHoriz='center', alignVert='center', antialias=True, autoLog=True, bold=False, color='white', colorSpace='named', contrast=1.0, depth=0.0, flipHoriz=False, flipVert=False, font='Arial', fontFiles=[], height=0.1, italic=False, languageStyle='LTR', name='Instruction_text', opacity=1.0, ori=0, pos=array([0., 0.]), rgb=array([255., 255., 255.]), text='Remember the image pairs', units='height', win=Window(...), wrapWidth=1)
7.7381 	EXP 	Created a_image = ImageStim(__class__=<class 'psychopy.visual.image.ImageStim'>, autoLog=True, color=array([1., 1., 1.]), colorSpace='rgb', contrast=1.0, depth=0.0, flipHoriz=False, flipVert=False, image='sin', interpolate=True, mask=None, maskParams=None, name='a_image', opacity=1.0, ori=0.0, pos=array([-5.,  0.]), size=array([0.5, 0.5]), texRes=128, units='height', win=Window(...))
7.7398 	EXP 	Created b_image = ImageStim(__class__=<class 'psychopy.visual.image.ImageStim'>, autoLog=True, color=array([1., 1., 1.]), colorSpace='rgb', contrast=1.0, depth=-1.0, flipHoriz=False, flipVert=False, image='sin', interpolate=True, mask=None, maskParams=None, name='b_image', opacity=1.0, ori=0.0, pos=array([5., 0.]), size=array([0.5, 0.5]), texRes=128, units='height', win=Window(...))
7.7652 	EXP 	Instruction_text: autoDraw = True
8.5304 	EXP 	Imported intentional_encoding.xlsx as conditions, 48 conditions, 6 params
8.5307 	EXP 	Created sequence: sequential, trialTypes=48, nReps=1, seed=None
8.5311 	EXP 	New trial (rep=0, index=0): OrderedDict([('trial', 1), ('image_a', 'images/flipflopsBlue.png'), ('image_b', 'images/amy_poehler_c.jpg'), ('category_b', 'face'), ('location_a', 'left'), ('Location_b', 'right')])
8.5984 	DATA 	Keypress: space
8.6161 	EXP 	Instruction_text: autoDraw = False
8.6161 	EXP 	a_image: image = 'images/flipflopsBlue.png'
8.6161 	EXP 	b_image: image = 'images/amy_poehler_c.jpg'
9.1151 	EXP 	a_image: autoDraw = True
9.1151 	EXP 	b_image: autoDraw = True
10.6078 	DATA 	Keypress: space
10.9419 	DATA 	Keypress: space
11.6437 	DATA 	Keypress: escape
12.0619 	EXP 	window1: mouseVisible = True
