6.4398 	EXP 	Created window1 = Window(allowGUI=False, allowStencil=False, args=UNKNOWN, autoLog=True, bitsMode=UNKNOWN, blendMode='avg', color=array([0.992, 0.992, 0.992]), colorSpace='rgb', fullscr=<method-wrapper '__getattribute__' of attributeSetter object at 0x131551cf8>, gamma=None, gammaErrorPolicy='raise', kwargs=UNKNOWN, lms=UNKNOWN, monitor=<psychopy.monitors.calibTools.Monitor object at 0x13145ac18>, multiSample=False, name='window1', numSamples=2, pos=[360.0, 225.0], screen=0, size=array([2880, 1800]), stereo=False, units='height', useFBO=True, useRetina=True, viewOri=0.0, viewPos=None, viewScale=None, waitBlanking=True, winType='pyglet')
6.4399 	EXP 	window1: recordFrameIntervals = False
6.7586 	EXP 	window1: recordFrameIntervals = True
6.8252 	WARNING 	t of last frame was 32.77ms (=1/30)
6.8602 	WARNING 	t of last frame was 35.06ms (=1/28)
6.9859 	WARNING 	t of last frame was 25.61ms (=1/39)
7.0102 	WARNING 	t of last frame was 24.28ms (=1/41)
7.0654 	WARNING 	Multiple dropped frames have occurred - I'll stop bothering you about them!
8.1388 	EXP 	window1: recordFrameIntervals = False
8.5196 	EXP 	Created text = TextStim(__class__=<class 'psychopy.visual.text.TextStim'>, alignHoriz='center', alignVert='center', antialias=True, autoLog=True, bold=False, color='white', colorSpace='named', contrast=1.0, depth=0.0, flipHoriz=False, flipVert=False, font='Arial', fontFiles=[], height=1.0, italic=False, languageStyle='LTR', name='text', opacity=1.0, ori=0, pos=array([0., 0.]), rgb=array([255., 255., 255.]), text='default text', units='height', win=Window(...), wrapWidth=1)
8.5246 	EXP 	Created instructions_text2 = TextStim(__class__=<class 'psychopy.visual.text.TextStim'>, alignHoriz='center', alignVert='center', antialias=True, autoLog=True, bold=False, color='white', colorSpace='named', contrast=1.0, depth=-1.0, flipHoriz=False, flipVert=False, font='Arial', fontFiles=[], height=1.0, italic=False, languageStyle='LTR', name='instructions_text2', opacity=1.0, ori=0, pos=array([0., 0.]), rgb=array([255., 255., 255.]), text='default text', units='height', win=Window(...), wrapWidth=1)
8.5602 	EXP 	Created image1 = ImageStim(__class__=<class 'psychopy.visual.image.ImageStim'>, autoLog=True, color=array([1., 1., 1.]), colorSpace='rgb', contrast=1.0, depth=-3.0, flipHoriz=False, flipVert=False, image='sin', interpolate=True, mask=None, maskParams=None, name='image1', opacity=1.0, ori=0.0, pos=array([0., 0.]), size=array([1., 1.]), texRes=128, units='height', win=Window(...))
8.5620 	EXP 	Created image2 = ImageStim(__class__=<class 'psychopy.visual.image.ImageStim'>, autoLog=True, color=array([1., 1., 1.]), colorSpace='rgb', contrast=1.0, depth=-4.0, flipHoriz=False, flipVert=False, image='sin', interpolate=True, mask=None, maskParams=None, name='image2', opacity=1.0, ori=0.0, pos=array([0., 0.]), size=array([1., 1.]), texRes=128, units='height', win=Window(...))
8.5638 	EXP 	Created a_image = ImageStim(__class__=<class 'psychopy.visual.image.ImageStim'>, autoLog=True, color=array([1., 1., 1.]), colorSpace='rgb', contrast=1.0, depth=0.0, flipHoriz=False, flipVert=False, image='sin', interpolate=True, mask=None, maskParams=None, name='a_image', opacity=1.0, ori=0.0, pos=array([-0.3,  0. ]), size=array([0.5, 0.5]), texRes=128, units='height', win=Window(...))
8.5655 	EXP 	Created b_image = ImageStim(__class__=<class 'psychopy.visual.image.ImageStim'>, autoLog=True, color=array([1., 1., 1.]), colorSpace='rgb', contrast=1.0, depth=-1.0, flipHoriz=False, flipVert=False, image='sin', interpolate=True, mask=None, maskParams=None, name='b_image', opacity=1.0, ori=0.0, pos=array([0.3, 0. ]), size=array([0.5, 0.5]), texRes=128, units='height', win=Window(...))
8.5830 	EXP 	Created text_12 = TextStim(__class__=<class 'psychopy.visual.text.TextStim'>, alignHoriz='center', alignVert='center', antialias=True, autoLog=True, bold=False, color='black', colorSpace='named', contrast=1.0, depth=-2.0, flipHoriz=False, flipVert=False, font='Helvetica', fontFiles=[], height=0.03, italic=False, languageStyle='LTR', name='text_12', opacity=1.0, ori=0, pos=array([0., 0.]), rgb=array([0., 0., 0.]), text='Remember the image pairs', units='height', win=Window(...), wrapWidth=1)
8.5878 	EXP 	Created text_5 = TextStim(__class__=<class 'psychopy.visual.text.TextStim'>, alignHoriz='center', alignVert='center', antialias=True, autoLog=True, bold=False, color='white', colorSpace='named', contrast=1.0, depth=0.0, flipHoriz=False, flipVert=False, font='Arial', fontFiles=[], height=1.0, italic=False, languageStyle='LTR', name='text_5', opacity=1.0, ori=0, pos=array([0., 0.]), rgb=array([255., 255., 255.]), text='default text', units='height', win=Window(...), wrapWidth=1)
8.5885 	EXP 	Created text_8 = TextStim(__class__=<class 'psychopy.visual.text.TextStim'>, alignHoriz='center', alignVert='center', antialias=True, autoLog=True, bold=False, color='black', colorSpace='named', contrast=1.0, depth=-1.0, flipHoriz=False, flipVert=False, font='Helvetica', fontFiles=[], height=0.03, italic=False, languageStyle='LTR', name='text_8', opacity=1.0, ori=0, pos=array(nan), rgb=array([0., 0., 0.]), text='', units='height', win=Window(...), wrapWidth=1)
8.6344 	EXP 	Created instruct_text = TextStim(__class__=<class 'psychopy.visual.text.TextStim'>, alignHoriz='center', alignVert='center', antialias=True, autoLog=True, bold=False, color='black', colorSpace='named', contrast=1.0, depth=0.0, flipHoriz=False, flipVert=False, font='Arial', fontFiles=[], height=0.1, italic=False, languageStyle='LTR', name='instruct_text', opacity=1.0, ori=0, pos=array([0. , 0.4]), rgb=array([0., 0., 0.]), text='Retrieve the associate', units='height', win=Window(...), wrapWidth=1)
8.6364 	EXP 	Created a_image_retrieve = ImageStim(__class__=<class 'psychopy.visual.image.ImageStim'>, autoLog=True, color=array([1., 1., 1.]), colorSpace='rgb', contrast=1.0, depth=-1.0, flipHoriz=False, flipVert=False, image='sin', interpolate=True, mask=None, maskParams=None, name='a_image_retrieve', opacity=1.0, ori=0.0, pos=array([-0.5, -0.1]), size=array([0.5, 0.5]), texRes=128, units='height', win=Window(...))
8.6410 	EXP 	Created text_2 = TextStim(__class__=<class 'psychopy.visual.text.TextStim'>, alignHoriz='center', alignVert='center', antialias=True, autoLog=True, bold=False, color='white', colorSpace='named', contrast=1.0, depth=-2.0, flipHoriz=False, flipVert=False, font='Arial', fontFiles=[], height=0.1, italic=False, languageStyle='LTR', name='text_2', opacity=1.0, ori=0, pos=array([0., 0.]), rgb=array([255., 255., 255.]), text='+', units='height', win=Window(...), wrapWidth=1)
8.6429 	EXP 	Created correct_pair = ImageStim(__class__=<class 'psychopy.visual.image.ImageStim'>, autoLog=True, color=array([1., 1., 1.]), colorSpace='rgb', contrast=1.0, depth=-3.0, flipHoriz=False, flipVert=False, image='sin', interpolate=True, mask=None, maskParams=None, name='correct_pair', opacity=1.0, ori=0.0, pos=array([0., 0.]), size=array([0.5, 0.5]), texRes=128, units='height', win=Window(...))
8.6569 	EXP 	Created afc_text = TextStim(__class__=<class 'psychopy.visual.text.TextStim'>, alignHoriz='center', alignVert='center', antialias=True, autoLog=True, bold=False, color='black', colorSpace='named', contrast=1.0, depth=-4.0, flipHoriz=False, flipVert=False, font='Arial', fontFiles=[], height=0.05, italic=False, languageStyle='LTR', name='afc_text', opacity=1.0, ori=0, pos=array([0., 3.]), rgb=array([0., 0., 0.]), text='Select the correct image', units='height', win=Window(...), wrapWidth=1)
8.6590 	EXP 	Created alternative_1 = ImageStim(__class__=<class 'psychopy.visual.image.ImageStim'>, autoLog=True, color=array([1., 1., 1.]), colorSpace='rgb', contrast=1.0, depth=-5.0, flipHoriz=False, flipVert=False, image='sin', interpolate=True, mask=None, maskParams=None, name='alternative_1', opacity=1.0, ori=0.0, pos=array([-0.3,  0. ]), size=array([0.5, 0.5]), texRes=128, units='height', win=Window(...))
8.6614 	EXP 	Created alternative_2 = ImageStim(__class__=<class 'psychopy.visual.image.ImageStim'>, autoLog=True, color=array([1., 1., 1.]), colorSpace='rgb', contrast=1.0, depth=-6.0, flipHoriz=False, flipVert=False, image='sin', interpolate=True, mask=None, maskParams=None, name='alternative_2', opacity=1.0, ori=0.0, pos=array([0. , 0.3]), size=array([0.5, 0.5]), texRes=128, units='height', win=Window(...))
8.6757 	EXP 	Imported instructions_intentional_encoding.xlsx as conditions, 8 conditions, 9 params
8.6761 	EXP 	Created sequence: sequential, trialTypes=8, nReps=1, seed=None
8.6767 	EXP 	New trial (rep=0, index=0): OrderedDict([('instructions1', 'Welcome to the memory experiment!'), ('Instructions2', 'Press space to continue!'), ('Image1', None), ('Image2', None), ('Image3', None), ('position_1x', 0), ('position_1y', 0.2), ('position_2x', 0.0), ('position_2y', -0.2)])
8.7565 	EXP 	text: color = 'black (named)'
8.7565 	EXP 	text: pos = array([0. , 0.2])
8.7565 	EXP 	text: text = 'Welcome to the memory experiment!'
8.7565 	EXP 	text: font = 'Helvetica'
8.7565 	EXP 	text: height = 0.03
8.7565 	EXP 	instructions_text2: color = 'black (named)'
8.7565 	EXP 	instructions_text2: pos = array([ 0. , -0.2])
8.7565 	EXP 	instructions_text2: text = 'Press space to continue!'
8.7565 	EXP 	instructions_text2: font = 'Helvetica'
8.7565 	EXP 	instructions_text2: height = 0.03
8.8112 	EXP 	text: autoDraw = True
8.8112 	EXP 	instructions_text2: autoDraw = True
8.8112 	EXP 	image1: autoDraw = True
8.8112 	EXP 	image2: autoDraw = True
8.8112 	EXP 	text: text = 'Welcome to the memory experiment!'
8.8112 	EXP 	instructions_text2: text = 'Press space to continue!'
9.3601 	DATA 	Keypress: space
10.2980 	EXP 	New trial (rep=0, index=1): OrderedDict([('instructions1', 'On each trial of this task, you will see two pairs of images on the left and right hand side of the computer screen.'), ('Instructions2', 'Press space to continue!'), ('Image1', None), ('Image2', None), ('Image3', None), ('position_1x', 0), ('position_1y', 0.2), ('position_2x', 0.0), ('position_2y', -0.2)])
10.3572 	DATA 	Keypress: space
10.3743 	EXP 	text: autoDraw = False
10.3743 	EXP 	instructions_text2: autoDraw = False
10.3743 	EXP 	image1: autoDraw = False
10.3743 	EXP 	image2: autoDraw = False
10.3743 	EXP 	text: color = 'black (named)'
10.3743 	EXP 	text: pos = array([0. , 0.2])
10.3743 	EXP 	text: text = 'On each trial of this task, you will see two pairs of images on the left and right hand side of the computer screen.'
10.3743 	EXP 	text: font = 'Helvetica'
10.3743 	EXP 	text: height = 0.03
10.3743 	EXP 	instructions_text2: color = 'black (named)'
10.3743 	EXP 	instructions_text2: pos = array([ 0. , -0.2])
10.3743 	EXP 	instructions_text2: text = 'Press space to continue!'
10.3743 	EXP 	instructions_text2: font = 'Helvetica'
10.3743 	EXP 	instructions_text2: height = 0.03
10.4601 	EXP 	text: autoDraw = True
10.4601 	EXP 	instructions_text2: autoDraw = True
10.4601 	EXP 	image1: autoDraw = True
10.4601 	EXP 	image2: autoDraw = True
10.4601 	EXP 	text: text = 'On each trial of this task, you will see two pairs of images on the left and right hand side of the computer screen.'
10.4601 	EXP 	instructions_text2: text = 'Press space to continue!'
10.8820 	DATA 	Keypress: space
11.2674 	DATA 	Keypress: space
11.6994 	EXP 	New trial (rep=0, index=2): OrderedDict([('instructions1', 'For example, on one trial, you might see two images similar to the ones below.'), ('Instructions2', 'Press space to continue!'), ('Image1', 'instruction_images/jessica_alba.jpg'), ('Image2', 'instruction_images/oldBook.png'), ('Image3', None), ('position_1x', 0), ('position_1y', 0.3), ('position_2x', 0.0), ('position_2y', -0.4)])
11.7424 	DATA 	Keypress: space
11.7773 	EXP 	text: autoDraw = False
11.7773 	EXP 	instructions_text2: autoDraw = False
11.7773 	EXP 	image1: autoDraw = False
11.7773 	EXP 	image2: autoDraw = False
11.7773 	EXP 	text: color = 'black (named)'
11.7773 	EXP 	text: pos = array([0. , 0.3])
11.7773 	EXP 	text: text = 'For example, on one trial, you might see two images similar to the ones below.'
11.7773 	EXP 	text: font = 'Helvetica'
11.7773 	EXP 	text: height = 0.03
11.7773 	EXP 	instructions_text2: color = 'black (named)'
11.7773 	EXP 	instructions_text2: pos = array([ 0. , -0.4])
11.7773 	EXP 	instructions_text2: text = 'Press space to continue!'
11.7773 	EXP 	instructions_text2: font = 'Helvetica'
11.7773 	EXP 	instructions_text2: height = 0.03
11.9631 	EXP 	text: autoDraw = True
11.9631 	EXP 	instructions_text2: autoDraw = True
11.9631 	EXP 	image1: autoDraw = True
11.9631 	EXP 	image2: autoDraw = True
11.9631 	EXP 	text: text = 'For example, on one trial, you might see two images similar to the ones below.'
11.9631 	EXP 	instructions_text2: text = 'Press space to continue!'
12.0771 	DATA 	Keypress: space
12.4623 	DATA 	Keypress: space
12.8281 	DATA 	Keypress: space
12.8615 	EXP 	New trial (rep=0, index=3): OrderedDict([('instructions1', 'Your job is to try to remember that these pairs of images go together. You can link the images in your memory in any way you wish. For example, you can rehearse them in your memory, or link them through a story.'), ('Instructions2', 'Press space to continue!'), ('Image1', 'instruction_images/jessica_alba.jpg'), ('Image2', 'instruction_images/oldBook.png'), ('Image3', None), ('position_1x', 0), ('position_1y', 0.3), ('position_2x', 0.0), ('position_2y', -0.4)])
12.9062 	EXP 	text: autoDraw = False
12.9062 	EXP 	instructions_text2: autoDraw = False
12.9062 	EXP 	image1: autoDraw = False
12.9062 	EXP 	image2: autoDraw = False
12.9062 	EXP 	text: color = 'black (named)'
12.9062 	EXP 	text: pos = array([0. , 0.3])
12.9062 	EXP 	text: text = 'Your job is to try to remember that these pairs of images go together. You can link the images in your memory in any way you wish. For example, you can rehearse them in your memory, or link them through a story.'
12.9062 	EXP 	text: font = 'Helvetica'
12.9062 	EXP 	text: height = 0.03
12.9062 	EXP 	instructions_text2: color = 'black (named)'
12.9062 	EXP 	instructions_text2: pos = array([ 0. , -0.4])
12.9062 	EXP 	instructions_text2: text = 'Press space to continue!'
12.9062 	EXP 	instructions_text2: font = 'Helvetica'
12.9062 	EXP 	instructions_text2: height = 0.03
13.0048 	EXP 	text: autoDraw = True
13.0048 	EXP 	instructions_text2: autoDraw = True
13.0048 	EXP 	image1: autoDraw = True
13.0048 	EXP 	image2: autoDraw = True
13.0048 	EXP 	text: text = 'Your job is to try to remember that these pairs of images go together. You can link the images in your memory in any way you wish. For example, you can rehearse them in your memory, or link them through a story.'
13.0048 	EXP 	instructions_text2: text = 'Press space to continue!'
13.1932 	DATA 	Keypress: space
13.5650 	DATA 	Keypress: space
13.9138 	DATA 	Keypress: space
14.2579 	DATA 	Keypress: space
14.2963 	EXP 	New trial (rep=0, index=4): OrderedDict([('instructions1', 'You could tell yourself that this woman, Jessica Alba, likes books. So this woman and books go together!'), ('Instructions2', 'Press space to continue!'), ('Image1', 'instruction_images/jessica_alba.jpg'), ('Image2', 'instruction_images/oldBook.png'), ('Image3', None), ('position_1x', 0), ('position_1y', 0.3), ('position_2x', 0.0), ('position_2y', -0.4)])
14.3784 	EXP 	text: autoDraw = False
14.3784 	EXP 	instructions_text2: autoDraw = False
14.3784 	EXP 	image1: autoDraw = False
14.3784 	EXP 	image2: autoDraw = False
14.3784 	EXP 	text: color = 'black (named)'
14.3784 	EXP 	text: pos = array([0. , 0.3])
14.3784 	EXP 	text: text = 'You could tell yourself that this woman, Jessica Alba, likes books. So this woman and books go together!'
14.3784 	EXP 	text: font = 'Helvetica'
14.3784 	EXP 	text: height = 0.03
14.3784 	EXP 	instructions_text2: color = 'black (named)'
14.3784 	EXP 	instructions_text2: pos = array([ 0. , -0.4])
14.3784 	EXP 	instructions_text2: text = 'Press space to continue!'
14.3784 	EXP 	instructions_text2: font = 'Helvetica'
14.3784 	EXP 	instructions_text2: height = 0.03
14.4924 	EXP 	text: autoDraw = True
14.4924 	EXP 	instructions_text2: autoDraw = True
14.4924 	EXP 	image1: autoDraw = True
14.4924 	EXP 	image2: autoDraw = True
14.4924 	EXP 	text: text = 'You could tell yourself that this woman, Jessica Alba, likes books. So this woman and books go together!'
14.4924 	EXP 	instructions_text2: text = 'Press space to continue!'
14.7429 	DATA 	Keypress: space
15.3637 	DATA 	Keypress: space
15.6593 	EXP 	New trial (rep=0, index=5): OrderedDict([('instructions1', "It's important that you remember that these  images go together because your memory will later be tested. Specifically, later, you will be shown one image, and asked to recall its pair."), ('Instructions2', 'Press space to continue!'), ('Image1', 'instruction_images/jessica_alba.jpg'), ('Image2', 'instruction_images/oldBook.png'), ('Image3', None), ('position_1x', 0), ('position_1y', 0.3), ('position_2x', 0.0), ('position_2y', -0.4)])
15.7133 	DATA 	Keypress: space
15.7456 	EXP 	text: autoDraw = False
15.7456 	EXP 	instructions_text2: autoDraw = False
15.7456 	EXP 	image1: autoDraw = False
15.7456 	EXP 	image2: autoDraw = False
15.7456 	EXP 	text: color = 'black (named)'
15.7456 	EXP 	text: pos = array([0. , 0.3])
15.7456 	EXP 	text: text = "It's important that you remember that these  images go together because your memory will later be tested. Specifically, later, you will be shown one image, and asked to recall its pair."
15.7456 	EXP 	text: font = 'Helvetica'
15.7456 	EXP 	text: height = 0.03
15.7456 	EXP 	instructions_text2: color = 'black (named)'
15.7456 	EXP 	instructions_text2: pos = array([ 0. , -0.4])
15.7456 	EXP 	instructions_text2: text = 'Press space to continue!'
15.7456 	EXP 	instructions_text2: font = 'Helvetica'
15.7456 	EXP 	instructions_text2: height = 0.03
15.8478 	EXP 	text: autoDraw = True
15.8478 	EXP 	instructions_text2: autoDraw = True
15.8478 	EXP 	image1: autoDraw = True
15.8478 	EXP 	image2: autoDraw = True
15.8478 	EXP 	text: text = "It's important that you remember that these  images go together because your memory will later be tested. Specifically, later, you will be shown one image, and asked to recall its pair."
15.8478 	EXP 	instructions_text2: text = 'Press space to continue!'
15.9988 	DATA 	Keypress: space
16.3301 	DATA 	Keypress: space
16.6144 	DATA 	Keypress: space
16.9959 	EXP 	New trial (rep=0, index=6): OrderedDict([('instructions1', 'Get ready to see a series of image pairs! Each pair of images will only last on the screen for a few sceonds, so you will need to pay attention!'), ('Instructions2', 'Press space to continue!'), ('Image1', 'instruction_images/jessica_alba.jpg'), ('Image2', 'instruction_images/oldBook.png'), ('Image3', None), ('position_1x', 0), ('position_1y', 0.3), ('position_2x', 0.0), ('position_2y', -0.4)])
17.0439 	DATA 	Keypress: space
17.0759 	EXP 	text: autoDraw = False
17.0759 	EXP 	instructions_text2: autoDraw = False
17.0759 	EXP 	image1: autoDraw = False
17.0759 	EXP 	image2: autoDraw = False
17.0759 	EXP 	text: color = 'black (named)'
17.0759 	EXP 	text: pos = array([0. , 0.3])
17.0759 	EXP 	text: text = 'Get ready to see a series of image pairs! Each pair of images will only last on the screen for a few sceonds, so you will need to pay attention!'
17.0759 	EXP 	text: font = 'Helvetica'
17.0759 	EXP 	text: height = 0.03
17.0759 	EXP 	instructions_text2: color = 'black (named)'
17.0759 	EXP 	instructions_text2: pos = array([ 0. , -0.4])
17.0759 	EXP 	instructions_text2: text = 'Press space to continue!'
17.0759 	EXP 	instructions_text2: font = 'Helvetica'
17.0759 	EXP 	instructions_text2: height = 0.03
17.1760 	EXP 	text: autoDraw = True
17.1760 	EXP 	instructions_text2: autoDraw = True
17.1760 	EXP 	image1: autoDraw = True
17.1760 	EXP 	image2: autoDraw = True
17.1760 	EXP 	text: text = 'Get ready to see a series of image pairs! Each pair of images will only last on the screen for a few sceonds, so you will need to pay attention!'
17.1760 	EXP 	instructions_text2: text = 'Press space to continue!'
17.3509 	DATA 	Keypress: space
17.6648 	DATA 	Keypress: space
17.9784 	DATA 	Keypress: space
18.3406 	EXP 	New trial (rep=0, index=7): OrderedDict([('instructions1', "When you're ready to start the game, press space!"), ('Instructions2', None), ('Image1', None), ('Image2', None), ('Image3', None), ('position_1x', 0), ('position_1y', 0.0), ('position_2x', None), ('position_2y', None)])
18.3599 	DATA 	Keypress: space
18.3720 	EXP 	text: autoDraw = False
18.3720 	EXP 	instructions_text2: autoDraw = False
18.3720 	EXP 	image1: autoDraw = False
18.3720 	EXP 	image2: autoDraw = False
18.3720 	EXP 	text: color = 'black (named)'
18.3720 	EXP 	text: pos = array([0., 0.])
18.3720 	EXP 	text: text = "When you're ready to start the game, press space!"
18.3720 	EXP 	text: font = 'Helvetica'
18.3720 	EXP 	text: height = 0.03
18.3720 	EXP 	instructions_text2: color = 'black (named)'
18.3720 	EXP 	instructions_text2: pos = array([nan, nan])
18.3720 	EXP 	instructions_text2: text = 'Press space to continue!'
18.3720 	EXP 	instructions_text2: font = 'Helvetica'
18.3720 	EXP 	instructions_text2: height = 0.03
18.4152 	EXP 	text: autoDraw = True
18.4152 	EXP 	instructions_text2: autoDraw = True
18.4152 	EXP 	image1: autoDraw = True
18.4152 	EXP 	image2: autoDraw = True
18.4152 	EXP 	text: text = "When you're ready to start the game, press space!"
18.4152 	EXP 	instructions_text2: text = 'Press space to continue!'
19.7556 	EXP 	Imported intentional_encoding.xlsx as conditions, 12 conditions, 4 params
19.7560 	EXP 	Created sequence: sequential, trialTypes=12, nReps=1, seed=None
19.7566 	EXP 	New trial (rep=0, index=0): OrderedDict([('trial', 1), ('image_a', 'images/flipflopsBlue.png'), ('image_b', 'images/amy_poehler_c.jpg'), ('category_b', 'face')])
19.7663 	DATA 	Keypress: space
19.7950 	EXP 	text: autoDraw = False
19.7950 	EXP 	instructions_text2: autoDraw = False
19.7950 	EXP 	image1: autoDraw = False
19.7950 	EXP 	image2: autoDraw = False
19.7950 	EXP 	b_image: image = 'images/amy_poehler_c.jpg'
19.8458 	EXP 	a_image: autoDraw = True
19.8458 	EXP 	b_image: autoDraw = True
19.8458 	EXP 	text_12: autoDraw = True
19.8476 	EXP 	New trial (rep=0, index=1): OrderedDict([('trial', 2), ('image_a', 'images/bag_gift.png'), ('image_b', 'images/bill_gates_a.jpg'), ('category_b', 'face')])
19.8787 	EXP 	a_image: autoDraw = False
19.8787 	EXP 	b_image: autoDraw = False
19.8787 	EXP 	text_12: autoDraw = False
19.8787 	EXP 	b_image: image = 'images/bill_gates_a.jpg'
19.9453 	EXP 	a_image: autoDraw = True
19.9453 	EXP 	b_image: autoDraw = True
19.9453 	EXP 	text_12: autoDraw = True
19.9462 	EXP 	New trial (rep=0, index=2): OrderedDict([('trial', 3), ('image_a', 'images/ball_8.png'), ('image_b', 'images/courtney_cox_c.jpg'), ('category_b', 'face')])
19.9923 	EXP 	a_image: autoDraw = False
19.9923 	EXP 	b_image: autoDraw = False
19.9923 	EXP 	text_12: autoDraw = False
19.9923 	EXP 	b_image: image = 'images/courtney_cox_c.jpg'
20.0292 	EXP 	a_image: autoDraw = True
20.0292 	EXP 	b_image: autoDraw = True
20.0292 	EXP 	text_12: autoDraw = True
20.0937 	EXP 	New trial (rep=0, index=3): OrderedDict([('trial', 4), ('image_a', 'images/ball_baseball.png'), ('image_b', 'images/dakota_fanning_c.jpg'), ('category_b', 'face')])
20.1292 	EXP 	a_image: autoDraw = False
20.1292 	EXP 	b_image: autoDraw = False
20.1292 	EXP 	text_12: autoDraw = False
20.1292 	EXP 	b_image: image = 'images/dakota_fanning_c.jpg'
20.1612 	EXP 	a_image: autoDraw = True
20.1612 	EXP 	b_image: autoDraw = True
20.1612 	EXP 	text_12: autoDraw = True
20.1623 	EXP 	New trial (rep=0, index=4): OrderedDict([('trial', 5), ('image_a', 'images/balloon.jpg'), ('image_b', 'images/drew_barrymore_c.jpg'), ('category_b', 'face')])
20.1955 	EXP 	a_image: autoDraw = False
20.1955 	EXP 	b_image: autoDraw = False
20.1955 	EXP 	text_12: autoDraw = False
20.1955 	EXP 	b_image: image = 'images/drew_barrymore_c.jpg'
20.2586 	EXP 	a_image: autoDraw = True
20.2586 	EXP 	b_image: autoDraw = True
20.2586 	EXP 	text_12: autoDraw = True
20.2596 	EXP 	New trial (rep=0, index=5): OrderedDict([('trial', 6), ('image_a', 'images/bandage.jpg'), ('image_b', 'images/ellen_degeneres_b.jpg'), ('category_b', 'face')])
20.3090 	EXP 	a_image: autoDraw = False
20.3090 	EXP 	b_image: autoDraw = False
20.3090 	EXP 	text_12: autoDraw = False
20.3090 	EXP 	b_image: image = 'images/ellen_degeneres_b.jpg'
20.3621 	EXP 	a_image: autoDraw = True
20.3621 	EXP 	b_image: autoDraw = True
20.3621 	EXP 	text_12: autoDraw = True
20.3630 	EXP 	New trial (rep=0, index=6): OrderedDict([('trial', 7), ('image_a', 'images/barrel.jpg'), ('image_b', 'images/emma_stone.jpg'), ('category_b', 'face')])
20.4090 	EXP 	a_image: autoDraw = False
20.4090 	EXP 	b_image: autoDraw = False
20.4090 	EXP 	text_12: autoDraw = False
20.4090 	EXP 	b_image: image = 'images/emma_stone.jpg'
20.4627 	EXP 	a_image: autoDraw = True
20.4627 	EXP 	b_image: autoDraw = True
20.4627 	EXP 	text_12: autoDraw = True
20.4637 	EXP 	New trial (rep=0, index=7): OrderedDict([('trial', 8), ('image_a', 'images/bathrobe.png'), ('image_b', 'images/emma_watson.jpg'), ('category_b', 'face')])
20.5090 	EXP 	a_image: autoDraw = False
20.5090 	EXP 	b_image: autoDraw = False
20.5090 	EXP 	text_12: autoDraw = False
20.5090 	EXP 	b_image: image = 'images/emma_watson.jpg'
20.5422 	EXP 	a_image: autoDraw = True
20.5422 	EXP 	b_image: autoDraw = True
20.5422 	EXP 	text_12: autoDraw = True
20.5943 	EXP 	New trial (rep=0, index=8): OrderedDict([('trial', 9), ('image_a', 'images/beetle.png'), ('image_b', 'images/george_clooney_a.jpg'), ('category_b', 'face')])
20.6290 	EXP 	a_image: autoDraw = False
20.6290 	EXP 	b_image: autoDraw = False
20.6290 	EXP 	text_12: autoDraw = False
20.6290 	EXP 	b_image: image = 'images/george_clooney_a.jpg'
20.6622 	EXP 	a_image: autoDraw = True
20.6622 	EXP 	b_image: autoDraw = True
20.6622 	EXP 	text_12: autoDraw = True
20.6634 	EXP 	New trial (rep=0, index=9): OrderedDict([('trial', 10), ('image_a', 'images/bench_park.png'), ('image_b', 'images/gwen_stefani_c.jpg'), ('category_b', 'face')])
20.6954 	EXP 	a_image: autoDraw = False
20.6954 	EXP 	b_image: autoDraw = False
20.6954 	EXP 	text_12: autoDraw = False
20.6954 	EXP 	b_image: image = 'images/gwen_stefani_c.jpg'
20.7453 	EXP 	a_image: autoDraw = True
20.7453 	EXP 	b_image: autoDraw = True
20.7453 	EXP 	text_12: autoDraw = True
20.7463 	EXP 	New trial (rep=0, index=10): OrderedDict([('trial', 11), ('image_a', 'images/bib.png'), ('image_b', 'images/hillary_clinton_a.jpg'), ('category_b', 'face')])
20.7925 	EXP 	a_image: autoDraw = False
20.7925 	EXP 	b_image: autoDraw = False
20.7925 	EXP 	text_12: autoDraw = False
20.7925 	EXP 	b_image: image = 'images/hillary_clinton_a.jpg'
20.8457 	EXP 	a_image: autoDraw = True
20.8457 	EXP 	b_image: autoDraw = True
20.8457 	EXP 	text_12: autoDraw = True
20.8467 	EXP 	New trial (rep=0, index=11): OrderedDict([('trial', 12), ('image_a', 'images/bird_parrot.png'), ('image_b', 'images/jackie_kennedy_a.jpg'), ('category_b', 'face')])
20.8779 	EXP 	a_image: autoDraw = False
20.8779 	EXP 	b_image: autoDraw = False
20.8779 	EXP 	text_12: autoDraw = False
20.8779 	EXP 	b_image: image = 'images/jackie_kennedy_a.jpg'
20.9088 	EXP 	a_image: autoDraw = True
20.9088 	EXP 	b_image: autoDraw = True
20.9088 	EXP 	text_12: autoDraw = True
20.9603 	EXP 	Imported instructions_intentional_encoding.xlsx as conditions, 3 conditions, 9 params
20.9606 	EXP 	Created sequence: sequential, trialTypes=3, nReps=1, seed=None
20.9611 	EXP 	New trial (rep=0, index=0): OrderedDict([('instructions1', 'Immediately after, you will be asked to select which image was associated with the one on the screen.'), ('Instructions2', 'Press space to continue!'), ('Image1', None), ('Image2', None), ('Image3', None), ('position_1x', 0), ('position_1y', 0.3), ('position_2x', 0.0), ('position_2y', -0.4)])
21.0413 	EXP 	a_image: autoDraw = False
21.0413 	EXP 	b_image: autoDraw = False
21.0413 	EXP 	text_12: autoDraw = False
21.0413 	EXP 	text_5: autoDraw = True
21.0413 	EXP 	text_8: autoDraw = True
21.0413 	EXP 	text_5: text = 'Immediately after, you will be asked to select which image was associated with the one on the screen.'
21.0952 	EXP 	text_5: text = 'Immediately after, you will be asked to select which image was associated with the one on the screen.'
21.1450 	EXP 	text_5: text = 'Immediately after, you will be asked to select which image was associated with the one on the screen.'
21.1784 	EXP 	text_5: text = 'Immediately after, you will be asked to select which image was associated with the one on the screen.'
21.2221 	EXP 	text_5: text = 'Immediately after, you will be asked to select which image was associated with the one on the screen.'
21.2704 	EXP 	text_5: text = 'Immediately after, you will be asked to select which image was associated with the one on the screen.'
21.3220 	EXP 	text_5: text = 'Immediately after, you will be asked to select which image was associated with the one on the screen.'
21.3740 	EXP 	text_5: text = 'Immediately after, you will be asked to select which image was associated with the one on the screen.'
21.4284 	EXP 	text_5: text = 'Immediately after, you will be asked to select which image was associated with the one on the screen.'
21.4784 	EXP 	text_5: text = 'Immediately after, you will be asked to select which image was associated with the one on the screen.'
21.5284 	EXP 	text_5: text = 'Immediately after, you will be asked to select which image was associated with the one on the screen.'
21.5918 	EXP 	text_5: text = 'Immediately after, you will be asked to select which image was associated with the one on the screen.'
21.6451 	EXP 	text_5: text = 'Immediately after, you will be asked to select which image was associated with the one on the screen.'
21.6951 	EXP 	text_5: text = 'Immediately after, you will be asked to select which image was associated with the one on the screen.'
21.7589 	EXP 	text_5: text = 'Immediately after, you will be asked to select which image was associated with the one on the screen.'
21.8117 	EXP 	text_5: text = 'Immediately after, you will be asked to select which image was associated with the one on the screen.'
21.8616 	EXP 	text_5: text = 'Immediately after, you will be asked to select which image was associated with the one on the screen.'
21.9108 	EXP 	text_5: text = 'Immediately after, you will be asked to select which image was associated with the one on the screen.'
21.9586 	EXP 	text_5: text = 'Immediately after, you will be asked to select which image was associated with the one on the screen.'
21.9896 	EXP 	text_5: text = 'Immediately after, you will be asked to select which image was associated with the one on the screen.'
22.0220 	EXP 	text_5: text = 'Immediately after, you will be asked to select which image was associated with the one on the screen.'
22.0551 	EXP 	text_5: text = 'Immediately after, you will be asked to select which image was associated with the one on the screen.'
22.0883 	EXP 	text_5: text = 'Immediately after, you will be asked to select which image was associated with the one on the screen.'
22.1220 	EXP 	text_5: text = 'Immediately after, you will be asked to select which image was associated with the one on the screen.'
22.1548 	EXP 	text_5: text = 'Immediately after, you will be asked to select which image was associated with the one on the screen.'
22.1890 	EXP 	text_5: text = 'Immediately after, you will be asked to select which image was associated with the one on the screen.'
22.2250 	EXP 	text_5: text = 'Immediately after, you will be asked to select which image was associated with the one on the screen.'
22.2718 	EXP 	text_5: text = 'Immediately after, you will be asked to select which image was associated with the one on the screen.'
22.3054 	EXP 	text_5: text = 'Immediately after, you will be asked to select which image was associated with the one on the screen.'
22.3379 	EXP 	text_5: text = 'Immediately after, you will be asked to select which image was associated with the one on the screen.'
22.3648 	EXP 	text_5: text = 'Immediately after, you will be asked to select which image was associated with the one on the screen.'
22.3912 	EXP 	text_5: text = 'Immediately after, you will be asked to select which image was associated with the one on the screen.'
22.4220 	EXP 	text_5: text = 'Immediately after, you will be asked to select which image was associated with the one on the screen.'
22.4546 	EXP 	text_5: text = 'Immediately after, you will be asked to select which image was associated with the one on the screen.'
22.4812 	EXP 	text_5: text = 'Immediately after, you will be asked to select which image was associated with the one on the screen.'
22.5090 	EXP 	text_5: text = 'Immediately after, you will be asked to select which image was associated with the one on the screen.'
22.5382 	EXP 	text_5: text = 'Immediately after, you will be asked to select which image was associated with the one on the screen.'
22.5717 	EXP 	text_5: text = 'Immediately after, you will be asked to select which image was associated with the one on the screen.'
22.6054 	EXP 	text_5: text = 'Immediately after, you will be asked to select which image was associated with the one on the screen.'
22.6383 	EXP 	text_5: text = 'Immediately after, you will be asked to select which image was associated with the one on the screen.'
22.6647 	EXP 	text_5: text = 'Immediately after, you will be asked to select which image was associated with the one on the screen.'
22.6914 	EXP 	text_5: text = 'Immediately after, you will be asked to select which image was associated with the one on the screen.'
22.7219 	EXP 	text_5: text = 'Immediately after, you will be asked to select which image was associated with the one on the screen.'
22.7553 	EXP 	text_5: text = 'Immediately after, you will be asked to select which image was associated with the one on the screen.'
22.7887 	EXP 	text_5: text = 'Immediately after, you will be asked to select which image was associated with the one on the screen.'
22.8222 	EXP 	text_5: text = 'Immediately after, you will be asked to select which image was associated with the one on the screen.'
22.8552 	EXP 	text_5: text = 'Immediately after, you will be asked to select which image was associated with the one on the screen.'
22.8882 	EXP 	text_5: text = 'Immediately after, you will be asked to select which image was associated with the one on the screen.'
22.9214 	EXP 	text_5: text = 'Immediately after, you will be asked to select which image was associated with the one on the screen.'
22.9481 	EXP 	text_5: text = 'Immediately after, you will be asked to select which image was associated with the one on the screen.'
22.9750 	EXP 	text_5: text = 'Immediately after, you will be asked to select which image was associated with the one on the screen.'
23.0049 	EXP 	text_5: text = 'Immediately after, you will be asked to select which image was associated with the one on the screen.'
23.0383 	EXP 	text_5: text = 'Immediately after, you will be asked to select which image was associated with the one on the screen.'
23.0717 	EXP 	text_5: text = 'Immediately after, you will be asked to select which image was associated with the one on the screen.'
23.1058 	EXP 	text_5: text = 'Immediately after, you will be asked to select which image was associated with the one on the screen.'
23.1385 	EXP 	text_5: text = 'Immediately after, you will be asked to select which image was associated with the one on the screen.'
23.1718 	EXP 	text_5: text = 'Immediately after, you will be asked to select which image was associated with the one on the screen.'
23.2083 	EXP 	text_5: text = 'Immediately after, you will be asked to select which image was associated with the one on the screen.'
23.2549 	EXP 	text_5: text = 'Immediately after, you will be asked to select which image was associated with the one on the screen.'
23.2883 	EXP 	text_5: text = 'Immediately after, you will be asked to select which image was associated with the one on the screen.'
23.3220 	EXP 	text_5: text = 'Immediately after, you will be asked to select which image was associated with the one on the screen.'
23.3558 	EXP 	text_5: text = 'Immediately after, you will be asked to select which image was associated with the one on the screen.'
23.3889 	EXP 	text_5: text = 'Immediately after, you will be asked to select which image was associated with the one on the screen.'
23.4222 	EXP 	text_5: text = 'Immediately after, you will be asked to select which image was associated with the one on the screen.'
23.4581 	EXP 	text_5: text = 'Immediately after, you will be asked to select which image was associated with the one on the screen.'
23.5086 	EXP 	text_5: text = 'Immediately after, you will be asked to select which image was associated with the one on the screen.'
23.5616 	EXP 	text_5: text = 'Immediately after, you will be asked to select which image was associated with the one on the screen.'
23.6114 	EXP 	text_5: text = 'Immediately after, you will be asked to select which image was associated with the one on the screen.'
23.6615 	EXP 	text_5: text = 'Immediately after, you will be asked to select which image was associated with the one on the screen.'
23.7122 	EXP 	text_5: text = 'Immediately after, you will be asked to select which image was associated with the one on the screen.'
23.7592 	EXP 	text_5: text = 'Immediately after, you will be asked to select which image was associated with the one on the screen.'
23.8115 	EXP 	text_5: text = 'Immediately after, you will be asked to select which image was associated with the one on the screen.'
23.8584 	EXP 	text_5: text = 'Immediately after, you will be asked to select which image was associated with the one on the screen.'
23.9093 	EXP 	text_5: text = 'Immediately after, you will be asked to select which image was associated with the one on the screen.'
23.9612 	EXP 	text_5: text = 'Immediately after, you will be asked to select which image was associated with the one on the screen.'
24.0094 	EXP 	text_5: text = 'Immediately after, you will be asked to select which image was associated with the one on the screen.'
24.0614 	EXP 	text_5: text = 'Immediately after, you will be asked to select which image was associated with the one on the screen.'
24.1121 	EXP 	text_5: text = 'Immediately after, you will be asked to select which image was associated with the one on the screen.'
24.1614 	EXP 	text_5: text = 'Immediately after, you will be asked to select which image was associated with the one on the screen.'
24.2114 	EXP 	text_5: text = 'Immediately after, you will be asked to select which image was associated with the one on the screen.'
24.2614 	EXP 	text_5: text = 'Immediately after, you will be asked to select which image was associated with the one on the screen.'
24.3115 	EXP 	text_5: text = 'Immediately after, you will be asked to select which image was associated with the one on the screen.'
24.3617 	EXP 	text_5: text = 'Immediately after, you will be asked to select which image was associated with the one on the screen.'
24.4118 	EXP 	text_5: text = 'Immediately after, you will be asked to select which image was associated with the one on the screen.'
24.4592 	EXP 	text_5: text = 'Immediately after, you will be asked to select which image was associated with the one on the screen.'
24.5114 	EXP 	text_5: text = 'Immediately after, you will be asked to select which image was associated with the one on the screen.'
24.5615 	EXP 	text_5: text = 'Immediately after, you will be asked to select which image was associated with the one on the screen.'
24.6113 	EXP 	text_5: text = 'Immediately after, you will be asked to select which image was associated with the one on the screen.'
24.6737 	EXP 	text_5: text = 'Immediately after, you will be asked to select which image was associated with the one on the screen.'
24.7259 	EXP 	text_5: text = 'Immediately after, you will be asked to select which image was associated with the one on the screen.'
24.7780 	EXP 	text_5: text = 'Immediately after, you will be asked to select which image was associated with the one on the screen.'
24.8282 	EXP 	text_5: text = 'Immediately after, you will be asked to select which image was associated with the one on the screen.'
24.8751 	EXP 	text_5: text = 'Immediately after, you will be asked to select which image was associated with the one on the screen.'
24.9119 	EXP 	text_5: text = 'Immediately after, you will be asked to select which image was associated with the one on the screen.'
24.9547 	EXP 	text_5: text = 'Immediately after, you will be asked to select which image was associated with the one on the screen.'
24.9883 	EXP 	text_5: text = 'Immediately after, you will be asked to select which image was associated with the one on the screen.'
25.0227 	EXP 	text_5: text = 'Immediately after, you will be asked to select which image was associated with the one on the screen.'
25.0552 	EXP 	text_5: text = 'Immediately after, you will be asked to select which image was associated with the one on the screen.'
25.0887 	EXP 	text_5: text = 'Immediately after, you will be asked to select which image was associated with the one on the screen.'
25.1219 	EXP 	text_5: text = 'Immediately after, you will be asked to select which image was associated with the one on the screen.'
25.1556 	EXP 	text_5: text = 'Immediately after, you will be asked to select which image was associated with the one on the screen.'
25.1889 	EXP 	text_5: text = 'Immediately after, you will be asked to select which image was associated with the one on the screen.'
25.2214 	EXP 	text_5: text = 'Immediately after, you will be asked to select which image was associated with the one on the screen.'
25.2557 	EXP 	text_5: text = 'Immediately after, you will be asked to select which image was associated with the one on the screen.'
25.2891 	EXP 	text_5: text = 'Immediately after, you will be asked to select which image was associated with the one on the screen.'
25.3221 	EXP 	text_5: text = 'Immediately after, you will be asked to select which image was associated with the one on the screen.'
25.3554 	EXP 	text_5: text = 'Immediately after, you will be asked to select which image was associated with the one on the screen.'
25.3885 	EXP 	text_5: text = 'Immediately after, you will be asked to select which image was associated with the one on the screen.'
25.4219 	EXP 	text_5: text = 'Immediately after, you will be asked to select which image was associated with the one on the screen.'
25.4741 	EXP 	text_5: text = 'Immediately after, you will be asked to select which image was associated with the one on the screen.'
25.5281 	EXP 	text_5: text = 'Immediately after, you will be asked to select which image was associated with the one on the screen.'
25.5780 	EXP 	text_5: text = 'Immediately after, you will be asked to select which image was associated with the one on the screen.'
25.6288 	EXP 	text_5: text = 'Immediately after, you will be asked to select which image was associated with the one on the screen.'
25.6784 	EXP 	text_5: text = 'Immediately after, you will be asked to select which image was associated with the one on the screen.'
25.7116 	EXP 	text_5: text = 'Immediately after, you will be asked to select which image was associated with the one on the screen.'
25.7612 	EXP 	text_5: text = 'Immediately after, you will be asked to select which image was associated with the one on the screen.'
25.8110 	EXP 	text_5: text = 'Immediately after, you will be asked to select which image was associated with the one on the screen.'
25.8349 	DATA 	Keypress: escape
25.8614 	EXP 	text_5: text = 'Immediately after, you will be asked to select which image was associated with the one on the screen.'
25.9111 	EXP 	text_5: text = 'Immediately after, you will be asked to select which image was associated with the one on the screen.'
25.9620 	EXP 	text_5: text = 'Immediately after, you will be asked to select which image was associated with the one on the screen.'
26.0098 	EXP 	text_5: text = 'Immediately after, you will be asked to select which image was associated with the one on the screen.'
26.3292 	EXP 	window1: mouseVisible = True
