6.7070 	EXP 	Created window1 = Window(allowGUI=False, allowStencil=False, args=UNKNOWN, autoLog=True, bitsMode=UNKNOWN, blendMode='avg', color=array([0.992, 0.992, 0.992]), colorSpace='rgb', fullscr=<method-wrapper '__getattribute__' of attributeSetter object at 0x1315b5c18>, gamma=None, gammaErrorPolicy='raise', kwargs=UNKNOWN, lms=UNKNOWN, monitor=<psychopy.monitors.calibTools.Monitor object at 0x131485b38>, multiSample=False, name='window1', numSamples=2, pos=[360.0, 225.0], screen=0, size=array([2880, 1800]), stereo=False, units='height', useFBO=True, useRetina=True, viewOri=0.0, viewPos=None, viewScale=None, waitBlanking=True, winType='pyglet')
6.7070 	EXP 	window1: recordFrameIntervals = False
6.8738 	EXP 	window1: recordFrameIntervals = True
7.0441 	WARNING 	t of last frame was 20.49ms (=1/48)
7.2232 	EXP 	window1: recordFrameIntervals = False
7.6758 	EXP 	Created Instruction_text = TextStim(__class__=<class 'psychopy.visual.text.TextStim'>, alignHoriz='center', alignVert='center', antialias=True, autoLog=True, bold=False, color='black', colorSpace='named', contrast=1.0, depth=0.0, flipHoriz=False, flipVert=False, font='Arial', fontFiles=[], height=0.05, italic=False, languageStyle='LTR', name='Instruction_text', opacity=1.0, ori=0, pos=array([0., 0.]), rgb=array([0., 0., 0.]), text=str(...), units='height', win=Window(...), wrapWidth=1)
7.7546 	EXP 	Created Instructions_02 = TextStim(__class__=<class 'psychopy.visual.text.TextStim'>, alignHoriz='center', alignVert='center', antialias=True, autoLog=True, bold=False, color='white', colorSpace='named', contrast=1.0, depth=0.0, flipHoriz=False, flipVert=False, font='Arial', fontFiles=[], height=0.05, italic=False, languageStyle='LTR', name='Instructions_02', opacity=1.0, ori=0, pos=array([0., 0.]), rgb=array([255., 255., 255.]), text=str(...), units='height', win=Window(...), wrapWidth=1)
7.8294 	EXP 	Created instructions_03 = TextStim(__class__=<class 'psychopy.visual.text.TextStim'>, alignHoriz='center', alignVert='center', antialias=True, autoLog=True, bold=False, color='white', colorSpace='named', contrast=1.0, depth=0.0, flipHoriz=False, flipVert=False, font='Arial', fontFiles=[], height=0.1, italic=False, languageStyle='LTR', name='instructions_03', opacity=1.0, ori=0, pos=array([0., 0.]), rgb=array([255., 255., 255.]), text=str(...), units='height', win=Window(...), wrapWidth=1)
7.8325 	EXP 	Created image = ImageStim(__class__=<class 'psychopy.visual.image.ImageStim'>, autoLog=True, color=array([1., 1., 1.]), colorSpace='rgb', contrast=1.0, depth=-1.0, flipHoriz=False, flipVert=False, image='sin', interpolate=True, mask=None, maskParams=None, name='image', opacity=1.0, ori=0.0, pos=array([0., 0.]), size=array([0.5, 0.5]), texRes=128, units='height', win=Window(...))
7.8349 	EXP 	Created image_2 = ImageStim(__class__=<class 'psychopy.visual.image.ImageStim'>, autoLog=True, color=array([1., 1., 1.]), colorSpace='rgb', contrast=1.0, depth=-2.0, flipHoriz=False, flipVert=False, image='sin', interpolate=True, mask=None, maskParams=None, name='image_2', opacity=1.0, ori=0.0, pos=array([0., 0.]), size=array([0.5, 0.5]), texRes=128, units='height', win=Window(...))
7.8830 	EXP 	Created a_image = ImageStim(__class__=<class 'psychopy.visual.image.ImageStim'>, autoLog=True, color=array([1., 1., 1.]), colorSpace='rgb', contrast=1.0, depth=0.0, flipHoriz=False, flipVert=False, image='sin', interpolate=True, mask=None, maskParams=None, name='a_image', opacity=1.0, ori=0.0, pos=array([-0.3,  0. ]), size=array([0.5, 0.5]), texRes=128, units='height', win=Window(...))
7.8856 	EXP 	Created b_image = ImageStim(__class__=<class 'psychopy.visual.image.ImageStim'>, autoLog=True, color=array([1., 1., 1.]), colorSpace='rgb', contrast=1.0, depth=-1.0, flipHoriz=False, flipVert=False, image='sin', interpolate=True, mask=None, maskParams=None, name='b_image', opacity=1.0, ori=0.0, pos=array([0.3, 0. ]), size=array([0.5, 0.5]), texRes=128, units='height', win=Window(...))
7.9090 	EXP 	Created text = TextStim(__class__=<class 'psychopy.visual.text.TextStim'>, alignHoriz='center', alignVert='center', antialias=True, autoLog=True, bold=False, color='black', colorSpace='named', contrast=1.0, depth=0.0, flipHoriz=False, flipVert=False, font='Arial', fontFiles=[], height=0.05, italic=False, languageStyle='LTR', name='text', opacity=1.0, ori=0, pos=array([0., 0.]), rgb=array([0., 0., 0.]), text=str(...), units='height', win=Window(...), wrapWidth=1)
7.9643 	EXP 	Created instruct_text = TextStim(__class__=<class 'psychopy.visual.text.TextStim'>, alignHoriz='center', alignVert='center', antialias=True, autoLog=True, bold=False, color='black', colorSpace='named', contrast=1.0, depth=0.0, flipHoriz=False, flipVert=False, font='Arial', fontFiles=[], height=0.1, italic=False, languageStyle='LTR', name='instruct_text', opacity=1.0, ori=0, pos=array([0. , 0.4]), rgb=array([0., 0., 0.]), text='Retrieve the associate', units='height', win=Window(...), wrapWidth=1)
7.9669 	EXP 	Created a_image_retrieve = ImageStim(__class__=<class 'psychopy.visual.image.ImageStim'>, autoLog=True, color=array([1., 1., 1.]), colorSpace='rgb', contrast=1.0, depth=-1.0, flipHoriz=False, flipVert=False, image='sin', interpolate=True, mask=None, maskParams=None, name='a_image_retrieve', opacity=1.0, ori=0.0, pos=array([-0.5, -0.1]), size=array([0.5, 0.5]), texRes=128, units='height', win=Window(...))
7.9718 	EXP 	Created text_2 = TextStim(__class__=<class 'psychopy.visual.text.TextStim'>, alignHoriz='center', alignVert='center', antialias=True, autoLog=True, bold=False, color='white', colorSpace='named', contrast=1.0, depth=-2.0, flipHoriz=False, flipVert=False, font='Arial', fontFiles=[], height=0.1, italic=False, languageStyle='LTR', name='text_2', opacity=1.0, ori=0, pos=array([0., 0.]), rgb=array([255., 255., 255.]), text='+', units='height', win=Window(...), wrapWidth=1)
7.9738 	EXP 	Created correct_pair = ImageStim(__class__=<class 'psychopy.visual.image.ImageStim'>, autoLog=True, color=array([1., 1., 1.]), colorSpace='rgb', contrast=1.0, depth=-3.0, flipHoriz=False, flipVert=False, image='sin', interpolate=True, mask=None, maskParams=None, name='correct_pair', opacity=1.0, ori=0.0, pos=array([0., 0.]), size=array([0.5, 0.5]), texRes=128, units='height', win=Window(...))
7.9824 	EXP 	Created afc_text = TextStim(__class__=<class 'psychopy.visual.text.TextStim'>, alignHoriz='center', alignVert='center', antialias=True, autoLog=True, bold=False, color='black', colorSpace='named', contrast=1.0, depth=-4.0, flipHoriz=False, flipVert=False, font='Arial', fontFiles=[], height=0.05, italic=False, languageStyle='LTR', name='afc_text', opacity=1.0, ori=0, pos=array([0., 3.]), rgb=array([0., 0., 0.]), text='Select the correct image', units='height', win=Window(...), wrapWidth=1)
7.9849 	EXP 	Created alternative_1 = ImageStim(__class__=<class 'psychopy.visual.image.ImageStim'>, autoLog=True, color=array([1., 1., 1.]), colorSpace='rgb', contrast=1.0, depth=-5.0, flipHoriz=False, flipVert=False, image='sin', interpolate=True, mask=None, maskParams=None, name='alternative_1', opacity=1.0, ori=0.0, pos=array([-0.3,  0. ]), size=array([0.5, 0.5]), texRes=128, units='height', win=Window(...))
7.9876 	EXP 	Created alternative_2 = ImageStim(__class__=<class 'psychopy.visual.image.ImageStim'>, autoLog=True, color=array([1., 1., 1.]), colorSpace='rgb', contrast=1.0, depth=-6.0, flipHoriz=False, flipVert=False, image='sin', interpolate=True, mask=None, maskParams=None, name='alternative_2', opacity=1.0, ori=0.0, pos=array([0. , 0.3]), size=array([0.5, 0.5]), texRes=128, units='height', win=Window(...))
8.0075 	EXP 	Instruction_text: autoDraw = True
11.4359 	DATA 	Keypress: space
11.4480 	EXP 	Instruction_text: autoDraw = False
11.4480 	EXP 	Instructions_02: autoDraw = True
12.2992 	DATA 	Keypress: space
12.3139 	EXP 	Instructions_02: autoDraw = False
12.3139 	EXP 	instructions_03: autoDraw = True
12.3139 	EXP 	image: autoDraw = True
12.3139 	EXP 	image_2: autoDraw = True
14.7815 	EXP 	Imported intentional_encoding.xlsx as conditions, 12 conditions, 4 params
14.7820 	EXP 	Created sequence: sequential, trialTypes=12, nReps=1, seed=None
14.7825 	EXP 	New trial (rep=0, index=0): OrderedDict([('trial', 1), ('image_a', 'images/flipflopsBlue.png'), ('image_b', 'images/amy_poehler_c.jpg'), ('category_b', 'face')])
14.7933 	DATA 	Keypress: space
14.8098 	EXP 	instructions_03: autoDraw = False
14.8098 	EXP 	image: autoDraw = False
14.8098 	EXP 	image_2: autoDraw = False
14.8098 	EXP 	b_image: image = 'images/amy_poehler_c.jpg'
15.8272 	EXP 	a_image: autoDraw = True
15.8272 	EXP 	b_image: autoDraw = True
16.2947 	EXP 	New trial (rep=0, index=1): OrderedDict([('trial', 2), ('image_a', 'images/bag_gift.png'), ('image_b', 'images/bill_gates_a.jpg'), ('category_b', 'face')])
16.3272 	EXP 	a_image: autoDraw = False
16.3272 	EXP 	b_image: autoDraw = False
16.3272 	EXP 	b_image: image = 'images/bill_gates_a.jpg'
17.3272 	EXP 	a_image: autoDraw = True
17.3272 	EXP 	b_image: autoDraw = True
17.7940 	EXP 	New trial (rep=0, index=2): OrderedDict([('trial', 3), ('image_a', 'images/ball_8.png'), ('image_b', 'images/courtney_cox_c.jpg'), ('category_b', 'face')])
17.8437 	EXP 	a_image: autoDraw = False
17.8437 	EXP 	b_image: autoDraw = False
17.8437 	EXP 	b_image: image = 'images/courtney_cox_c.jpg'
18.0797 	DATA 	Keypress: escape
18.4870 	EXP 	window1: mouseVisible = True
