5.8404 	EXP 	Created window1 = Window(allowGUI=False, allowStencil=False, args=UNKNOWN, autoLog=True, bitsMode=UNKNOWN, blendMode='avg', color=array([0.992, 0.992, 0.992]), colorSpace='rgb', fullscr=<method-wrapper '__getattribute__' of attributeSetter object at 0x1316d4f60>, gamma=None, gammaErrorPolicy='raise', kwargs=UNKNOWN, lms=UNKNOWN, monitor=<psychopy.monitors.calibTools.Monitor object at 0x131568978>, multiSample=False, name='window1', numSamples=2, pos=[360.0, 225.0], screen=0, size=array([2880, 1800]), stereo=False, units='height', useFBO=True, useRetina=True, viewOri=0.0, viewPos=None, viewScale=None, waitBlanking=True, winType='pyglet')
5.8405 	EXP 	window1: recordFrameIntervals = False
6.0061 	EXP 	window1: recordFrameIntervals = True
6.1897 	EXP 	window1: recordFrameIntervals = False
6.5835 	EXP 	Created text = TextStim(__class__=<class 'psychopy.visual.text.TextStim'>, alignHoriz='center', alignVert='center', antialias=True, autoLog=True, bold=False, color='white', colorSpace='named', contrast=1.0, depth=0.0, flipHoriz=False, flipVert=False, font='Arial', fontFiles=[], height=1.0, italic=False, languageStyle='LTR', name='text', opacity=1.0, ori=0, pos=array([0., 0.]), rgb=array([255., 255., 255.]), text='default text', units='height', win=Window(...), wrapWidth=1)
6.5880 	EXP 	Created instructions_text2 = TextStim(__class__=<class 'psychopy.visual.text.TextStim'>, alignHoriz='center', alignVert='center', antialias=True, autoLog=True, bold=False, color='white', colorSpace='named', contrast=1.0, depth=-1.0, flipHoriz=False, flipVert=False, font='Arial', fontFiles=[], height=1.0, italic=False, languageStyle='LTR', name='instructions_text2', opacity=1.0, ori=0, pos=array([0., 0.]), rgb=array([255., 255., 255.]), text='default text', units='height', win=Window(...), wrapWidth=1)
6.6253 	EXP 	Created image1 = ImageStim(__class__=<class 'psychopy.visual.image.ImageStim'>, autoLog=True, color=array([1., 1., 1.]), colorSpace='rgb', contrast=1.0, depth=-3.0, flipHoriz=False, flipVert=False, image='sin', interpolate=True, mask=None, maskParams=None, name='image1', opacity=1.0, ori=0.0, pos=array([0., 0.]), size=array([1., 1.]), texRes=128, units='height', win=Window(...))
6.6271 	EXP 	Created image2 = ImageStim(__class__=<class 'psychopy.visual.image.ImageStim'>, autoLog=True, color=array([1., 1., 1.]), colorSpace='rgb', contrast=1.0, depth=-4.0, flipHoriz=False, flipVert=False, image='sin', interpolate=True, mask=None, maskParams=None, name='image2', opacity=1.0, ori=0.0, pos=array([0., 0.]), size=array([1., 1.]), texRes=128, units='height', win=Window(...))
6.6288 	EXP 	Created a_image = ImageStim(__class__=<class 'psychopy.visual.image.ImageStim'>, autoLog=True, color=array([1., 1., 1.]), colorSpace='rgb', contrast=1.0, depth=0.0, flipHoriz=False, flipVert=False, image='sin', interpolate=True, mask=None, maskParams=None, name='a_image', opacity=1.0, ori=0.0, pos=array([-0.2,  0. ]), size=array([0.4, 0.4]), texRes=128, units='height', win=Window(...))
6.6306 	EXP 	Created b_image = ImageStim(__class__=<class 'psychopy.visual.image.ImageStim'>, autoLog=True, color=array([1., 1., 1.]), colorSpace='rgb', contrast=1.0, depth=-1.0, flipHoriz=False, flipVert=False, image='sin', interpolate=True, mask=None, maskParams=None, name='b_image', opacity=1.0, ori=0.0, pos=array([0.2, 0. ]), size=array([0.4, 0.4]), texRes=128, units='height', win=Window(...))
6.6468 	EXP 	Created text_12 = TextStim(__class__=<class 'psychopy.visual.text.TextStim'>, alignHoriz='center', alignVert='center', antialias=True, autoLog=True, bold=False, color='black', colorSpace='named', contrast=1.0, depth=-2.0, flipHoriz=False, flipVert=False, font='Helvetica', fontFiles=[], height=0.03, italic=False, languageStyle='LTR', name='text_12', opacity=1.0, ori=0, pos=array([0., 0.]), rgb=array([0., 0., 0.]), text='Remember the image pairs', units='height', win=Window(...), wrapWidth=1)
6.6514 	EXP 	Created text_3 = TextStim(__class__=<class 'psychopy.visual.text.TextStim'>, alignHoriz='center', alignVert='center', antialias=True, autoLog=True, bold=False, color='white', colorSpace='named', contrast=1.0, depth=0.0, flipHoriz=False, flipVert=False, font='Arial', fontFiles=[], height=1.0, italic=False, languageStyle='LTR', name='text_3', opacity=1.0, ori=0, pos=array([0., 0.]), rgb=array([255., 255., 255.]), text='default text', units='height', win=Window(...), wrapWidth=1)
6.6562 	EXP 	Created text_4 = TextStim(__class__=<class 'psychopy.visual.text.TextStim'>, alignHoriz='center', alignVert='center', antialias=True, autoLog=True, bold=False, color='white', colorSpace='named', contrast=1.0, depth=-1.0, flipHoriz=False, flipVert=False, font='Arial', fontFiles=[], height=1.0, italic=False, languageStyle='LTR', name='text_4', opacity=1.0, ori=0, pos=array([0., 0.]), rgb=array([255., 255., 255.]), text='default text', units='height', win=Window(...), wrapWidth=1)
6.6581 	EXP 	Created image_3 = ImageStim(__class__=<class 'psychopy.visual.image.ImageStim'>, autoLog=True, color=array([1., 1., 1.]), colorSpace='rgb', contrast=1.0, depth=-2.0, flipHoriz=False, flipVert=False, image='sin', interpolate=True, mask=None, maskParams=None, name='image_3', opacity=1.0, ori=1.0, pos=array([0., 0.]), size=array([1., 1.]), texRes=128, units='height', win=Window(...))
6.6630 	EXP 	Created text_5 = TextStim(__class__=<class 'psychopy.visual.text.TextStim'>, alignHoriz='center', alignVert='center', antialias=True, autoLog=True, bold=False, color='white', colorSpace='named', contrast=1.0, depth=0.0, flipHoriz=False, flipVert=False, font='Arial', fontFiles=[], height=1.0, italic=False, languageStyle='LTR', name='text_5', opacity=1.0, ori=0, pos=array([0., 0.]), rgb=array([255., 255., 255.]), text='default text', units='height', win=Window(...), wrapWidth=1)
6.6676 	EXP 	Created text_8 = TextStim(__class__=<class 'psychopy.visual.text.TextStim'>, alignHoriz='center', alignVert='center', antialias=True, autoLog=True, bold=False, color='white', colorSpace='named', contrast=1.0, depth=-1.0, flipHoriz=False, flipVert=False, font='Arial', fontFiles=[], height=1.0, italic=False, languageStyle='LTR', name='text_8', opacity=1.0, ori=0, pos=array([0., 0.]), rgb=array([255., 255., 255.]), text='default text', units='height', win=Window(...), wrapWidth=1)
6.7019 	EXP 	Created image = ImageStim(__class__=<class 'psychopy.visual.image.ImageStim'>, autoLog=True, color=array([1., 1., 1.]), colorSpace='rgb', contrast=1.0, depth=-3.0, flipHoriz=False, flipVert=False, image='sin', interpolate=True, mask=None, maskParams=None, name='image', opacity=1.0, ori=1.0, pos=array([0., 0.]), size=array([1., 1.]), texRes=128, units='height', win=Window(...))
6.7037 	EXP 	Created image_2 = ImageStim(__class__=<class 'psychopy.visual.image.ImageStim'>, autoLog=True, color=array([1., 1., 1.]), colorSpace='rgb', contrast=1.0, depth=-4.0, flipHoriz=False, flipVert=False, image='sin', interpolate=True, mask=None, maskParams=None, name='image_2', opacity=1.0, ori=1.0, pos=array([0., 0.]), size=array([1., 1.]), texRes=128, units='height', win=Window(...))
6.7055 	EXP 	Created image_5 = ImageStim(__class__=<class 'psychopy.visual.image.ImageStim'>, autoLog=True, color=array([1., 1., 1.]), colorSpace='rgb', contrast=1.0, depth=-5.0, flipHoriz=False, flipVert=False, image='sin', interpolate=True, mask=None, maskParams=None, name='image_5', opacity=1.0, ori=1.0, pos=array([0., 0.]), size=array([1., 1.]), texRes=128, units='height', win=Window(...))
6.7074 	EXP 	Created image_6 = ImageStim(__class__=<class 'psychopy.visual.image.ImageStim'>, autoLog=True, color=array([1., 1., 1.]), colorSpace='rgb', contrast=1.0, depth=-6.0, flipHoriz=False, flipVert=False, image='sin', interpolate=True, mask=None, maskParams=None, name='image_6', opacity=1.0, ori=1.0, pos=array([0., 0.]), size=array([1., 1.]), texRes=128, units='height', win=Window(...))
6.7121 	EXP 	Created K = TextStim(__class__=<class 'psychopy.visual.text.TextStim'>, alignHoriz='center', alignVert='center', antialias=True, autoLog=True, bold=False, color='white', colorSpace='named', contrast=1.0, depth=-7.0, flipHoriz=False, flipVert=False, font='Arial', fontFiles=[], height=1.0, italic=False, languageStyle='LTR', name='K', opacity=1.0, ori=0, pos=array([0., 0.]), rgb=array([255., 255., 255.]), text='default text', units='height', win=Window(...), wrapWidth=1)
6.7168 	EXP 	Created L = TextStim(__class__=<class 'psychopy.visual.text.TextStim'>, alignHoriz='center', alignVert='center', antialias=True, autoLog=True, bold=False, color='white', colorSpace='named', contrast=1.0, depth=-8.0, flipHoriz=False, flipVert=False, font='Arial', fontFiles=[], height=1.0, italic=False, languageStyle='LTR', name='L', opacity=1.0, ori=0, pos=array([0., 0.]), rgb=array([255., 255., 255.]), text='default text', units='height', win=Window(...), wrapWidth=1)
6.7346 	EXP 	Created instruct_text = TextStim(__class__=<class 'psychopy.visual.text.TextStim'>, alignHoriz='center', alignVert='center', antialias=True, autoLog=True, bold=False, color='black', colorSpace='named', contrast=1.0, depth=0.0, flipHoriz=False, flipVert=False, font='Arial', fontFiles=[], height=0.1, italic=False, languageStyle='LTR', name='instruct_text', opacity=1.0, ori=0, pos=array([0. , 0.4]), rgb=array([0., 0., 0.]), text='Retrieve the associate', units='height', win=Window(...), wrapWidth=1)
6.7374 	EXP 	Created a_image_retrieve = ImageStim(__class__=<class 'psychopy.visual.image.ImageStim'>, autoLog=True, color=array([1., 1., 1.]), colorSpace='rgb', contrast=1.0, depth=-1.0, flipHoriz=False, flipVert=False, image='sin', interpolate=True, mask=None, maskParams=None, name='a_image_retrieve', opacity=1.0, ori=0.0, pos=array([-0.5, -0.1]), size=array([0.5, 0.5]), texRes=128, units='height', win=Window(...))
6.7425 	EXP 	Created text_2 = TextStim(__class__=<class 'psychopy.visual.text.TextStim'>, alignHoriz='center', alignVert='center', antialias=True, autoLog=True, bold=False, color='white', colorSpace='named', contrast=1.0, depth=-2.0, flipHoriz=False, flipVert=False, font='Arial', fontFiles=[], height=0.1, italic=False, languageStyle='LTR', name='text_2', opacity=1.0, ori=0, pos=array([0., 0.]), rgb=array([255., 255., 255.]), text='+', units='height', win=Window(...), wrapWidth=1)
6.7444 	EXP 	Created correct_pair = ImageStim(__class__=<class 'psychopy.visual.image.ImageStim'>, autoLog=True, color=array([1., 1., 1.]), colorSpace='rgb', contrast=1.0, depth=-3.0, flipHoriz=False, flipVert=False, image='sin', interpolate=True, mask=None, maskParams=None, name='correct_pair', opacity=1.0, ori=0.0, pos=array([0., 0.]), size=array([0.5, 0.5]), texRes=128, units='height', win=Window(...))
6.7590 	EXP 	Created afc_text = TextStim(__class__=<class 'psychopy.visual.text.TextStim'>, alignHoriz='center', alignVert='center', antialias=True, autoLog=True, bold=False, color='black', colorSpace='named', contrast=1.0, depth=-4.0, flipHoriz=False, flipVert=False, font='Arial', fontFiles=[], height=0.05, italic=False, languageStyle='LTR', name='afc_text', opacity=1.0, ori=0, pos=array([0., 3.]), rgb=array([0., 0., 0.]), text='Select the correct image', units='height', win=Window(...), wrapWidth=1)
6.7613 	EXP 	Created alternative_1 = ImageStim(__class__=<class 'psychopy.visual.image.ImageStim'>, autoLog=True, color=array([1., 1., 1.]), colorSpace='rgb', contrast=1.0, depth=-5.0, flipHoriz=False, flipVert=False, image='sin', interpolate=True, mask=None, maskParams=None, name='alternative_1', opacity=1.0, ori=0.0, pos=array([-0.3,  0. ]), size=array([0.5, 0.5]), texRes=128, units='height', win=Window(...))
6.7632 	EXP 	Created alternative_2 = ImageStim(__class__=<class 'psychopy.visual.image.ImageStim'>, autoLog=True, color=array([1., 1., 1.]), colorSpace='rgb', contrast=1.0, depth=-6.0, flipHoriz=False, flipVert=False, image='sin', interpolate=True, mask=None, maskParams=None, name='alternative_2', opacity=1.0, ori=0.0, pos=array([0. , 0.3]), size=array([0.5, 0.5]), texRes=128, units='height', win=Window(...))
6.7790 	EXP 	Imported instructions_intentional_encoding.xlsx as conditions, 8 conditions, 13 params
6.7793 	EXP 	Created sequence: sequential, trialTypes=8, nReps=1, seed=None
6.7798 	EXP 	New trial (rep=0, index=0): OrderedDict([('instructions1', 'Welcome to the memory experiment!'), ('Instructions2', 'Press space to continue!'), ('Image1', None), ('Image2', None), ('Image3', None), ('Image_4', None), ('position_1x', 0), ('position_1y', 0.3), ('position_2x', 0.0), ('position_2y', -0.4), ('J_key', None), ('K_key', None), ('L_key', None)])
6.8566 	EXP 	text: color = 'black (named)'
6.8566 	EXP 	text: pos = array([0. , 0.3])
6.8566 	EXP 	text: text = 'Welcome to the memory experiment!'
6.8566 	EXP 	text: font = 'Helvetica'
6.8566 	EXP 	text: height = 0.03
6.8566 	EXP 	instructions_text2: color = 'black (named)'
6.8566 	EXP 	instructions_text2: pos = array([ 0. , -0.4])
6.8566 	EXP 	instructions_text2: text = 'Press space to continue!'
6.8566 	EXP 	instructions_text2: font = 'Helvetica'
6.8566 	EXP 	instructions_text2: height = 0.03
6.9072 	EXP 	text: autoDraw = True
6.9072 	EXP 	instructions_text2: autoDraw = True
6.9072 	EXP 	image1: autoDraw = True
6.9072 	EXP 	image2: autoDraw = True
6.9072 	EXP 	text: text = 'Welcome to the memory experiment!'
6.9072 	EXP 	instructions_text2: text = 'Press space to continue!'
7.6270 	EXP 	New trial (rep=0, index=1): OrderedDict([('instructions1', 'On each trial of this task, you will see two images on the left and right side of the computer screen, like below.'), ('Instructions2', 'Press space to continue!'), ('Image1', 'instruction_images/jessica_alba.jpg'), ('Image2', 'instruction_images/oldBook.png'), ('Image3', None), ('Image_4', None), ('position_1x', 0), ('position_1y', 0.3), ('position_2x', 0.0), ('position_2y', -0.4), ('J_key', None), ('K_key', None), ('L_key', None)])
7.6567 	DATA 	Keypress: space
7.6727 	EXP 	text: autoDraw = False
7.6727 	EXP 	instructions_text2: autoDraw = False
7.6727 	EXP 	image1: autoDraw = False
7.6727 	EXP 	image2: autoDraw = False
7.6727 	EXP 	text: color = 'black (named)'
7.6727 	EXP 	text: pos = array([0. , 0.3])
7.6727 	EXP 	text: text = 'On each trial of this task, you will see two images on the left and right side of the computer screen, like below.'
7.6727 	EXP 	text: font = 'Helvetica'
7.6727 	EXP 	text: height = 0.03
7.6727 	EXP 	instructions_text2: color = 'black (named)'
7.6727 	EXP 	instructions_text2: pos = array([ 0. , -0.4])
7.6727 	EXP 	instructions_text2: text = 'Press space to continue!'
7.6727 	EXP 	instructions_text2: font = 'Helvetica'
7.6727 	EXP 	instructions_text2: height = 0.03
9.1140 	EXP 	text: autoDraw = True
9.1140 	EXP 	instructions_text2: autoDraw = True
9.1140 	EXP 	image1: autoDraw = True
9.1140 	EXP 	image2: autoDraw = True
9.1140 	EXP 	text: text = 'On each trial of this task, you will see two images on the left and right side of the computer screen, like below.'
9.1140 	EXP 	instructions_text2: text = 'Press space to continue!'
10.4936 	DATA 	Keypress: space
10.5254 	EXP 	New trial (rep=0, index=2): OrderedDict([('instructions1', 'Your job is to memorize that the image pairs go together. You can use any strategy to remember them.'), ('Instructions2', 'Press space to continue!'), ('Image1', 'instruction_images/jessica_alba.jpg'), ('Image2', 'instruction_images/oldBook.png'), ('Image3', None), ('Image_4', None), ('position_1x', 0), ('position_1y', 0.3), ('position_2x', 0.0), ('position_2y', -0.4), ('J_key', None), ('K_key', None), ('L_key', None)])
10.5557 	EXP 	text: autoDraw = False
10.5557 	EXP 	instructions_text2: autoDraw = False
10.5557 	EXP 	image1: autoDraw = False
10.5557 	EXP 	image2: autoDraw = False
10.5557 	EXP 	text: color = 'black (named)'
10.5557 	EXP 	text: pos = array([0. , 0.3])
10.5557 	EXP 	text: text = 'Your job is to memorize that the image pairs go together. You can use any strategy to remember them.'
10.5557 	EXP 	text: font = 'Helvetica'
10.5557 	EXP 	text: height = 0.03
10.5557 	EXP 	instructions_text2: color = 'black (named)'
10.5557 	EXP 	instructions_text2: pos = array([ 0. , -0.4])
10.5557 	EXP 	instructions_text2: text = 'Press space to continue!'
10.5557 	EXP 	instructions_text2: font = 'Helvetica'
10.5557 	EXP 	instructions_text2: height = 0.03
10.6389 	EXP 	text: autoDraw = True
10.6389 	EXP 	instructions_text2: autoDraw = True
10.6389 	EXP 	image1: autoDraw = True
10.6389 	EXP 	image2: autoDraw = True
10.6389 	EXP 	text: text = 'Your job is to memorize that the image pairs go together. You can use any strategy to remember them.'
10.6389 	EXP 	instructions_text2: text = 'Press space to continue!'
11.0557 	EXP 	New trial (rep=0, index=3): OrderedDict([('instructions1', 'For example, you could rehearse them in your memory, or link them through a story.'), ('Instructions2', 'Press space to continue!'), ('Image1', 'instruction_images/jessica_alba.jpg'), ('Image2', 'instruction_images/oldBook.png'), ('Image3', None), ('Image_4', None), ('position_1x', 0), ('position_1y', 0.3), ('position_2x', 0.0), ('position_2y', -0.4), ('J_key', None), ('K_key', None), ('L_key', None)])
11.0810 	DATA 	Keypress: space
11.0953 	EXP 	text: autoDraw = False
11.0953 	EXP 	instructions_text2: autoDraw = False
11.0953 	EXP 	image1: autoDraw = False
11.0953 	EXP 	image2: autoDraw = False
11.0953 	EXP 	text: color = 'black (named)'
11.0953 	EXP 	text: pos = array([0. , 0.3])
11.0953 	EXP 	text: text = 'For example, you could rehearse them in your memory, or link them through a story.'
11.0953 	EXP 	text: font = 'Helvetica'
11.0953 	EXP 	text: height = 0.03
11.0953 	EXP 	instructions_text2: color = 'black (named)'
11.0953 	EXP 	instructions_text2: pos = array([ 0. , -0.4])
11.0953 	EXP 	instructions_text2: text = 'Press space to continue!'
11.0953 	EXP 	instructions_text2: font = 'Helvetica'
11.0953 	EXP 	instructions_text2: height = 0.03
11.1744 	EXP 	text: autoDraw = True
11.1744 	EXP 	instructions_text2: autoDraw = True
11.1744 	EXP 	image1: autoDraw = True
11.1744 	EXP 	image2: autoDraw = True
11.1744 	EXP 	text: text = 'For example, you could rehearse them in your memory, or link them through a story.'
11.1744 	EXP 	instructions_text2: text = 'Press space to continue!'
11.4298 	DATA 	Keypress: space
11.4641 	EXP 	New trial (rep=0, index=4): OrderedDict([('instructions1', "It's important that you remember that these images go together. Your memory will later be tested. "), ('Instructions2', 'Press space to continue!'), ('Image1', 'instruction_images/jessica_alba.jpg'), ('Image2', 'instruction_images/oldBook.png'), ('Image3', None), ('Image_4', None), ('position_1x', 0), ('position_1y', 0.3), ('position_2x', 0.0), ('position_2y', -0.4), ('J_key', None), ('K_key', None), ('L_key', None)])
11.4923 	EXP 	text: autoDraw = False
11.4923 	EXP 	instructions_text2: autoDraw = False
11.4923 	EXP 	image1: autoDraw = False
11.4923 	EXP 	image2: autoDraw = False
11.4923 	EXP 	text: color = 'black (named)'
11.4923 	EXP 	text: pos = array([0. , 0.3])
11.4923 	EXP 	text: text = "It's important that you remember that these images go together. Your memory will later be tested. "
11.4923 	EXP 	text: font = 'Helvetica'
11.4923 	EXP 	text: height = 0.03
11.4923 	EXP 	instructions_text2: color = 'black (named)'
11.4923 	EXP 	instructions_text2: pos = array([ 0. , -0.4])
11.4923 	EXP 	instructions_text2: text = 'Press space to continue!'
11.4923 	EXP 	instructions_text2: font = 'Helvetica'
11.4923 	EXP 	instructions_text2: height = 0.03
11.5558 	EXP 	text: autoDraw = True
11.5558 	EXP 	instructions_text2: autoDraw = True
11.5558 	EXP 	image1: autoDraw = True
11.5558 	EXP 	image2: autoDraw = True
11.5558 	EXP 	text: text = "It's important that you remember that these images go together. Your memory will later be tested. "
11.5558 	EXP 	instructions_text2: text = 'Press space to continue!'
11.8139 	DATA 	Keypress: space
11.8498 	EXP 	New trial (rep=0, index=5): OrderedDict([('instructions1', 'Get ready to see a series of image pairs! '), ('Instructions2', 'Press space to continue!'), ('Image1', 'instruction_images/jessica_alba.jpg'), ('Image2', 'instruction_images/oldBook.png'), ('Image3', None), ('Image_4', None), ('position_1x', 0), ('position_1y', 0.3), ('position_2x', 0.0), ('position_2y', -0.4), ('J_key', None), ('K_key', None), ('L_key', None)])
11.8739 	EXP 	text: autoDraw = False
11.8739 	EXP 	instructions_text2: autoDraw = False
11.8739 	EXP 	image1: autoDraw = False
11.8739 	EXP 	image2: autoDraw = False
11.8739 	EXP 	text: color = 'black (named)'
11.8739 	EXP 	text: pos = array([0. , 0.3])
11.8739 	EXP 	text: text = 'Get ready to see a series of image pairs! '
11.8739 	EXP 	text: font = 'Helvetica'
11.8739 	EXP 	text: height = 0.03
11.8739 	EXP 	instructions_text2: color = 'black (named)'
11.8739 	EXP 	instructions_text2: pos = array([ 0. , -0.4])
11.8739 	EXP 	instructions_text2: text = 'Press space to continue!'
11.8739 	EXP 	instructions_text2: font = 'Helvetica'
11.8739 	EXP 	instructions_text2: height = 0.03
11.9392 	EXP 	text: autoDraw = True
11.9392 	EXP 	instructions_text2: autoDraw = True
11.9392 	EXP 	image1: autoDraw = True
11.9392 	EXP 	image2: autoDraw = True
11.9392 	EXP 	text: text = 'Get ready to see a series of image pairs! '
11.9392 	EXP 	instructions_text2: text = 'Press space to continue!'
12.2565 	EXP 	New trial (rep=0, index=6): OrderedDict([('instructions1', 'Each pair of images will only last on the screen for a few sceonds, so pay attention!'), ('Instructions2', 'Press space to continue!'), ('Image1', 'instruction_images/jessica_alba.jpg'), ('Image2', 'instruction_images/oldBook.png'), ('Image3', None), ('Image_4', None), ('position_1x', 0), ('position_1y', 0.3), ('position_2x', 0.0), ('position_2y', -0.4), ('J_key', None), ('K_key', None), ('L_key', None)])
12.2720 	DATA 	Keypress: space
12.2898 	EXP 	text: autoDraw = False
12.2898 	EXP 	instructions_text2: autoDraw = False
12.2898 	EXP 	image1: autoDraw = False
12.2898 	EXP 	image2: autoDraw = False
12.2898 	EXP 	text: color = 'black (named)'
12.2898 	EXP 	text: pos = array([0. , 0.3])
12.2898 	EXP 	text: text = 'Each pair of images will only last on the screen for a few sceonds, so pay attention!'
12.2898 	EXP 	text: font = 'Helvetica'
12.2898 	EXP 	text: height = 0.03
12.2898 	EXP 	instructions_text2: color = 'black (named)'
12.2898 	EXP 	instructions_text2: pos = array([ 0. , -0.4])
12.2898 	EXP 	instructions_text2: text = 'Press space to continue!'
12.2898 	EXP 	instructions_text2: font = 'Helvetica'
12.2898 	EXP 	instructions_text2: height = 0.03
12.3565 	EXP 	text: autoDraw = True
12.3565 	EXP 	instructions_text2: autoDraw = True
12.3565 	EXP 	image1: autoDraw = True
12.3565 	EXP 	image2: autoDraw = True
12.3565 	EXP 	text: text = 'Each pair of images will only last on the screen for a few sceonds, so pay attention!'
12.3565 	EXP 	instructions_text2: text = 'Press space to continue!'
12.7077 	EXP 	New trial (rep=0, index=7): OrderedDict([('instructions1', "When you're ready to start the game, press space!"), ('Instructions2', None), ('Image1', None), ('Image2', None), ('Image3', None), ('Image_4', None), ('position_1x', 0), ('position_1y', 0.0), ('position_2x', None), ('position_2y', None), ('J_key', None), ('K_key', None), ('L_key', None)])
12.7229 	DATA 	Keypress: space
12.7391 	EXP 	text: autoDraw = False
12.7391 	EXP 	instructions_text2: autoDraw = False
12.7391 	EXP 	image1: autoDraw = False
12.7391 	EXP 	image2: autoDraw = False
12.7391 	EXP 	text: color = 'black (named)'
12.7391 	EXP 	text: pos = array([0., 0.])
12.7391 	EXP 	text: text = "When you're ready to start the game, press space!"
12.7391 	EXP 	text: font = 'Helvetica'
12.7391 	EXP 	text: height = 0.03
12.7391 	EXP 	instructions_text2: color = 'black (named)'
12.7391 	EXP 	instructions_text2: pos = array([nan, nan])
12.7391 	EXP 	instructions_text2: text = 'Press space to continue!'
12.7391 	EXP 	instructions_text2: font = 'Helvetica'
12.7391 	EXP 	instructions_text2: height = 0.03
12.7890 	EXP 	text: autoDraw = True
12.7890 	EXP 	instructions_text2: autoDraw = True
12.7890 	EXP 	image1: autoDraw = True
12.7890 	EXP 	image2: autoDraw = True
12.7890 	EXP 	text: text = "When you're ready to start the game, press space!"
12.7890 	EXP 	instructions_text2: text = 'Press space to continue!'
16.3164 	EXP 	Imported intentional_encoding.xlsx as conditions, 12 conditions, 4 params
16.3167 	EXP 	Created sequence: sequential, trialTypes=12, nReps=2, seed=None
16.3172 	EXP 	New trial (rep=0, index=0): OrderedDict([('trial', 1), ('image_a', 'images/flipflopsBlue.png'), ('image_b', 'images/amy_poehler_c.jpg'), ('category_b', 'face')])
16.3273 	DATA 	Keypress: space
16.3391 	EXP 	text: autoDraw = False
16.3391 	EXP 	instructions_text2: autoDraw = False
16.3391 	EXP 	image1: autoDraw = False
16.3391 	EXP 	image2: autoDraw = False
16.3391 	EXP 	b_image: image = 'images/amy_poehler_c.jpg'
16.3880 	EXP 	a_image: autoDraw = True
16.3880 	EXP 	b_image: autoDraw = True
16.3880 	EXP 	text_12: autoDraw = True
16.4144 	EXP 	New trial (rep=0, index=1): OrderedDict([('trial', 2), ('image_a', 'images/bag_gift.png'), ('image_b', 'images/bill_gates_a.jpg'), ('category_b', 'face')])
16.4385 	EXP 	a_image: autoDraw = False
16.4385 	EXP 	b_image: autoDraw = False
16.4385 	EXP 	text_12: autoDraw = False
16.4385 	EXP 	b_image: image = 'images/bill_gates_a.jpg'
16.4786 	EXP 	a_image: autoDraw = True
16.4786 	EXP 	b_image: autoDraw = True
16.4786 	EXP 	text_12: autoDraw = True
16.5301 	EXP 	New trial (rep=0, index=2): OrderedDict([('trial', 3), ('image_a', 'images/ball_8.png'), ('image_b', 'images/courtney_cox_c.jpg'), ('category_b', 'face')])
16.5550 	EXP 	a_image: autoDraw = False
16.5550 	EXP 	b_image: autoDraw = False
16.5550 	EXP 	text_12: autoDraw = False
16.5550 	EXP 	b_image: image = 'images/courtney_cox_c.jpg'
16.5953 	EXP 	a_image: autoDraw = True
16.5953 	EXP 	b_image: autoDraw = True
16.5953 	EXP 	text_12: autoDraw = True
16.6227 	EXP 	New trial (rep=0, index=3): OrderedDict([('trial', 4), ('image_a', 'images/ball_baseball.png'), ('image_b', 'images/dakota_fanning_c.jpg'), ('category_b', 'face')])
16.6456 	EXP 	a_image: autoDraw = False
16.6456 	EXP 	b_image: autoDraw = False
16.6456 	EXP 	text_12: autoDraw = False
16.6456 	EXP 	b_image: image = 'images/dakota_fanning_c.jpg'
16.6881 	EXP 	a_image: autoDraw = True
16.6881 	EXP 	b_image: autoDraw = True
16.6881 	EXP 	text_12: autoDraw = True
16.7100 	EXP 	New trial (rep=0, index=4): OrderedDict([('trial', 5), ('image_a', 'images/balloon.jpg'), ('image_b', 'images/drew_barrymore_c.jpg'), ('category_b', 'face')])
16.7291 	EXP 	a_image: autoDraw = False
16.7291 	EXP 	b_image: autoDraw = False
16.7291 	EXP 	text_12: autoDraw = False
16.7291 	EXP 	b_image: image = 'images/drew_barrymore_c.jpg'
16.7664 	EXP 	a_image: autoDraw = True
16.7664 	EXP 	b_image: autoDraw = True
16.7664 	EXP 	text_12: autoDraw = True
16.8093 	EXP 	New trial (rep=0, index=5): OrderedDict([('trial', 6), ('image_a', 'images/bandage.jpg'), ('image_b', 'images/ellen_degeneres_b.jpg'), ('category_b', 'face')])
16.8290 	EXP 	a_image: autoDraw = False
16.8290 	EXP 	b_image: autoDraw = False
16.8290 	EXP 	text_12: autoDraw = False
16.8290 	EXP 	b_image: image = 'images/ellen_degeneres_b.jpg'
16.8725 	EXP 	a_image: autoDraw = True
16.8725 	EXP 	b_image: autoDraw = True
16.8725 	EXP 	text_12: autoDraw = True
16.9219 	EXP 	New trial (rep=0, index=6): OrderedDict([('trial', 7), ('image_a', 'images/barrel.jpg'), ('image_b', 'images/emma_stone.jpg'), ('category_b', 'face')])
16.9456 	EXP 	a_image: autoDraw = False
16.9456 	EXP 	b_image: autoDraw = False
16.9456 	EXP 	text_12: autoDraw = False
16.9456 	EXP 	b_image: image = 'images/emma_stone.jpg'
16.9927 	EXP 	a_image: autoDraw = True
16.9927 	EXP 	b_image: autoDraw = True
16.9927 	EXP 	text_12: autoDraw = True
17.0220 	EXP 	New trial (rep=0, index=7): OrderedDict([('trial', 8), ('image_a', 'images/bathrobe.png'), ('image_b', 'images/emma_watson.jpg'), ('category_b', 'face')])
17.0425 	EXP 	a_image: autoDraw = False
17.0425 	EXP 	b_image: autoDraw = False
17.0425 	EXP 	text_12: autoDraw = False
17.0425 	EXP 	b_image: image = 'images/emma_watson.jpg'
17.0756 	EXP 	a_image: autoDraw = True
17.0756 	EXP 	b_image: autoDraw = True
17.0756 	EXP 	text_12: autoDraw = True
17.1172 	EXP 	New trial (rep=0, index=8): OrderedDict([('trial', 9), ('image_a', 'images/beetle.png'), ('image_b', 'images/george_clooney_a.jpg'), ('category_b', 'face')])
17.1385 	EXP 	a_image: autoDraw = False
17.1385 	EXP 	b_image: autoDraw = False
17.1385 	EXP 	text_12: autoDraw = False
17.1385 	EXP 	b_image: image = 'images/george_clooney_a.jpg'
17.1766 	EXP 	a_image: autoDraw = True
17.1766 	EXP 	b_image: autoDraw = True
17.1766 	EXP 	text_12: autoDraw = True
17.2152 	EXP 	New trial (rep=0, index=9): OrderedDict([('trial', 10), ('image_a', 'images/bench_park.png'), ('image_b', 'images/gwen_stefani_c.jpg'), ('category_b', 'face')])
17.2380 	EXP 	a_image: autoDraw = False
17.2380 	EXP 	b_image: autoDraw = False
17.2380 	EXP 	text_12: autoDraw = False
17.2380 	EXP 	b_image: image = 'images/gwen_stefani_c.jpg'
17.2797 	EXP 	a_image: autoDraw = True
17.2797 	EXP 	b_image: autoDraw = True
17.2797 	EXP 	text_12: autoDraw = True
17.3288 	EXP 	New trial (rep=0, index=10): OrderedDict([('trial', 11), ('image_a', 'images/bib.png'), ('image_b', 'images/hillary_clinton_a.jpg'), ('category_b', 'face')])
17.3481 	EXP 	a_image: autoDraw = False
17.3481 	EXP 	b_image: autoDraw = False
17.3481 	EXP 	text_12: autoDraw = False
17.3481 	EXP 	b_image: image = 'images/hillary_clinton_a.jpg'
17.3933 	EXP 	a_image: autoDraw = True
17.3933 	EXP 	b_image: autoDraw = True
17.3933 	EXP 	text_12: autoDraw = True
17.4237 	EXP 	New trial (rep=0, index=11): OrderedDict([('trial', 12), ('image_a', 'images/bird_parrot.png'), ('image_b', 'images/jackie_kennedy_a.jpg'), ('category_b', 'face')])
17.4428 	EXP 	a_image: autoDraw = False
17.4428 	EXP 	b_image: autoDraw = False
17.4428 	EXP 	text_12: autoDraw = False
17.4428 	EXP 	b_image: image = 'images/jackie_kennedy_a.jpg'
17.4773 	EXP 	a_image: autoDraw = True
17.4773 	EXP 	b_image: autoDraw = True
17.4773 	EXP 	text_12: autoDraw = True
17.5229 	EXP 	New trial (rep=1, index=0): OrderedDict([('trial', 1), ('image_a', 'images/flipflopsBlue.png'), ('image_b', 'images/amy_poehler_c.jpg'), ('category_b', 'face')])
17.5426 	EXP 	a_image: autoDraw = False
17.5426 	EXP 	b_image: autoDraw = False
17.5426 	EXP 	text_12: autoDraw = False
17.5426 	EXP 	b_image: image = 'images/amy_poehler_c.jpg'
17.5831 	EXP 	a_image: autoDraw = True
17.5831 	EXP 	b_image: autoDraw = True
17.5831 	EXP 	text_12: autoDraw = True
17.6130 	EXP 	New trial (rep=1, index=1): OrderedDict([('trial', 2), ('image_a', 'images/bag_gift.png'), ('image_b', 'images/bill_gates_a.jpg'), ('category_b', 'face')])
17.6390 	EXP 	a_image: autoDraw = False
17.6390 	EXP 	b_image: autoDraw = False
17.6390 	EXP 	text_12: autoDraw = False
17.6390 	EXP 	b_image: image = 'images/bill_gates_a.jpg'
17.6809 	EXP 	a_image: autoDraw = True
17.6809 	EXP 	b_image: autoDraw = True
17.6809 	EXP 	text_12: autoDraw = True
17.7319 	EXP 	New trial (rep=1, index=2): OrderedDict([('trial', 3), ('image_a', 'images/ball_8.png'), ('image_b', 'images/courtney_cox_c.jpg'), ('category_b', 'face')])
17.7552 	EXP 	a_image: autoDraw = False
17.7552 	EXP 	b_image: autoDraw = False
17.7552 	EXP 	text_12: autoDraw = False
17.7552 	EXP 	b_image: image = 'images/courtney_cox_c.jpg'
17.7966 	EXP 	a_image: autoDraw = True
17.7966 	EXP 	b_image: autoDraw = True
17.7966 	EXP 	text_12: autoDraw = True
17.8230 	EXP 	New trial (rep=1, index=3): OrderedDict([('trial', 4), ('image_a', 'images/ball_baseball.png'), ('image_b', 'images/dakota_fanning_c.jpg'), ('category_b', 'face')])
17.8463 	EXP 	a_image: autoDraw = False
17.8463 	EXP 	b_image: autoDraw = False
17.8463 	EXP 	text_12: autoDraw = False
17.8463 	EXP 	b_image: image = 'images/dakota_fanning_c.jpg'
17.8878 	EXP 	a_image: autoDraw = True
17.8878 	EXP 	b_image: autoDraw = True
17.8878 	EXP 	text_12: autoDraw = True
17.9102 	EXP 	New trial (rep=1, index=4): OrderedDict([('trial', 5), ('image_a', 'images/balloon.jpg'), ('image_b', 'images/drew_barrymore_c.jpg'), ('category_b', 'face')])
17.9294 	EXP 	a_image: autoDraw = False
17.9294 	EXP 	b_image: autoDraw = False
17.9294 	EXP 	text_12: autoDraw = False
17.9294 	EXP 	b_image: image = 'images/drew_barrymore_c.jpg'
17.9668 	EXP 	a_image: autoDraw = True
17.9668 	EXP 	b_image: autoDraw = True
17.9668 	EXP 	text_12: autoDraw = True
18.0100 	EXP 	New trial (rep=1, index=5): OrderedDict([('trial', 6), ('image_a', 'images/bandage.jpg'), ('image_b', 'images/ellen_degeneres_b.jpg'), ('category_b', 'face')])
18.0297 	EXP 	a_image: autoDraw = False
18.0297 	EXP 	b_image: autoDraw = False
18.0297 	EXP 	text_12: autoDraw = False
18.0297 	EXP 	b_image: image = 'images/ellen_degeneres_b.jpg'
18.0730 	EXP 	a_image: autoDraw = True
18.0730 	EXP 	b_image: autoDraw = True
18.0730 	EXP 	text_12: autoDraw = True
18.1252 	EXP 	New trial (rep=1, index=6): OrderedDict([('trial', 7), ('image_a', 'images/barrel.jpg'), ('image_b', 'images/emma_stone.jpg'), ('category_b', 'face')])
18.1481 	EXP 	a_image: autoDraw = False
18.1481 	EXP 	b_image: autoDraw = False
18.1481 	EXP 	text_12: autoDraw = False
18.1481 	EXP 	b_image: image = 'images/emma_stone.jpg'
18.1925 	EXP 	a_image: autoDraw = True
18.1925 	EXP 	b_image: autoDraw = True
18.1925 	EXP 	text_12: autoDraw = True
18.2234 	EXP 	New trial (rep=1, index=7): OrderedDict([('trial', 8), ('image_a', 'images/bathrobe.png'), ('image_b', 'images/emma_watson.jpg'), ('category_b', 'face')])
18.2451 	EXP 	a_image: autoDraw = False
18.2451 	EXP 	b_image: autoDraw = False
18.2451 	EXP 	text_12: autoDraw = False
18.2451 	EXP 	b_image: image = 'images/emma_watson.jpg'
18.2830 	EXP 	a_image: autoDraw = True
18.2830 	EXP 	b_image: autoDraw = True
18.2830 	EXP 	text_12: autoDraw = True
18.3242 	EXP 	New trial (rep=1, index=8): OrderedDict([('trial', 9), ('image_a', 'images/beetle.png'), ('image_b', 'images/george_clooney_a.jpg'), ('category_b', 'face')])
18.3431 	EXP 	a_image: autoDraw = False
18.3431 	EXP 	b_image: autoDraw = False
18.3431 	EXP 	text_12: autoDraw = False
18.3431 	EXP 	b_image: image = 'images/george_clooney_a.jpg'
18.3764 	EXP 	a_image: autoDraw = True
18.3764 	EXP 	b_image: autoDraw = True
18.3764 	EXP 	text_12: autoDraw = True
18.4148 	EXP 	New trial (rep=1, index=9): OrderedDict([('trial', 10), ('image_a', 'images/bench_park.png'), ('image_b', 'images/gwen_stefani_c.jpg'), ('category_b', 'face')])
18.4381 	EXP 	a_image: autoDraw = False
18.4381 	EXP 	b_image: autoDraw = False
18.4381 	EXP 	text_12: autoDraw = False
18.4381 	EXP 	b_image: image = 'images/gwen_stefani_c.jpg'
18.4824 	EXP 	a_image: autoDraw = True
18.4824 	EXP 	b_image: autoDraw = True
18.4824 	EXP 	text_12: autoDraw = True
18.5087 	EXP 	New trial (rep=1, index=10): OrderedDict([('trial', 11), ('image_a', 'images/bib.png'), ('image_b', 'images/hillary_clinton_a.jpg'), ('category_b', 'face')])
18.5285 	EXP 	a_image: autoDraw = False
18.5285 	EXP 	b_image: autoDraw = False
18.5285 	EXP 	text_12: autoDraw = False
18.5285 	EXP 	b_image: image = 'images/hillary_clinton_a.jpg'
18.5762 	EXP 	a_image: autoDraw = True
18.5762 	EXP 	b_image: autoDraw = True
18.5762 	EXP 	text_12: autoDraw = True
18.6386 	EXP 	New trial (rep=1, index=11): OrderedDict([('trial', 12), ('image_a', 'images/bird_parrot.png'), ('image_b', 'images/jackie_kennedy_a.jpg'), ('category_b', 'face')])
18.6578 	EXP 	a_image: autoDraw = False
18.6578 	EXP 	b_image: autoDraw = False
18.6578 	EXP 	text_12: autoDraw = False
18.6578 	EXP 	b_image: image = 'images/jackie_kennedy_a.jpg'
18.6944 	EXP 	a_image: autoDraw = True
18.6944 	EXP 	b_image: autoDraw = True
18.6944 	EXP 	text_12: autoDraw = True
18.7257 	EXP 	Imported instructions_intentional_encoding.xlsx as conditions, 1 conditions, 13 params
18.7259 	EXP 	Created sequence: sequential, trialTypes=1, nReps=1, seed=None
18.7264 	EXP 	New trial (rep=0, index=0): OrderedDict([('instructions1', 'In this situation, you would try to remember the book.'), ('Instructions2', 'Press space to continue!'), ('Image1', 'instruction_images/jessica_alba.jpg'), ('Image2', None), ('Image3', None), ('Image_4', None), ('position_1x', 0), ('position_1y', 0.3), ('position_2x', 0.0), ('position_2y', -0.4), ('J_key', 'J'), ('K_key', 'K'), ('L_key', 'L')])
18.7892 	EXP 	a_image: autoDraw = False
18.7892 	EXP 	b_image: autoDraw = False
18.7892 	EXP 	text_12: autoDraw = False
18.7892 	EXP 	text_3: autoDraw = True
18.7892 	EXP 	text_4: autoDraw = True
18.7892 	EXP 	image_3: autoDraw = True
18.7892 	EXP 	text_3: text = 'In this situation, you would try to remember the book.'
18.7892 	EXP 	text_4: text = 'Press space to continue!'
18.8259 	EXP 	text_3: text = 'In this situation, you would try to remember the book.'
18.8259 	EXP 	text_4: text = 'Press space to continue!'
18.8626 	EXP 	text_3: text = 'In this situation, you would try to remember the book.'
18.8626 	EXP 	text_4: text = 'Press space to continue!'
18.8962 	EXP 	text_3: text = 'In this situation, you would try to remember the book.'
18.8962 	EXP 	text_4: text = 'Press space to continue!'
18.9303 	EXP 	text_3: text = 'In this situation, you would try to remember the book.'
18.9303 	EXP 	text_4: text = 'Press space to continue!'
18.9659 	EXP 	text_3: text = 'In this situation, you would try to remember the book.'
18.9659 	EXP 	text_4: text = 'Press space to continue!'
19.0041 	EXP 	text_3: text = 'In this situation, you would try to remember the book.'
19.0041 	EXP 	text_4: text = 'Press space to continue!'
19.0384 	EXP 	text_3: text = 'In this situation, you would try to remember the book.'
19.0384 	EXP 	text_4: text = 'Press space to continue!'
19.0733 	EXP 	text_3: text = 'In this situation, you would try to remember the book.'
19.0733 	EXP 	text_4: text = 'Press space to continue!'
19.1086 	EXP 	text_3: text = 'In this situation, you would try to remember the book.'
19.1086 	EXP 	text_4: text = 'Press space to continue!'
19.1451 	EXP 	text_3: text = 'In this situation, you would try to remember the book.'
19.1451 	EXP 	text_4: text = 'Press space to continue!'
19.1792 	EXP 	text_3: text = 'In this situation, you would try to remember the book.'
19.1792 	EXP 	text_4: text = 'Press space to continue!'
19.2148 	EXP 	text_3: text = 'In this situation, you would try to remember the book.'
19.2148 	EXP 	text_4: text = 'Press space to continue!'
19.2503 	EXP 	text_3: text = 'In this situation, you would try to remember the book.'
19.2503 	EXP 	text_4: text = 'Press space to continue!'
19.2884 	EXP 	text_3: text = 'In this situation, you would try to remember the book.'
19.2884 	EXP 	text_4: text = 'Press space to continue!'
19.3243 	EXP 	text_3: text = 'In this situation, you would try to remember the book.'
19.3243 	EXP 	text_4: text = 'Press space to continue!'
19.3617 	EXP 	text_3: text = 'In this situation, you would try to remember the book.'
19.3617 	EXP 	text_4: text = 'Press space to continue!'
19.3962 	EXP 	text_3: text = 'In this situation, you would try to remember the book.'
19.3962 	EXP 	text_4: text = 'Press space to continue!'
19.4320 	EXP 	text_3: text = 'In this situation, you would try to remember the book.'
19.4320 	EXP 	text_4: text = 'Press space to continue!'
19.4714 	EXP 	text_3: text = 'In this situation, you would try to remember the book.'
19.4714 	EXP 	text_4: text = 'Press space to continue!'
19.5082 	EXP 	text_3: text = 'In this situation, you would try to remember the book.'
19.5082 	EXP 	text_4: text = 'Press space to continue!'
19.5454 	EXP 	text_3: text = 'In this situation, you would try to remember the book.'
19.5454 	EXP 	text_4: text = 'Press space to continue!'
19.5817 	EXP 	text_3: text = 'In this situation, you would try to remember the book.'
19.5817 	EXP 	text_4: text = 'Press space to continue!'
19.6219 	EXP 	text_3: text = 'In this situation, you would try to remember the book.'
19.6219 	EXP 	text_4: text = 'Press space to continue!'
19.6592 	EXP 	text_3: text = 'In this situation, you would try to remember the book.'
19.6592 	EXP 	text_4: text = 'Press space to continue!'
19.6951 	EXP 	text_3: text = 'In this situation, you would try to remember the book.'
19.6951 	EXP 	text_4: text = 'Press space to continue!'
19.7301 	EXP 	text_3: text = 'In this situation, you would try to remember the book.'
19.7301 	EXP 	text_4: text = 'Press space to continue!'
19.7658 	EXP 	text_3: text = 'In this situation, you would try to remember the book.'
19.7658 	EXP 	text_4: text = 'Press space to continue!'
19.8047 	EXP 	text_3: text = 'In this situation, you would try to remember the book.'
19.8047 	EXP 	text_4: text = 'Press space to continue!'
19.8411 	EXP 	text_3: text = 'In this situation, you would try to remember the book.'
19.8411 	EXP 	text_4: text = 'Press space to continue!'
19.8781 	EXP 	text_3: text = 'In this situation, you would try to remember the book.'
19.8781 	EXP 	text_4: text = 'Press space to continue!'
19.9149 	EXP 	text_3: text = 'In this situation, you would try to remember the book.'
19.9149 	EXP 	text_4: text = 'Press space to continue!'
19.9508 	EXP 	text_3: text = 'In this situation, you would try to remember the book.'
19.9508 	EXP 	text_4: text = 'Press space to continue!'
19.9881 	EXP 	text_3: text = 'In this situation, you would try to remember the book.'
19.9881 	EXP 	text_4: text = 'Press space to continue!'
20.0284 	EXP 	text_3: text = 'In this situation, you would try to remember the book.'
20.0284 	EXP 	text_4: text = 'Press space to continue!'
20.0648 	EXP 	text_3: text = 'In this situation, you would try to remember the book.'
20.0648 	EXP 	text_4: text = 'Press space to continue!'
20.1003 	EXP 	text_3: text = 'In this situation, you would try to remember the book.'
20.1003 	EXP 	text_4: text = 'Press space to continue!'
20.1378 	EXP 	text_3: text = 'In this situation, you would try to remember the book.'
20.1378 	EXP 	text_4: text = 'Press space to continue!'
20.1724 	EXP 	text_3: text = 'In this situation, you would try to remember the book.'
20.1724 	EXP 	text_4: text = 'Press space to continue!'
20.2118 	EXP 	text_3: text = 'In this situation, you would try to remember the book.'
20.2118 	EXP 	text_4: text = 'Press space to continue!'
20.2465 	EXP 	text_3: text = 'In this situation, you would try to remember the book.'
20.2465 	EXP 	text_4: text = 'Press space to continue!'
20.2812 	EXP 	text_3: text = 'In this situation, you would try to remember the book.'
20.2812 	EXP 	text_4: text = 'Press space to continue!'
20.3213 	EXP 	text_3: text = 'In this situation, you would try to remember the book.'
20.3213 	EXP 	text_4: text = 'Press space to continue!'
20.3584 	EXP 	text_3: text = 'In this situation, you would try to remember the book.'
20.3584 	EXP 	text_4: text = 'Press space to continue!'
20.3948 	EXP 	text_3: text = 'In this situation, you would try to remember the book.'
20.3948 	EXP 	text_4: text = 'Press space to continue!'
20.4315 	EXP 	text_3: text = 'In this situation, you would try to remember the book.'
20.4315 	EXP 	text_4: text = 'Press space to continue!'
20.4666 	EXP 	text_3: text = 'In this situation, you would try to remember the book.'
20.4666 	EXP 	text_4: text = 'Press space to continue!'
20.5047 	EXP 	text_3: text = 'In this situation, you would try to remember the book.'
20.5047 	EXP 	text_4: text = 'Press space to continue!'
20.5391 	EXP 	text_3: text = 'In this situation, you would try to remember the book.'
20.5391 	EXP 	text_4: text = 'Press space to continue!'
20.5740 	EXP 	text_3: text = 'In this situation, you would try to remember the book.'
20.5740 	EXP 	text_4: text = 'Press space to continue!'
20.6102 	EXP 	text_3: text = 'In this situation, you would try to remember the book.'
20.6102 	EXP 	text_4: text = 'Press space to continue!'
20.6450 	EXP 	text_3: text = 'In this situation, you would try to remember the book.'
20.6450 	EXP 	text_4: text = 'Press space to continue!'
20.6798 	EXP 	text_3: text = 'In this situation, you would try to remember the book.'
20.6798 	EXP 	text_4: text = 'Press space to continue!'
20.7163 	EXP 	text_3: text = 'In this situation, you would try to remember the book.'
20.7163 	EXP 	text_4: text = 'Press space to continue!'
20.7548 	EXP 	text_3: text = 'In this situation, you would try to remember the book.'
20.7548 	EXP 	text_4: text = 'Press space to continue!'
20.7923 	EXP 	text_3: text = 'In this situation, you would try to remember the book.'
20.7923 	EXP 	text_4: text = 'Press space to continue!'
20.8286 	EXP 	text_3: text = 'In this situation, you would try to remember the book.'
20.8286 	EXP 	text_4: text = 'Press space to continue!'
20.8657 	EXP 	text_3: text = 'In this situation, you would try to remember the book.'
20.8657 	EXP 	text_4: text = 'Press space to continue!'
20.9046 	EXP 	text_3: text = 'In this situation, you would try to remember the book.'
20.9046 	EXP 	text_4: text = 'Press space to continue!'
20.9421 	EXP 	text_3: text = 'In this situation, you would try to remember the book.'
20.9421 	EXP 	text_4: text = 'Press space to continue!'
20.9781 	EXP 	text_3: text = 'In this situation, you would try to remember the book.'
20.9781 	EXP 	text_4: text = 'Press space to continue!'
21.0151 	EXP 	text_3: text = 'In this situation, you would try to remember the book.'
21.0151 	EXP 	text_4: text = 'Press space to continue!'
21.0550 	EXP 	text_3: text = 'In this situation, you would try to remember the book.'
21.0550 	EXP 	text_4: text = 'Press space to continue!'
21.0895 	EXP 	text_3: text = 'In this situation, you would try to remember the book.'
21.0895 	EXP 	text_4: text = 'Press space to continue!'
21.1255 	EXP 	text_3: text = 'In this situation, you would try to remember the book.'
21.1255 	EXP 	text_4: text = 'Press space to continue!'
21.1624 	EXP 	text_3: text = 'In this situation, you would try to remember the book.'
21.1624 	EXP 	text_4: text = 'Press space to continue!'
21.1985 	EXP 	text_3: text = 'In this situation, you would try to remember the book.'
21.1985 	EXP 	text_4: text = 'Press space to continue!'
21.2376 	EXP 	text_3: text = 'In this situation, you would try to remember the book.'
21.2376 	EXP 	text_4: text = 'Press space to continue!'
21.2740 	EXP 	text_3: text = 'In this situation, you would try to remember the book.'
21.2740 	EXP 	text_4: text = 'Press space to continue!'
21.3099 	EXP 	text_3: text = 'In this situation, you would try to remember the book.'
21.3099 	EXP 	text_4: text = 'Press space to continue!'
21.3463 	EXP 	text_3: text = 'In this situation, you would try to remember the book.'
21.3463 	EXP 	text_4: text = 'Press space to continue!'
21.3829 	EXP 	text_3: text = 'In this situation, you would try to remember the book.'
21.3829 	EXP 	text_4: text = 'Press space to continue!'
21.4214 	EXP 	text_3: text = 'In this situation, you would try to remember the book.'
21.4214 	EXP 	text_4: text = 'Press space to continue!'
21.4590 	EXP 	text_3: text = 'In this situation, you would try to remember the book.'
21.4590 	EXP 	text_4: text = 'Press space to continue!'
21.4952 	EXP 	text_3: text = 'In this situation, you would try to remember the book.'
21.4952 	EXP 	text_4: text = 'Press space to continue!'
21.5317 	EXP 	text_3: text = 'In this situation, you would try to remember the book.'
21.5317 	EXP 	text_4: text = 'Press space to continue!'
21.5714 	EXP 	text_3: text = 'In this situation, you would try to remember the book.'
21.5714 	EXP 	text_4: text = 'Press space to continue!'
21.6070 	EXP 	text_3: text = 'In this situation, you would try to remember the book.'
21.6070 	EXP 	text_4: text = 'Press space to continue!'
21.6426 	EXP 	text_3: text = 'In this situation, you would try to remember the book.'
21.6426 	EXP 	text_4: text = 'Press space to continue!'
21.6779 	EXP 	text_3: text = 'In this situation, you would try to remember the book.'
21.6779 	EXP 	text_4: text = 'Press space to continue!'
21.7123 	EXP 	text_3: text = 'In this situation, you would try to remember the book.'
21.7123 	EXP 	text_4: text = 'Press space to continue!'
21.7465 	EXP 	text_3: text = 'In this situation, you would try to remember the book.'
21.7465 	EXP 	text_4: text = 'Press space to continue!'
21.7819 	EXP 	text_3: text = 'In this situation, you would try to remember the book.'
21.7819 	EXP 	text_4: text = 'Press space to continue!'
21.8214 	EXP 	text_3: text = 'In this situation, you would try to remember the book.'
21.8214 	EXP 	text_4: text = 'Press space to continue!'
21.8587 	EXP 	text_3: text = 'In this situation, you would try to remember the book.'
21.8587 	EXP 	text_4: text = 'Press space to continue!'
21.8948 	EXP 	text_3: text = 'In this situation, you would try to remember the book.'
21.8948 	EXP 	text_4: text = 'Press space to continue!'
21.9315 	EXP 	text_3: text = 'In this situation, you would try to remember the book.'
21.9315 	EXP 	text_4: text = 'Press space to continue!'
21.9670 	EXP 	text_3: text = 'In this situation, you would try to remember the book.'
21.9670 	EXP 	text_4: text = 'Press space to continue!'
22.0043 	EXP 	text_3: text = 'In this situation, you would try to remember the book.'
22.0043 	EXP 	text_4: text = 'Press space to continue!'
22.0394 	EXP 	text_3: text = 'In this situation, you would try to remember the book.'
22.0394 	EXP 	text_4: text = 'Press space to continue!'
22.0749 	EXP 	text_3: text = 'In this situation, you would try to remember the book.'
22.0749 	EXP 	text_4: text = 'Press space to continue!'
22.1121 	EXP 	text_3: text = 'In this situation, you would try to remember the book.'
22.1121 	EXP 	text_4: text = 'Press space to continue!'
22.1487 	EXP 	text_3: text = 'In this situation, you would try to remember the book.'
22.1487 	EXP 	text_4: text = 'Press space to continue!'
22.1884 	EXP 	text_3: text = 'In this situation, you would try to remember the book.'
22.1884 	EXP 	text_4: text = 'Press space to continue!'
22.2238 	EXP 	text_3: text = 'In this situation, you would try to remember the book.'
22.2238 	EXP 	text_4: text = 'Press space to continue!'
22.2596 	EXP 	text_3: text = 'In this situation, you would try to remember the book.'
22.2596 	EXP 	text_4: text = 'Press space to continue!'
22.2948 	EXP 	text_3: text = 'In this situation, you would try to remember the book.'
22.2948 	EXP 	text_4: text = 'Press space to continue!'
22.3295 	EXP 	text_3: text = 'In this situation, you would try to remember the book.'
22.3295 	EXP 	text_4: text = 'Press space to continue!'
22.3661 	EXP 	text_3: text = 'In this situation, you would try to remember the book.'
22.3661 	EXP 	text_4: text = 'Press space to continue!'
22.4044 	EXP 	text_3: text = 'In this situation, you would try to remember the book.'
22.4044 	EXP 	text_4: text = 'Press space to continue!'
22.4410 	EXP 	text_3: text = 'In this situation, you would try to remember the book.'
22.4410 	EXP 	text_4: text = 'Press space to continue!'
22.4783 	EXP 	text_3: text = 'In this situation, you would try to remember the book.'
22.4783 	EXP 	text_4: text = 'Press space to continue!'
22.5125 	EXP 	text_3: text = 'In this situation, you would try to remember the book.'
22.5125 	EXP 	text_4: text = 'Press space to continue!'
22.5548 	EXP 	text_3: text = 'In this situation, you would try to remember the book.'
22.5548 	EXP 	text_4: text = 'Press space to continue!'
22.5918 	EXP 	text_3: text = 'In this situation, you would try to remember the book.'
22.5918 	EXP 	text_4: text = 'Press space to continue!'
22.6292 	EXP 	text_3: text = 'In this situation, you would try to remember the book.'
22.6292 	EXP 	text_4: text = 'Press space to continue!'
22.6658 	EXP 	text_3: text = 'In this situation, you would try to remember the book.'
22.6658 	EXP 	text_4: text = 'Press space to continue!'
22.7042 	EXP 	text_3: text = 'In this situation, you would try to remember the book.'
22.7042 	EXP 	text_4: text = 'Press space to continue!'
22.7421 	EXP 	text_3: text = 'In this situation, you would try to remember the book.'
22.7421 	EXP 	text_4: text = 'Press space to continue!'
22.7787 	EXP 	text_3: text = 'In this situation, you would try to remember the book.'
22.7787 	EXP 	text_4: text = 'Press space to continue!'
22.8132 	EXP 	text_3: text = 'In this situation, you would try to remember the book.'
22.8132 	EXP 	text_4: text = 'Press space to continue!'
22.8487 	EXP 	text_3: text = 'In this situation, you would try to remember the book.'
22.8487 	EXP 	text_4: text = 'Press space to continue!'
22.8876 	EXP 	text_3: text = 'In this situation, you would try to remember the book.'
22.8876 	EXP 	text_4: text = 'Press space to continue!'
22.9248 	EXP 	text_3: text = 'In this situation, you would try to remember the book.'
22.9248 	EXP 	text_4: text = 'Press space to continue!'
22.9621 	EXP 	text_3: text = 'In this situation, you would try to remember the book.'
22.9621 	EXP 	text_4: text = 'Press space to continue!'
22.9989 	EXP 	text_3: text = 'In this situation, you would try to remember the book.'
22.9989 	EXP 	text_4: text = 'Press space to continue!'
23.0386 	EXP 	text_3: text = 'In this situation, you would try to remember the book.'
23.0386 	EXP 	text_4: text = 'Press space to continue!'
23.0755 	EXP 	text_3: text = 'In this situation, you would try to remember the book.'
23.0755 	EXP 	text_4: text = 'Press space to continue!'
23.1122 	EXP 	text_3: text = 'In this situation, you would try to remember the book.'
23.1122 	EXP 	text_4: text = 'Press space to continue!'
23.1474 	EXP 	text_3: text = 'In this situation, you would try to remember the book.'
23.1474 	EXP 	text_4: text = 'Press space to continue!'
23.1831 	EXP 	text_3: text = 'In this situation, you would try to remember the book.'
23.1831 	EXP 	text_4: text = 'Press space to continue!'
23.2206 	EXP 	text_3: text = 'In this situation, you would try to remember the book.'
23.2206 	EXP 	text_4: text = 'Press space to continue!'
23.2575 	EXP 	text_3: text = 'In this situation, you would try to remember the book.'
23.2575 	EXP 	text_4: text = 'Press space to continue!'
23.2957 	EXP 	text_3: text = 'In this situation, you would try to remember the book.'
23.2957 	EXP 	text_4: text = 'Press space to continue!'
23.3341 	EXP 	text_3: text = 'In this situation, you would try to remember the book.'
23.3341 	EXP 	text_4: text = 'Press space to continue!'
23.3716 	EXP 	text_3: text = 'In this situation, you would try to remember the book.'
23.3716 	EXP 	text_4: text = 'Press space to continue!'
23.4055 	EXP 	text_3: text = 'In this situation, you would try to remember the book.'
23.4055 	EXP 	text_4: text = 'Press space to continue!'
23.4420 	EXP 	text_3: text = 'In this situation, you would try to remember the book.'
23.4420 	EXP 	text_4: text = 'Press space to continue!'
23.4787 	EXP 	text_3: text = 'In this situation, you would try to remember the book.'
23.4787 	EXP 	text_4: text = 'Press space to continue!'
23.5152 	EXP 	text_3: text = 'In this situation, you would try to remember the book.'
23.5152 	EXP 	text_4: text = 'Press space to continue!'
23.5541 	EXP 	text_3: text = 'In this situation, you would try to remember the book.'
23.5541 	EXP 	text_4: text = 'Press space to continue!'
23.5909 	EXP 	text_3: text = 'In this situation, you would try to remember the book.'
23.5909 	EXP 	text_4: text = 'Press space to continue!'
23.6277 	EXP 	text_3: text = 'In this situation, you would try to remember the book.'
23.6277 	EXP 	text_4: text = 'Press space to continue!'
23.6631 	EXP 	text_3: text = 'In this situation, you would try to remember the book.'
23.6631 	EXP 	text_4: text = 'Press space to continue!'
23.6990 	EXP 	text_3: text = 'In this situation, you would try to remember the book.'
23.6990 	EXP 	text_4: text = 'Press space to continue!'
23.7371 	EXP 	text_3: text = 'In this situation, you would try to remember the book.'
23.7371 	EXP 	text_4: text = 'Press space to continue!'
23.7711 	EXP 	text_3: text = 'In this situation, you would try to remember the book.'
23.7711 	EXP 	text_4: text = 'Press space to continue!'
23.8049 	EXP 	text_3: text = 'In this situation, you would try to remember the book.'
23.8049 	EXP 	text_4: text = 'Press space to continue!'
23.8385 	EXP 	text_3: text = 'In this situation, you would try to remember the book.'
23.8385 	EXP 	text_4: text = 'Press space to continue!'
23.8735 	EXP 	text_3: text = 'In this situation, you would try to remember the book.'
23.8735 	EXP 	text_4: text = 'Press space to continue!'
23.9091 	EXP 	text_3: text = 'In this situation, you would try to remember the book.'
23.9091 	EXP 	text_4: text = 'Press space to continue!'
23.9481 	EXP 	text_3: text = 'In this situation, you would try to remember the book.'
23.9481 	EXP 	text_4: text = 'Press space to continue!'
23.9831 	EXP 	text_3: text = 'In this situation, you would try to remember the book.'
23.9831 	EXP 	text_4: text = 'Press space to continue!'
24.0198 	EXP 	text_3: text = 'In this situation, you would try to remember the book.'
24.0198 	EXP 	text_4: text = 'Press space to continue!'
24.0548 	EXP 	text_3: text = 'In this situation, you would try to remember the book.'
24.0548 	EXP 	text_4: text = 'Press space to continue!'
24.0891 	EXP 	text_3: text = 'In this situation, you would try to remember the book.'
24.0891 	EXP 	text_4: text = 'Press space to continue!'
24.1244 	EXP 	text_3: text = 'In this situation, you would try to remember the book.'
24.1244 	EXP 	text_4: text = 'Press space to continue!'
24.1610 	EXP 	text_3: text = 'In this situation, you would try to remember the book.'
24.1610 	EXP 	text_4: text = 'Press space to continue!'
24.2040 	EXP 	text_3: text = 'In this situation, you would try to remember the book.'
24.2040 	EXP 	text_4: text = 'Press space to continue!'
24.2379 	EXP 	text_3: text = 'In this situation, you would try to remember the book.'
24.2379 	EXP 	text_4: text = 'Press space to continue!'
24.2634 	DATA 	Keypress: space
24.2785 	EXP 	text_3: text = 'In this situation, you would try to remember the book.'
24.2785 	EXP 	text_4: text = 'Press space to continue!'
24.3143 	EXP 	text_3: text = 'In this situation, you would try to remember the book.'
24.3143 	EXP 	text_4: text = 'Press space to continue!'
24.3497 	EXP 	text_3: text = 'In this situation, you would try to remember the book.'
24.3497 	EXP 	text_4: text = 'Press space to continue!'
24.3869 	EXP 	text_3: text = 'In this situation, you would try to remember the book.'
24.3869 	EXP 	text_4: text = 'Press space to continue!'
24.4224 	EXP 	text_3: text = 'In this situation, you would try to remember the book.'
24.4224 	EXP 	text_4: text = 'Press space to continue!'
24.4578 	EXP 	text_3: text = 'In this situation, you would try to remember the book.'
24.4578 	EXP 	text_4: text = 'Press space to continue!'
24.4952 	EXP 	text_3: text = 'In this situation, you would try to remember the book.'
24.4952 	EXP 	text_4: text = 'Press space to continue!'
24.5291 	EXP 	text_3: text = 'In this situation, you would try to remember the book.'
24.5291 	EXP 	text_4: text = 'Press space to continue!'
24.5646 	EXP 	text_3: text = 'In this situation, you would try to remember the book.'
24.5646 	EXP 	text_4: text = 'Press space to continue!'
24.6000 	EXP 	text_3: text = 'In this situation, you would try to remember the book.'
24.6000 	EXP 	text_4: text = 'Press space to continue!'
24.6372 	EXP 	text_3: text = 'In this situation, you would try to remember the book.'
24.6372 	EXP 	text_4: text = 'Press space to continue!'
24.6741 	EXP 	text_3: text = 'In this situation, you would try to remember the book.'
24.6741 	EXP 	text_4: text = 'Press space to continue!'
24.7120 	EXP 	text_3: text = 'In this situation, you would try to remember the book.'
24.7120 	EXP 	text_4: text = 'Press space to continue!'
24.7488 	EXP 	text_3: text = 'In this situation, you would try to remember the book.'
24.7488 	EXP 	text_4: text = 'Press space to continue!'
24.7874 	EXP 	text_3: text = 'In this situation, you would try to remember the book.'
24.7874 	EXP 	text_4: text = 'Press space to continue!'
24.8253 	EXP 	text_3: text = 'In this situation, you would try to remember the book.'
24.8253 	EXP 	text_4: text = 'Press space to continue!'
24.8619 	EXP 	text_3: text = 'In this situation, you would try to remember the book.'
24.8619 	EXP 	text_4: text = 'Press space to continue!'
24.8963 	EXP 	text_3: text = 'In this situation, you would try to remember the book.'
24.8963 	EXP 	text_4: text = 'Press space to continue!'
24.9335 	EXP 	text_3: text = 'In this situation, you would try to remember the book.'
24.9335 	EXP 	text_4: text = 'Press space to continue!'
24.9710 	EXP 	text_3: text = 'In this situation, you would try to remember the book.'
24.9710 	EXP 	text_4: text = 'Press space to continue!'
25.0054 	EXP 	text_3: text = 'In this situation, you would try to remember the book.'
25.0054 	EXP 	text_4: text = 'Press space to continue!'
25.0420 	EXP 	text_3: text = 'In this situation, you would try to remember the book.'
25.0420 	EXP 	text_4: text = 'Press space to continue!'
25.0781 	EXP 	text_3: text = 'In this situation, you would try to remember the book.'
25.0781 	EXP 	text_4: text = 'Press space to continue!'
25.1126 	EXP 	text_3: text = 'In this situation, you would try to remember the book.'
25.1126 	EXP 	text_4: text = 'Press space to continue!'
25.1483 	EXP 	text_3: text = 'In this situation, you would try to remember the book.'
25.1483 	EXP 	text_4: text = 'Press space to continue!'
25.1875 	EXP 	text_3: text = 'In this situation, you would try to remember the book.'
25.1875 	EXP 	text_4: text = 'Press space to continue!'
25.2213 	EXP 	text_3: text = 'In this situation, you would try to remember the book.'
25.2213 	EXP 	text_4: text = 'Press space to continue!'
25.2545 	EXP 	text_3: text = 'In this situation, you would try to remember the book.'
25.2545 	EXP 	text_4: text = 'Press space to continue!'
25.2924 	EXP 	text_3: text = 'In this situation, you would try to remember the book.'
25.2924 	EXP 	text_4: text = 'Press space to continue!'
25.3286 	EXP 	text_3: text = 'In this situation, you would try to remember the book.'
25.3286 	EXP 	text_4: text = 'Press space to continue!'
25.3663 	EXP 	text_3: text = 'In this situation, you would try to remember the book.'
25.3663 	EXP 	text_4: text = 'Press space to continue!'
25.4035 	EXP 	text_3: text = 'In this situation, you would try to remember the book.'
25.4035 	EXP 	text_4: text = 'Press space to continue!'
25.4379 	EXP 	text_3: text = 'In this situation, you would try to remember the book.'
25.4379 	EXP 	text_4: text = 'Press space to continue!'
25.4721 	EXP 	text_3: text = 'In this situation, you would try to remember the book.'
25.4721 	EXP 	text_4: text = 'Press space to continue!'
25.5083 	EXP 	text_3: text = 'In this situation, you would try to remember the book.'
25.5083 	EXP 	text_4: text = 'Press space to continue!'
25.5450 	EXP 	text_3: text = 'In this situation, you would try to remember the book.'
25.5450 	EXP 	text_4: text = 'Press space to continue!'
25.5799 	EXP 	text_3: text = 'In this situation, you would try to remember the book.'
25.5799 	EXP 	text_4: text = 'Press space to continue!'
25.6164 	EXP 	text_3: text = 'In this situation, you would try to remember the book.'
25.6164 	EXP 	text_4: text = 'Press space to continue!'
25.6543 	EXP 	text_3: text = 'In this situation, you would try to remember the book.'
25.6543 	EXP 	text_4: text = 'Press space to continue!'
25.6892 	EXP 	text_3: text = 'In this situation, you would try to remember the book.'
25.6892 	EXP 	text_4: text = 'Press space to continue!'
25.7264 	EXP 	text_3: text = 'In this situation, you would try to remember the book.'
25.7264 	EXP 	text_4: text = 'Press space to continue!'
25.7616 	EXP 	text_3: text = 'In this situation, you would try to remember the book.'
25.7616 	EXP 	text_4: text = 'Press space to continue!'
25.7981 	EXP 	text_3: text = 'In this situation, you would try to remember the book.'
25.7981 	EXP 	text_4: text = 'Press space to continue!'
25.8372 	EXP 	text_3: text = 'In this situation, you would try to remember the book.'
25.8372 	EXP 	text_4: text = 'Press space to continue!'
25.8737 	EXP 	text_3: text = 'In this situation, you would try to remember the book.'
25.8737 	EXP 	text_4: text = 'Press space to continue!'
25.9093 	EXP 	text_3: text = 'In this situation, you would try to remember the book.'
25.9093 	EXP 	text_4: text = 'Press space to continue!'
25.9448 	EXP 	text_3: text = 'In this situation, you would try to remember the book.'
25.9448 	EXP 	text_4: text = 'Press space to continue!'
25.9790 	EXP 	text_3: text = 'In this situation, you would try to remember the book.'
25.9790 	EXP 	text_4: text = 'Press space to continue!'
26.0153 	EXP 	text_3: text = 'In this situation, you would try to remember the book.'
26.0153 	EXP 	text_4: text = 'Press space to continue!'
26.0534 	EXP 	text_3: text = 'In this situation, you would try to remember the book.'
26.0534 	EXP 	text_4: text = 'Press space to continue!'
26.0906 	EXP 	text_3: text = 'In this situation, you would try to remember the book.'
26.0906 	EXP 	text_4: text = 'Press space to continue!'
26.1290 	EXP 	text_3: text = 'In this situation, you would try to remember the book.'
26.1290 	EXP 	text_4: text = 'Press space to continue!'
26.1658 	EXP 	text_3: text = 'In this situation, you would try to remember the book.'
26.1658 	EXP 	text_4: text = 'Press space to continue!'
26.2037 	EXP 	text_3: text = 'In this situation, you would try to remember the book.'
26.2037 	EXP 	text_4: text = 'Press space to continue!'
26.2390 	EXP 	text_3: text = 'In this situation, you would try to remember the book.'
26.2390 	EXP 	text_4: text = 'Press space to continue!'
26.2748 	EXP 	text_3: text = 'In this situation, you would try to remember the book.'
26.2748 	EXP 	text_4: text = 'Press space to continue!'
26.3117 	EXP 	text_3: text = 'In this situation, you would try to remember the book.'
26.3117 	EXP 	text_4: text = 'Press space to continue!'
26.3456 	EXP 	text_3: text = 'In this situation, you would try to remember the book.'
26.3456 	EXP 	text_4: text = 'Press space to continue!'
26.3818 	EXP 	text_3: text = 'In this situation, you would try to remember the book.'
26.3818 	EXP 	text_4: text = 'Press space to continue!'
26.4172 	EXP 	text_3: text = 'In this situation, you would try to remember the book.'
26.4172 	EXP 	text_4: text = 'Press space to continue!'
26.4539 	EXP 	text_3: text = 'In this situation, you would try to remember the book.'
26.4539 	EXP 	text_4: text = 'Press space to continue!'
26.4921 	EXP 	text_3: text = 'In this situation, you would try to remember the book.'
26.4921 	EXP 	text_4: text = 'Press space to continue!'
26.5280 	EXP 	text_3: text = 'In this situation, you would try to remember the book.'
26.5280 	EXP 	text_4: text = 'Press space to continue!'
26.5648 	EXP 	text_3: text = 'In this situation, you would try to remember the book.'
26.5648 	EXP 	text_4: text = 'Press space to continue!'
26.6003 	EXP 	text_3: text = 'In this situation, you would try to remember the book.'
26.6003 	EXP 	text_4: text = 'Press space to continue!'
26.6368 	EXP 	text_3: text = 'In this situation, you would try to remember the book.'
26.6368 	EXP 	text_4: text = 'Press space to continue!'
26.6714 	EXP 	text_3: text = 'In this situation, you would try to remember the book.'
26.6714 	EXP 	text_4: text = 'Press space to continue!'
26.7049 	EXP 	text_3: text = 'In this situation, you would try to remember the book.'
26.7049 	EXP 	text_4: text = 'Press space to continue!'
26.7399 	EXP 	text_3: text = 'In this situation, you would try to remember the book.'
26.7399 	EXP 	text_4: text = 'Press space to continue!'
26.7787 	EXP 	text_3: text = 'In this situation, you would try to remember the book.'
26.7787 	EXP 	text_4: text = 'Press space to continue!'
26.8128 	EXP 	text_3: text = 'In this situation, you would try to remember the book.'
26.8128 	EXP 	text_4: text = 'Press space to continue!'
26.8485 	EXP 	text_3: text = 'In this situation, you would try to remember the book.'
26.8485 	EXP 	text_4: text = 'Press space to continue!'
26.8877 	EXP 	text_3: text = 'In this situation, you would try to remember the book.'
26.8877 	EXP 	text_4: text = 'Press space to continue!'
26.9218 	EXP 	text_3: text = 'In this situation, you would try to remember the book.'
26.9218 	EXP 	text_4: text = 'Press space to continue!'
26.9575 	EXP 	text_3: text = 'In this situation, you would try to remember the book.'
26.9575 	EXP 	text_4: text = 'Press space to continue!'
26.9945 	EXP 	text_3: text = 'In this situation, you would try to remember the book.'
26.9945 	EXP 	text_4: text = 'Press space to continue!'
27.0319 	EXP 	text_3: text = 'In this situation, you would try to remember the book.'
27.0319 	EXP 	text_4: text = 'Press space to continue!'
27.0669 	EXP 	text_3: text = 'In this situation, you would try to remember the book.'
27.0669 	EXP 	text_4: text = 'Press space to continue!'
27.1043 	EXP 	text_3: text = 'In this situation, you would try to remember the book.'
27.1043 	EXP 	text_4: text = 'Press space to continue!'
27.1304 	DATA 	Keypress: space
27.1442 	EXP 	text_3: text = 'In this situation, you would try to remember the book.'
27.1442 	EXP 	text_4: text = 'Press space to continue!'
27.1784 	EXP 	text_3: text = 'In this situation, you would try to remember the book.'
27.1784 	EXP 	text_4: text = 'Press space to continue!'
27.2123 	EXP 	text_3: text = 'In this situation, you would try to remember the book.'
27.2123 	EXP 	text_4: text = 'Press space to continue!'
27.2480 	EXP 	text_3: text = 'In this situation, you would try to remember the book.'
27.2480 	EXP 	text_4: text = 'Press space to continue!'
27.2880 	EXP 	text_3: text = 'In this situation, you would try to remember the book.'
27.2880 	EXP 	text_4: text = 'Press space to continue!'
27.3245 	EXP 	text_3: text = 'In this situation, you would try to remember the book.'
27.3245 	EXP 	text_4: text = 'Press space to continue!'
27.3616 	EXP 	text_3: text = 'In this situation, you would try to remember the book.'
27.3616 	EXP 	text_4: text = 'Press space to continue!'
27.3979 	EXP 	text_3: text = 'In this situation, you would try to remember the book.'
27.3979 	EXP 	text_4: text = 'Press space to continue!'
27.4329 	EXP 	text_3: text = 'In this situation, you would try to remember the book.'
27.4329 	EXP 	text_4: text = 'Press space to continue!'
27.4709 	EXP 	text_3: text = 'In this situation, you would try to remember the book.'
27.4709 	EXP 	text_4: text = 'Press space to continue!'
27.5050 	EXP 	text_3: text = 'In this situation, you would try to remember the book.'
27.5050 	EXP 	text_4: text = 'Press space to continue!'
27.5403 	EXP 	text_3: text = 'In this situation, you would try to remember the book.'
27.5403 	EXP 	text_4: text = 'Press space to continue!'
27.5758 	EXP 	text_3: text = 'In this situation, you would try to remember the book.'
27.5758 	EXP 	text_4: text = 'Press space to continue!'
27.6119 	EXP 	text_3: text = 'In this situation, you would try to remember the book.'
27.6119 	EXP 	text_4: text = 'Press space to continue!'
27.6492 	EXP 	text_3: text = 'In this situation, you would try to remember the book.'
27.6492 	EXP 	text_4: text = 'Press space to continue!'
27.6875 	EXP 	text_3: text = 'In this situation, you would try to remember the book.'
27.6875 	EXP 	text_4: text = 'Press space to continue!'
27.7217 	EXP 	text_3: text = 'In this situation, you would try to remember the book.'
27.7217 	EXP 	text_4: text = 'Press space to continue!'
27.7571 	EXP 	text_3: text = 'In this situation, you would try to remember the book.'
27.7571 	EXP 	text_4: text = 'Press space to continue!'
27.7949 	EXP 	text_3: text = 'In this situation, you would try to remember the book.'
27.7949 	EXP 	text_4: text = 'Press space to continue!'
27.8291 	EXP 	text_3: text = 'In this situation, you would try to remember the book.'
27.8291 	EXP 	text_4: text = 'Press space to continue!'
27.8648 	EXP 	text_3: text = 'In this situation, you would try to remember the book.'
27.8648 	EXP 	text_4: text = 'Press space to continue!'
27.9042 	EXP 	text_3: text = 'In this situation, you would try to remember the book.'
27.9042 	EXP 	text_4: text = 'Press space to continue!'
27.9382 	EXP 	text_3: text = 'In this situation, you would try to remember the book.'
27.9382 	EXP 	text_4: text = 'Press space to continue!'
27.9735 	EXP 	text_3: text = 'In this situation, you would try to remember the book.'
27.9735 	EXP 	text_4: text = 'Press space to continue!'
28.0089 	EXP 	text_3: text = 'In this situation, you would try to remember the book.'
28.0089 	EXP 	text_4: text = 'Press space to continue!'
28.0452 	EXP 	text_3: text = 'In this situation, you would try to remember the book.'
28.0452 	EXP 	text_4: text = 'Press space to continue!'
28.0797 	EXP 	text_3: text = 'In this situation, you would try to remember the book.'
28.0797 	EXP 	text_4: text = 'Press space to continue!'
28.1157 	EXP 	text_3: text = 'In this situation, you would try to remember the book.'
28.1157 	EXP 	text_4: text = 'Press space to continue!'
28.1542 	EXP 	text_3: text = 'In this situation, you would try to remember the book.'
28.1542 	EXP 	text_4: text = 'Press space to continue!'
28.1886 	EXP 	text_3: text = 'In this situation, you would try to remember the book.'
28.1886 	EXP 	text_4: text = 'Press space to continue!'
28.2233 	EXP 	text_3: text = 'In this situation, you would try to remember the book.'
28.2233 	EXP 	text_4: text = 'Press space to continue!'
28.2611 	EXP 	text_3: text = 'In this situation, you would try to remember the book.'
28.2611 	EXP 	text_4: text = 'Press space to continue!'
28.2960 	EXP 	text_3: text = 'In this situation, you would try to remember the book.'
28.2960 	EXP 	text_4: text = 'Press space to continue!'
28.3336 	EXP 	text_3: text = 'In this situation, you would try to remember the book.'
28.3336 	EXP 	text_4: text = 'Press space to continue!'
28.3704 	EXP 	text_3: text = 'In this situation, you would try to remember the book.'
28.3704 	EXP 	text_4: text = 'Press space to continue!'
28.4049 	EXP 	text_3: text = 'In this situation, you would try to remember the book.'
28.4049 	EXP 	text_4: text = 'Press space to continue!'
28.4399 	EXP 	text_3: text = 'In this situation, you would try to remember the book.'
28.4399 	EXP 	text_4: text = 'Press space to continue!'
28.4784 	EXP 	text_3: text = 'In this situation, you would try to remember the book.'
28.4784 	EXP 	text_4: text = 'Press space to continue!'
28.5142 	EXP 	text_3: text = 'In this situation, you would try to remember the book.'
28.5142 	EXP 	text_4: text = 'Press space to continue!'
28.5493 	EXP 	text_3: text = 'In this situation, you would try to remember the book.'
28.5493 	EXP 	text_4: text = 'Press space to continue!'
28.5872 	EXP 	text_3: text = 'In this situation, you would try to remember the book.'
28.5872 	EXP 	text_4: text = 'Press space to continue!'
28.6247 	EXP 	text_3: text = 'In this situation, you would try to remember the book.'
28.6247 	EXP 	text_4: text = 'Press space to continue!'
28.6612 	EXP 	text_3: text = 'In this situation, you would try to remember the book.'
28.6612 	EXP 	text_4: text = 'Press space to continue!'
28.6955 	EXP 	text_3: text = 'In this situation, you would try to remember the book.'
28.6955 	EXP 	text_4: text = 'Press space to continue!'
28.7311 	EXP 	text_3: text = 'In this situation, you would try to remember the book.'
28.7311 	EXP 	text_4: text = 'Press space to continue!'
28.7544 	DATA 	Keypress: space
28.7697 	EXP 	text_3: text = 'In this situation, you would try to remember the book.'
28.7697 	EXP 	text_4: text = 'Press space to continue!'
28.8058 	EXP 	text_3: text = 'In this situation, you would try to remember the book.'
28.8058 	EXP 	text_4: text = 'Press space to continue!'
28.8389 	EXP 	text_3: text = 'In this situation, you would try to remember the book.'
28.8389 	EXP 	text_4: text = 'Press space to continue!'
28.8787 	EXP 	text_3: text = 'In this situation, you would try to remember the book.'
28.8787 	EXP 	text_4: text = 'Press space to continue!'
28.9158 	EXP 	text_3: text = 'In this situation, you would try to remember the book.'
28.9158 	EXP 	text_4: text = 'Press space to continue!'
28.9530 	EXP 	text_3: text = 'In this situation, you would try to remember the book.'
28.9530 	EXP 	text_4: text = 'Press space to continue!'
28.9899 	EXP 	text_3: text = 'In this situation, you would try to remember the book.'
28.9899 	EXP 	text_4: text = 'Press space to continue!'
29.0253 	EXP 	text_3: text = 'In this situation, you would try to remember the book.'
29.0253 	EXP 	text_4: text = 'Press space to continue!'
29.0613 	EXP 	text_3: text = 'In this situation, you would try to remember the book.'
29.0613 	EXP 	text_4: text = 'Press space to continue!'
29.0986 	EXP 	text_3: text = 'In this situation, you would try to remember the book.'
29.0986 	EXP 	text_4: text = 'Press space to continue!'
29.1371 	EXP 	text_3: text = 'In this situation, you would try to remember the book.'
29.1371 	EXP 	text_4: text = 'Press space to continue!'
29.1731 	EXP 	text_3: text = 'In this situation, you would try to remember the book.'
29.1731 	EXP 	text_4: text = 'Press space to continue!'
29.2111 	EXP 	text_3: text = 'In this situation, you would try to remember the book.'
29.2111 	EXP 	text_4: text = 'Press space to continue!'
29.2455 	EXP 	text_3: text = 'In this situation, you would try to remember the book.'
29.2455 	EXP 	text_4: text = 'Press space to continue!'
29.2811 	EXP 	text_3: text = 'In this situation, you would try to remember the book.'
29.2811 	EXP 	text_4: text = 'Press space to continue!'
29.3202 	EXP 	text_3: text = 'In this situation, you would try to remember the book.'
29.3202 	EXP 	text_4: text = 'Press space to continue!'
29.3565 	EXP 	text_3: text = 'In this situation, you would try to remember the book.'
29.3565 	EXP 	text_4: text = 'Press space to continue!'
29.3953 	EXP 	text_3: text = 'In this situation, you would try to remember the book.'
29.3953 	EXP 	text_4: text = 'Press space to continue!'
29.4318 	EXP 	text_3: text = 'In this situation, you would try to remember the book.'
29.4318 	EXP 	text_4: text = 'Press space to continue!'
29.4703 	EXP 	text_3: text = 'In this situation, you would try to remember the book.'
29.4703 	EXP 	text_4: text = 'Press space to continue!'
29.4961 	DATA 	Keypress: escape
29.5121 	EXP 	text_3: text = 'In this situation, you would try to remember the book.'
29.5121 	EXP 	text_4: text = 'Press space to continue!'
29.5484 	EXP 	text_3: text = 'In this situation, you would try to remember the book.'
29.5484 	EXP 	text_4: text = 'Press space to continue!'
29.5865 	EXP 	text_3: text = 'In this situation, you would try to remember the book.'
29.5865 	EXP 	text_4: text = 'Press space to continue!'
29.6212 	EXP 	text_3: text = 'In this situation, you would try to remember the book.'
29.6212 	EXP 	text_4: text = 'Press space to continue!'
29.6617 	EXP 	text_3: text = 'In this situation, you would try to remember the book.'
29.6617 	EXP 	text_4: text = 'Press space to continue!'
29.9749 	EXP 	window1: mouseVisible = True
