7.1111 	EXP 	Created window1 = Window(allowGUI=False, allowStencil=False, args=UNKNOWN, autoLog=True, bitsMode=UNKNOWN, blendMode='avg', color=array([0.992, 0.992, 0.992]), colorSpace='rgb', fullscr=<method-wrapper '__getattribute__' of attributeSetter object at 0x1314b1860>, gamma=None, gammaErrorPolicy='raise', kwargs=UNKNOWN, lms=UNKNOWN, monitor=<psychopy.monitors.calibTools.Monitor object at 0x131f2f278>, multiSample=False, name='window1', numSamples=2, pos=[360.0, 225.0], screen=0, size=array([2880, 1800]), stereo=False, units='height', useFBO=True, useRetina=True, viewOri=0.0, viewPos=None, viewScale=None, waitBlanking=True, winType='pyglet')
7.1111 	EXP 	window1: recordFrameIntervals = False
7.2765 	EXP 	window1: recordFrameIntervals = True
7.4597 	EXP 	window1: recordFrameIntervals = False
7.8141 	EXP 	Created Instruction_text = TextStim(__class__=<class 'psychopy.visual.text.TextStim'>, alignHoriz='center', alignVert='center', antialias=True, autoLog=True, bold=False, color='black', colorSpace='named', contrast=1.0, depth=0.0, flipHoriz=False, flipVert=False, font='Arial', fontFiles=[], height=0.05, italic=False, languageStyle='LTR', name='Instruction_text', opacity=1.0, ori=0, pos=array([0., 0.]), rgb=array([0., 0., 0.]), text='default text', units='height', win=Window(...), wrapWidth=1)
7.8600 	EXP 	Created text_3 = TextStim(__class__=<class 'psychopy.visual.text.TextStim'>, alignHoriz='center', alignVert='center', antialias=True, autoLog=True, bold=False, color='black', colorSpace='named', contrast=1.0, depth=-2.0, flipHoriz=False, flipVert=False, font='Arial', fontFiles=[], height=0.05, italic=False, languageStyle='LTR', name='text_3', opacity=1.0, ori=0, pos=array([ 0.  , -0.25]), rgb=array([0., 0., 0.]), text='Press space to continue', units='height', win=Window(...), wrapWidth=1)
7.8855 	EXP 	Created Instructions_02 = TextStim(__class__=<class 'psychopy.visual.text.TextStim'>, alignHoriz='center', alignVert='center', antialias=True, autoLog=True, bold=False, color='white', colorSpace='named', contrast=1.0, depth=0.0, flipHoriz=False, flipVert=False, font='Arial', fontFiles=[], height=0.05, italic=False, languageStyle='LTR', name='Instructions_02', opacity=1.0, ori=0, pos=array([0., 0.]), rgb=array([255., 255., 255.]), text=str(...), units='height', win=Window(...), wrapWidth=1)
7.9249 	EXP 	Created text_4 = TextStim(__class__=<class 'psychopy.visual.text.TextStim'>, alignHoriz='center', alignVert='center', antialias=True, autoLog=True, bold=False, color='black', colorSpace='named', contrast=1.0, depth=-2.0, flipHoriz=False, flipVert=False, font='Arial', fontFiles=[], height=0.05, italic=False, languageStyle='LTR', name='text_4', opacity=1.0, ori=0, pos=array([ 0.  , -0.25]), rgb=array([0., 0., 0.]), text='Press space to continue', units='height', win=Window(...), wrapWidth=1)
7.9358 	EXP 	Created instructions_03 = TextStim(__class__=<class 'psychopy.visual.text.TextStim'>, alignHoriz='center', alignVert='center', antialias=True, autoLog=True, bold=False, color='black', colorSpace='named', contrast=1.0, depth=0.0, flipHoriz=False, flipVert=False, font='Arial', fontFiles=[], height=0.05, italic=False, languageStyle='LTR', name='instructions_03', opacity=1.0, ori=0, pos=array([0. , 0.3]), rgb=array([0., 0., 0.]), text=str(...), units='height', win=Window(...), wrapWidth=1)
7.9383 	EXP 	Created image = ImageStim(__class__=<class 'psychopy.visual.image.ImageStim'>, autoLog=True, color=array([1., 1., 1.]), colorSpace='rgb', contrast=1.0, depth=-1.0, flipHoriz=False, flipVert=False, image='sin', interpolate=True, mask=None, maskParams=None, name='image', opacity=1.0, ori=0.0, pos=array([ 0.3 , -0.05]), size=array([ 0.5 , -0.05]), texRes=128, units='height', win=Window(...))
7.9402 	EXP 	Created image_2 = ImageStim(__class__=<class 'psychopy.visual.image.ImageStim'>, autoLog=True, color=array([1., 1., 1.]), colorSpace='rgb', contrast=1.0, depth=-2.0, flipHoriz=False, flipVert=False, image='sin', interpolate=True, mask=None, maskParams=None, name='image_2', opacity=1.0, ori=0.0, pos=array([-0.3, -0.5]), size=array([0.5, 0.5]), texRes=128, units='height', win=Window(...))
7.9786 	EXP 	Created text_5 = TextStim(__class__=<class 'psychopy.visual.text.TextStim'>, alignHoriz='center', alignVert='center', antialias=True, autoLog=True, bold=False, color='black', colorSpace='named', contrast=1.0, depth=-4.0, flipHoriz=False, flipVert=False, font='Arial', fontFiles=[], height=0.05, italic=False, languageStyle='LTR', name='text_5', opacity=1.0, ori=0, pos=array([ 0. , -0.4]), rgb=array([0., 0., 0.]), text='Press space to continue', units='height', win=Window(...), wrapWidth=1)
7.9805 	EXP 	Created image_3 = ImageStim(__class__=<class 'psychopy.visual.image.ImageStim'>, autoLog=True, color=array([1., 1., 1.]), colorSpace='rgb', contrast=1.0, depth=0.0, flipHoriz=False, flipVert=False, image='sin', interpolate=True, mask=None, maskParams=None, name='image_3', opacity=1.0, ori=0.0, pos=array([ 0.3 , -0.05]), size=array([0.5, 0.5]), texRes=128, units='height', win=Window(...))
8.0776 	EXP 	Created image_4 = ImageStim(__class__=<class 'psychopy.visual.image.ImageStim'>, autoLog=True, color=array([1., 1., 1.]), colorSpace='rgb', contrast=1.0, depth=-1.0, flipHoriz=False, flipVert=False, image='instruction_images/jessica_alba.jpg', interpolate=True, mask=None, maskParams=None, name='image_4', opacity=1.0, ori=0.0, pos=array([-0.3 , -0.05]), size=array([0.5, 0.5]), texRes=128, units='height', win=Window(...))
8.0979 	EXP 	Created text_6 = TextStim(__class__=<class 'psychopy.visual.text.TextStim'>, alignHoriz='center', alignVert='center', antialias=True, autoLog=True, bold=False, color='black', colorSpace='named', contrast=1.0, depth=-2.0, flipHoriz=False, flipVert=False, font='Arial', fontFiles=[], height=0.05, italic=False, languageStyle='LTR', name='text_6', opacity=1.0, ori=0, pos=array([0. , 0.3]), rgb=array([0., 0., 0.]), text=str(...), units='height', win=Window(...), wrapWidth=1)
8.1364 	EXP 	Created text_7 = TextStim(__class__=<class 'psychopy.visual.text.TextStim'>, alignHoriz='center', alignVert='center', antialias=True, autoLog=True, bold=False, color='black', colorSpace='named', contrast=1.0, depth=-4.0, flipHoriz=False, flipVert=False, font='Arial', fontFiles=[], height=0.05, italic=False, languageStyle='LTR', name='text_7', opacity=1.0, ori=0, pos=array([ 0. , -0.4]), rgb=array([0., 0., 0.]), text='Press space to continue', units='height', win=Window(...), wrapWidth=1)
8.1485 	EXP 	Created image_5 = ImageStim(__class__=<class 'psychopy.visual.image.ImageStim'>, autoLog=True, color=array([1., 1., 1.]), colorSpace='rgb', contrast=1.0, depth=0.0, flipHoriz=False, flipVert=False, image='instruction_images/oldBook.png', interpolate=True, mask=None, maskParams=None, name='image_5', opacity=1.0, ori=0.0, pos=array([ 0.3 , -0.05]), size=array([0.5, 0.5]), texRes=128, units='height', win=Window(...))
8.1572 	EXP 	Created image_6 = ImageStim(__class__=<class 'psychopy.visual.image.ImageStim'>, autoLog=True, color=array([1., 1., 1.]), colorSpace='rgb', contrast=1.0, depth=-1.0, flipHoriz=False, flipVert=False, image='instruction_images/jessica_alba.jpg', interpolate=True, mask=None, maskParams=None, name='image_6', opacity=1.0, ori=0.0, pos=array([-0.3 , -0.05]), size=array([0.5, 0.5]), texRes=128, units='height', win=Window(...))
8.1655 	EXP 	Created text_8 = TextStim(__class__=<class 'psychopy.visual.text.TextStim'>, alignHoriz='center', alignVert='center', antialias=True, autoLog=True, bold=False, color='black', colorSpace='named', contrast=1.0, depth=-2.0, flipHoriz=False, flipVert=False, font='Arial', fontFiles=[], height=0.05, italic=False, languageStyle='LTR', name='text_8', opacity=1.0, ori=0, pos=array([ 0. , -0.4]), rgb=array([0., 0., 0.]), text='Press space bar to continue!', units='height', win=Window(...), wrapWidth=1)
8.1826 	EXP 	Created text_9 = TextStim(__class__=<class 'psychopy.visual.text.TextStim'>, alignHoriz='center', alignVert='center', antialias=True, autoLog=True, bold=False, color='black', colorSpace='named', contrast=1.0, depth=-3.0, flipHoriz=False, flipVert=False, font='Arial', fontFiles=[], height=0.05, italic=False, languageStyle='LTR', name='text_9', opacity=1.0, ori=0, pos=array([0. , 0.3]), rgb=array([0., 0., 0.]), text=str(...), units='height', win=Window(...), wrapWidth=1)
8.2314 	EXP 	Created text_10 = TextStim(__class__=<class 'psychopy.visual.text.TextStim'>, alignHoriz='center', alignVert='center', antialias=True, autoLog=True, bold=False, color='black', colorSpace='named', contrast=1.0, depth=0.0, flipHoriz=False, flipVert=False, font='Arial', fontFiles=[], height=0.05, italic=False, languageStyle='LTR', name='text_10', opacity=1.0, ori=0, pos=array([0. , 0.3]), rgb=array([0., 0., 0.]), text=str(...), units='height', win=Window(...), wrapWidth=1)
8.2406 	EXP 	Created text_11 = TextStim(__class__=<class 'psychopy.visual.text.TextStim'>, alignHoriz='center', alignVert='center', antialias=True, autoLog=True, bold=False, color='black', colorSpace='named', contrast=1.0, depth=-1.0, flipHoriz=False, flipVert=False, font='Arial', fontFiles=[], height=0.05, italic=False, languageStyle='LTR', name='text_11', opacity=1.0, ori=0, pos=array([ 0. , -0.4]), rgb=array([0., 0., 0.]), text=str(...), units='height', win=Window(...), wrapWidth=1)
8.2429 	EXP 	Created image_7 = ImageStim(__class__=<class 'psychopy.visual.image.ImageStim'>, autoLog=True, color=array([1., 1., 1.]), colorSpace='rgb', contrast=1.0, depth=-2.0, flipHoriz=False, flipVert=False, image='sin', interpolate=True, mask=None, maskParams=None, name='image_7', opacity=1.0, ori=0.0, pos=array([ 0.3 , -0.05]), size=array([0.5, 0.5]), texRes=128, units='height', win=Window(...))
8.2514 	EXP 	Created image_8 = ImageStim(__class__=<class 'psychopy.visual.image.ImageStim'>, autoLog=True, color=array([1., 1., 1.]), colorSpace='rgb', contrast=1.0, depth=-3.0, flipHoriz=False, flipVert=False, image='instruction_images/jessica_alba.jpg', interpolate=True, mask=None, maskParams=None, name='image_8', opacity=1.0, ori=0.0, pos=array([-0.3 , -0.05]), size=array([0.5, 0.5]), texRes=128, units='height', win=Window(...))
8.2857 	EXP 	Created a_image = ImageStim(__class__=<class 'psychopy.visual.image.ImageStim'>, autoLog=True, color=array([1., 1., 1.]), colorSpace='rgb', contrast=1.0, depth=0.0, flipHoriz=False, flipVert=False, image='sin', interpolate=True, mask=None, maskParams=None, name='a_image', opacity=1.0, ori=0.0, pos=array([-0.3,  0. ]), size=array([0.5, 0.5]), texRes=128, units='height', win=Window(...))
8.2875 	EXP 	Created b_image = ImageStim(__class__=<class 'psychopy.visual.image.ImageStim'>, autoLog=True, color=array([1., 1., 1.]), colorSpace='rgb', contrast=1.0, depth=-1.0, flipHoriz=False, flipVert=False, image='sin', interpolate=True, mask=None, maskParams=None, name='b_image', opacity=1.0, ori=0.0, pos=array([0.3, 0. ]), size=array([0.5, 0.5]), texRes=128, units='height', win=Window(...))
8.2956 	EXP 	Created text_12 = TextStim(__class__=<class 'psychopy.visual.text.TextStim'>, alignHoriz='center', alignVert='center', antialias=True, autoLog=True, bold=False, color='black', colorSpace='named', contrast=1.0, depth=-2.0, flipHoriz=False, flipVert=False, font='Arial', fontFiles=[], height=0.05, italic=False, languageStyle='LTR', name='text_12', opacity=1.0, ori=0, pos=array([0., 0.]), rgb=array([0., 0., 0.]), text='Remember the image pairs', units='height', win=Window(...), wrapWidth=1)
8.3106 	EXP 	Created text = TextStim(__class__=<class 'psychopy.visual.text.TextStim'>, alignHoriz='center', alignVert='center', antialias=True, autoLog=True, bold=False, color='black', colorSpace='named', contrast=1.0, depth=0.0, flipHoriz=False, flipVert=False, font='Arial', fontFiles=[], height=0.05, italic=False, languageStyle='LTR', name='text', opacity=1.0, ori=0, pos=array([0., 0.]), rgb=array([0., 0., 0.]), text=str(...), units='height', win=Window(...), wrapWidth=1)
8.3562 	EXP 	Created instruct_text = TextStim(__class__=<class 'psychopy.visual.text.TextStim'>, alignHoriz='center', alignVert='center', antialias=True, autoLog=True, bold=False, color='black', colorSpace='named', contrast=1.0, depth=0.0, flipHoriz=False, flipVert=False, font='Arial', fontFiles=[], height=0.1, italic=False, languageStyle='LTR', name='instruct_text', opacity=1.0, ori=0, pos=array([0. , 0.4]), rgb=array([0., 0., 0.]), text='Retrieve the associate', units='height', win=Window(...), wrapWidth=1)
8.3581 	EXP 	Created a_image_retrieve = ImageStim(__class__=<class 'psychopy.visual.image.ImageStim'>, autoLog=True, color=array([1., 1., 1.]), colorSpace='rgb', contrast=1.0, depth=-1.0, flipHoriz=False, flipVert=False, image='sin', interpolate=True, mask=None, maskParams=None, name='a_image_retrieve', opacity=1.0, ori=0.0, pos=array([-0.5, -0.1]), size=array([0.5, 0.5]), texRes=128, units='height', win=Window(...))
8.3625 	EXP 	Created text_2 = TextStim(__class__=<class 'psychopy.visual.text.TextStim'>, alignHoriz='center', alignVert='center', antialias=True, autoLog=True, bold=False, color='white', colorSpace='named', contrast=1.0, depth=-2.0, flipHoriz=False, flipVert=False, font='Arial', fontFiles=[], height=0.1, italic=False, languageStyle='LTR', name='text_2', opacity=1.0, ori=0, pos=array([0., 0.]), rgb=array([255., 255., 255.]), text='+', units='height', win=Window(...), wrapWidth=1)
8.3644 	EXP 	Created correct_pair = ImageStim(__class__=<class 'psychopy.visual.image.ImageStim'>, autoLog=True, color=array([1., 1., 1.]), colorSpace='rgb', contrast=1.0, depth=-3.0, flipHoriz=False, flipVert=False, image='sin', interpolate=True, mask=None, maskParams=None, name='correct_pair', opacity=1.0, ori=0.0, pos=array([0., 0.]), size=array([0.5, 0.5]), texRes=128, units='height', win=Window(...))
8.3716 	EXP 	Created afc_text = TextStim(__class__=<class 'psychopy.visual.text.TextStim'>, alignHoriz='center', alignVert='center', antialias=True, autoLog=True, bold=False, color='black', colorSpace='named', contrast=1.0, depth=-4.0, flipHoriz=False, flipVert=False, font='Arial', fontFiles=[], height=0.05, italic=False, languageStyle='LTR', name='afc_text', opacity=1.0, ori=0, pos=array([0., 3.]), rgb=array([0., 0., 0.]), text='Select the correct image', units='height', win=Window(...), wrapWidth=1)
8.3736 	EXP 	Created alternative_1 = ImageStim(__class__=<class 'psychopy.visual.image.ImageStim'>, autoLog=True, color=array([1., 1., 1.]), colorSpace='rgb', contrast=1.0, depth=-5.0, flipHoriz=False, flipVert=False, image='sin', interpolate=True, mask=None, maskParams=None, name='alternative_1', opacity=1.0, ori=0.0, pos=array([-0.3,  0. ]), size=array([0.5, 0.5]), texRes=128, units='height', win=Window(...))
8.3754 	EXP 	Created alternative_2 = ImageStim(__class__=<class 'psychopy.visual.image.ImageStim'>, autoLog=True, color=array([1., 1., 1.]), colorSpace='rgb', contrast=1.0, depth=-6.0, flipHoriz=False, flipVert=False, image='sin', interpolate=True, mask=None, maskParams=None, name='alternative_2', opacity=1.0, ori=0.0, pos=array([0. , 0.3]), size=array([0.5, 0.5]), texRes=128, units='height', win=Window(...))
8.8968 	EXP 	Instruction_text: autoDraw = True
8.8968 	EXP 	text_3: autoDraw = True
9.4348 	DATA 	Keypress: space
9.4476 	EXP 	Instruction_text: autoDraw = False
9.4476 	EXP 	text_3: autoDraw = False
9.9310 	EXP 	Instructions_02: autoDraw = True
9.9310 	EXP 	text_4: autoDraw = True
11.5810 	EXP 	Instructions_02: autoDraw = False
11.5810 	EXP 	text_4: autoDraw = False
11.5836 	DATA 	Keypress: space
12.0968 	EXP 	instructions_03: autoDraw = True
12.0968 	EXP 	image: autoDraw = True
12.0968 	EXP 	image_2: autoDraw = True
12.0968 	EXP 	text_5: autoDraw = True
16.0618 	DATA 	Keypress: space
16.0812 	EXP 	instructions_03: autoDraw = False
16.0812 	EXP 	image: autoDraw = False
16.0812 	EXP 	image_2: autoDraw = False
16.0812 	EXP 	text_5: autoDraw = False
16.0812 	EXP 	image_3: autoDraw = True
16.0812 	EXP 	image_4: autoDraw = True
16.5477 	EXP 	text_6: autoDraw = True
16.5477 	EXP 	text_7: autoDraw = True
19.0924 	DATA 	Keypress: space
19.1141 	EXP 	image_3: autoDraw = False
19.1141 	EXP 	image_4: autoDraw = False
19.1141 	EXP 	text_6: autoDraw = False
19.1141 	EXP 	text_7: autoDraw = False
19.1141 	EXP 	image_5: autoDraw = True
19.1141 	EXP 	image_6: autoDraw = True
19.5976 	EXP 	text_8: autoDraw = True
19.5976 	EXP 	text_9: autoDraw = True
20.9799 	DATA 	Keypress: space
20.9965 	EXP 	image_5: autoDraw = False
20.9965 	EXP 	image_6: autoDraw = False
20.9965 	EXP 	text_8: autoDraw = False
20.9965 	EXP 	text_9: autoDraw = False
20.9965 	EXP 	image_7: autoDraw = True
20.9965 	EXP 	image_8: autoDraw = True
21.4803 	EXP 	text_10: autoDraw = True
21.4803 	EXP 	text_11: autoDraw = True
23.8704 	EXP 	Imported intentional_encoding.xlsx as conditions, 12 conditions, 4 params
23.8707 	EXP 	Created sequence: sequential, trialTypes=12, nReps=1, seed=None
23.8710 	EXP 	New trial (rep=0, index=0): OrderedDict([('trial', 1), ('image_a', 'images/flipflopsBlue.png'), ('image_b', 'images/amy_poehler_c.jpg'), ('category_b', 'face')])
23.8808 	DATA 	Keypress: space
23.8976 	EXP 	text_10: autoDraw = False
23.8976 	EXP 	text_11: autoDraw = False
23.8976 	EXP 	image_7: autoDraw = False
23.8976 	EXP 	image_8: autoDraw = False
23.8976 	EXP 	b_image: image = 'images/amy_poehler_c.jpg'
24.3807 	EXP 	text_12: autoDraw = True
25.3804 	EXP 	text_12: autoDraw = False
25.8971 	EXP 	a_image: autoDraw = True
25.8971 	EXP 	b_image: autoDraw = True
29.3738 	EXP 	New trial (rep=0, index=1): OrderedDict([('trial', 2), ('image_a', 'images/bag_gift.png'), ('image_b', 'images/bill_gates_a.jpg'), ('category_b', 'face')])
29.4145 	EXP 	a_image: autoDraw = False
29.4145 	EXP 	b_image: autoDraw = False
29.4145 	EXP 	text_12: autoDraw = False
29.4145 	EXP 	b_image: image = 'images/bill_gates_a.jpg'
29.8976 	EXP 	text_12: autoDraw = True
30.8969 	EXP 	text_12: autoDraw = False
31.4138 	EXP 	a_image: autoDraw = True
31.4138 	EXP 	b_image: autoDraw = True
34.8657 	EXP 	New trial (rep=0, index=2): OrderedDict([('trial', 3), ('image_a', 'images/ball_8.png'), ('image_b', 'images/courtney_cox_c.jpg'), ('category_b', 'face')])
34.8967 	EXP 	a_image: autoDraw = False
34.8967 	EXP 	b_image: autoDraw = False
34.8967 	EXP 	text_12: autoDraw = False
34.8967 	EXP 	b_image: image = 'images/courtney_cox_c.jpg'
35.3805 	EXP 	text_12: autoDraw = True
36.3804 	EXP 	text_12: autoDraw = False
36.8974 	EXP 	a_image: autoDraw = True
36.8974 	EXP 	b_image: autoDraw = True
40.3655 	EXP 	New trial (rep=0, index=3): OrderedDict([('trial', 4), ('image_a', 'images/ball_baseball.png'), ('image_b', 'images/dakota_fanning_c.jpg'), ('category_b', 'face')])
40.3989 	EXP 	a_image: autoDraw = False
40.3989 	EXP 	b_image: autoDraw = False
40.3989 	EXP 	text_12: autoDraw = False
40.3989 	EXP 	b_image: image = 'images/dakota_fanning_c.jpg'
40.8801 	EXP 	text_12: autoDraw = True
41.8807 	EXP 	text_12: autoDraw = False
42.3966 	EXP 	a_image: autoDraw = True
42.3966 	EXP 	b_image: autoDraw = True
45.8820 	EXP 	New trial (rep=0, index=4): OrderedDict([('trial', 5), ('image_a', 'images/balloon.jpg'), ('image_b', 'images/drew_barrymore_c.jpg'), ('category_b', 'face')])
45.9142 	EXP 	a_image: autoDraw = False
45.9142 	EXP 	b_image: autoDraw = False
45.9142 	EXP 	text_12: autoDraw = False
45.9142 	EXP 	b_image: image = 'images/drew_barrymore_c.jpg'
46.3975 	EXP 	text_12: autoDraw = True
47.3976 	EXP 	text_12: autoDraw = False
47.9139 	EXP 	a_image: autoDraw = True
47.9139 	EXP 	b_image: autoDraw = True
51.3654 	EXP 	New trial (rep=0, index=5): OrderedDict([('trial', 6), ('image_a', 'images/bandage.jpg'), ('image_b', 'images/ellen_degeneres_b.jpg'), ('category_b', 'face')])
51.3972 	EXP 	a_image: autoDraw = False
51.3972 	EXP 	b_image: autoDraw = False
51.3972 	EXP 	text_12: autoDraw = False
51.3972 	EXP 	b_image: image = 'images/ellen_degeneres_b.jpg'
51.8808 	EXP 	text_12: autoDraw = True
52.8808 	EXP 	text_12: autoDraw = False
53.3966 	EXP 	a_image: autoDraw = True
53.3966 	EXP 	b_image: autoDraw = True
56.8647 	EXP 	New trial (rep=0, index=6): OrderedDict([('trial', 7), ('image_a', 'images/barrel.jpg'), ('image_b', 'images/emma_stone.jpg'), ('category_b', 'face')])
56.9134 	EXP 	a_image: autoDraw = False
56.9134 	EXP 	b_image: autoDraw = False
56.9134 	EXP 	text_12: autoDraw = False
56.9134 	EXP 	b_image: image = 'images/emma_stone.jpg'
57.3971 	EXP 	text_12: autoDraw = True
58.3972 	EXP 	text_12: autoDraw = False
58.9144 	EXP 	a_image: autoDraw = True
58.9144 	EXP 	b_image: autoDraw = True
62.3820 	EXP 	New trial (rep=0, index=7): OrderedDict([('trial', 8), ('image_a', 'images/bathrobe.png'), ('image_b', 'images/emma_watson.jpg'), ('category_b', 'face')])
62.4132 	EXP 	a_image: autoDraw = False
62.4132 	EXP 	b_image: autoDraw = False
62.4132 	EXP 	text_12: autoDraw = False
62.4132 	EXP 	b_image: image = 'images/emma_watson.jpg'
62.8973 	EXP 	text_12: autoDraw = True
63.8973 	EXP 	text_12: autoDraw = False
64.4140 	EXP 	a_image: autoDraw = True
64.4140 	EXP 	b_image: autoDraw = True
67.8653 	EXP 	New trial (rep=0, index=8): OrderedDict([('trial', 9), ('image_a', 'images/beetle.png'), ('image_b', 'images/george_clooney_a.jpg'), ('category_b', 'face')])
67.8965 	EXP 	a_image: autoDraw = False
67.8965 	EXP 	b_image: autoDraw = False
67.8965 	EXP 	text_12: autoDraw = False
67.8965 	EXP 	b_image: image = 'images/george_clooney_a.jpg'
68.3805 	EXP 	text_12: autoDraw = True
69.3806 	EXP 	text_12: autoDraw = False
69.8969 	EXP 	a_image: autoDraw = True
69.8969 	EXP 	b_image: autoDraw = True
73.3682 	EXP 	New trial (rep=0, index=9): OrderedDict([('trial', 10), ('image_a', 'images/bench_park.png'), ('image_b', 'images/gwen_stefani_c.jpg'), ('category_b', 'face')])
73.3963 	EXP 	a_image: autoDraw = False
73.3963 	EXP 	b_image: autoDraw = False
73.3963 	EXP 	text_12: autoDraw = False
73.3963 	EXP 	b_image: image = 'images/gwen_stefani_c.jpg'
73.8804 	EXP 	text_12: autoDraw = True
74.8804 	EXP 	text_12: autoDraw = False
75.3967 	EXP 	a_image: autoDraw = True
75.3967 	EXP 	b_image: autoDraw = True
78.8643 	EXP 	New trial (rep=0, index=10): OrderedDict([('trial', 11), ('image_a', 'images/bib.png'), ('image_b', 'images/hillary_clinton_a.jpg'), ('category_b', 'face')])
78.8963 	EXP 	a_image: autoDraw = False
78.8963 	EXP 	b_image: autoDraw = False
78.8963 	EXP 	text_12: autoDraw = False
78.8963 	EXP 	b_image: image = 'images/hillary_clinton_a.jpg'
79.3806 	EXP 	text_12: autoDraw = True
80.3802 	EXP 	text_12: autoDraw = False
80.9015 	EXP 	a_image: autoDraw = True
80.9015 	EXP 	b_image: autoDraw = True
84.3811 	EXP 	New trial (rep=0, index=11): OrderedDict([('trial', 12), ('image_a', 'images/bird_parrot.png'), ('image_b', 'images/jackie_kennedy_a.jpg'), ('category_b', 'face')])
84.4000 	EXP 	a_image: autoDraw = False
84.4000 	EXP 	b_image: autoDraw = False
84.4000 	EXP 	text_12: autoDraw = False
84.4000 	EXP 	b_image: image = 'images/jackie_kennedy_a.jpg'
84.8804 	EXP 	text_12: autoDraw = True
85.8802 	EXP 	text_12: autoDraw = False
86.3971 	EXP 	a_image: autoDraw = True
86.3971 	EXP 	b_image: autoDraw = True
89.8819 	EXP 	Created sequence: random, trialTypes=1, nReps=1, seed=None
89.8821 	EXP 	New trial (rep=0, index=0): None
89.8970 	EXP 	a_image: autoDraw = False
89.8970 	EXP 	b_image: autoDraw = False
89.8970 	EXP 	text_12: autoDraw = False
89.8970 	EXP 	text: autoDraw = True
92.3955 	EXP 	Imported test_encoding.xlsx as conditions, 12 conditions, 6 params
92.3958 	EXP 	Created sequence: random, trialTypes=12, nReps=1, seed=None
92.3962 	EXP 	New trial (rep=0, index=0): OrderedDict([('trial', 5), ('image_a', 'images/balloon.jpg'), ('image_correct', 'images/drew_barrymore_c.jpg'), ('image_alternative1', 'images/drew_barrymore_c.jpg'), ('image_alternative2', 'images/drew_barrymore_c.jpg'), ('category_b', 'face')])
92.3984 	DATA 	Keypress: space
92.4129 	EXP 	text: autoDraw = False
92.9009 	EXP 	instruct_text: autoDraw = True
92.9009 	EXP 	a_image_retrieve: autoDraw = True
94.4176 	EXP 	text_2: autoDraw = True
94.9135 	EXP 	instruct_text: autoDraw = False
94.9135 	EXP 	a_image_retrieve: autoDraw = False
94.9300 	EXP 	text_2: autoDraw = False
95.4297 	EXP 	correct_pair: autoDraw = True
95.4297 	EXP 	afc_text: autoDraw = True
95.4297 	EXP 	alternative_1: autoDraw = True
95.4297 	EXP 	alternative_2: autoDraw = True
97.3209 	DATA 	Keypress: escape
97.8044 	EXP 	window1: mouseVisible = True
