4.9822 	EXP 	Created window1 = Window(allowGUI=False, allowStencil=False, args=UNKNOWN, autoLog=True, bitsMode=UNKNOWN, blendMode='avg', color=array([0.992, 0.992, 0.992]), colorSpace='rgb', fullscr=<method-wrapper '__getattribute__' of attributeSetter object at 0x131663da0>, gamma=None, gammaErrorPolicy='raise', kwargs=UNKNOWN, lms=UNKNOWN, monitor=<psychopy.monitors.calibTools.Monitor object at 0x13156bcc0>, multiSample=False, name='window1', numSamples=2, pos=[360.0, 225.0], screen=0, size=array([2880, 1800]), stereo=False, units='height', useFBO=True, useRetina=True, viewOri=0.0, viewPos=None, viewScale=None, waitBlanking=True, winType='pyglet')
4.9822 	EXP 	window1: recordFrameIntervals = False
5.1486 	EXP 	window1: recordFrameIntervals = True
5.3029 	WARNING 	t of last frame was 20.88ms (=1/47)
5.4821 	EXP 	window1: recordFrameIntervals = False
5.8875 	EXP 	Created text = TextStim(__class__=<class 'psychopy.visual.text.TextStim'>, alignHoriz='center', alignVert='center', antialias=True, autoLog=True, bold=False, color='white', colorSpace='named', contrast=1.0, depth=0.0, flipHoriz=False, flipVert=False, font='Arial', fontFiles=[], height=1.0, italic=False, languageStyle='LTR', name='text', opacity=1.0, ori=0, pos=array([0., 0.]), rgb=array([255., 255., 255.]), text='default text', units='height', win=Window(...), wrapWidth=1)
5.8926 	EXP 	Created instructions_text2 = TextStim(__class__=<class 'psychopy.visual.text.TextStim'>, alignHoriz='center', alignVert='center', antialias=True, autoLog=True, bold=False, color='white', colorSpace='named', contrast=1.0, depth=-1.0, flipHoriz=False, flipVert=False, font='Arial', fontFiles=[], height=1.0, italic=False, languageStyle='LTR', name='instructions_text2', opacity=1.0, ori=0, pos=array([0., 0.]), rgb=array([255., 255., 255.]), text='default text', units='height', win=Window(...), wrapWidth=1)
5.9299 	EXP 	Created image1 = ImageStim(__class__=<class 'psychopy.visual.image.ImageStim'>, autoLog=True, color=array([1., 1., 1.]), colorSpace='rgb', contrast=1.0, depth=-3.0, flipHoriz=False, flipVert=False, image='sin', interpolate=True, mask=None, maskParams=None, name='image1', opacity=1.0, ori=0.0, pos=array([0., 0.]), size=array([1., 1.]), texRes=128, units='height', win=Window(...))
5.9317 	EXP 	Created image2 = ImageStim(__class__=<class 'psychopy.visual.image.ImageStim'>, autoLog=True, color=array([1., 1., 1.]), colorSpace='rgb', contrast=1.0, depth=-4.0, flipHoriz=False, flipVert=False, image='sin', interpolate=True, mask=None, maskParams=None, name='image2', opacity=1.0, ori=0.0, pos=array([0., 0.]), size=array([1., 1.]), texRes=128, units='height', win=Window(...))
5.9336 	EXP 	Created a_image = ImageStim(__class__=<class 'psychopy.visual.image.ImageStim'>, autoLog=True, color=array([1., 1., 1.]), colorSpace='rgb', contrast=1.0, depth=0.0, flipHoriz=False, flipVert=False, image='sin', interpolate=True, mask=None, maskParams=None, name='a_image', opacity=1.0, ori=0.0, pos=array([-0.3,  0. ]), size=array([0.5, 0.5]), texRes=128, units='height', win=Window(...))
5.9354 	EXP 	Created b_image = ImageStim(__class__=<class 'psychopy.visual.image.ImageStim'>, autoLog=True, color=array([1., 1., 1.]), colorSpace='rgb', contrast=1.0, depth=-1.0, flipHoriz=False, flipVert=False, image='sin', interpolate=True, mask=None, maskParams=None, name='b_image', opacity=1.0, ori=0.0, pos=array([0.3, 0. ]), size=array([0.5, 0.5]), texRes=128, units='height', win=Window(...))
5.9527 	EXP 	Created text_12 = TextStim(__class__=<class 'psychopy.visual.text.TextStim'>, alignHoriz='center', alignVert='center', antialias=True, autoLog=True, bold=False, color='black', colorSpace='named', contrast=1.0, depth=-2.0, flipHoriz=False, flipVert=False, font='Helvetica', fontFiles=[], height=0.03, italic=False, languageStyle='LTR', name='text_12', opacity=1.0, ori=0, pos=array([0., 0.]), rgb=array([0., 0., 0.]), text='Remember the image pairs', units='height', win=Window(...), wrapWidth=1)
5.9577 	EXP 	Created text_5 = TextStim(__class__=<class 'psychopy.visual.text.TextStim'>, alignHoriz='center', alignVert='center', antialias=True, autoLog=True, bold=False, color='white', colorSpace='named', contrast=1.0, depth=0.0, flipHoriz=False, flipVert=False, font='Arial', fontFiles=[], height=1.0, italic=False, languageStyle='LTR', name='text_5', opacity=1.0, ori=0, pos=array([0., 0.]), rgb=array([255., 255., 255.]), text='default text', units='height', win=Window(...), wrapWidth=1)
5.9632 	EXP 	Created text_8 = TextStim(__class__=<class 'psychopy.visual.text.TextStim'>, alignHoriz='center', alignVert='center', antialias=True, autoLog=True, bold=False, color='white', colorSpace='named', contrast=1.0, depth=-1.0, flipHoriz=False, flipVert=False, font='Arial', fontFiles=[], height=1.0, italic=False, languageStyle='LTR', name='text_8', opacity=1.0, ori=0, pos=array([0., 0.]), rgb=array([255., 255., 255.]), text='default text', units='height', win=Window(...), wrapWidth=1)
6.0087 	EXP 	Created instruct_text = TextStim(__class__=<class 'psychopy.visual.text.TextStim'>, alignHoriz='center', alignVert='center', antialias=True, autoLog=True, bold=False, color='black', colorSpace='named', contrast=1.0, depth=0.0, flipHoriz=False, flipVert=False, font='Arial', fontFiles=[], height=0.1, italic=False, languageStyle='LTR', name='instruct_text', opacity=1.0, ori=0, pos=array([0. , 0.4]), rgb=array([0., 0., 0.]), text='Retrieve the associate', units='height', win=Window(...), wrapWidth=1)
6.0110 	EXP 	Created a_image_retrieve = ImageStim(__class__=<class 'psychopy.visual.image.ImageStim'>, autoLog=True, color=array([1., 1., 1.]), colorSpace='rgb', contrast=1.0, depth=-1.0, flipHoriz=False, flipVert=False, image='sin', interpolate=True, mask=None, maskParams=None, name='a_image_retrieve', opacity=1.0, ori=0.0, pos=array([-0.5, -0.1]), size=array([0.5, 0.5]), texRes=128, units='height', win=Window(...))
6.0158 	EXP 	Created text_2 = TextStim(__class__=<class 'psychopy.visual.text.TextStim'>, alignHoriz='center', alignVert='center', antialias=True, autoLog=True, bold=False, color='white', colorSpace='named', contrast=1.0, depth=-2.0, flipHoriz=False, flipVert=False, font='Arial', fontFiles=[], height=0.1, italic=False, languageStyle='LTR', name='text_2', opacity=1.0, ori=0, pos=array([0., 0.]), rgb=array([255., 255., 255.]), text='+', units='height', win=Window(...), wrapWidth=1)
6.0178 	EXP 	Created correct_pair = ImageStim(__class__=<class 'psychopy.visual.image.ImageStim'>, autoLog=True, color=array([1., 1., 1.]), colorSpace='rgb', contrast=1.0, depth=-3.0, flipHoriz=False, flipVert=False, image='sin', interpolate=True, mask=None, maskParams=None, name='correct_pair', opacity=1.0, ori=0.0, pos=array([0., 0.]), size=array([0.5, 0.5]), texRes=128, units='height', win=Window(...))
6.0299 	EXP 	Created afc_text = TextStim(__class__=<class 'psychopy.visual.text.TextStim'>, alignHoriz='center', alignVert='center', antialias=True, autoLog=True, bold=False, color='black', colorSpace='named', contrast=1.0, depth=-4.0, flipHoriz=False, flipVert=False, font='Arial', fontFiles=[], height=0.05, italic=False, languageStyle='LTR', name='afc_text', opacity=1.0, ori=0, pos=array([0., 3.]), rgb=array([0., 0., 0.]), text='Select the correct image', units='height', win=Window(...), wrapWidth=1)
6.0318 	EXP 	Created alternative_1 = ImageStim(__class__=<class 'psychopy.visual.image.ImageStim'>, autoLog=True, color=array([1., 1., 1.]), colorSpace='rgb', contrast=1.0, depth=-5.0, flipHoriz=False, flipVert=False, image='sin', interpolate=True, mask=None, maskParams=None, name='alternative_1', opacity=1.0, ori=0.0, pos=array([-0.3,  0. ]), size=array([0.5, 0.5]), texRes=128, units='height', win=Window(...))
6.0344 	EXP 	Created alternative_2 = ImageStim(__class__=<class 'psychopy.visual.image.ImageStim'>, autoLog=True, color=array([1., 1., 1.]), colorSpace='rgb', contrast=1.0, depth=-6.0, flipHoriz=False, flipVert=False, image='sin', interpolate=True, mask=None, maskParams=None, name='alternative_2', opacity=1.0, ori=0.0, pos=array([0. , 0.3]), size=array([0.5, 0.5]), texRes=128, units='height', win=Window(...))
6.0468 	EXP 	Imported instructions_intentional_encoding.xlsx as conditions, 8 conditions, 9 params
6.0471 	EXP 	Created sequence: sequential, trialTypes=8, nReps=1, seed=None
6.0475 	EXP 	New trial (rep=0, index=0): OrderedDict([('instructions1', 'Welcome to the memory experiment!'), ('Instructions2', 'Press space to continue!'), ('Image1', None), ('Image2', None), ('Image3', None), ('position_1x', 0), ('position_1y', 0.2), ('position_2x', 0.0), ('position_2y', -0.2)])
6.1189 	EXP 	text: color = 'black (named)'
6.1189 	EXP 	text: pos = array([0. , 0.2])
6.1189 	EXP 	text: text = 'Welcome to the memory experiment!'
6.1189 	EXP 	text: font = 'Helvetica'
6.1189 	EXP 	text: height = 0.03
6.1189 	EXP 	instructions_text2: color = 'black (named)'
6.1189 	EXP 	instructions_text2: pos = array([ 0. , -0.2])
6.1189 	EXP 	instructions_text2: text = 'Press space to continue!'
6.1189 	EXP 	instructions_text2: font = 'Helvetica'
6.1189 	EXP 	instructions_text2: height = 0.03
6.1691 	EXP 	text: autoDraw = True
6.1691 	EXP 	instructions_text2: autoDraw = True
6.1691 	EXP 	image1: autoDraw = True
6.1691 	EXP 	image2: autoDraw = True
6.1691 	EXP 	text: text = 'Welcome to the memory experiment!'
6.1691 	EXP 	instructions_text2: text = 'Press space to continue!'
7.4859 	DATA 	Keypress: return
8.9012 	EXP 	New trial (rep=0, index=1): OrderedDict([('instructions1', 'On each trial of this task, you will see two pairs of images on the left and right hand side of the computer screen.'), ('Instructions2', 'Press space to continue!'), ('Image1', None), ('Image2', None), ('Image3', None), ('position_1x', 0), ('position_1y', 0.2), ('position_2x', 0.0), ('position_2y', -0.2)])
8.9283 	DATA 	Keypress: space
8.9483 	EXP 	text: autoDraw = False
8.9483 	EXP 	instructions_text2: autoDraw = False
8.9483 	EXP 	image1: autoDraw = False
8.9483 	EXP 	image2: autoDraw = False
8.9483 	EXP 	text: color = 'black (named)'
8.9483 	EXP 	text: pos = array([0. , 0.2])
8.9483 	EXP 	text: text = 'On each trial of this task, you will see two pairs of images on the left and right hand side of the computer screen.'
8.9483 	EXP 	text: font = 'Helvetica'
8.9483 	EXP 	text: height = 0.03
8.9483 	EXP 	instructions_text2: color = 'black (named)'
8.9483 	EXP 	instructions_text2: pos = array([ 0. , -0.2])
8.9483 	EXP 	instructions_text2: text = 'Press space to continue!'
8.9483 	EXP 	instructions_text2: font = 'Helvetica'
8.9483 	EXP 	instructions_text2: height = 0.03
8.9983 	EXP 	text: autoDraw = True
8.9983 	EXP 	instructions_text2: autoDraw = True
8.9983 	EXP 	image1: autoDraw = True
8.9983 	EXP 	image2: autoDraw = True
8.9983 	EXP 	text: text = 'On each trial of this task, you will see two pairs of images on the left and right hand side of the computer screen.'
8.9983 	EXP 	instructions_text2: text = 'Press space to continue!'
9.9501 	EXP 	New trial (rep=0, index=2): OrderedDict([('instructions1', 'For example, on one trial, you might see two images similar to the ones below.'), ('Instructions2', 'Press space to continue!'), ('Image1', 'instruction_images/jessica_alba.jpg'), ('Image2', 'instruction_images/oldBook.png'), ('Image3', None), ('position_1x', 0), ('position_1y', 0.3), ('position_2x', 0.0), ('position_2y', -0.4)])
9.9657 	DATA 	Keypress: space
9.9819 	EXP 	text: autoDraw = False
9.9819 	EXP 	instructions_text2: autoDraw = False
9.9819 	EXP 	image1: autoDraw = False
9.9819 	EXP 	image2: autoDraw = False
9.9819 	EXP 	text: color = 'black (named)'
9.9819 	EXP 	text: pos = array([0. , 0.3])
9.9819 	EXP 	text: text = 'For example, on one trial, you might see two images similar to the ones below.'
9.9819 	EXP 	text: font = 'Helvetica'
9.9819 	EXP 	text: height = 0.03
9.9819 	EXP 	instructions_text2: color = 'black (named)'
9.9819 	EXP 	instructions_text2: pos = array([ 0. , -0.4])
9.9819 	EXP 	instructions_text2: text = 'Press space to continue!'
9.9819 	EXP 	instructions_text2: font = 'Helvetica'
9.9819 	EXP 	instructions_text2: height = 0.03
10.1153 	EXP 	text: autoDraw = True
10.1153 	EXP 	instructions_text2: autoDraw = True
10.1153 	EXP 	image1: autoDraw = True
10.1153 	EXP 	image2: autoDraw = True
10.1153 	EXP 	text: text = 'For example, on one trial, you might see two images similar to the ones below.'
10.1153 	EXP 	instructions_text2: text = 'Press space to continue!'
10.4025 	DATA 	Keypress: space
10.4341 	EXP 	New trial (rep=0, index=3): OrderedDict([('instructions1', 'Your job is to try to remember that these pairs of images go together. You can link the images in your memory in any way you wish. For example, you can rehearse them in your memory, or link them through a story.'), ('Instructions2', 'Press space to continue!'), ('Image1', 'instruction_images/jessica_alba.jpg'), ('Image2', 'instruction_images/oldBook.png'), ('Image3', None), ('position_1x', 0), ('position_1y', 0.3), ('position_2x', 0.0), ('position_2y', -0.4)])
10.4812 	EXP 	text: autoDraw = False
10.4812 	EXP 	instructions_text2: autoDraw = False
10.4812 	EXP 	image1: autoDraw = False
10.4812 	EXP 	image2: autoDraw = False
10.4812 	EXP 	text: color = 'black (named)'
10.4812 	EXP 	text: pos = array([0. , 0.3])
10.4812 	EXP 	text: text = 'Your job is to try to remember that these pairs of images go together. You can link the images in your memory in any way you wish. For example, you can rehearse them in your memory, or link them through a story.'
10.4812 	EXP 	text: font = 'Helvetica'
10.4812 	EXP 	text: height = 0.03
10.4812 	EXP 	instructions_text2: color = 'black (named)'
10.4812 	EXP 	instructions_text2: pos = array([ 0. , -0.4])
10.4812 	EXP 	instructions_text2: text = 'Press space to continue!'
10.4812 	EXP 	instructions_text2: font = 'Helvetica'
10.4812 	EXP 	instructions_text2: height = 0.03
10.5663 	EXP 	text: autoDraw = True
10.5663 	EXP 	instructions_text2: autoDraw = True
10.5663 	EXP 	image1: autoDraw = True
10.5663 	EXP 	image2: autoDraw = True
10.5663 	EXP 	text: text = 'Your job is to try to remember that these pairs of images go together. You can link the images in your memory in any way you wish. For example, you can rehearse them in your memory, or link them through a story.'
10.5663 	EXP 	instructions_text2: text = 'Press space to continue!'
10.7713 	EXP 	New trial (rep=0, index=4): OrderedDict([('instructions1', 'You could tell yourself that this woman, Jessica Alba, likes books. So this woman and books go together!'), ('Instructions2', 'Press space to continue!'), ('Image1', 'instruction_images/jessica_alba.jpg'), ('Image2', 'instruction_images/oldBook.png'), ('Image3', None), ('position_1x', 0), ('position_1y', 0.3), ('position_2x', 0.0), ('position_2y', -0.4)])
10.7912 	DATA 	Keypress: space
10.8151 	EXP 	text: autoDraw = False
10.8151 	EXP 	instructions_text2: autoDraw = False
10.8151 	EXP 	image1: autoDraw = False
10.8151 	EXP 	image2: autoDraw = False
10.8151 	EXP 	text: color = 'black (named)'
10.8151 	EXP 	text: pos = array([0. , 0.3])
10.8151 	EXP 	text: text = 'You could tell yourself that this woman, Jessica Alba, likes books. So this woman and books go together!'
10.8151 	EXP 	text: font = 'Helvetica'
10.8151 	EXP 	text: height = 0.03
10.8151 	EXP 	instructions_text2: color = 'black (named)'
10.8151 	EXP 	instructions_text2: pos = array([ 0. , -0.4])
10.8151 	EXP 	instructions_text2: text = 'Press space to continue!'
10.8151 	EXP 	instructions_text2: font = 'Helvetica'
10.8151 	EXP 	instructions_text2: height = 0.03
10.8654 	EXP 	text: autoDraw = True
10.8654 	EXP 	instructions_text2: autoDraw = True
10.8654 	EXP 	image1: autoDraw = True
10.8654 	EXP 	image2: autoDraw = True
10.8654 	EXP 	text: text = 'You could tell yourself that this woman, Jessica Alba, likes books. So this woman and books go together!'
10.8654 	EXP 	instructions_text2: text = 'Press space to continue!'
11.0536 	DATA 	Keypress: space
11.0866 	EXP 	New trial (rep=0, index=5): OrderedDict([('instructions1', "It's important that you remember that these  images go together because your memory will later be tested. Specifically, later, you will be shown one image, and asked to recall its pair."), ('Instructions2', 'Press space to continue!'), ('Image1', 'instruction_images/jessica_alba.jpg'), ('Image2', 'instruction_images/oldBook.png'), ('Image3', None), ('position_1x', 0), ('position_1y', 0.3), ('position_2x', 0.0), ('position_2y', -0.4)])
11.1322 	EXP 	text: autoDraw = False
11.1322 	EXP 	instructions_text2: autoDraw = False
11.1322 	EXP 	image1: autoDraw = False
11.1322 	EXP 	image2: autoDraw = False
11.1322 	EXP 	text: color = 'black (named)'
11.1322 	EXP 	text: pos = array([0. , 0.3])
11.1322 	EXP 	text: text = "It's important that you remember that these  images go together because your memory will later be tested. Specifically, later, you will be shown one image, and asked to recall its pair."
11.1322 	EXP 	text: font = 'Helvetica'
11.1322 	EXP 	text: height = 0.03
11.1322 	EXP 	instructions_text2: color = 'black (named)'
11.1322 	EXP 	instructions_text2: pos = array([ 0. , -0.4])
11.1322 	EXP 	instructions_text2: text = 'Press space to continue!'
11.1322 	EXP 	instructions_text2: font = 'Helvetica'
11.1322 	EXP 	instructions_text2: height = 0.03
11.2143 	EXP 	text: autoDraw = True
11.2143 	EXP 	instructions_text2: autoDraw = True
11.2143 	EXP 	image1: autoDraw = True
11.2143 	EXP 	image2: autoDraw = True
11.2143 	EXP 	text: text = "It's important that you remember that these  images go together because your memory will later be tested. Specifically, later, you will be shown one image, and asked to recall its pair."
11.2143 	EXP 	instructions_text2: text = 'Press space to continue!'
11.3056 	DATA 	Keypress: space
11.3418 	EXP 	New trial (rep=0, index=6): OrderedDict([('instructions1', 'Get ready to see a series of image pairs! Each pair of images will only last on the screen for a few sceonds, so you will need to pay attention!'), ('Instructions2', 'Press space to continue!'), ('Image1', 'instruction_images/jessica_alba.jpg'), ('Image2', 'instruction_images/oldBook.png'), ('Image3', None), ('position_1x', 0), ('position_1y', 0.3), ('position_2x', 0.0), ('position_2y', -0.4)])
11.3824 	EXP 	text: autoDraw = False
11.3824 	EXP 	instructions_text2: autoDraw = False
11.3824 	EXP 	image1: autoDraw = False
11.3824 	EXP 	image2: autoDraw = False
11.3824 	EXP 	text: color = 'black (named)'
11.3824 	EXP 	text: pos = array([0. , 0.3])
11.3824 	EXP 	text: text = 'Get ready to see a series of image pairs! Each pair of images will only last on the screen for a few sceonds, so you will need to pay attention!'
11.3824 	EXP 	text: font = 'Helvetica'
11.3824 	EXP 	text: height = 0.03
11.3824 	EXP 	instructions_text2: color = 'black (named)'
11.3824 	EXP 	instructions_text2: pos = array([ 0. , -0.4])
11.3824 	EXP 	instructions_text2: text = 'Press space to continue!'
11.3824 	EXP 	instructions_text2: font = 'Helvetica'
11.3824 	EXP 	instructions_text2: height = 0.03
11.4827 	EXP 	text: autoDraw = True
11.4827 	EXP 	instructions_text2: autoDraw = True
11.4827 	EXP 	image1: autoDraw = True
11.4827 	EXP 	image2: autoDraw = True
11.4827 	EXP 	text: text = 'Get ready to see a series of image pairs! Each pair of images will only last on the screen for a few sceonds, so you will need to pay attention!'
11.4827 	EXP 	instructions_text2: text = 'Press space to continue!'
11.5392 	EXP 	New trial (rep=0, index=7): OrderedDict([('instructions1', "When you're ready to start the game, press space!"), ('Instructions2', None), ('Image1', None), ('Image2', None), ('Image3', None), ('position_1x', 0), ('position_1y', 0.0), ('position_2x', None), ('position_2y', None)])
11.5613 	DATA 	Keypress: space
11.5812 	EXP 	text: autoDraw = False
11.5812 	EXP 	instructions_text2: autoDraw = False
11.5812 	EXP 	image1: autoDraw = False
11.5812 	EXP 	image2: autoDraw = False
11.5812 	EXP 	text: color = 'black (named)'
11.5812 	EXP 	text: pos = array([0., 0.])
11.5812 	EXP 	text: text = "When you're ready to start the game, press space!"
11.5812 	EXP 	text: font = 'Helvetica'
11.5812 	EXP 	text: height = 0.03
11.5812 	EXP 	instructions_text2: color = 'black (named)'
11.5812 	EXP 	instructions_text2: pos = array([nan, nan])
11.5812 	EXP 	instructions_text2: text = 'Press space to continue!'
11.5812 	EXP 	instructions_text2: font = 'Helvetica'
11.5812 	EXP 	instructions_text2: height = 0.03
11.6321 	EXP 	text: autoDraw = True
11.6321 	EXP 	instructions_text2: autoDraw = True
11.6321 	EXP 	image1: autoDraw = True
11.6321 	EXP 	image2: autoDraw = True
11.6321 	EXP 	text: text = "When you're ready to start the game, press space!"
11.6321 	EXP 	instructions_text2: text = 'Press space to continue!'
12.1598 	EXP 	Imported intentional_encoding.xlsx as conditions, 12 conditions, 4 params
12.1601 	EXP 	Created sequence: sequential, trialTypes=12, nReps=1, seed=None
12.1604 	EXP 	New trial (rep=0, index=0): OrderedDict([('trial', 1), ('image_a', 'images/flipflopsBlue.png'), ('image_b', 'images/amy_poehler_c.jpg'), ('category_b', 'face')])
12.1684 	DATA 	Keypress: space
12.1817 	EXP 	text: autoDraw = False
12.1817 	EXP 	instructions_text2: autoDraw = False
12.1817 	EXP 	image1: autoDraw = False
12.1817 	EXP 	image2: autoDraw = False
12.1817 	EXP 	b_image: image = 'images/amy_poehler_c.jpg'
12.2322 	EXP 	a_image: autoDraw = True
12.2322 	EXP 	b_image: autoDraw = True
12.2322 	EXP 	text_12: autoDraw = True
12.2656 	EXP 	New trial (rep=0, index=1): OrderedDict([('trial', 2), ('image_a', 'images/bag_gift.png'), ('image_b', 'images/bill_gates_a.jpg'), ('category_b', 'face')])
12.2861 	EXP 	a_image: autoDraw = False
12.2861 	EXP 	b_image: autoDraw = False
12.2861 	EXP 	text_12: autoDraw = False
12.2861 	EXP 	b_image: image = 'images/bill_gates_a.jpg'
12.3317 	EXP 	a_image: autoDraw = True
12.3317 	EXP 	b_image: autoDraw = True
12.3317 	EXP 	text_12: autoDraw = True
12.3658 	EXP 	New trial (rep=0, index=2): OrderedDict([('trial', 3), ('image_a', 'images/ball_8.png'), ('image_b', 'images/courtney_cox_c.jpg'), ('category_b', 'face')])
12.3979 	EXP 	a_image: autoDraw = False
12.3979 	EXP 	b_image: autoDraw = False
12.3979 	EXP 	text_12: autoDraw = False
12.3979 	EXP 	b_image: image = 'images/courtney_cox_c.jpg'
12.4486 	EXP 	a_image: autoDraw = True
12.4486 	EXP 	b_image: autoDraw = True
12.4486 	EXP 	text_12: autoDraw = True
12.4833 	EXP 	New trial (rep=0, index=3): OrderedDict([('trial', 4), ('image_a', 'images/ball_baseball.png'), ('image_b', 'images/dakota_fanning_c.jpg'), ('category_b', 'face')])
12.5154 	EXP 	a_image: autoDraw = False
12.5154 	EXP 	b_image: autoDraw = False
12.5154 	EXP 	text_12: autoDraw = False
12.5154 	EXP 	b_image: image = 'images/dakota_fanning_c.jpg'
12.5551 	EXP 	a_image: autoDraw = True
12.5551 	EXP 	b_image: autoDraw = True
12.5551 	EXP 	text_12: autoDraw = True
12.5562 	EXP 	New trial (rep=0, index=4): OrderedDict([('trial', 5), ('image_a', 'images/balloon.jpg'), ('image_b', 'images/drew_barrymore_c.jpg'), ('category_b', 'face')])
12.5817 	EXP 	a_image: autoDraw = False
12.5817 	EXP 	b_image: autoDraw = False
12.5817 	EXP 	text_12: autoDraw = False
12.5817 	EXP 	b_image: image = 'images/drew_barrymore_c.jpg'
12.6193 	EXP 	a_image: autoDraw = True
12.6193 	EXP 	b_image: autoDraw = True
12.6193 	EXP 	text_12: autoDraw = True
12.6698 	EXP 	New trial (rep=0, index=5): OrderedDict([('trial', 6), ('image_a', 'images/bandage.jpg'), ('image_b', 'images/ellen_degeneres_b.jpg'), ('category_b', 'face')])
12.6976 	EXP 	a_image: autoDraw = False
12.6976 	EXP 	b_image: autoDraw = False
12.6976 	EXP 	text_12: autoDraw = False
12.6976 	EXP 	b_image: image = 'images/ellen_degeneres_b.jpg'
12.7483 	EXP 	a_image: autoDraw = True
12.7483 	EXP 	b_image: autoDraw = True
12.7483 	EXP 	text_12: autoDraw = True
12.7830 	EXP 	New trial (rep=0, index=6): OrderedDict([('trial', 7), ('image_a', 'images/barrel.jpg'), ('image_b', 'images/emma_stone.jpg'), ('category_b', 'face')])
12.8147 	EXP 	a_image: autoDraw = False
12.8147 	EXP 	b_image: autoDraw = False
12.8147 	EXP 	text_12: autoDraw = False
12.8147 	EXP 	b_image: image = 'images/emma_stone.jpg'
12.8641 	EXP 	a_image: autoDraw = True
12.8641 	EXP 	b_image: autoDraw = True
12.8641 	EXP 	text_12: autoDraw = True
12.8654 	EXP 	New trial (rep=0, index=7): OrderedDict([('trial', 8), ('image_a', 'images/bathrobe.png'), ('image_b', 'images/emma_watson.jpg'), ('category_b', 'face')])
12.8873 	EXP 	a_image: autoDraw = False
12.8873 	EXP 	b_image: autoDraw = False
12.8873 	EXP 	text_12: autoDraw = False
12.8873 	EXP 	b_image: image = 'images/emma_watson.jpg'
12.9357 	EXP 	a_image: autoDraw = True
12.9357 	EXP 	b_image: autoDraw = True
12.9357 	EXP 	text_12: autoDraw = True
12.9661 	EXP 	New trial (rep=0, index=8): OrderedDict([('trial', 9), ('image_a', 'images/beetle.png'), ('image_b', 'images/george_clooney_a.jpg'), ('category_b', 'face')])
12.9844 	EXP 	a_image: autoDraw = False
12.9844 	EXP 	b_image: autoDraw = False
12.9844 	EXP 	text_12: autoDraw = False
12.9844 	EXP 	b_image: image = 'images/george_clooney_a.jpg'
13.0184 	EXP 	a_image: autoDraw = True
13.0184 	EXP 	b_image: autoDraw = True
13.0184 	EXP 	text_12: autoDraw = True
13.0661 	EXP 	New trial (rep=0, index=9): OrderedDict([('trial', 10), ('image_a', 'images/bench_park.png'), ('image_b', 'images/gwen_stefani_c.jpg'), ('category_b', 'face')])
13.0851 	EXP 	a_image: autoDraw = False
13.0851 	EXP 	b_image: autoDraw = False
13.0851 	EXP 	text_12: autoDraw = False
13.0851 	EXP 	b_image: image = 'images/gwen_stefani_c.jpg'
13.1322 	EXP 	a_image: autoDraw = True
13.1322 	EXP 	b_image: autoDraw = True
13.1322 	EXP 	text_12: autoDraw = True
13.1584 	EXP 	New trial (rep=0, index=10): OrderedDict([('trial', 11), ('image_a', 'images/bib.png'), ('image_b', 'images/hillary_clinton_a.jpg'), ('category_b', 'face')])
13.1818 	EXP 	a_image: autoDraw = False
13.1818 	EXP 	b_image: autoDraw = False
13.1818 	EXP 	text_12: autoDraw = False
13.1818 	EXP 	b_image: image = 'images/hillary_clinton_a.jpg'
13.2314 	EXP 	a_image: autoDraw = True
13.2314 	EXP 	b_image: autoDraw = True
13.2314 	EXP 	text_12: autoDraw = True
13.2653 	EXP 	New trial (rep=0, index=11): OrderedDict([('trial', 12), ('image_a', 'images/bird_parrot.png'), ('image_b', 'images/jackie_kennedy_a.jpg'), ('category_b', 'face')])
13.2841 	EXP 	a_image: autoDraw = False
13.2841 	EXP 	b_image: autoDraw = False
13.2841 	EXP 	text_12: autoDraw = False
13.2841 	EXP 	b_image: image = 'images/jackie_kennedy_a.jpg'
13.3202 	EXP 	a_image: autoDraw = True
13.3202 	EXP 	b_image: autoDraw = True
13.3202 	EXP 	text_12: autoDraw = True
13.3786 	EXP 	Imported instructions_intentional_encoding.xlsx as conditions, 4 conditions, 9 params
13.3788 	EXP 	Created sequence: sequential, trialTypes=4, nReps=1, seed=None
13.3793 	EXP 	New trial (rep=0, index=0): OrderedDict([('instructions1', 'Great job! Your memory for each image pair will now be tested. You will first see one image on the computer screen, like below. You will be asked to bring to mind the associated image pair.'), ('Instructions2', 'Press space to continue!'), ('Image1', 'instruction_images/jessica_alba.jpg'), ('Image2', 'instruction_images/oldBook.png'), ('Image3', None), ('position_1x', 0), ('position_1y', 0.3), ('position_2x', 0.0), ('position_2y', -0.4)])
13.4825 	EXP 	a_image: autoDraw = False
13.4825 	EXP 	b_image: autoDraw = False
13.4825 	EXP 	text_12: autoDraw = False
13.4825 	EXP 	text_5: autoDraw = True
13.4825 	EXP 	text_8: autoDraw = True
13.4825 	EXP 	text_5: text = 'Great job! Your memory for each image pair will now be tested. You will first see one image on the computer screen, like below. You will be asked to bring to mind the associated image pair.'
13.4825 	EXP 	text_8: text = 'Press space to continue!'
13.5310 	EXP 	text_5: text = 'Great job! Your memory for each image pair will now be tested. You will first see one image on the computer screen, like below. You will be asked to bring to mind the associated image pair.'
13.5310 	EXP 	text_8: text = 'Press space to continue!'
13.5812 	EXP 	text_5: text = 'Great job! Your memory for each image pair will now be tested. You will first see one image on the computer screen, like below. You will be asked to bring to mind the associated image pair.'
13.5812 	EXP 	text_8: text = 'Press space to continue!'
13.6322 	EXP 	text_5: text = 'Great job! Your memory for each image pair will now be tested. You will first see one image on the computer screen, like below. You will be asked to bring to mind the associated image pair.'
13.6322 	EXP 	text_8: text = 'Press space to continue!'
13.6817 	EXP 	text_5: text = 'Great job! Your memory for each image pair will now be tested. You will first see one image on the computer screen, like below. You will be asked to bring to mind the associated image pair.'
13.6817 	EXP 	text_8: text = 'Press space to continue!'
13.7316 	EXP 	text_5: text = 'Great job! Your memory for each image pair will now be tested. You will first see one image on the computer screen, like below. You will be asked to bring to mind the associated image pair.'
13.7316 	EXP 	text_8: text = 'Press space to continue!'
13.7815 	EXP 	text_5: text = 'Great job! Your memory for each image pair will now be tested. You will first see one image on the computer screen, like below. You will be asked to bring to mind the associated image pair.'
13.7815 	EXP 	text_8: text = 'Press space to continue!'
13.8309 	EXP 	text_5: text = 'Great job! Your memory for each image pair will now be tested. You will first see one image on the computer screen, like below. You will be asked to bring to mind the associated image pair.'
13.8309 	EXP 	text_8: text = 'Press space to continue!'
13.8811 	EXP 	text_5: text = 'Great job! Your memory for each image pair will now be tested. You will first see one image on the computer screen, like below. You will be asked to bring to mind the associated image pair.'
13.8811 	EXP 	text_8: text = 'Press space to continue!'
13.9311 	EXP 	text_5: text = 'Great job! Your memory for each image pair will now be tested. You will first see one image on the computer screen, like below. You will be asked to bring to mind the associated image pair.'
13.9311 	EXP 	text_8: text = 'Press space to continue!'
13.9820 	EXP 	text_5: text = 'Great job! Your memory for each image pair will now be tested. You will first see one image on the computer screen, like below. You will be asked to bring to mind the associated image pair.'
13.9820 	EXP 	text_8: text = 'Press space to continue!'
14.0315 	EXP 	text_5: text = 'Great job! Your memory for each image pair will now be tested. You will first see one image on the computer screen, like below. You will be asked to bring to mind the associated image pair.'
14.0315 	EXP 	text_8: text = 'Press space to continue!'
14.0809 	EXP 	text_5: text = 'Great job! Your memory for each image pair will now be tested. You will first see one image on the computer screen, like below. You will be asked to bring to mind the associated image pair.'
14.0809 	EXP 	text_8: text = 'Press space to continue!'
14.1310 	EXP 	text_5: text = 'Great job! Your memory for each image pair will now be tested. You will first see one image on the computer screen, like below. You will be asked to bring to mind the associated image pair.'
14.1310 	EXP 	text_8: text = 'Press space to continue!'
14.1811 	EXP 	text_5: text = 'Great job! Your memory for each image pair will now be tested. You will first see one image on the computer screen, like below. You will be asked to bring to mind the associated image pair.'
14.1811 	EXP 	text_8: text = 'Press space to continue!'
14.2319 	EXP 	text_5: text = 'Great job! Your memory for each image pair will now be tested. You will first see one image on the computer screen, like below. You will be asked to bring to mind the associated image pair.'
14.2319 	EXP 	text_8: text = 'Press space to continue!'
14.2818 	EXP 	text_5: text = 'Great job! Your memory for each image pair will now be tested. You will first see one image on the computer screen, like below. You will be asked to bring to mind the associated image pair.'
14.2818 	EXP 	text_8: text = 'Press space to continue!'
14.3313 	EXP 	text_5: text = 'Great job! Your memory for each image pair will now be tested. You will first see one image on the computer screen, like below. You will be asked to bring to mind the associated image pair.'
14.3313 	EXP 	text_8: text = 'Press space to continue!'
14.3821 	EXP 	text_5: text = 'Great job! Your memory for each image pair will now be tested. You will first see one image on the computer screen, like below. You will be asked to bring to mind the associated image pair.'
14.3821 	EXP 	text_8: text = 'Press space to continue!'
14.4312 	EXP 	text_5: text = 'Great job! Your memory for each image pair will now be tested. You will first see one image on the computer screen, like below. You will be asked to bring to mind the associated image pair.'
14.4312 	EXP 	text_8: text = 'Press space to continue!'
14.4817 	EXP 	text_5: text = 'Great job! Your memory for each image pair will now be tested. You will first see one image on the computer screen, like below. You will be asked to bring to mind the associated image pair.'
14.4817 	EXP 	text_8: text = 'Press space to continue!'
14.5317 	EXP 	text_5: text = 'Great job! Your memory for each image pair will now be tested. You will first see one image on the computer screen, like below. You will be asked to bring to mind the associated image pair.'
14.5317 	EXP 	text_8: text = 'Press space to continue!'
14.5813 	EXP 	text_5: text = 'Great job! Your memory for each image pair will now be tested. You will first see one image on the computer screen, like below. You will be asked to bring to mind the associated image pair.'
14.5813 	EXP 	text_8: text = 'Press space to continue!'
14.6319 	EXP 	text_5: text = 'Great job! Your memory for each image pair will now be tested. You will first see one image on the computer screen, like below. You will be asked to bring to mind the associated image pair.'
14.6319 	EXP 	text_8: text = 'Press space to continue!'
14.6821 	EXP 	text_5: text = 'Great job! Your memory for each image pair will now be tested. You will first see one image on the computer screen, like below. You will be asked to bring to mind the associated image pair.'
14.6821 	EXP 	text_8: text = 'Press space to continue!'
14.7313 	EXP 	text_5: text = 'Great job! Your memory for each image pair will now be tested. You will first see one image on the computer screen, like below. You will be asked to bring to mind the associated image pair.'
14.7313 	EXP 	text_8: text = 'Press space to continue!'
14.7818 	EXP 	text_5: text = 'Great job! Your memory for each image pair will now be tested. You will first see one image on the computer screen, like below. You will be asked to bring to mind the associated image pair.'
14.7818 	EXP 	text_8: text = 'Press space to continue!'
14.8311 	EXP 	text_5: text = 'Great job! Your memory for each image pair will now be tested. You will first see one image on the computer screen, like below. You will be asked to bring to mind the associated image pair.'
14.8311 	EXP 	text_8: text = 'Press space to continue!'
14.8823 	EXP 	text_5: text = 'Great job! Your memory for each image pair will now be tested. You will first see one image on the computer screen, like below. You will be asked to bring to mind the associated image pair.'
14.8823 	EXP 	text_8: text = 'Press space to continue!'
14.9319 	EXP 	text_5: text = 'Great job! Your memory for each image pair will now be tested. You will first see one image on the computer screen, like below. You will be asked to bring to mind the associated image pair.'
14.9319 	EXP 	text_8: text = 'Press space to continue!'
14.9818 	EXP 	text_5: text = 'Great job! Your memory for each image pair will now be tested. You will first see one image on the computer screen, like below. You will be asked to bring to mind the associated image pair.'
14.9818 	EXP 	text_8: text = 'Press space to continue!'
15.0311 	EXP 	text_5: text = 'Great job! Your memory for each image pair will now be tested. You will first see one image on the computer screen, like below. You will be asked to bring to mind the associated image pair.'
15.0311 	EXP 	text_8: text = 'Press space to continue!'
15.0811 	EXP 	text_5: text = 'Great job! Your memory for each image pair will now be tested. You will first see one image on the computer screen, like below. You will be asked to bring to mind the associated image pair.'
15.0811 	EXP 	text_8: text = 'Press space to continue!'
15.1317 	EXP 	text_5: text = 'Great job! Your memory for each image pair will now be tested. You will first see one image on the computer screen, like below. You will be asked to bring to mind the associated image pair.'
15.1317 	EXP 	text_8: text = 'Press space to continue!'
15.1818 	EXP 	text_5: text = 'Great job! Your memory for each image pair will now be tested. You will first see one image on the computer screen, like below. You will be asked to bring to mind the associated image pair.'
15.1818 	EXP 	text_8: text = 'Press space to continue!'
15.2312 	EXP 	text_5: text = 'Great job! Your memory for each image pair will now be tested. You will first see one image on the computer screen, like below. You will be asked to bring to mind the associated image pair.'
15.2312 	EXP 	text_8: text = 'Press space to continue!'
15.2819 	EXP 	text_5: text = 'Great job! Your memory for each image pair will now be tested. You will first see one image on the computer screen, like below. You will be asked to bring to mind the associated image pair.'
15.2819 	EXP 	text_8: text = 'Press space to continue!'
15.3316 	EXP 	text_5: text = 'Great job! Your memory for each image pair will now be tested. You will first see one image on the computer screen, like below. You will be asked to bring to mind the associated image pair.'
15.3316 	EXP 	text_8: text = 'Press space to continue!'
15.3818 	EXP 	text_5: text = 'Great job! Your memory for each image pair will now be tested. You will first see one image on the computer screen, like below. You will be asked to bring to mind the associated image pair.'
15.3818 	EXP 	text_8: text = 'Press space to continue!'
15.4322 	EXP 	text_5: text = 'Great job! Your memory for each image pair will now be tested. You will first see one image on the computer screen, like below. You will be asked to bring to mind the associated image pair.'
15.4322 	EXP 	text_8: text = 'Press space to continue!'
15.4809 	EXP 	text_5: text = 'Great job! Your memory for each image pair will now be tested. You will first see one image on the computer screen, like below. You will be asked to bring to mind the associated image pair.'
15.4809 	EXP 	text_8: text = 'Press space to continue!'
15.5318 	EXP 	text_5: text = 'Great job! Your memory for each image pair will now be tested. You will first see one image on the computer screen, like below. You will be asked to bring to mind the associated image pair.'
15.5318 	EXP 	text_8: text = 'Press space to continue!'
15.5817 	EXP 	text_5: text = 'Great job! Your memory for each image pair will now be tested. You will first see one image on the computer screen, like below. You will be asked to bring to mind the associated image pair.'
15.5817 	EXP 	text_8: text = 'Press space to continue!'
15.6322 	EXP 	text_5: text = 'Great job! Your memory for each image pair will now be tested. You will first see one image on the computer screen, like below. You will be asked to bring to mind the associated image pair.'
15.6322 	EXP 	text_8: text = 'Press space to continue!'
15.6809 	EXP 	text_5: text = 'Great job! Your memory for each image pair will now be tested. You will first see one image on the computer screen, like below. You will be asked to bring to mind the associated image pair.'
15.6809 	EXP 	text_8: text = 'Press space to continue!'
15.7314 	EXP 	text_5: text = 'Great job! Your memory for each image pair will now be tested. You will first see one image on the computer screen, like below. You will be asked to bring to mind the associated image pair.'
15.7314 	EXP 	text_8: text = 'Press space to continue!'
15.7807 	EXP 	text_5: text = 'Great job! Your memory for each image pair will now be tested. You will first see one image on the computer screen, like below. You will be asked to bring to mind the associated image pair.'
15.7807 	EXP 	text_8: text = 'Press space to continue!'
15.8318 	EXP 	text_5: text = 'Great job! Your memory for each image pair will now be tested. You will first see one image on the computer screen, like below. You will be asked to bring to mind the associated image pair.'
15.8318 	EXP 	text_8: text = 'Press space to continue!'
15.8821 	EXP 	text_5: text = 'Great job! Your memory for each image pair will now be tested. You will first see one image on the computer screen, like below. You will be asked to bring to mind the associated image pair.'
15.8821 	EXP 	text_8: text = 'Press space to continue!'
15.9314 	EXP 	text_5: text = 'Great job! Your memory for each image pair will now be tested. You will first see one image on the computer screen, like below. You will be asked to bring to mind the associated image pair.'
15.9314 	EXP 	text_8: text = 'Press space to continue!'
15.9816 	EXP 	text_5: text = 'Great job! Your memory for each image pair will now be tested. You will first see one image on the computer screen, like below. You will be asked to bring to mind the associated image pair.'
15.9816 	EXP 	text_8: text = 'Press space to continue!'
16.0315 	EXP 	text_5: text = 'Great job! Your memory for each image pair will now be tested. You will first see one image on the computer screen, like below. You will be asked to bring to mind the associated image pair.'
16.0315 	EXP 	text_8: text = 'Press space to continue!'
16.0819 	EXP 	text_5: text = 'Great job! Your memory for each image pair will now be tested. You will first see one image on the computer screen, like below. You will be asked to bring to mind the associated image pair.'
16.0819 	EXP 	text_8: text = 'Press space to continue!'
16.1310 	EXP 	text_5: text = 'Great job! Your memory for each image pair will now be tested. You will first see one image on the computer screen, like below. You will be asked to bring to mind the associated image pair.'
16.1310 	EXP 	text_8: text = 'Press space to continue!'
16.1820 	EXP 	text_5: text = 'Great job! Your memory for each image pair will now be tested. You will first see one image on the computer screen, like below. You will be asked to bring to mind the associated image pair.'
16.1820 	EXP 	text_8: text = 'Press space to continue!'
16.2322 	EXP 	text_5: text = 'Great job! Your memory for each image pair will now be tested. You will first see one image on the computer screen, like below. You will be asked to bring to mind the associated image pair.'
16.2322 	EXP 	text_8: text = 'Press space to continue!'
16.2815 	EXP 	text_5: text = 'Great job! Your memory for each image pair will now be tested. You will first see one image on the computer screen, like below. You will be asked to bring to mind the associated image pair.'
16.2815 	EXP 	text_8: text = 'Press space to continue!'
16.3314 	EXP 	text_5: text = 'Great job! Your memory for each image pair will now be tested. You will first see one image on the computer screen, like below. You will be asked to bring to mind the associated image pair.'
16.3314 	EXP 	text_8: text = 'Press space to continue!'
16.3806 	EXP 	text_5: text = 'Great job! Your memory for each image pair will now be tested. You will first see one image on the computer screen, like below. You will be asked to bring to mind the associated image pair.'
16.3806 	EXP 	text_8: text = 'Press space to continue!'
16.4313 	EXP 	text_5: text = 'Great job! Your memory for each image pair will now be tested. You will first see one image on the computer screen, like below. You will be asked to bring to mind the associated image pair.'
16.4313 	EXP 	text_8: text = 'Press space to continue!'
16.4819 	EXP 	text_5: text = 'Great job! Your memory for each image pair will now be tested. You will first see one image on the computer screen, like below. You will be asked to bring to mind the associated image pair.'
16.4819 	EXP 	text_8: text = 'Press space to continue!'
16.5308 	EXP 	text_5: text = 'Great job! Your memory for each image pair will now be tested. You will first see one image on the computer screen, like below. You will be asked to bring to mind the associated image pair.'
16.5308 	EXP 	text_8: text = 'Press space to continue!'
16.5812 	EXP 	text_5: text = 'Great job! Your memory for each image pair will now be tested. You will first see one image on the computer screen, like below. You will be asked to bring to mind the associated image pair.'
16.5812 	EXP 	text_8: text = 'Press space to continue!'
16.6308 	EXP 	text_5: text = 'Great job! Your memory for each image pair will now be tested. You will first see one image on the computer screen, like below. You will be asked to bring to mind the associated image pair.'
16.6308 	EXP 	text_8: text = 'Press space to continue!'
16.6812 	EXP 	text_5: text = 'Great job! Your memory for each image pair will now be tested. You will first see one image on the computer screen, like below. You will be asked to bring to mind the associated image pair.'
16.6812 	EXP 	text_8: text = 'Press space to continue!'
16.7306 	EXP 	text_5: text = 'Great job! Your memory for each image pair will now be tested. You will first see one image on the computer screen, like below. You will be asked to bring to mind the associated image pair.'
16.7306 	EXP 	text_8: text = 'Press space to continue!'
16.7812 	EXP 	text_5: text = 'Great job! Your memory for each image pair will now be tested. You will first see one image on the computer screen, like below. You will be asked to bring to mind the associated image pair.'
16.7812 	EXP 	text_8: text = 'Press space to continue!'
16.8314 	EXP 	text_5: text = 'Great job! Your memory for each image pair will now be tested. You will first see one image on the computer screen, like below. You will be asked to bring to mind the associated image pair.'
16.8314 	EXP 	text_8: text = 'Press space to continue!'
16.8807 	EXP 	text_5: text = 'Great job! Your memory for each image pair will now be tested. You will first see one image on the computer screen, like below. You will be asked to bring to mind the associated image pair.'
16.8807 	EXP 	text_8: text = 'Press space to continue!'
16.9321 	EXP 	text_5: text = 'Great job! Your memory for each image pair will now be tested. You will first see one image on the computer screen, like below. You will be asked to bring to mind the associated image pair.'
16.9321 	EXP 	text_8: text = 'Press space to continue!'
16.9811 	EXP 	text_5: text = 'Great job! Your memory for each image pair will now be tested. You will first see one image on the computer screen, like below. You will be asked to bring to mind the associated image pair.'
16.9811 	EXP 	text_8: text = 'Press space to continue!'
17.0309 	EXP 	text_5: text = 'Great job! Your memory for each image pair will now be tested. You will first see one image on the computer screen, like below. You will be asked to bring to mind the associated image pair.'
17.0309 	EXP 	text_8: text = 'Press space to continue!'
17.0811 	EXP 	text_5: text = 'Great job! Your memory for each image pair will now be tested. You will first see one image on the computer screen, like below. You will be asked to bring to mind the associated image pair.'
17.0811 	EXP 	text_8: text = 'Press space to continue!'
17.1308 	EXP 	text_5: text = 'Great job! Your memory for each image pair will now be tested. You will first see one image on the computer screen, like below. You will be asked to bring to mind the associated image pair.'
17.1308 	EXP 	text_8: text = 'Press space to continue!'
17.1809 	EXP 	text_5: text = 'Great job! Your memory for each image pair will now be tested. You will first see one image on the computer screen, like below. You will be asked to bring to mind the associated image pair.'
17.1809 	EXP 	text_8: text = 'Press space to continue!'
17.2313 	EXP 	text_5: text = 'Great job! Your memory for each image pair will now be tested. You will first see one image on the computer screen, like below. You will be asked to bring to mind the associated image pair.'
17.2313 	EXP 	text_8: text = 'Press space to continue!'
17.2808 	EXP 	text_5: text = 'Great job! Your memory for each image pair will now be tested. You will first see one image on the computer screen, like below. You will be asked to bring to mind the associated image pair.'
17.2808 	EXP 	text_8: text = 'Press space to continue!'
17.3314 	EXP 	text_5: text = 'Great job! Your memory for each image pair will now be tested. You will first see one image on the computer screen, like below. You will be asked to bring to mind the associated image pair.'
17.3314 	EXP 	text_8: text = 'Press space to continue!'
17.3820 	EXP 	text_5: text = 'Great job! Your memory for each image pair will now be tested. You will first see one image on the computer screen, like below. You will be asked to bring to mind the associated image pair.'
17.3820 	EXP 	text_8: text = 'Press space to continue!'
17.4311 	EXP 	text_5: text = 'Great job! Your memory for each image pair will now be tested. You will first see one image on the computer screen, like below. You will be asked to bring to mind the associated image pair.'
17.4311 	EXP 	text_8: text = 'Press space to continue!'
17.4812 	EXP 	text_5: text = 'Great job! Your memory for each image pair will now be tested. You will first see one image on the computer screen, like below. You will be asked to bring to mind the associated image pair.'
17.4812 	EXP 	text_8: text = 'Press space to continue!'
17.5310 	EXP 	text_5: text = 'Great job! Your memory for each image pair will now be tested. You will first see one image on the computer screen, like below. You will be asked to bring to mind the associated image pair.'
17.5310 	EXP 	text_8: text = 'Press space to continue!'
17.5813 	EXP 	text_5: text = 'Great job! Your memory for each image pair will now be tested. You will first see one image on the computer screen, like below. You will be asked to bring to mind the associated image pair.'
17.5813 	EXP 	text_8: text = 'Press space to continue!'
17.6319 	EXP 	text_5: text = 'Great job! Your memory for each image pair will now be tested. You will first see one image on the computer screen, like below. You will be asked to bring to mind the associated image pair.'
17.6319 	EXP 	text_8: text = 'Press space to continue!'
17.6822 	EXP 	text_5: text = 'Great job! Your memory for each image pair will now be tested. You will first see one image on the computer screen, like below. You will be asked to bring to mind the associated image pair.'
17.6822 	EXP 	text_8: text = 'Press space to continue!'
17.7315 	EXP 	text_5: text = 'Great job! Your memory for each image pair will now be tested. You will first see one image on the computer screen, like below. You will be asked to bring to mind the associated image pair.'
17.7315 	EXP 	text_8: text = 'Press space to continue!'
17.7819 	EXP 	text_5: text = 'Great job! Your memory for each image pair will now be tested. You will first see one image on the computer screen, like below. You will be asked to bring to mind the associated image pair.'
17.7819 	EXP 	text_8: text = 'Press space to continue!'
17.8156 	DATA 	Keypress: space
17.8306 	EXP 	text_5: text = 'Great job! Your memory for each image pair will now be tested. You will first see one image on the computer screen, like below. You will be asked to bring to mind the associated image pair.'
17.8306 	EXP 	text_8: text = 'Press space to continue!'
17.8331 	EXP 	New trial (rep=0, index=1): OrderedDict([('instructions1', 'Immediately after, you will be asked to select which image was associated with the one on the screen.'), ('Instructions2', 'Press space to continue!'), ('Image1', None), ('Image2', None), ('Image3', None), ('position_1x', 0), ('position_1y', 0.3), ('position_2x', 0.0), ('position_2y', -0.4)])
17.8807 	EXP 	text_5: autoDraw = False
17.8807 	EXP 	text_8: autoDraw = False
17.8807 	EXP 	text_5: autoDraw = True
17.8807 	EXP 	text_8: autoDraw = True
17.8807 	EXP 	text_5: text = 'Immediately after, you will be asked to select which image was associated with the one on the screen.'
17.8807 	EXP 	text_8: text = 'Press space to continue!'
17.9138 	EXP 	text_5: text = 'Immediately after, you will be asked to select which image was associated with the one on the screen.'
17.9138 	EXP 	text_8: text = 'Press space to continue!'
17.9477 	EXP 	text_5: text = 'Immediately after, you will be asked to select which image was associated with the one on the screen.'
17.9477 	EXP 	text_8: text = 'Press space to continue!'
17.9815 	EXP 	text_5: text = 'Immediately after, you will be asked to select which image was associated with the one on the screen.'
17.9815 	EXP 	text_8: text = 'Press space to continue!'
18.0149 	EXP 	text_5: text = 'Immediately after, you will be asked to select which image was associated with the one on the screen.'
18.0149 	EXP 	text_8: text = 'Press space to continue!'
18.0476 	EXP 	text_5: text = 'Immediately after, you will be asked to select which image was associated with the one on the screen.'
18.0476 	EXP 	text_8: text = 'Press space to continue!'
18.0816 	EXP 	text_5: text = 'Immediately after, you will be asked to select which image was associated with the one on the screen.'
18.0816 	EXP 	text_8: text = 'Press space to continue!'
18.1148 	EXP 	text_5: text = 'Immediately after, you will be asked to select which image was associated with the one on the screen.'
18.1148 	EXP 	text_8: text = 'Press space to continue!'
18.1481 	EXP 	text_5: text = 'Immediately after, you will be asked to select which image was associated with the one on the screen.'
18.1481 	EXP 	text_8: text = 'Press space to continue!'
18.1822 	EXP 	text_5: text = 'Immediately after, you will be asked to select which image was associated with the one on the screen.'
18.1822 	EXP 	text_8: text = 'Press space to continue!'
18.2153 	EXP 	text_5: text = 'Immediately after, you will be asked to select which image was associated with the one on the screen.'
18.2153 	EXP 	text_8: text = 'Press space to continue!'
18.2472 	EXP 	text_5: text = 'Immediately after, you will be asked to select which image was associated with the one on the screen.'
18.2472 	EXP 	text_8: text = 'Press space to continue!'
18.2815 	EXP 	text_5: text = 'Immediately after, you will be asked to select which image was associated with the one on the screen.'
18.2815 	EXP 	text_8: text = 'Press space to continue!'
18.3154 	EXP 	text_5: text = 'Immediately after, you will be asked to select which image was associated with the one on the screen.'
18.3154 	EXP 	text_8: text = 'Press space to continue!'
18.3483 	EXP 	text_5: text = 'Immediately after, you will be asked to select which image was associated with the one on the screen.'
18.3483 	EXP 	text_8: text = 'Press space to continue!'
18.3817 	EXP 	text_5: text = 'Immediately after, you will be asked to select which image was associated with the one on the screen.'
18.3817 	EXP 	text_8: text = 'Press space to continue!'
18.4148 	EXP 	text_5: text = 'Immediately after, you will be asked to select which image was associated with the one on the screen.'
18.4148 	EXP 	text_8: text = 'Press space to continue!'
18.4483 	EXP 	text_5: text = 'Immediately after, you will be asked to select which image was associated with the one on the screen.'
18.4483 	EXP 	text_8: text = 'Press space to continue!'
18.4813 	EXP 	text_5: text = 'Immediately after, you will be asked to select which image was associated with the one on the screen.'
18.4813 	EXP 	text_8: text = 'Press space to continue!'
18.5149 	EXP 	text_5: text = 'Immediately after, you will be asked to select which image was associated with the one on the screen.'
18.5149 	EXP 	text_8: text = 'Press space to continue!'
18.5476 	EXP 	text_5: text = 'Immediately after, you will be asked to select which image was associated with the one on the screen.'
18.5476 	EXP 	text_8: text = 'Press space to continue!'
18.5817 	EXP 	text_5: text = 'Immediately after, you will be asked to select which image was associated with the one on the screen.'
18.5817 	EXP 	text_8: text = 'Press space to continue!'
18.6148 	EXP 	text_5: text = 'Immediately after, you will be asked to select which image was associated with the one on the screen.'
18.6148 	EXP 	text_8: text = 'Press space to continue!'
18.6485 	EXP 	text_5: text = 'Immediately after, you will be asked to select which image was associated with the one on the screen.'
18.6485 	EXP 	text_8: text = 'Press space to continue!'
18.6811 	EXP 	text_5: text = 'Immediately after, you will be asked to select which image was associated with the one on the screen.'
18.6811 	EXP 	text_8: text = 'Press space to continue!'
18.7145 	EXP 	text_5: text = 'Immediately after, you will be asked to select which image was associated with the one on the screen.'
18.7145 	EXP 	text_8: text = 'Press space to continue!'
18.7480 	EXP 	text_5: text = 'Immediately after, you will be asked to select which image was associated with the one on the screen.'
18.7480 	EXP 	text_8: text = 'Press space to continue!'
18.7809 	EXP 	text_5: text = 'Immediately after, you will be asked to select which image was associated with the one on the screen.'
18.7809 	EXP 	text_8: text = 'Press space to continue!'
18.8145 	EXP 	text_5: text = 'Immediately after, you will be asked to select which image was associated with the one on the screen.'
18.8145 	EXP 	text_8: text = 'Press space to continue!'
18.8481 	EXP 	text_5: text = 'Immediately after, you will be asked to select which image was associated with the one on the screen.'
18.8481 	EXP 	text_8: text = 'Press space to continue!'
18.8818 	EXP 	text_5: text = 'Immediately after, you will be asked to select which image was associated with the one on the screen.'
18.8818 	EXP 	text_8: text = 'Press space to continue!'
18.9144 	EXP 	text_5: text = 'Immediately after, you will be asked to select which image was associated with the one on the screen.'
18.9144 	EXP 	text_8: text = 'Press space to continue!'
18.9476 	EXP 	text_5: text = 'Immediately after, you will be asked to select which image was associated with the one on the screen.'
18.9476 	EXP 	text_8: text = 'Press space to continue!'
18.9809 	EXP 	text_5: text = 'Immediately after, you will be asked to select which image was associated with the one on the screen.'
18.9809 	EXP 	text_8: text = 'Press space to continue!'
19.0146 	EXP 	text_5: text = 'Immediately after, you will be asked to select which image was associated with the one on the screen.'
19.0146 	EXP 	text_8: text = 'Press space to continue!'
19.0487 	EXP 	text_5: text = 'Immediately after, you will be asked to select which image was associated with the one on the screen.'
19.0487 	EXP 	text_8: text = 'Press space to continue!'
19.0817 	EXP 	text_5: text = 'Immediately after, you will be asked to select which image was associated with the one on the screen.'
19.0817 	EXP 	text_8: text = 'Press space to continue!'
19.1142 	EXP 	text_5: text = 'Immediately after, you will be asked to select which image was associated with the one on the screen.'
19.1142 	EXP 	text_8: text = 'Press space to continue!'
19.1479 	EXP 	text_5: text = 'Immediately after, you will be asked to select which image was associated with the one on the screen.'
19.1479 	EXP 	text_8: text = 'Press space to continue!'
19.1818 	EXP 	text_5: text = 'Immediately after, you will be asked to select which image was associated with the one on the screen.'
19.1818 	EXP 	text_8: text = 'Press space to continue!'
19.2154 	EXP 	text_5: text = 'Immediately after, you will be asked to select which image was associated with the one on the screen.'
19.2154 	EXP 	text_8: text = 'Press space to continue!'
19.2482 	EXP 	text_5: text = 'Immediately after, you will be asked to select which image was associated with the one on the screen.'
19.2482 	EXP 	text_8: text = 'Press space to continue!'
19.2815 	EXP 	text_5: text = 'Immediately after, you will be asked to select which image was associated with the one on the screen.'
19.2815 	EXP 	text_8: text = 'Press space to continue!'
19.3163 	EXP 	text_5: text = 'Immediately after, you will be asked to select which image was associated with the one on the screen.'
19.3163 	EXP 	text_8: text = 'Press space to continue!'
19.3649 	EXP 	text_5: text = 'Immediately after, you will be asked to select which image was associated with the one on the screen.'
19.3649 	EXP 	text_8: text = 'Press space to continue!'
19.3986 	EXP 	text_5: text = 'Immediately after, you will be asked to select which image was associated with the one on the screen.'
19.3986 	EXP 	text_8: text = 'Press space to continue!'
19.4313 	EXP 	text_5: text = 'Immediately after, you will be asked to select which image was associated with the one on the screen.'
19.4313 	EXP 	text_8: text = 'Press space to continue!'
19.4650 	EXP 	text_5: text = 'Immediately after, you will be asked to select which image was associated with the one on the screen.'
19.4650 	EXP 	text_8: text = 'Press space to continue!'
19.4975 	EXP 	text_5: text = 'Immediately after, you will be asked to select which image was associated with the one on the screen.'
19.4975 	EXP 	text_8: text = 'Press space to continue!'
19.5315 	EXP 	text_5: text = 'Immediately after, you will be asked to select which image was associated with the one on the screen.'
19.5315 	EXP 	text_8: text = 'Press space to continue!'
19.5642 	EXP 	text_5: text = 'Immediately after, you will be asked to select which image was associated with the one on the screen.'
19.5642 	EXP 	text_8: text = 'Press space to continue!'
19.5975 	EXP 	text_5: text = 'Immediately after, you will be asked to select which image was associated with the one on the screen.'
19.5975 	EXP 	text_8: text = 'Press space to continue!'
19.6306 	EXP 	text_5: text = 'Immediately after, you will be asked to select which image was associated with the one on the screen.'
19.6306 	EXP 	text_8: text = 'Press space to continue!'
19.6639 	EXP 	text_5: text = 'Immediately after, you will be asked to select which image was associated with the one on the screen.'
19.6639 	EXP 	text_8: text = 'Press space to continue!'
19.6977 	EXP 	text_5: text = 'Immediately after, you will be asked to select which image was associated with the one on the screen.'
19.6977 	EXP 	text_8: text = 'Press space to continue!'
19.7315 	EXP 	text_5: text = 'Immediately after, you will be asked to select which image was associated with the one on the screen.'
19.7315 	EXP 	text_8: text = 'Press space to continue!'
19.7641 	EXP 	text_5: text = 'Immediately after, you will be asked to select which image was associated with the one on the screen.'
19.7641 	EXP 	text_8: text = 'Press space to continue!'
19.7988 	EXP 	text_5: text = 'Immediately after, you will be asked to select which image was associated with the one on the screen.'
19.7988 	EXP 	text_8: text = 'Press space to continue!'
19.8314 	EXP 	text_5: text = 'Immediately after, you will be asked to select which image was associated with the one on the screen.'
19.8314 	EXP 	text_8: text = 'Press space to continue!'
19.8650 	EXP 	text_5: text = 'Immediately after, you will be asked to select which image was associated with the one on the screen.'
19.8650 	EXP 	text_8: text = 'Press space to continue!'
19.8981 	EXP 	text_5: text = 'Immediately after, you will be asked to select which image was associated with the one on the screen.'
19.8981 	EXP 	text_8: text = 'Press space to continue!'
19.9310 	EXP 	text_5: text = 'Immediately after, you will be asked to select which image was associated with the one on the screen.'
19.9310 	EXP 	text_8: text = 'Press space to continue!'
19.9640 	EXP 	text_5: text = 'Immediately after, you will be asked to select which image was associated with the one on the screen.'
19.9640 	EXP 	text_8: text = 'Press space to continue!'
19.9973 	EXP 	text_5: text = 'Immediately after, you will be asked to select which image was associated with the one on the screen.'
19.9973 	EXP 	text_8: text = 'Press space to continue!'
20.0317 	EXP 	text_5: text = 'Immediately after, you will be asked to select which image was associated with the one on the screen.'
20.0317 	EXP 	text_8: text = 'Press space to continue!'
20.0646 	EXP 	text_5: text = 'Immediately after, you will be asked to select which image was associated with the one on the screen.'
20.0646 	EXP 	text_8: text = 'Press space to continue!'
20.0977 	EXP 	text_5: text = 'Immediately after, you will be asked to select which image was associated with the one on the screen.'
20.0977 	EXP 	text_8: text = 'Press space to continue!'
20.1309 	EXP 	text_5: text = 'Immediately after, you will be asked to select which image was associated with the one on the screen.'
20.1309 	EXP 	text_8: text = 'Press space to continue!'
20.1648 	EXP 	text_5: text = 'Immediately after, you will be asked to select which image was associated with the one on the screen.'
20.1648 	EXP 	text_8: text = 'Press space to continue!'
20.1980 	EXP 	text_5: text = 'Immediately after, you will be asked to select which image was associated with the one on the screen.'
20.1980 	EXP 	text_8: text = 'Press space to continue!'
20.2317 	EXP 	text_5: text = 'Immediately after, you will be asked to select which image was associated with the one on the screen.'
20.2317 	EXP 	text_8: text = 'Press space to continue!'
20.2642 	EXP 	text_5: text = 'Immediately after, you will be asked to select which image was associated with the one on the screen.'
20.2642 	EXP 	text_8: text = 'Press space to continue!'
20.2979 	EXP 	text_5: text = 'Immediately after, you will be asked to select which image was associated with the one on the screen.'
20.2979 	EXP 	text_8: text = 'Press space to continue!'
20.3315 	EXP 	text_5: text = 'Immediately after, you will be asked to select which image was associated with the one on the screen.'
20.3315 	EXP 	text_8: text = 'Press space to continue!'
20.3649 	EXP 	text_5: text = 'Immediately after, you will be asked to select which image was associated with the one on the screen.'
20.3649 	EXP 	text_8: text = 'Press space to continue!'
20.3979 	EXP 	text_5: text = 'Immediately after, you will be asked to select which image was associated with the one on the screen.'
20.3979 	EXP 	text_8: text = 'Press space to continue!'
20.4312 	EXP 	text_5: text = 'Immediately after, you will be asked to select which image was associated with the one on the screen.'
20.4312 	EXP 	text_8: text = 'Press space to continue!'
20.4654 	EXP 	text_5: text = 'Immediately after, you will be asked to select which image was associated with the one on the screen.'
20.4654 	EXP 	text_8: text = 'Press space to continue!'
20.4973 	EXP 	text_5: text = 'Immediately after, you will be asked to select which image was associated with the one on the screen.'
20.4973 	EXP 	text_8: text = 'Press space to continue!'
20.5313 	EXP 	text_5: text = 'Immediately after, you will be asked to select which image was associated with the one on the screen.'
20.5313 	EXP 	text_8: text = 'Press space to continue!'
20.5648 	EXP 	text_5: text = 'Immediately after, you will be asked to select which image was associated with the one on the screen.'
20.5648 	EXP 	text_8: text = 'Press space to continue!'
20.5978 	EXP 	text_5: text = 'Immediately after, you will be asked to select which image was associated with the one on the screen.'
20.5978 	EXP 	text_8: text = 'Press space to continue!'
20.5994 	EXP 	New trial (rep=0, index=2): OrderedDict([('instructions1', 'Specifically, you will see three other images, like below. Your job is to select the image that was associated with the image that you just saw.'), ('Instructions2', 'Press space to continue!'), ('Image1', 'instruction_images/oldBook.png'), ('Image2', 'instruction_images/oldBook.png'), ('Image3', 'instruction_images/oldBook.png'), ('position_1x', 0), ('position_1y', 0.3), ('position_2x', 0.0), ('position_2y', -0.4)])
20.6437 	DATA 	Keypress: space
20.6646 	EXP 	text_5: autoDraw = False
20.6646 	EXP 	text_8: autoDraw = False
20.6646 	EXP 	text_5: autoDraw = True
20.6646 	EXP 	text_8: autoDraw = True
20.6646 	EXP 	text_5: text = 'Specifically, you will see three other images, like below. Your job is to select the image that was associated with the image that you just saw.'
20.6646 	EXP 	text_8: text = 'Press space to continue!'
20.7008 	EXP 	text_5: text = 'Specifically, you will see three other images, like below. Your job is to select the image that was associated with the image that you just saw.'
20.7008 	EXP 	text_8: text = 'Press space to continue!'
20.7474 	EXP 	text_5: text = 'Specifically, you will see three other images, like below. Your job is to select the image that was associated with the image that you just saw.'
20.7474 	EXP 	text_8: text = 'Press space to continue!'
20.7837 	EXP 	text_5: text = 'Specifically, you will see three other images, like below. Your job is to select the image that was associated with the image that you just saw.'
20.7837 	EXP 	text_8: text = 'Press space to continue!'
20.8307 	EXP 	text_5: text = 'Specifically, you will see three other images, like below. Your job is to select the image that was associated with the image that you just saw.'
20.8307 	EXP 	text_8: text = 'Press space to continue!'
20.8673 	EXP 	text_5: text = 'Specifically, you will see three other images, like below. Your job is to select the image that was associated with the image that you just saw.'
20.8673 	EXP 	text_8: text = 'Press space to continue!'
20.9042 	EXP 	text_5: text = 'Specifically, you will see three other images, like below. Your job is to select the image that was associated with the image that you just saw.'
20.9042 	EXP 	text_8: text = 'Press space to continue!'
20.9481 	EXP 	text_5: text = 'Specifically, you will see three other images, like below. Your job is to select the image that was associated with the image that you just saw.'
20.9481 	EXP 	text_8: text = 'Press space to continue!'
20.9845 	EXP 	text_5: text = 'Specifically, you will see three other images, like below. Your job is to select the image that was associated with the image that you just saw.'
20.9845 	EXP 	text_8: text = 'Press space to continue!'
21.0315 	EXP 	text_5: text = 'Specifically, you will see three other images, like below. Your job is to select the image that was associated with the image that you just saw.'
21.0315 	EXP 	text_8: text = 'Press space to continue!'
21.0687 	EXP 	text_5: text = 'Specifically, you will see three other images, like below. Your job is to select the image that was associated with the image that you just saw.'
21.0687 	EXP 	text_8: text = 'Press space to continue!'
21.1138 	EXP 	text_5: text = 'Specifically, you will see three other images, like below. Your job is to select the image that was associated with the image that you just saw.'
21.1138 	EXP 	text_8: text = 'Press space to continue!'
21.1516 	EXP 	text_5: text = 'Specifically, you will see three other images, like below. Your job is to select the image that was associated with the image that you just saw.'
21.1516 	EXP 	text_8: text = 'Press space to continue!'
21.1980 	EXP 	text_5: text = 'Specifically, you will see three other images, like below. Your job is to select the image that was associated with the image that you just saw.'
21.1980 	EXP 	text_8: text = 'Press space to continue!'
21.2354 	EXP 	text_5: text = 'Specifically, you will see three other images, like below. Your job is to select the image that was associated with the image that you just saw.'
21.2354 	EXP 	text_8: text = 'Press space to continue!'
21.2815 	EXP 	text_5: text = 'Specifically, you will see three other images, like below. Your job is to select the image that was associated with the image that you just saw.'
21.2815 	EXP 	text_8: text = 'Press space to continue!'
21.3312 	EXP 	text_5: text = 'Specifically, you will see three other images, like below. Your job is to select the image that was associated with the image that you just saw.'
21.3312 	EXP 	text_8: text = 'Press space to continue!'
21.3690 	EXP 	text_5: text = 'Specifically, you will see three other images, like below. Your job is to select the image that was associated with the image that you just saw.'
21.3690 	EXP 	text_8: text = 'Press space to continue!'
21.4145 	EXP 	text_5: text = 'Specifically, you will see three other images, like below. Your job is to select the image that was associated with the image that you just saw.'
21.4145 	EXP 	text_8: text = 'Press space to continue!'
21.4510 	EXP 	text_5: text = 'Specifically, you will see three other images, like below. Your job is to select the image that was associated with the image that you just saw.'
21.4510 	EXP 	text_8: text = 'Press space to continue!'
21.4977 	EXP 	text_5: text = 'Specifically, you will see three other images, like below. Your job is to select the image that was associated with the image that you just saw.'
21.4977 	EXP 	text_8: text = 'Press space to continue!'
21.5338 	EXP 	text_5: text = 'Specifically, you will see three other images, like below. Your job is to select the image that was associated with the image that you just saw.'
21.5338 	EXP 	text_8: text = 'Press space to continue!'
21.5805 	EXP 	text_5: text = 'Specifically, you will see three other images, like below. Your job is to select the image that was associated with the image that you just saw.'
21.5805 	EXP 	text_8: text = 'Press space to continue!'
21.6182 	EXP 	text_5: text = 'Specifically, you will see three other images, like below. Your job is to select the image that was associated with the image that you just saw.'
21.6182 	EXP 	text_8: text = 'Press space to continue!'
21.6641 	EXP 	text_5: text = 'Specifically, you will see three other images, like below. Your job is to select the image that was associated with the image that you just saw.'
21.6641 	EXP 	text_8: text = 'Press space to continue!'
21.7025 	EXP 	text_5: text = 'Specifically, you will see three other images, like below. Your job is to select the image that was associated with the image that you just saw.'
21.7025 	EXP 	text_8: text = 'Press space to continue!'
21.7476 	EXP 	text_5: text = 'Specifically, you will see three other images, like below. Your job is to select the image that was associated with the image that you just saw.'
21.7476 	EXP 	text_8: text = 'Press space to continue!'
21.7840 	EXP 	text_5: text = 'Specifically, you will see three other images, like below. Your job is to select the image that was associated with the image that you just saw.'
21.7840 	EXP 	text_8: text = 'Press space to continue!'
21.8308 	EXP 	text_5: text = 'Specifically, you will see three other images, like below. Your job is to select the image that was associated with the image that you just saw.'
21.8308 	EXP 	text_8: text = 'Press space to continue!'
21.8673 	EXP 	text_5: text = 'Specifically, you will see three other images, like below. Your job is to select the image that was associated with the image that you just saw.'
21.8673 	EXP 	text_8: text = 'Press space to continue!'
21.9145 	EXP 	text_5: text = 'Specifically, you will see three other images, like below. Your job is to select the image that was associated with the image that you just saw.'
21.9145 	EXP 	text_8: text = 'Press space to continue!'
21.9512 	EXP 	text_5: text = 'Specifically, you will see three other images, like below. Your job is to select the image that was associated with the image that you just saw.'
21.9512 	EXP 	text_8: text = 'Press space to continue!'
21.9975 	EXP 	text_5: text = 'Specifically, you will see three other images, like below. Your job is to select the image that was associated with the image that you just saw.'
21.9975 	EXP 	text_8: text = 'Press space to continue!'
22.0336 	EXP 	text_5: text = 'Specifically, you will see three other images, like below. Your job is to select the image that was associated with the image that you just saw.'
22.0336 	EXP 	text_8: text = 'Press space to continue!'
22.0805 	EXP 	text_5: text = 'Specifically, you will see three other images, like below. Your job is to select the image that was associated with the image that you just saw.'
22.0805 	EXP 	text_8: text = 'Press space to continue!'
22.1170 	EXP 	text_5: text = 'Specifically, you will see three other images, like below. Your job is to select the image that was associated with the image that you just saw.'
22.1170 	EXP 	text_8: text = 'Press space to continue!'
22.1641 	EXP 	text_5: text = 'Specifically, you will see three other images, like below. Your job is to select the image that was associated with the image that you just saw.'
22.1641 	EXP 	text_8: text = 'Press space to continue!'
22.2008 	EXP 	text_5: text = 'Specifically, you will see three other images, like below. Your job is to select the image that was associated with the image that you just saw.'
22.2008 	EXP 	text_8: text = 'Press space to continue!'
22.2466 	EXP 	text_5: text = 'Specifically, you will see three other images, like below. Your job is to select the image that was associated with the image that you just saw.'
22.2466 	EXP 	text_8: text = 'Press space to continue!'
22.2838 	EXP 	text_5: text = 'Specifically, you will see three other images, like below. Your job is to select the image that was associated with the image that you just saw.'
22.2838 	EXP 	text_8: text = 'Press space to continue!'
22.3313 	EXP 	text_5: text = 'Specifically, you will see three other images, like below. Your job is to select the image that was associated with the image that you just saw.'
22.3313 	EXP 	text_8: text = 'Press space to continue!'
22.3685 	EXP 	text_5: text = 'Specifically, you will see three other images, like below. Your job is to select the image that was associated with the image that you just saw.'
22.3685 	EXP 	text_8: text = 'Press space to continue!'
22.4138 	EXP 	text_5: text = 'Specifically, you will see three other images, like below. Your job is to select the image that was associated with the image that you just saw.'
22.4138 	EXP 	text_8: text = 'Press space to continue!'
22.4518 	EXP 	text_5: text = 'Specifically, you will see three other images, like below. Your job is to select the image that was associated with the image that you just saw.'
22.4518 	EXP 	text_8: text = 'Press space to continue!'
22.4969 	EXP 	text_5: text = 'Specifically, you will see three other images, like below. Your job is to select the image that was associated with the image that you just saw.'
22.4969 	EXP 	text_8: text = 'Press space to continue!'
22.5343 	EXP 	text_5: text = 'Specifically, you will see three other images, like below. Your job is to select the image that was associated with the image that you just saw.'
22.5343 	EXP 	text_8: text = 'Press space to continue!'
22.5808 	EXP 	text_5: text = 'Specifically, you will see three other images, like below. Your job is to select the image that was associated with the image that you just saw.'
22.5808 	EXP 	text_8: text = 'Press space to continue!'
22.6180 	EXP 	text_5: text = 'Specifically, you will see three other images, like below. Your job is to select the image that was associated with the image that you just saw.'
22.6180 	EXP 	text_8: text = 'Press space to continue!'
22.6659 	EXP 	text_5: text = 'Specifically, you will see three other images, like below. Your job is to select the image that was associated with the image that you just saw.'
22.6659 	EXP 	text_8: text = 'Press space to continue!'
22.7028 	EXP 	text_5: text = 'Specifically, you will see three other images, like below. Your job is to select the image that was associated with the image that you just saw.'
22.7028 	EXP 	text_8: text = 'Press space to continue!'
22.7471 	EXP 	text_5: text = 'Specifically, you will see three other images, like below. Your job is to select the image that was associated with the image that you just saw.'
22.7471 	EXP 	text_8: text = 'Press space to continue!'
22.7845 	EXP 	text_5: text = 'Specifically, you will see three other images, like below. Your job is to select the image that was associated with the image that you just saw.'
22.7845 	EXP 	text_8: text = 'Press space to continue!'
22.8308 	EXP 	text_5: text = 'Specifically, you will see three other images, like below. Your job is to select the image that was associated with the image that you just saw.'
22.8308 	EXP 	text_8: text = 'Press space to continue!'
22.8585 	DATA 	Keypress: space
22.8805 	EXP 	text_5: text = 'Specifically, you will see three other images, like below. Your job is to select the image that was associated with the image that you just saw.'
22.8805 	EXP 	text_8: text = 'Press space to continue!'
22.8821 	EXP 	New trial (rep=0, index=3): OrderedDict([('instructions1', "When you're ready to start the game, press space!"), ('Instructions2', None), ('Image1', None), ('Image2', None), ('Image3', None), ('position_1x', 0), ('position_1y', 0.3), ('position_2x', None), ('position_2y', None)])
22.9307 	EXP 	text_5: autoDraw = False
22.9307 	EXP 	text_8: autoDraw = False
22.9307 	EXP 	text_5: autoDraw = True
22.9307 	EXP 	text_8: autoDraw = True
22.9307 	EXP 	text_5: text = "When you're ready to start the game, press space!"
22.9307 	EXP 	text_8: text = 'Press space to continue!'
22.9637 	EXP 	text_5: text = "When you're ready to start the game, press space!"
22.9637 	EXP 	text_8: text = 'Press space to continue!'
22.9968 	EXP 	text_5: text = "When you're ready to start the game, press space!"
22.9968 	EXP 	text_8: text = 'Press space to continue!'
23.0305 	EXP 	text_5: text = "When you're ready to start the game, press space!"
23.0305 	EXP 	text_8: text = 'Press space to continue!'
23.0635 	EXP 	text_5: text = "When you're ready to start the game, press space!"
23.0635 	EXP 	text_8: text = 'Press space to continue!'
23.0995 	EXP 	text_5: text = "When you're ready to start the game, press space!"
23.0995 	EXP 	text_8: text = 'Press space to continue!'
23.1323 	EXP 	text_5: text = "When you're ready to start the game, press space!"
23.1323 	EXP 	text_8: text = 'Press space to continue!'
23.1661 	EXP 	text_5: text = "When you're ready to start the game, press space!"
23.1661 	EXP 	text_8: text = 'Press space to continue!'
23.1979 	EXP 	text_5: text = "When you're ready to start the game, press space!"
23.1979 	EXP 	text_8: text = 'Press space to continue!'
23.2306 	EXP 	text_5: text = "When you're ready to start the game, press space!"
23.2306 	EXP 	text_8: text = 'Press space to continue!'
23.2635 	EXP 	text_5: text = "When you're ready to start the game, press space!"
23.2635 	EXP 	text_8: text = 'Press space to continue!'
23.3017 	EXP 	text_5: text = "When you're ready to start the game, press space!"
23.3017 	EXP 	text_8: text = 'Press space to continue!'
23.3356 	EXP 	text_5: text = "When you're ready to start the game, press space!"
23.3356 	EXP 	text_8: text = 'Press space to continue!'
23.3685 	EXP 	text_5: text = "When you're ready to start the game, press space!"
23.3685 	EXP 	text_8: text = 'Press space to continue!'
23.4025 	EXP 	text_5: text = "When you're ready to start the game, press space!"
23.4025 	EXP 	text_8: text = 'Press space to continue!'
23.4357 	EXP 	text_5: text = "When you're ready to start the game, press space!"
23.4357 	EXP 	text_8: text = 'Press space to continue!'
23.4682 	EXP 	text_5: text = "When you're ready to start the game, press space!"
23.4682 	EXP 	text_8: text = 'Press space to continue!'
23.5028 	EXP 	text_5: text = "When you're ready to start the game, press space!"
23.5028 	EXP 	text_8: text = 'Press space to continue!'
23.5355 	EXP 	text_5: text = "When you're ready to start the game, press space!"
23.5355 	EXP 	text_8: text = 'Press space to continue!'
23.5691 	EXP 	text_5: text = "When you're ready to start the game, press space!"
23.5691 	EXP 	text_8: text = 'Press space to continue!'
23.6017 	EXP 	text_5: text = "When you're ready to start the game, press space!"
23.6017 	EXP 	text_8: text = 'Press space to continue!'
23.6350 	EXP 	text_5: text = "When you're ready to start the game, press space!"
23.6350 	EXP 	text_8: text = 'Press space to continue!'
23.6679 	EXP 	text_5: text = "When you're ready to start the game, press space!"
23.6679 	EXP 	text_8: text = 'Press space to continue!'
23.7020 	EXP 	text_5: text = "When you're ready to start the game, press space!"
23.7020 	EXP 	text_8: text = 'Press space to continue!'
23.7356 	EXP 	text_5: text = "When you're ready to start the game, press space!"
23.7356 	EXP 	text_8: text = 'Press space to continue!'
23.7685 	EXP 	text_5: text = "When you're ready to start the game, press space!"
23.7685 	EXP 	text_8: text = 'Press space to continue!'
23.8023 	EXP 	text_5: text = "When you're ready to start the game, press space!"
23.8023 	EXP 	text_8: text = 'Press space to continue!'
23.8348 	EXP 	text_5: text = "When you're ready to start the game, press space!"
23.8348 	EXP 	text_8: text = 'Press space to continue!'
23.8675 	EXP 	text_5: text = "When you're ready to start the game, press space!"
23.8675 	EXP 	text_8: text = 'Press space to continue!'
23.9007 	EXP 	text_5: text = "When you're ready to start the game, press space!"
23.9007 	EXP 	text_8: text = 'Press space to continue!'
23.9319 	EXP 	text_5: text = "When you're ready to start the game, press space!"
23.9319 	EXP 	text_8: text = 'Press space to continue!'
23.9648 	EXP 	text_5: text = "When you're ready to start the game, press space!"
23.9648 	EXP 	text_8: text = 'Press space to continue!'
23.9970 	EXP 	text_5: text = "When you're ready to start the game, press space!"
23.9970 	EXP 	text_8: text = 'Press space to continue!'
24.0311 	EXP 	text_5: text = "When you're ready to start the game, press space!"
24.0311 	EXP 	text_8: text = 'Press space to continue!'
24.0655 	EXP 	text_5: text = "When you're ready to start the game, press space!"
24.0655 	EXP 	text_8: text = 'Press space to continue!'
24.0972 	EXP 	text_5: text = "When you're ready to start the game, press space!"
24.0972 	EXP 	text_8: text = 'Press space to continue!'
24.1306 	EXP 	text_5: text = "When you're ready to start the game, press space!"
24.1306 	EXP 	text_8: text = 'Press space to continue!'
24.1641 	EXP 	text_5: text = "When you're ready to start the game, press space!"
24.1641 	EXP 	text_8: text = 'Press space to continue!'
24.1978 	EXP 	text_5: text = "When you're ready to start the game, press space!"
24.1978 	EXP 	text_8: text = 'Press space to continue!'
24.2309 	EXP 	text_5: text = "When you're ready to start the game, press space!"
24.2309 	EXP 	text_8: text = 'Press space to continue!'
24.2639 	EXP 	text_5: text = "When you're ready to start the game, press space!"
24.2639 	EXP 	text_8: text = 'Press space to continue!'
24.2973 	EXP 	text_5: text = "When you're ready to start the game, press space!"
24.2973 	EXP 	text_8: text = 'Press space to continue!'
24.3150 	EXP 	Imported test_encoding.xlsx as conditions, 12 conditions, 6 params
24.3153 	EXP 	Created sequence: random, trialTypes=12, nReps=1, seed=None
24.3157 	EXP 	New trial (rep=0, index=0): OrderedDict([('trial', 7), ('image_a', 'images/barrel.jpg'), ('image_correct', 'images/emma_stone.jpg'), ('image_alternative1', 'images/emma_stone.jpg'), ('image_alternative2', 'images/emma_stone.jpg'), ('category_b', 'face')])
24.3178 	DATA 	Keypress: space
24.3311 	EXP 	text_5: autoDraw = False
24.3311 	EXP 	text_8: autoDraw = False
24.8304 	EXP 	instruct_text: autoDraw = True
24.8304 	EXP 	a_image_retrieve: autoDraw = True
26.3312 	EXP 	text_2: autoDraw = True
26.8478 	EXP 	instruct_text: autoDraw = False
26.8478 	EXP 	a_image_retrieve: autoDraw = False
26.8478 	EXP 	text_2: autoDraw = False
27.3479 	EXP 	correct_pair: autoDraw = True
27.3479 	EXP 	afc_text: autoDraw = True
27.3479 	EXP 	alternative_1: autoDraw = True
27.3479 	EXP 	alternative_2: autoDraw = True
28.4793 	DATA 	Keypress: escape
28.9217 	EXP 	window1: mouseVisible = True
