6.7872 	EXP 	Created window1 = Window(allowGUI=False, allowStencil=False, args=UNKNOWN, autoLog=True, bitsMode=UNKNOWN, blendMode='avg', color=array([0.992, 0.992, 0.992]), colorSpace='rgb', fullscr=<method-wrapper '__getattribute__' of attributeSetter object at 0x131ea5f28>, gamma=None, gammaErrorPolicy='raise', kwargs=UNKNOWN, lms=UNKNOWN, monitor=<psychopy.monitors.calibTools.Monitor object at 0x131d39940>, multiSample=False, name='window1', numSamples=2, pos=[360.0, 225.0], screen=0, size=array([2880, 1800]), stereo=False, units='height', useFBO=True, useRetina=True, viewOri=0.0, viewPos=None, viewScale=None, waitBlanking=True, winType='pyglet')
6.7873 	EXP 	window1: recordFrameIntervals = False
6.9532 	EXP 	window1: recordFrameIntervals = True
7.1368 	EXP 	window1: recordFrameIntervals = False
7.5451 	EXP 	Created text = TextStim(__class__=<class 'psychopy.visual.text.TextStim'>, alignHoriz='center', alignVert='center', antialias=True, autoLog=True, bold=False, color='white', colorSpace='named', contrast=1.0, depth=0.0, flipHoriz=False, flipVert=False, font='Arial', fontFiles=[], height=1.0, italic=False, languageStyle='LTR', name='text', opacity=1.0, ori=0, pos=array([0., 0.]), rgb=array([255., 255., 255.]), text='default text', units='height', win=Window(...), wrapWidth=1)
7.5499 	EXP 	Created instructions_text2 = TextStim(__class__=<class 'psychopy.visual.text.TextStim'>, alignHoriz='center', alignVert='center', antialias=True, autoLog=True, bold=False, color='white', colorSpace='named', contrast=1.0, depth=-1.0, flipHoriz=False, flipVert=False, font='Arial', fontFiles=[], height=1.0, italic=False, languageStyle='LTR', name='instructions_text2', opacity=1.0, ori=0, pos=array([0., 0.]), rgb=array([255., 255., 255.]), text='default text', units='height', win=Window(...), wrapWidth=1)
7.5934 	EXP 	Created image1 = ImageStim(__class__=<class 'psychopy.visual.image.ImageStim'>, autoLog=True, color=array([1., 1., 1.]), colorSpace='rgb', contrast=1.0, depth=-3.0, flipHoriz=False, flipVert=False, image='sin', interpolate=True, mask=None, maskParams=None, name='image1', opacity=1.0, ori=0.0, pos=array([0., 0.]), size=array([1., 1.]), texRes=128, units='height', win=Window(...))
7.5952 	EXP 	Created image2 = ImageStim(__class__=<class 'psychopy.visual.image.ImageStim'>, autoLog=True, color=array([1., 1., 1.]), colorSpace='rgb', contrast=1.0, depth=-4.0, flipHoriz=False, flipVert=False, image='sin', interpolate=True, mask=None, maskParams=None, name='image2', opacity=1.0, ori=0.0, pos=array([0., 0.]), size=array([1., 1.]), texRes=128, units='height', win=Window(...))
7.5970 	EXP 	Created a_image = ImageStim(__class__=<class 'psychopy.visual.image.ImageStim'>, autoLog=True, color=array([1., 1., 1.]), colorSpace='rgb', contrast=1.0, depth=0.0, flipHoriz=False, flipVert=False, image='sin', interpolate=True, mask=None, maskParams=None, name='a_image', opacity=1.0, ori=0.0, pos=array([-0.2,  0. ]), size=array([0.4, 0.4]), texRes=128, units='height', win=Window(...))
7.5988 	EXP 	Created b_image = ImageStim(__class__=<class 'psychopy.visual.image.ImageStim'>, autoLog=True, color=array([1., 1., 1.]), colorSpace='rgb', contrast=1.0, depth=-1.0, flipHoriz=False, flipVert=False, image='sin', interpolate=True, mask=None, maskParams=None, name='b_image', opacity=1.0, ori=0.0, pos=array([0.2, 0. ]), size=array([0.4, 0.4]), texRes=128, units='height', win=Window(...))
7.6147 	EXP 	Created text_12 = TextStim(__class__=<class 'psychopy.visual.text.TextStim'>, alignHoriz='center', alignVert='center', antialias=True, autoLog=True, bold=False, color='black', colorSpace='named', contrast=1.0, depth=-2.0, flipHoriz=False, flipVert=False, font='Helvetica', fontFiles=[], height=0.03, italic=False, languageStyle='LTR', name='text_12', opacity=1.0, ori=0, pos=array([0., 0.]), rgb=array([0., 0., 0.]), text='Remember the image pairs', units='height', win=Window(...), wrapWidth=1)
7.6195 	EXP 	Created text_3 = TextStim(__class__=<class 'psychopy.visual.text.TextStim'>, alignHoriz='center', alignVert='center', antialias=True, autoLog=True, bold=False, color='white', colorSpace='named', contrast=1.0, depth=0.0, flipHoriz=False, flipVert=False, font='Arial', fontFiles=[], height=1.0, italic=False, languageStyle='LTR', name='text_3', opacity=1.0, ori=0, pos=array([0., 0.]), rgb=array([255., 255., 255.]), text='default text', units='height', win=Window(...), wrapWidth=1)
7.6240 	EXP 	Created text_4 = TextStim(__class__=<class 'psychopy.visual.text.TextStim'>, alignHoriz='center', alignVert='center', antialias=True, autoLog=True, bold=False, color='white', colorSpace='named', contrast=1.0, depth=-1.0, flipHoriz=False, flipVert=False, font='Arial', fontFiles=[], height=1.0, italic=False, languageStyle='LTR', name='text_4', opacity=1.0, ori=0, pos=array([0., 0.]), rgb=array([255., 255., 255.]), text='default text', units='height', win=Window(...), wrapWidth=1)
7.6260 	EXP 	Created image_3 = ImageStim(__class__=<class 'psychopy.visual.image.ImageStim'>, autoLog=True, color=array([1., 1., 1.]), colorSpace='rgb', contrast=1.0, depth=-2.0, flipHoriz=False, flipVert=False, image='sin', interpolate=True, mask=None, maskParams=None, name='image_3', opacity=1.0, ori=1.0, pos=array([0., 0.]), size=array([1., 1.]), texRes=128, units='height', win=Window(...))
7.6310 	EXP 	Created text_5 = TextStim(__class__=<class 'psychopy.visual.text.TextStim'>, alignHoriz='center', alignVert='center', antialias=True, autoLog=True, bold=False, color='white', colorSpace='named', contrast=1.0, depth=0.0, flipHoriz=False, flipVert=False, font='Arial', fontFiles=[], height=1.0, italic=False, languageStyle='LTR', name='text_5', opacity=1.0, ori=0, pos=array([0., 0.]), rgb=array([255., 255., 255.]), text='default text', units='height', win=Window(...), wrapWidth=1)
7.6353 	EXP 	Created text_8 = TextStim(__class__=<class 'psychopy.visual.text.TextStim'>, alignHoriz='center', alignVert='center', antialias=True, autoLog=True, bold=False, color='white', colorSpace='named', contrast=1.0, depth=-1.0, flipHoriz=False, flipVert=False, font='Arial', fontFiles=[], height=1.0, italic=False, languageStyle='LTR', name='text_8', opacity=1.0, ori=0, pos=array([0., 0.]), rgb=array([255., 255., 255.]), text='default text', units='height', win=Window(...), wrapWidth=1)
7.6700 	EXP 	Created image = ImageStim(__class__=<class 'psychopy.visual.image.ImageStim'>, autoLog=True, color=array([1., 1., 1.]), colorSpace='rgb', contrast=1.0, depth=-3.0, flipHoriz=False, flipVert=False, image='sin', interpolate=True, mask=None, maskParams=None, name='image', opacity=1.0, ori=1.0, pos=array([0., 0.]), size=array([1., 1.]), texRes=128, units='height', win=Window(...))
7.6718 	EXP 	Created image_2 = ImageStim(__class__=<class 'psychopy.visual.image.ImageStim'>, autoLog=True, color=array([1., 1., 1.]), colorSpace='rgb', contrast=1.0, depth=-4.0, flipHoriz=False, flipVert=False, image='sin', interpolate=True, mask=None, maskParams=None, name='image_2', opacity=1.0, ori=1.0, pos=array([0., 0.]), size=array([1., 1.]), texRes=128, units='height', win=Window(...))
7.6735 	EXP 	Created image_5 = ImageStim(__class__=<class 'psychopy.visual.image.ImageStim'>, autoLog=True, color=array([1., 1., 1.]), colorSpace='rgb', contrast=1.0, depth=-5.0, flipHoriz=False, flipVert=False, image='sin', interpolate=True, mask=None, maskParams=None, name='image_5', opacity=1.0, ori=1.0, pos=array([0., 0.]), size=array([1., 1.]), texRes=128, units='height', win=Window(...))
7.6753 	EXP 	Created image_6 = ImageStim(__class__=<class 'psychopy.visual.image.ImageStim'>, autoLog=True, color=array([1., 1., 1.]), colorSpace='rgb', contrast=1.0, depth=-6.0, flipHoriz=False, flipVert=False, image='sin', interpolate=True, mask=None, maskParams=None, name='image_6', opacity=1.0, ori=1.0, pos=array([0., 0.]), size=array([1., 1.]), texRes=128, units='height', win=Window(...))
7.6799 	EXP 	Created K = TextStim(__class__=<class 'psychopy.visual.text.TextStim'>, alignHoriz='center', alignVert='center', antialias=True, autoLog=True, bold=False, color='white', colorSpace='named', contrast=1.0, depth=-7.0, flipHoriz=False, flipVert=False, font='Arial', fontFiles=[], height=1.0, italic=False, languageStyle='LTR', name='K', opacity=1.0, ori=0, pos=array([0., 0.]), rgb=array([255., 255., 255.]), text='default text', units='height', win=Window(...), wrapWidth=1)
7.6848 	EXP 	Created L = TextStim(__class__=<class 'psychopy.visual.text.TextStim'>, alignHoriz='center', alignVert='center', antialias=True, autoLog=True, bold=False, color='white', colorSpace='named', contrast=1.0, depth=-8.0, flipHoriz=False, flipVert=False, font='Arial', fontFiles=[], height=1.0, italic=False, languageStyle='LTR', name='L', opacity=1.0, ori=0, pos=array([0., 0.]), rgb=array([255., 255., 255.]), text='default text', units='height', win=Window(...), wrapWidth=1)
7.6982 	EXP 	Created instruct_text = TextStim(__class__=<class 'psychopy.visual.text.TextStim'>, alignHoriz='center', alignVert='center', antialias=True, autoLog=True, bold=False, color='black', colorSpace='named', contrast=1.0, depth=0.0, flipHoriz=False, flipVert=False, font='Arial', fontFiles=[], height=0.1, italic=False, languageStyle='LTR', name='instruct_text', opacity=1.0, ori=0, pos=array([0. , 0.4]), rgb=array([0., 0., 0.]), text='Retrieve the associate', units='height', win=Window(...), wrapWidth=1)
7.7001 	EXP 	Created a_image_retrieve = ImageStim(__class__=<class 'psychopy.visual.image.ImageStim'>, autoLog=True, color=array([1., 1., 1.]), colorSpace='rgb', contrast=1.0, depth=-1.0, flipHoriz=False, flipVert=False, image='sin', interpolate=True, mask=None, maskParams=None, name='a_image_retrieve', opacity=1.0, ori=0.0, pos=array([-0.5, -0.1]), size=array([0.5, 0.5]), texRes=128, units='height', win=Window(...))
7.7046 	EXP 	Created text_2 = TextStim(__class__=<class 'psychopy.visual.text.TextStim'>, alignHoriz='center', alignVert='center', antialias=True, autoLog=True, bold=False, color='white', colorSpace='named', contrast=1.0, depth=-2.0, flipHoriz=False, flipVert=False, font='Arial', fontFiles=[], height=0.1, italic=False, languageStyle='LTR', name='text_2', opacity=1.0, ori=0, pos=array([0., 0.]), rgb=array([255., 255., 255.]), text='+', units='height', win=Window(...), wrapWidth=1)
7.7065 	EXP 	Created correct_pair = ImageStim(__class__=<class 'psychopy.visual.image.ImageStim'>, autoLog=True, color=array([1., 1., 1.]), colorSpace='rgb', contrast=1.0, depth=-3.0, flipHoriz=False, flipVert=False, image='sin', interpolate=True, mask=None, maskParams=None, name='correct_pair', opacity=1.0, ori=0.0, pos=array([0., 0.]), size=array([0.5, 0.5]), texRes=128, units='height', win=Window(...))
7.7181 	EXP 	Created afc_text = TextStim(__class__=<class 'psychopy.visual.text.TextStim'>, alignHoriz='center', alignVert='center', antialias=True, autoLog=True, bold=False, color='black', colorSpace='named', contrast=1.0, depth=-4.0, flipHoriz=False, flipVert=False, font='Arial', fontFiles=[], height=0.05, italic=False, languageStyle='LTR', name='afc_text', opacity=1.0, ori=0, pos=array([0., 3.]), rgb=array([0., 0., 0.]), text='Select the correct image', units='height', win=Window(...), wrapWidth=1)
7.7201 	EXP 	Created alternative_1 = ImageStim(__class__=<class 'psychopy.visual.image.ImageStim'>, autoLog=True, color=array([1., 1., 1.]), colorSpace='rgb', contrast=1.0, depth=-5.0, flipHoriz=False, flipVert=False, image='sin', interpolate=True, mask=None, maskParams=None, name='alternative_1', opacity=1.0, ori=0.0, pos=array([-0.3,  0. ]), size=array([0.5, 0.5]), texRes=128, units='height', win=Window(...))
7.7220 	EXP 	Created alternative_2 = ImageStim(__class__=<class 'psychopy.visual.image.ImageStim'>, autoLog=True, color=array([1., 1., 1.]), colorSpace='rgb', contrast=1.0, depth=-6.0, flipHoriz=False, flipVert=False, image='sin', interpolate=True, mask=None, maskParams=None, name='alternative_2', opacity=1.0, ori=0.0, pos=array([0. , 0.3]), size=array([0.5, 0.5]), texRes=128, units='height', win=Window(...))
7.7357 	EXP 	Imported instructions_intentional_encoding.xlsx as conditions, 8 conditions, 13 params
7.7360 	EXP 	Created sequence: sequential, trialTypes=8, nReps=1, seed=None
7.7365 	EXP 	New trial (rep=0, index=0): OrderedDict([('instructions1', 'Welcome to the memory experiment!'), ('Instructions2', 'Press space to continue!'), ('Image1', None), ('Image2', None), ('Image3', None), ('Image_4', None), ('position_1x', 0), ('position_1y', 0.3), ('position_2x', 0.0), ('position_2y', -0.4), ('J_key', None), ('K_key', None), ('L_key', None)])
7.8206 	EXP 	text: color = 'black (named)'
7.8206 	EXP 	text: pos = array([0. , 0.3])
7.8206 	EXP 	text: text = 'Welcome to the memory experiment!'
7.8206 	EXP 	text: font = 'Helvetica'
7.8206 	EXP 	text: height = 0.03
7.8206 	EXP 	instructions_text2: color = 'black (named)'
7.8206 	EXP 	instructions_text2: pos = array([ 0. , -0.4])
7.8206 	EXP 	instructions_text2: text = 'Press space to continue!'
7.8206 	EXP 	instructions_text2: font = 'Helvetica'
7.8206 	EXP 	instructions_text2: height = 0.03
7.8750 	EXP 	text: autoDraw = True
7.8750 	EXP 	instructions_text2: autoDraw = True
7.8750 	EXP 	image1: autoDraw = True
7.8750 	EXP 	image2: autoDraw = True
7.8750 	EXP 	text: text = 'Welcome to the memory experiment!'
7.8750 	EXP 	instructions_text2: text = 'Press space to continue!'
8.6234 	EXP 	New trial (rep=0, index=1): OrderedDict([('instructions1', 'On each trial of this task, you will see two images on the left and right side of the computer screen, like below.'), ('Instructions2', 'Press space to continue!'), ('Image1', 'instruction_images/jessica_alba.jpg'), ('Image2', 'instruction_images/oldBook.png'), ('Image3', None), ('Image_4', None), ('position_1x', 0), ('position_1y', 0.3), ('position_2x', 0.0), ('position_2y', -0.4), ('J_key', None), ('K_key', None), ('L_key', None)])
8.6481 	DATA 	Keypress: space
8.6693 	EXP 	text: autoDraw = False
8.6693 	EXP 	instructions_text2: autoDraw = False
8.6693 	EXP 	image1: autoDraw = False
8.6693 	EXP 	image2: autoDraw = False
8.6693 	EXP 	text: color = 'black (named)'
8.6693 	EXP 	text: pos = array([0. , 0.3])
8.6693 	EXP 	text: text = 'On each trial of this task, you will see two images on the left and right side of the computer screen, like below.'
8.6693 	EXP 	text: font = 'Helvetica'
8.6693 	EXP 	text: height = 0.03
8.6693 	EXP 	instructions_text2: color = 'black (named)'
8.6693 	EXP 	instructions_text2: pos = array([ 0. , -0.4])
8.6693 	EXP 	instructions_text2: text = 'Press space to continue!'
8.6693 	EXP 	instructions_text2: font = 'Helvetica'
8.6693 	EXP 	instructions_text2: height = 0.03
8.8543 	EXP 	text: autoDraw = True
8.8543 	EXP 	instructions_text2: autoDraw = True
8.8543 	EXP 	image1: autoDraw = True
8.8543 	EXP 	image2: autoDraw = True
8.8543 	EXP 	text: text = 'On each trial of this task, you will see two images on the left and right side of the computer screen, like below.'
8.8543 	EXP 	instructions_text2: text = 'Press space to continue!'
8.9386 	EXP 	New trial (rep=0, index=2): OrderedDict([('instructions1', 'Your job is to memorize that the image pairs go together. You can use any strategy to remember them.'), ('Instructions2', 'Press space to continue!'), ('Image1', 'instruction_images/jessica_alba.jpg'), ('Image2', 'instruction_images/oldBook.png'), ('Image3', None), ('Image_4', None), ('position_1x', 0), ('position_1y', 0.3), ('position_2x', 0.0), ('position_2y', -0.4), ('J_key', None), ('K_key', None), ('L_key', None)])
8.9579 	DATA 	Keypress: space
8.9697 	EXP 	text: autoDraw = False
8.9697 	EXP 	instructions_text2: autoDraw = False
8.9697 	EXP 	image1: autoDraw = False
8.9697 	EXP 	image2: autoDraw = False
8.9697 	EXP 	text: color = 'black (named)'
8.9697 	EXP 	text: pos = array([0. , 0.3])
8.9697 	EXP 	text: text = 'Your job is to memorize that the image pairs go together. You can use any strategy to remember them.'
8.9697 	EXP 	text: font = 'Helvetica'
8.9697 	EXP 	text: height = 0.03
8.9697 	EXP 	instructions_text2: color = 'black (named)'
8.9697 	EXP 	instructions_text2: pos = array([ 0. , -0.4])
8.9697 	EXP 	instructions_text2: text = 'Press space to continue!'
8.9697 	EXP 	instructions_text2: font = 'Helvetica'
8.9697 	EXP 	instructions_text2: height = 0.03
9.0362 	EXP 	text: autoDraw = True
9.0362 	EXP 	instructions_text2: autoDraw = True
9.0362 	EXP 	image1: autoDraw = True
9.0362 	EXP 	image2: autoDraw = True
9.0362 	EXP 	text: text = 'Your job is to memorize that the image pairs go together. You can use any strategy to remember them.'
9.0362 	EXP 	instructions_text2: text = 'Press space to continue!'
9.2273 	DATA 	Keypress: space
9.2637 	EXP 	New trial (rep=0, index=3): OrderedDict([('instructions1', 'For example, you could rehearse them in your memory, or link them through a story.'), ('Instructions2', 'Press space to continue!'), ('Image1', 'instruction_images/jessica_alba.jpg'), ('Image2', 'instruction_images/oldBook.png'), ('Image3', None), ('Image_4', None), ('position_1x', 0), ('position_1y', 0.3), ('position_2x', 0.0), ('position_2y', -0.4), ('J_key', None), ('K_key', None), ('L_key', None)])
9.3028 	EXP 	text: autoDraw = False
9.3028 	EXP 	instructions_text2: autoDraw = False
9.3028 	EXP 	image1: autoDraw = False
9.3028 	EXP 	image2: autoDraw = False
9.3028 	EXP 	text: color = 'black (named)'
9.3028 	EXP 	text: pos = array([0. , 0.3])
9.3028 	EXP 	text: text = 'For example, you could rehearse them in your memory, or link them through a story.'
9.3028 	EXP 	text: font = 'Helvetica'
9.3028 	EXP 	text: height = 0.03
9.3028 	EXP 	instructions_text2: color = 'black (named)'
9.3028 	EXP 	instructions_text2: pos = array([ 0. , -0.4])
9.3028 	EXP 	instructions_text2: text = 'Press space to continue!'
9.3028 	EXP 	instructions_text2: font = 'Helvetica'
9.3028 	EXP 	instructions_text2: height = 0.03
9.3869 	EXP 	text: autoDraw = True
9.3869 	EXP 	instructions_text2: autoDraw = True
9.3869 	EXP 	image1: autoDraw = True
9.3869 	EXP 	image2: autoDraw = True
9.3869 	EXP 	text: text = 'For example, you could rehearse them in your memory, or link them through a story.'
9.3869 	EXP 	instructions_text2: text = 'Press space to continue!'
9.5111 	EXP 	New trial (rep=0, index=4): OrderedDict([('instructions1', "It's important that you remember that these images go together. Your memory will later be tested. "), ('Instructions2', 'Press space to continue!'), ('Image1', 'instruction_images/jessica_alba.jpg'), ('Image2', 'instruction_images/oldBook.png'), ('Image3', None), ('Image_4', None), ('position_1x', 0), ('position_1y', 0.3), ('position_2x', 0.0), ('position_2y', -0.4), ('J_key', None), ('K_key', None), ('L_key', None)])
9.5300 	DATA 	Keypress: space
9.5532 	EXP 	text: autoDraw = False
9.5532 	EXP 	instructions_text2: autoDraw = False
9.5532 	EXP 	image1: autoDraw = False
9.5532 	EXP 	image2: autoDraw = False
9.5532 	EXP 	text: color = 'black (named)'
9.5532 	EXP 	text: pos = array([0. , 0.3])
9.5532 	EXP 	text: text = "It's important that you remember that these images go together. Your memory will later be tested. "
9.5532 	EXP 	text: font = 'Helvetica'
9.5532 	EXP 	text: height = 0.03
9.5532 	EXP 	instructions_text2: color = 'black (named)'
9.5532 	EXP 	instructions_text2: pos = array([ 0. , -0.4])
9.5532 	EXP 	instructions_text2: text = 'Press space to continue!'
9.5532 	EXP 	instructions_text2: font = 'Helvetica'
9.5532 	EXP 	instructions_text2: height = 0.03
9.6204 	EXP 	text: autoDraw = True
9.6204 	EXP 	instructions_text2: autoDraw = True
9.6204 	EXP 	image1: autoDraw = True
9.6204 	EXP 	image2: autoDraw = True
9.6204 	EXP 	text: text = "It's important that you remember that these images go together. Your memory will later be tested. "
9.6204 	EXP 	instructions_text2: text = 'Press space to continue!'
9.7399 	DATA 	Keypress: space
9.7716 	EXP 	New trial (rep=0, index=5): OrderedDict([('instructions1', 'Get ready to see a series of image pairs! '), ('Instructions2', 'Press space to continue!'), ('Image1', 'instruction_images/jessica_alba.jpg'), ('Image2', 'instruction_images/oldBook.png'), ('Image3', None), ('Image_4', None), ('position_1x', 0), ('position_1y', 0.3), ('position_2x', 0.0), ('position_2y', -0.4), ('J_key', None), ('K_key', None), ('L_key', None)])
9.8031 	EXP 	text: autoDraw = False
9.8031 	EXP 	instructions_text2: autoDraw = False
9.8031 	EXP 	image1: autoDraw = False
9.8031 	EXP 	image2: autoDraw = False
9.8031 	EXP 	text: color = 'black (named)'
9.8031 	EXP 	text: pos = array([0. , 0.3])
9.8031 	EXP 	text: text = 'Get ready to see a series of image pairs! '
9.8031 	EXP 	text: font = 'Helvetica'
9.8031 	EXP 	text: height = 0.03
9.8031 	EXP 	instructions_text2: color = 'black (named)'
9.8031 	EXP 	instructions_text2: pos = array([ 0. , -0.4])
9.8031 	EXP 	instructions_text2: text = 'Press space to continue!'
9.8031 	EXP 	instructions_text2: font = 'Helvetica'
9.8031 	EXP 	instructions_text2: height = 0.03
9.8695 	EXP 	text: autoDraw = True
9.8695 	EXP 	instructions_text2: autoDraw = True
9.8695 	EXP 	image1: autoDraw = True
9.8695 	EXP 	image2: autoDraw = True
9.8695 	EXP 	text: text = 'Get ready to see a series of image pairs! '
9.8695 	EXP 	instructions_text2: text = 'Press space to continue!'
9.9544 	EXP 	New trial (rep=0, index=6): OrderedDict([('instructions1', 'Each pair of images will only last on the screen for a few sceonds, so pay attention!'), ('Instructions2', 'Press space to continue!'), ('Image1', 'instruction_images/jessica_alba.jpg'), ('Image2', 'instruction_images/oldBook.png'), ('Image3', None), ('Image_4', None), ('position_1x', 0), ('position_1y', 0.3), ('position_2x', 0.0), ('position_2y', -0.4), ('J_key', None), ('K_key', None), ('L_key', None)])
9.9699 	DATA 	Keypress: space
9.9866 	EXP 	text: autoDraw = False
9.9866 	EXP 	instructions_text2: autoDraw = False
9.9866 	EXP 	image1: autoDraw = False
9.9866 	EXP 	image2: autoDraw = False
9.9866 	EXP 	text: color = 'black (named)'
9.9866 	EXP 	text: pos = array([0. , 0.3])
9.9866 	EXP 	text: text = 'Each pair of images will only last on the screen for a few sceonds, so pay attention!'
9.9866 	EXP 	text: font = 'Helvetica'
9.9866 	EXP 	text: height = 0.03
9.9866 	EXP 	instructions_text2: color = 'black (named)'
9.9866 	EXP 	instructions_text2: pos = array([ 0. , -0.4])
9.9866 	EXP 	instructions_text2: text = 'Press space to continue!'
9.9866 	EXP 	instructions_text2: font = 'Helvetica'
9.9866 	EXP 	instructions_text2: height = 0.03
10.0409 	DATA 	Keypress: space
10.0542 	EXP 	text: autoDraw = True
10.0542 	EXP 	instructions_text2: autoDraw = True
10.0542 	EXP 	image1: autoDraw = True
10.0542 	EXP 	image2: autoDraw = True
10.0542 	EXP 	text: text = 'Each pair of images will only last on the screen for a few sceonds, so pay attention!'
10.0542 	EXP 	instructions_text2: text = 'Press space to continue!'
10.2784 	EXP 	New trial (rep=0, index=7): OrderedDict([('instructions1', "When you're ready to start the game, press space!"), ('Instructions2', None), ('Image1', None), ('Image2', None), ('Image3', None), ('Image_4', None), ('position_1x', 0), ('position_1y', 0.0), ('position_2x', None), ('position_2y', None), ('J_key', None), ('K_key', None), ('L_key', None)])
10.3037 	DATA 	Keypress: space
10.3192 	EXP 	text: autoDraw = False
10.3192 	EXP 	instructions_text2: autoDraw = False
10.3192 	EXP 	image1: autoDraw = False
10.3192 	EXP 	image2: autoDraw = False
10.3192 	EXP 	text: color = 'black (named)'
10.3192 	EXP 	text: pos = array([0., 0.])
10.3192 	EXP 	text: text = "When you're ready to start the game, press space!"
10.3192 	EXP 	text: font = 'Helvetica'
10.3192 	EXP 	text: height = 0.03
10.3192 	EXP 	instructions_text2: color = 'black (named)'
10.3192 	EXP 	instructions_text2: pos = array([nan, nan])
10.3192 	EXP 	instructions_text2: text = 'Press space to continue!'
10.3192 	EXP 	instructions_text2: font = 'Helvetica'
10.3192 	EXP 	instructions_text2: height = 0.03
10.3691 	EXP 	text: autoDraw = True
10.3691 	EXP 	instructions_text2: autoDraw = True
10.3691 	EXP 	image1: autoDraw = True
10.3691 	EXP 	image2: autoDraw = True
10.3691 	EXP 	text: text = "When you're ready to start the game, press space!"
10.3691 	EXP 	instructions_text2: text = 'Press space to continue!'
10.4708 	EXP 	Imported intentional_encoding.xlsx as conditions, 12 conditions, 4 params
10.4712 	EXP 	Created sequence: sequential, trialTypes=12, nReps=2, seed=None
10.4717 	EXP 	New trial (rep=0, index=0): OrderedDict([('trial', 1), ('image_a', 'images/flipflopsBlue.png'), ('image_b', 'images/amy_poehler_c.jpg'), ('category_b', 'face')])
10.4839 	DATA 	Keypress: space
10.5022 	EXP 	text: autoDraw = False
10.5022 	EXP 	instructions_text2: autoDraw = False
10.5022 	EXP 	image1: autoDraw = False
10.5022 	EXP 	image2: autoDraw = False
10.5022 	EXP 	b_image: image = 'images/amy_poehler_c.jpg'
10.5544 	EXP 	a_image: autoDraw = True
10.5544 	EXP 	b_image: autoDraw = True
10.5544 	EXP 	text_12: autoDraw = True
10.5881 	EXP 	New trial (rep=0, index=1): OrderedDict([('trial', 2), ('image_a', 'images/bag_gift.png'), ('image_b', 'images/bill_gates_a.jpg'), ('category_b', 'face')])
10.6185 	EXP 	a_image: autoDraw = False
10.6185 	EXP 	b_image: autoDraw = False
10.6185 	EXP 	text_12: autoDraw = False
10.6185 	EXP 	b_image: image = 'images/bill_gates_a.jpg'
10.6534 	DATA 	Keypress: space
10.6686 	EXP 	a_image: autoDraw = True
10.6686 	EXP 	b_image: autoDraw = True
10.6686 	EXP 	text_12: autoDraw = True
10.6703 	EXP 	New trial (rep=0, index=2): OrderedDict([('trial', 3), ('image_a', 'images/ball_8.png'), ('image_b', 'images/courtney_cox_c.jpg'), ('category_b', 'face')])
10.7027 	EXP 	a_image: autoDraw = False
10.7027 	EXP 	b_image: autoDraw = False
10.7027 	EXP 	text_12: autoDraw = False
10.7027 	EXP 	b_image: image = 'images/courtney_cox_c.jpg'
10.7862 	EXP 	a_image: autoDraw = True
10.7862 	EXP 	b_image: autoDraw = True
10.7862 	EXP 	text_12: autoDraw = True
10.7875 	EXP 	New trial (rep=0, index=3): OrderedDict([('trial', 4), ('image_a', 'images/ball_baseball.png'), ('image_b', 'images/dakota_fanning_c.jpg'), ('category_b', 'face')])
10.8603 	EXP 	New trial (rep=0, index=4): OrderedDict([('trial', 5), ('image_a', 'images/balloon.jpg'), ('image_b', 'images/drew_barrymore_c.jpg'), ('category_b', 'face')])
10.9193 	EXP 	a_image: autoDraw = False
10.9193 	EXP 	b_image: autoDraw = False
10.9193 	EXP 	text_12: autoDraw = False
10.9193 	EXP 	b_image: image = 'images/dakota_fanning_c.jpg'
10.9193 	EXP 	a_image: autoDraw = False
10.9193 	EXP 	b_image: autoDraw = False
10.9193 	EXP 	text_12: autoDraw = False
10.9193 	EXP 	b_image: image = 'images/drew_barrymore_c.jpg'
10.9596 	EXP 	a_image: autoDraw = True
10.9596 	EXP 	b_image: autoDraw = True
10.9596 	EXP 	text_12: autoDraw = True
10.9607 	EXP 	New trial (rep=0, index=5): OrderedDict([('trial', 6), ('image_a', 'images/bandage.jpg'), ('image_b', 'images/ellen_degeneres_b.jpg'), ('category_b', 'face')])
10.9857 	EXP 	a_image: autoDraw = False
10.9857 	EXP 	b_image: autoDraw = False
10.9857 	EXP 	text_12: autoDraw = False
10.9857 	EXP 	b_image: image = 'images/ellen_degeneres_b.jpg'
11.0697 	EXP 	a_image: autoDraw = True
11.0697 	EXP 	b_image: autoDraw = True
11.0697 	EXP 	text_12: autoDraw = True
11.0707 	EXP 	New trial (rep=0, index=6): OrderedDict([('trial', 7), ('image_a', 'images/barrel.jpg'), ('image_b', 'images/emma_stone.jpg'), ('category_b', 'face')])
11.1362 	EXP 	a_image: autoDraw = False
11.1362 	EXP 	b_image: autoDraw = False
11.1362 	EXP 	text_12: autoDraw = False
11.1362 	EXP 	b_image: image = 'images/emma_stone.jpg'
11.1850 	EXP 	a_image: autoDraw = True
11.1850 	EXP 	b_image: autoDraw = True
11.1850 	EXP 	text_12: autoDraw = True
11.1860 	EXP 	New trial (rep=0, index=7): OrderedDict([('trial', 8), ('image_a', 'images/bathrobe.png'), ('image_b', 'images/emma_watson.jpg'), ('category_b', 'face')])
11.2075 	EXP 	a_image: autoDraw = False
11.2075 	EXP 	b_image: autoDraw = False
11.2075 	EXP 	text_12: autoDraw = False
11.2075 	EXP 	b_image: image = 'images/emma_watson.jpg'
11.2735 	EXP 	a_image: autoDraw = True
11.2735 	EXP 	b_image: autoDraw = True
11.2735 	EXP 	text_12: autoDraw = True
11.2748 	EXP 	New trial (rep=0, index=8): OrderedDict([('trial', 9), ('image_a', 'images/beetle.png'), ('image_b', 'images/george_clooney_a.jpg'), ('category_b', 'face')])
11.3029 	EXP 	a_image: autoDraw = False
11.3029 	EXP 	b_image: autoDraw = False
11.3029 	EXP 	text_12: autoDraw = False
11.3029 	EXP 	b_image: image = 'images/george_clooney_a.jpg'
11.4029 	EXP 	a_image: autoDraw = True
11.4029 	EXP 	b_image: autoDraw = True
11.4029 	EXP 	text_12: autoDraw = True
11.4042 	EXP 	New trial (rep=0, index=9): OrderedDict([('trial', 10), ('image_a', 'images/bench_park.png'), ('image_b', 'images/gwen_stefani_c.jpg'), ('category_b', 'face')])
11.4231 	EXP 	a_image: autoDraw = False
11.4231 	EXP 	b_image: autoDraw = False
11.4231 	EXP 	text_12: autoDraw = False
11.4231 	EXP 	b_image: image = 'images/gwen_stefani_c.jpg'
11.5028 	EXP 	a_image: autoDraw = True
11.5028 	EXP 	b_image: autoDraw = True
11.5028 	EXP 	text_12: autoDraw = True
11.5038 	EXP 	New trial (rep=0, index=10): OrderedDict([('trial', 11), ('image_a', 'images/bib.png'), ('image_b', 'images/hillary_clinton_a.jpg'), ('category_b', 'face')])
11.5249 	EXP 	a_image: autoDraw = False
11.5249 	EXP 	b_image: autoDraw = False
11.5249 	EXP 	text_12: autoDraw = False
11.5249 	EXP 	b_image: image = 'images/hillary_clinton_a.jpg'
11.5735 	EXP 	a_image: autoDraw = True
11.5735 	EXP 	b_image: autoDraw = True
11.5735 	EXP 	text_12: autoDraw = True
11.5744 	EXP 	New trial (rep=0, index=11): OrderedDict([('trial', 12), ('image_a', 'images/bird_parrot.png'), ('image_b', 'images/jackie_kennedy_a.jpg'), ('category_b', 'face')])
11.6033 	EXP 	a_image: autoDraw = False
11.6033 	EXP 	b_image: autoDraw = False
11.6033 	EXP 	text_12: autoDraw = False
11.6033 	EXP 	b_image: image = 'images/jackie_kennedy_a.jpg'
11.6528 	EXP 	a_image: autoDraw = True
11.6528 	EXP 	b_image: autoDraw = True
11.6528 	EXP 	text_12: autoDraw = True
11.6734 	EXP 	New trial (rep=1, index=0): OrderedDict([('trial', 1), ('image_a', 'images/flipflopsBlue.png'), ('image_b', 'images/amy_poehler_c.jpg'), ('category_b', 'face')])
11.7019 	EXP 	a_image: autoDraw = False
11.7019 	EXP 	b_image: autoDraw = False
11.7019 	EXP 	text_12: autoDraw = False
11.7019 	EXP 	b_image: image = 'images/amy_poehler_c.jpg'
11.7551 	EXP 	a_image: autoDraw = True
11.7551 	EXP 	b_image: autoDraw = True
11.7551 	EXP 	text_12: autoDraw = True
11.7869 	EXP 	New trial (rep=1, index=1): OrderedDict([('trial', 2), ('image_a', 'images/bag_gift.png'), ('image_b', 'images/bill_gates_a.jpg'), ('category_b', 'face')])
11.8081 	EXP 	a_image: autoDraw = False
11.8081 	EXP 	b_image: autoDraw = False
11.8081 	EXP 	text_12: autoDraw = False
11.8081 	EXP 	b_image: image = 'images/bill_gates_a.jpg'
11.8520 	EXP 	a_image: autoDraw = True
11.8520 	EXP 	b_image: autoDraw = True
11.8520 	EXP 	text_12: autoDraw = True
11.8791 	EXP 	New trial (rep=1, index=2): OrderedDict([('trial', 3), ('image_a', 'images/ball_8.png'), ('image_b', 'images/courtney_cox_c.jpg'), ('category_b', 'face')])
11.9029 	EXP 	a_image: autoDraw = False
11.9029 	EXP 	b_image: autoDraw = False
11.9029 	EXP 	text_12: autoDraw = False
11.9029 	EXP 	b_image: image = 'images/courtney_cox_c.jpg'
11.9527 	EXP 	a_image: autoDraw = True
11.9527 	EXP 	b_image: autoDraw = True
11.9527 	EXP 	text_12: autoDraw = True
11.9779 	EXP 	New trial (rep=1, index=3): OrderedDict([('trial', 4), ('image_a', 'images/ball_baseball.png'), ('image_b', 'images/dakota_fanning_c.jpg'), ('category_b', 'face')])
12.0025 	EXP 	a_image: autoDraw = False
12.0025 	EXP 	b_image: autoDraw = False
12.0025 	EXP 	text_12: autoDraw = False
12.0025 	EXP 	b_image: image = 'images/dakota_fanning_c.jpg'
12.0529 	EXP 	a_image: autoDraw = True
12.0529 	EXP 	b_image: autoDraw = True
12.0529 	EXP 	text_12: autoDraw = True
12.0756 	EXP 	New trial (rep=1, index=4): OrderedDict([('trial', 5), ('image_a', 'images/balloon.jpg'), ('image_b', 'images/drew_barrymore_c.jpg'), ('category_b', 'face')])
12.1025 	EXP 	a_image: autoDraw = False
12.1025 	EXP 	b_image: autoDraw = False
12.1025 	EXP 	text_12: autoDraw = False
12.1025 	EXP 	b_image: image = 'images/drew_barrymore_c.jpg'
12.1525 	EXP 	a_image: autoDraw = True
12.1525 	EXP 	b_image: autoDraw = True
12.1525 	EXP 	text_12: autoDraw = True
12.1735 	EXP 	New trial (rep=1, index=5): OrderedDict([('trial', 6), ('image_a', 'images/bandage.jpg'), ('image_b', 'images/ellen_degeneres_b.jpg'), ('category_b', 'face')])
12.2025 	EXP 	a_image: autoDraw = False
12.2025 	EXP 	b_image: autoDraw = False
12.2025 	EXP 	text_12: autoDraw = False
12.2025 	EXP 	b_image: image = 'images/ellen_degeneres_b.jpg'
12.2530 	EXP 	a_image: autoDraw = True
12.2530 	EXP 	b_image: autoDraw = True
12.2530 	EXP 	text_12: autoDraw = True
12.2867 	EXP 	New trial (rep=1, index=6): OrderedDict([('trial', 7), ('image_a', 'images/barrel.jpg'), ('image_b', 'images/emma_stone.jpg'), ('category_b', 'face')])
12.3193 	EXP 	a_image: autoDraw = False
12.3193 	EXP 	b_image: autoDraw = False
12.3193 	EXP 	text_12: autoDraw = False
12.3193 	EXP 	b_image: image = 'images/emma_stone.jpg'
12.3692 	EXP 	a_image: autoDraw = True
12.3692 	EXP 	b_image: autoDraw = True
12.3692 	EXP 	text_12: autoDraw = True
12.3707 	EXP 	New trial (rep=1, index=7): OrderedDict([('trial', 8), ('image_a', 'images/bathrobe.png'), ('image_b', 'images/emma_watson.jpg'), ('category_b', 'face')])
12.3937 	EXP 	a_image: autoDraw = False
12.3937 	EXP 	b_image: autoDraw = False
12.3937 	EXP 	text_12: autoDraw = False
12.3937 	EXP 	b_image: image = 'images/emma_watson.jpg'
12.4425 	EXP 	a_image: autoDraw = True
12.4425 	EXP 	b_image: autoDraw = True
12.4425 	EXP 	text_12: autoDraw = True
12.4707 	EXP 	New trial (rep=1, index=8): OrderedDict([('trial', 9), ('image_a', 'images/beetle.png'), ('image_b', 'images/george_clooney_a.jpg'), ('category_b', 'face')])
12.4909 	EXP 	a_image: autoDraw = False
12.4909 	EXP 	b_image: autoDraw = False
12.4909 	EXP 	text_12: autoDraw = False
12.4909 	EXP 	b_image: image = 'images/george_clooney_a.jpg'
12.5264 	EXP 	a_image: autoDraw = True
12.5264 	EXP 	b_image: autoDraw = True
12.5264 	EXP 	text_12: autoDraw = True
12.5733 	EXP 	New trial (rep=1, index=9): OrderedDict([('trial', 10), ('image_a', 'images/bench_park.png'), ('image_b', 'images/gwen_stefani_c.jpg'), ('category_b', 'face')])
12.5924 	EXP 	a_image: autoDraw = False
12.5924 	EXP 	b_image: autoDraw = False
12.5924 	EXP 	text_12: autoDraw = False
12.5924 	EXP 	b_image: image = 'images/gwen_stefani_c.jpg'
12.6359 	EXP 	a_image: autoDraw = True
12.6359 	EXP 	b_image: autoDraw = True
12.6359 	EXP 	text_12: autoDraw = True
12.6607 	EXP 	New trial (rep=1, index=10): OrderedDict([('trial', 11), ('image_a', 'images/bib.png'), ('image_b', 'images/hillary_clinton_a.jpg'), ('category_b', 'face')])
12.6858 	EXP 	a_image: autoDraw = False
12.6858 	EXP 	b_image: autoDraw = False
12.6858 	EXP 	text_12: autoDraw = False
12.6858 	EXP 	b_image: image = 'images/hillary_clinton_a.jpg'
12.7361 	EXP 	a_image: autoDraw = True
12.7361 	EXP 	b_image: autoDraw = True
12.7361 	EXP 	text_12: autoDraw = True
12.7698 	EXP 	New trial (rep=1, index=11): OrderedDict([('trial', 12), ('image_a', 'images/bird_parrot.png'), ('image_b', 'images/jackie_kennedy_a.jpg'), ('category_b', 'face')])
12.7895 	EXP 	a_image: autoDraw = False
12.7895 	EXP 	b_image: autoDraw = False
12.7895 	EXP 	text_12: autoDraw = False
12.7895 	EXP 	b_image: image = 'images/jackie_kennedy_a.jpg'
12.8255 	EXP 	a_image: autoDraw = True
12.8255 	EXP 	b_image: autoDraw = True
12.8255 	EXP 	text_12: autoDraw = True
12.8850 	EXP 	Imported instructions_intentional_encoding.xlsx as conditions, 16 conditions, 13 params
12.8853 	EXP 	Created sequence: sequential, trialTypes=16, nReps=1, seed=None
12.8858 	EXP 	New trial (rep=0, index=0): OrderedDict([('instructions1', 'Welcome to the memory experiment!'), ('Instructions2', 'Press space to continue!'), ('Image1', None), ('Image2', None), ('Image3', None), ('Image_4', None), ('position_1x', 0), ('position_1y', 0.3), ('position_2x', 0.0), ('position_2y', -0.4), ('J_key', None), ('K_key', None), ('L_key', None)])
12.9360 	EXP 	a_image: autoDraw = False
12.9360 	EXP 	b_image: autoDraw = False
12.9360 	EXP 	text_12: autoDraw = False
12.9360 	EXP 	text_3: autoDraw = True
12.9360 	EXP 	text_4: autoDraw = True
12.9360 	EXP 	image_3: autoDraw = True
12.9360 	EXP 	text_3: text = 'Welcome to the memory experiment!'
12.9360 	EXP 	text_4: text = 'Press space to continue!'
12.9695 	EXP 	text_3: text = 'Welcome to the memory experiment!'
12.9695 	EXP 	text_4: text = 'Press space to continue!'
13.0030 	EXP 	text_3: text = 'Welcome to the memory experiment!'
13.0030 	EXP 	text_4: text = 'Press space to continue!'
13.0359 	EXP 	text_3: text = 'Welcome to the memory experiment!'
13.0359 	EXP 	text_4: text = 'Press space to continue!'
13.0695 	EXP 	text_3: text = 'Welcome to the memory experiment!'
13.0695 	EXP 	text_4: text = 'Press space to continue!'
13.1025 	EXP 	text_3: text = 'Welcome to the memory experiment!'
13.1025 	EXP 	text_4: text = 'Press space to continue!'
13.1353 	EXP 	text_3: text = 'Welcome to the memory experiment!'
13.1353 	EXP 	text_4: text = 'Press space to continue!'
13.1696 	EXP 	text_3: text = 'Welcome to the memory experiment!'
13.1696 	EXP 	text_4: text = 'Press space to continue!'
13.2020 	EXP 	text_3: text = 'Welcome to the memory experiment!'
13.2020 	EXP 	text_4: text = 'Press space to continue!'
13.2354 	EXP 	text_3: text = 'Welcome to the memory experiment!'
13.2354 	EXP 	text_4: text = 'Press space to continue!'
13.2695 	EXP 	text_3: text = 'Welcome to the memory experiment!'
13.2695 	EXP 	text_4: text = 'Press space to continue!'
13.3019 	EXP 	text_3: text = 'Welcome to the memory experiment!'
13.3019 	EXP 	text_4: text = 'Press space to continue!'
13.3354 	EXP 	text_3: text = 'Welcome to the memory experiment!'
13.3354 	EXP 	text_4: text = 'Press space to continue!'
13.3701 	EXP 	text_3: text = 'Welcome to the memory experiment!'
13.3701 	EXP 	text_4: text = 'Press space to continue!'
13.4024 	EXP 	text_3: text = 'Welcome to the memory experiment!'
13.4024 	EXP 	text_4: text = 'Press space to continue!'
13.4357 	EXP 	text_3: text = 'Welcome to the memory experiment!'
13.4357 	EXP 	text_4: text = 'Press space to continue!'
13.4697 	EXP 	text_3: text = 'Welcome to the memory experiment!'
13.4697 	EXP 	text_4: text = 'Press space to continue!'
13.5028 	EXP 	text_3: text = 'Welcome to the memory experiment!'
13.5028 	EXP 	text_4: text = 'Press space to continue!'
13.5364 	EXP 	text_3: text = 'Welcome to the memory experiment!'
13.5364 	EXP 	text_4: text = 'Press space to continue!'
13.5697 	EXP 	text_3: text = 'Welcome to the memory experiment!'
13.5697 	EXP 	text_4: text = 'Press space to continue!'
13.6024 	EXP 	text_3: text = 'Welcome to the memory experiment!'
13.6024 	EXP 	text_4: text = 'Press space to continue!'
13.6357 	EXP 	text_3: text = 'Welcome to the memory experiment!'
13.6357 	EXP 	text_4: text = 'Press space to continue!'
13.6698 	EXP 	text_3: text = 'Welcome to the memory experiment!'
13.6698 	EXP 	text_4: text = 'Press space to continue!'
13.7025 	EXP 	text_3: text = 'Welcome to the memory experiment!'
13.7025 	EXP 	text_4: text = 'Press space to continue!'
13.7354 	EXP 	text_3: text = 'Welcome to the memory experiment!'
13.7354 	EXP 	text_4: text = 'Press space to continue!'
13.7695 	EXP 	text_3: text = 'Welcome to the memory experiment!'
13.7695 	EXP 	text_4: text = 'Press space to continue!'
13.8029 	EXP 	text_3: text = 'Welcome to the memory experiment!'
13.8029 	EXP 	text_4: text = 'Press space to continue!'
13.8367 	EXP 	text_3: text = 'Welcome to the memory experiment!'
13.8367 	EXP 	text_4: text = 'Press space to continue!'
13.8692 	EXP 	text_3: text = 'Welcome to the memory experiment!'
13.8692 	EXP 	text_4: text = 'Press space to continue!'
13.9030 	EXP 	text_3: text = 'Welcome to the memory experiment!'
13.9030 	EXP 	text_4: text = 'Press space to continue!'
13.9364 	EXP 	text_3: text = 'Welcome to the memory experiment!'
13.9364 	EXP 	text_4: text = 'Press space to continue!'
13.9704 	EXP 	text_3: text = 'Welcome to the memory experiment!'
13.9704 	EXP 	text_4: text = 'Press space to continue!'
14.0022 	EXP 	text_3: text = 'Welcome to the memory experiment!'
14.0022 	EXP 	text_4: text = 'Press space to continue!'
14.0360 	EXP 	text_3: text = 'Welcome to the memory experiment!'
14.0360 	EXP 	text_4: text = 'Press space to continue!'
14.0690 	EXP 	text_3: text = 'Welcome to the memory experiment!'
14.0690 	EXP 	text_4: text = 'Press space to continue!'
14.1025 	EXP 	text_3: text = 'Welcome to the memory experiment!'
14.1025 	EXP 	text_4: text = 'Press space to continue!'
14.1362 	EXP 	text_3: text = 'Welcome to the memory experiment!'
14.1362 	EXP 	text_4: text = 'Press space to continue!'
14.1696 	EXP 	text_3: text = 'Welcome to the memory experiment!'
14.1696 	EXP 	text_4: text = 'Press space to continue!'
14.2032 	EXP 	text_3: text = 'Welcome to the memory experiment!'
14.2032 	EXP 	text_4: text = 'Press space to continue!'
14.2353 	EXP 	text_3: text = 'Welcome to the memory experiment!'
14.2353 	EXP 	text_4: text = 'Press space to continue!'
14.2688 	EXP 	text_3: text = 'Welcome to the memory experiment!'
14.2688 	EXP 	text_4: text = 'Press space to continue!'
14.3016 	EXP 	text_3: text = 'Welcome to the memory experiment!'
14.3016 	EXP 	text_4: text = 'Press space to continue!'
14.3358 	EXP 	text_3: text = 'Welcome to the memory experiment!'
14.3358 	EXP 	text_4: text = 'Press space to continue!'
14.3685 	EXP 	text_3: text = 'Welcome to the memory experiment!'
14.3685 	EXP 	text_4: text = 'Press space to continue!'
14.4020 	EXP 	text_3: text = 'Welcome to the memory experiment!'
14.4020 	EXP 	text_4: text = 'Press space to continue!'
14.4360 	EXP 	text_3: text = 'Welcome to the memory experiment!'
14.4360 	EXP 	text_4: text = 'Press space to continue!'
14.4692 	EXP 	text_3: text = 'Welcome to the memory experiment!'
14.4692 	EXP 	text_4: text = 'Press space to continue!'
14.5026 	EXP 	text_3: text = 'Welcome to the memory experiment!'
14.5026 	EXP 	text_4: text = 'Press space to continue!'
14.5360 	EXP 	text_3: text = 'Welcome to the memory experiment!'
14.5360 	EXP 	text_4: text = 'Press space to continue!'
14.5690 	EXP 	text_3: text = 'Welcome to the memory experiment!'
14.5690 	EXP 	text_4: text = 'Press space to continue!'
14.6024 	EXP 	text_3: text = 'Welcome to the memory experiment!'
14.6024 	EXP 	text_4: text = 'Press space to continue!'
14.6364 	EXP 	text_3: text = 'Welcome to the memory experiment!'
14.6364 	EXP 	text_4: text = 'Press space to continue!'
14.6693 	EXP 	text_3: text = 'Welcome to the memory experiment!'
14.6693 	EXP 	text_4: text = 'Press space to continue!'
14.7024 	EXP 	text_3: text = 'Welcome to the memory experiment!'
14.7024 	EXP 	text_4: text = 'Press space to continue!'
14.7362 	EXP 	text_3: text = 'Welcome to the memory experiment!'
14.7362 	EXP 	text_4: text = 'Press space to continue!'
14.7695 	EXP 	text_3: text = 'Welcome to the memory experiment!'
14.7695 	EXP 	text_4: text = 'Press space to continue!'
14.8022 	EXP 	text_3: text = 'Welcome to the memory experiment!'
14.8022 	EXP 	text_4: text = 'Press space to continue!'
14.8358 	EXP 	text_3: text = 'Welcome to the memory experiment!'
14.8358 	EXP 	text_4: text = 'Press space to continue!'
14.8682 	EXP 	text_3: text = 'Welcome to the memory experiment!'
14.8682 	EXP 	text_4: text = 'Press space to continue!'
14.9012 	EXP 	text_3: text = 'Welcome to the memory experiment!'
14.9012 	EXP 	text_4: text = 'Press space to continue!'
14.9346 	EXP 	text_3: text = 'Welcome to the memory experiment!'
14.9346 	EXP 	text_4: text = 'Press space to continue!'
14.9681 	EXP 	text_3: text = 'Welcome to the memory experiment!'
14.9681 	EXP 	text_4: text = 'Press space to continue!'
15.0013 	EXP 	text_3: text = 'Welcome to the memory experiment!'
15.0013 	EXP 	text_4: text = 'Press space to continue!'
15.0350 	EXP 	text_3: text = 'Welcome to the memory experiment!'
15.0350 	EXP 	text_4: text = 'Press space to continue!'
15.0681 	EXP 	text_3: text = 'Welcome to the memory experiment!'
15.0681 	EXP 	text_4: text = 'Press space to continue!'
15.1013 	EXP 	text_3: text = 'Welcome to the memory experiment!'
15.1013 	EXP 	text_4: text = 'Press space to continue!'
15.1355 	EXP 	text_3: text = 'Welcome to the memory experiment!'
15.1355 	EXP 	text_4: text = 'Press space to continue!'
15.1682 	EXP 	text_3: text = 'Welcome to the memory experiment!'
15.1682 	EXP 	text_4: text = 'Press space to continue!'
15.2021 	EXP 	text_3: text = 'Welcome to the memory experiment!'
15.2021 	EXP 	text_4: text = 'Press space to continue!'
15.2349 	EXP 	text_3: text = 'Welcome to the memory experiment!'
15.2349 	EXP 	text_4: text = 'Press space to continue!'
15.2679 	EXP 	text_3: text = 'Welcome to the memory experiment!'
15.2679 	EXP 	text_4: text = 'Press space to continue!'
15.3011 	EXP 	text_3: text = 'Welcome to the memory experiment!'
15.3011 	EXP 	text_4: text = 'Press space to continue!'
15.3354 	EXP 	text_3: text = 'Welcome to the memory experiment!'
15.3354 	EXP 	text_4: text = 'Press space to continue!'
15.3680 	EXP 	text_3: text = 'Welcome to the memory experiment!'
15.3680 	EXP 	text_4: text = 'Press space to continue!'
15.4018 	EXP 	text_3: text = 'Welcome to the memory experiment!'
15.4018 	EXP 	text_4: text = 'Press space to continue!'
15.4356 	EXP 	text_3: text = 'Welcome to the memory experiment!'
15.4356 	EXP 	text_4: text = 'Press space to continue!'
15.4685 	EXP 	text_3: text = 'Welcome to the memory experiment!'
15.4685 	EXP 	text_4: text = 'Press space to continue!'
15.5024 	EXP 	text_3: text = 'Welcome to the memory experiment!'
15.5024 	EXP 	text_4: text = 'Press space to continue!'
15.5347 	EXP 	text_3: text = 'Welcome to the memory experiment!'
15.5347 	EXP 	text_4: text = 'Press space to continue!'
15.5678 	EXP 	text_3: text = 'Welcome to the memory experiment!'
15.5678 	EXP 	text_4: text = 'Press space to continue!'
15.6012 	EXP 	text_3: text = 'Welcome to the memory experiment!'
15.6012 	EXP 	text_4: text = 'Press space to continue!'
15.6352 	EXP 	text_3: text = 'Welcome to the memory experiment!'
15.6352 	EXP 	text_4: text = 'Press space to continue!'
15.6687 	EXP 	text_3: text = 'Welcome to the memory experiment!'
15.6687 	EXP 	text_4: text = 'Press space to continue!'
15.7022 	EXP 	text_3: text = 'Welcome to the memory experiment!'
15.7022 	EXP 	text_4: text = 'Press space to continue!'
15.7345 	EXP 	text_3: text = 'Welcome to the memory experiment!'
15.7345 	EXP 	text_4: text = 'Press space to continue!'
15.7689 	EXP 	text_3: text = 'Welcome to the memory experiment!'
15.7689 	EXP 	text_4: text = 'Press space to continue!'
15.8017 	EXP 	text_3: text = 'Welcome to the memory experiment!'
15.8017 	EXP 	text_4: text = 'Press space to continue!'
15.8352 	EXP 	text_3: text = 'Welcome to the memory experiment!'
15.8352 	EXP 	text_4: text = 'Press space to continue!'
15.8684 	EXP 	text_3: text = 'Welcome to the memory experiment!'
15.8684 	EXP 	text_4: text = 'Press space to continue!'
15.8833 	DATA 	Keypress: space
15.9013 	EXP 	text_3: text = 'Welcome to the memory experiment!'
15.9013 	EXP 	text_4: text = 'Press space to continue!'
15.9351 	EXP 	text_3: text = 'Welcome to the memory experiment!'
15.9351 	EXP 	text_4: text = 'Press space to continue!'
15.9687 	EXP 	text_3: text = 'Welcome to the memory experiment!'
15.9687 	EXP 	text_4: text = 'Press space to continue!'
16.0014 	EXP 	text_3: text = 'Welcome to the memory experiment!'
16.0014 	EXP 	text_4: text = 'Press space to continue!'
16.0353 	EXP 	text_3: text = 'Welcome to the memory experiment!'
16.0353 	EXP 	text_4: text = 'Press space to continue!'
16.0681 	EXP 	text_3: text = 'Welcome to the memory experiment!'
16.0681 	EXP 	text_4: text = 'Press space to continue!'
16.1021 	EXP 	text_3: text = 'Welcome to the memory experiment!'
16.1021 	EXP 	text_4: text = 'Press space to continue!'
16.1355 	EXP 	text_3: text = 'Welcome to the memory experiment!'
16.1355 	EXP 	text_4: text = 'Press space to continue!'
16.1677 	EXP 	text_3: text = 'Welcome to the memory experiment!'
16.1677 	EXP 	text_4: text = 'Press space to continue!'
16.2015 	EXP 	text_3: text = 'Welcome to the memory experiment!'
16.2015 	EXP 	text_4: text = 'Press space to continue!'
16.2355 	EXP 	text_3: text = 'Welcome to the memory experiment!'
16.2355 	EXP 	text_4: text = 'Press space to continue!'
16.2688 	EXP 	text_3: text = 'Welcome to the memory experiment!'
16.2688 	EXP 	text_4: text = 'Press space to continue!'
16.3020 	EXP 	text_3: text = 'Welcome to the memory experiment!'
16.3020 	EXP 	text_4: text = 'Press space to continue!'
16.3357 	EXP 	text_3: text = 'Welcome to the memory experiment!'
16.3357 	EXP 	text_4: text = 'Press space to continue!'
16.3680 	EXP 	text_3: text = 'Welcome to the memory experiment!'
16.3680 	EXP 	text_4: text = 'Press space to continue!'
16.4020 	EXP 	text_3: text = 'Welcome to the memory experiment!'
16.4020 	EXP 	text_4: text = 'Press space to continue!'
16.4346 	EXP 	text_3: text = 'Welcome to the memory experiment!'
16.4346 	EXP 	text_4: text = 'Press space to continue!'
16.4681 	EXP 	text_3: text = 'Welcome to the memory experiment!'
16.4681 	EXP 	text_4: text = 'Press space to continue!'
16.5027 	EXP 	text_3: text = 'Welcome to the memory experiment!'
16.5027 	EXP 	text_4: text = 'Press space to continue!'
16.5352 	EXP 	text_3: text = 'Welcome to the memory experiment!'
16.5352 	EXP 	text_4: text = 'Press space to continue!'
16.5685 	EXP 	text_3: text = 'Welcome to the memory experiment!'
16.5685 	EXP 	text_4: text = 'Press space to continue!'
16.6014 	EXP 	text_3: text = 'Welcome to the memory experiment!'
16.6014 	EXP 	text_4: text = 'Press space to continue!'
16.6348 	EXP 	text_3: text = 'Welcome to the memory experiment!'
16.6348 	EXP 	text_4: text = 'Press space to continue!'
16.6688 	EXP 	text_3: text = 'Welcome to the memory experiment!'
16.6688 	EXP 	text_4: text = 'Press space to continue!'
16.7024 	EXP 	text_3: text = 'Welcome to the memory experiment!'
16.7024 	EXP 	text_4: text = 'Press space to continue!'
16.7350 	EXP 	text_3: text = 'Welcome to the memory experiment!'
16.7350 	EXP 	text_4: text = 'Press space to continue!'
16.7683 	EXP 	text_3: text = 'Welcome to the memory experiment!'
16.7683 	EXP 	text_4: text = 'Press space to continue!'
16.8019 	EXP 	text_3: text = 'Welcome to the memory experiment!'
16.8019 	EXP 	text_4: text = 'Press space to continue!'
16.8348 	EXP 	text_3: text = 'Welcome to the memory experiment!'
16.8348 	EXP 	text_4: text = 'Press space to continue!'
16.8681 	EXP 	text_3: text = 'Welcome to the memory experiment!'
16.8681 	EXP 	text_4: text = 'Press space to continue!'
16.9010 	EXP 	text_3: text = 'Welcome to the memory experiment!'
16.9010 	EXP 	text_4: text = 'Press space to continue!'
16.9360 	EXP 	text_3: text = 'Welcome to the memory experiment!'
16.9360 	EXP 	text_4: text = 'Press space to continue!'
16.9682 	EXP 	text_3: text = 'Welcome to the memory experiment!'
16.9682 	EXP 	text_4: text = 'Press space to continue!'
17.0025 	EXP 	text_3: text = 'Welcome to the memory experiment!'
17.0025 	EXP 	text_4: text = 'Press space to continue!'
17.0351 	EXP 	text_3: text = 'Welcome to the memory experiment!'
17.0351 	EXP 	text_4: text = 'Press space to continue!'
17.0680 	EXP 	text_3: text = 'Welcome to the memory experiment!'
17.0680 	EXP 	text_4: text = 'Press space to continue!'
17.1024 	EXP 	text_3: text = 'Welcome to the memory experiment!'
17.1024 	EXP 	text_4: text = 'Press space to continue!'
17.1352 	EXP 	text_3: text = 'Welcome to the memory experiment!'
17.1352 	EXP 	text_4: text = 'Press space to continue!'
17.1687 	EXP 	text_3: text = 'Welcome to the memory experiment!'
17.1687 	EXP 	text_4: text = 'Press space to continue!'
17.2021 	EXP 	text_3: text = 'Welcome to the memory experiment!'
17.2021 	EXP 	text_4: text = 'Press space to continue!'
17.2351 	EXP 	text_3: text = 'Welcome to the memory experiment!'
17.2351 	EXP 	text_4: text = 'Press space to continue!'
17.2693 	EXP 	text_3: text = 'Welcome to the memory experiment!'
17.2693 	EXP 	text_4: text = 'Press space to continue!'
17.3016 	EXP 	text_3: text = 'Welcome to the memory experiment!'
17.3016 	EXP 	text_4: text = 'Press space to continue!'
17.3347 	EXP 	text_3: text = 'Welcome to the memory experiment!'
17.3347 	EXP 	text_4: text = 'Press space to continue!'
17.3678 	EXP 	text_3: text = 'Welcome to the memory experiment!'
17.3678 	EXP 	text_4: text = 'Press space to continue!'
17.4017 	EXP 	text_3: text = 'Welcome to the memory experiment!'
17.4017 	EXP 	text_4: text = 'Press space to continue!'
17.4349 	EXP 	text_3: text = 'Welcome to the memory experiment!'
17.4349 	EXP 	text_4: text = 'Press space to continue!'
17.4684 	EXP 	text_3: text = 'Welcome to the memory experiment!'
17.4684 	EXP 	text_4: text = 'Press space to continue!'
17.5020 	EXP 	text_3: text = 'Welcome to the memory experiment!'
17.5020 	EXP 	text_4: text = 'Press space to continue!'
17.5358 	EXP 	text_3: text = 'Welcome to the memory experiment!'
17.5358 	EXP 	text_4: text = 'Press space to continue!'
17.5692 	EXP 	text_3: text = 'Welcome to the memory experiment!'
17.5692 	EXP 	text_4: text = 'Press space to continue!'
17.6012 	EXP 	text_3: text = 'Welcome to the memory experiment!'
17.6012 	EXP 	text_4: text = 'Press space to continue!'
17.6353 	EXP 	text_3: text = 'Welcome to the memory experiment!'
17.6353 	EXP 	text_4: text = 'Press space to continue!'
17.6685 	EXP 	text_3: text = 'Welcome to the memory experiment!'
17.6685 	EXP 	text_4: text = 'Press space to continue!'
17.7012 	EXP 	text_3: text = 'Welcome to the memory experiment!'
17.7012 	EXP 	text_4: text = 'Press space to continue!'
17.7356 	EXP 	text_3: text = 'Welcome to the memory experiment!'
17.7356 	EXP 	text_4: text = 'Press space to continue!'
17.7695 	EXP 	text_3: text = 'Welcome to the memory experiment!'
17.7695 	EXP 	text_4: text = 'Press space to continue!'
17.8012 	EXP 	text_3: text = 'Welcome to the memory experiment!'
17.8012 	EXP 	text_4: text = 'Press space to continue!'
17.8358 	EXP 	text_3: text = 'Welcome to the memory experiment!'
17.8358 	EXP 	text_4: text = 'Press space to continue!'
17.8690 	EXP 	text_3: text = 'Welcome to the memory experiment!'
17.8690 	EXP 	text_4: text = 'Press space to continue!'
17.9023 	EXP 	text_3: text = 'Welcome to the memory experiment!'
17.9023 	EXP 	text_4: text = 'Press space to continue!'
17.9357 	EXP 	text_3: text = 'Welcome to the memory experiment!'
17.9357 	EXP 	text_4: text = 'Press space to continue!'
17.9685 	EXP 	text_3: text = 'Welcome to the memory experiment!'
17.9685 	EXP 	text_4: text = 'Press space to continue!'
18.0017 	EXP 	text_3: text = 'Welcome to the memory experiment!'
18.0017 	EXP 	text_4: text = 'Press space to continue!'
18.0350 	EXP 	text_3: text = 'Welcome to the memory experiment!'
18.0350 	EXP 	text_4: text = 'Press space to continue!'
18.0690 	EXP 	text_3: text = 'Welcome to the memory experiment!'
18.0690 	EXP 	text_4: text = 'Press space to continue!'
18.1012 	EXP 	text_3: text = 'Welcome to the memory experiment!'
18.1012 	EXP 	text_4: text = 'Press space to continue!'
18.1357 	EXP 	text_3: text = 'Welcome to the memory experiment!'
18.1357 	EXP 	text_4: text = 'Press space to continue!'
18.1681 	EXP 	text_3: text = 'Welcome to the memory experiment!'
18.1681 	EXP 	text_4: text = 'Press space to continue!'
18.2018 	EXP 	text_3: text = 'Welcome to the memory experiment!'
18.2018 	EXP 	text_4: text = 'Press space to continue!'
18.2349 	EXP 	text_3: text = 'Welcome to the memory experiment!'
18.2349 	EXP 	text_4: text = 'Press space to continue!'
18.2688 	EXP 	text_3: text = 'Welcome to the memory experiment!'
18.2688 	EXP 	text_4: text = 'Press space to continue!'
18.3026 	EXP 	text_3: text = 'Welcome to the memory experiment!'
18.3026 	EXP 	text_4: text = 'Press space to continue!'
18.3358 	EXP 	text_3: text = 'Welcome to the memory experiment!'
18.3358 	EXP 	text_4: text = 'Press space to continue!'
18.3683 	EXP 	text_3: text = 'Welcome to the memory experiment!'
18.3683 	EXP 	text_4: text = 'Press space to continue!'
18.4017 	EXP 	text_3: text = 'Welcome to the memory experiment!'
18.4017 	EXP 	text_4: text = 'Press space to continue!'
18.4355 	EXP 	text_3: text = 'Welcome to the memory experiment!'
18.4355 	EXP 	text_4: text = 'Press space to continue!'
18.4690 	EXP 	text_3: text = 'Welcome to the memory experiment!'
18.4690 	EXP 	text_4: text = 'Press space to continue!'
18.5020 	EXP 	text_3: text = 'Welcome to the memory experiment!'
18.5020 	EXP 	text_4: text = 'Press space to continue!'
18.5355 	EXP 	text_3: text = 'Welcome to the memory experiment!'
18.5355 	EXP 	text_4: text = 'Press space to continue!'
18.5525 	DATA 	Keypress: space
18.5684 	EXP 	text_3: text = 'Welcome to the memory experiment!'
18.5684 	EXP 	text_4: text = 'Press space to continue!'
18.6016 	EXP 	text_3: text = 'Welcome to the memory experiment!'
18.6016 	EXP 	text_4: text = 'Press space to continue!'
18.6357 	EXP 	text_3: text = 'Welcome to the memory experiment!'
18.6357 	EXP 	text_4: text = 'Press space to continue!'
18.6687 	EXP 	text_3: text = 'Welcome to the memory experiment!'
18.6687 	EXP 	text_4: text = 'Press space to continue!'
18.7017 	EXP 	text_3: text = 'Welcome to the memory experiment!'
18.7017 	EXP 	text_4: text = 'Press space to continue!'
18.7357 	EXP 	text_3: text = 'Welcome to the memory experiment!'
18.7357 	EXP 	text_4: text = 'Press space to continue!'
18.7689 	EXP 	text_3: text = 'Welcome to the memory experiment!'
18.7689 	EXP 	text_4: text = 'Press space to continue!'
18.8020 	EXP 	text_3: text = 'Welcome to the memory experiment!'
18.8020 	EXP 	text_4: text = 'Press space to continue!'
18.8345 	EXP 	text_3: text = 'Welcome to the memory experiment!'
18.8345 	EXP 	text_4: text = 'Press space to continue!'
18.8692 	EXP 	text_3: text = 'Welcome to the memory experiment!'
18.8692 	EXP 	text_4: text = 'Press space to continue!'
18.9015 	EXP 	text_3: text = 'Welcome to the memory experiment!'
18.9015 	EXP 	text_4: text = 'Press space to continue!'
18.9357 	EXP 	text_3: text = 'Welcome to the memory experiment!'
18.9357 	EXP 	text_4: text = 'Press space to continue!'
18.9687 	EXP 	text_3: text = 'Welcome to the memory experiment!'
18.9687 	EXP 	text_4: text = 'Press space to continue!'
19.0017 	EXP 	text_3: text = 'Welcome to the memory experiment!'
19.0017 	EXP 	text_4: text = 'Press space to continue!'
19.0352 	EXP 	text_3: text = 'Welcome to the memory experiment!'
19.0352 	EXP 	text_4: text = 'Press space to continue!'
19.0684 	EXP 	text_3: text = 'Welcome to the memory experiment!'
19.0684 	EXP 	text_4: text = 'Press space to continue!'
19.1024 	EXP 	text_3: text = 'Welcome to the memory experiment!'
19.1024 	EXP 	text_4: text = 'Press space to continue!'
19.1360 	EXP 	text_3: text = 'Welcome to the memory experiment!'
19.1360 	EXP 	text_4: text = 'Press space to continue!'
19.1684 	EXP 	text_3: text = 'Welcome to the memory experiment!'
19.1684 	EXP 	text_4: text = 'Press space to continue!'
19.2013 	EXP 	text_3: text = 'Welcome to the memory experiment!'
19.2013 	EXP 	text_4: text = 'Press space to continue!'
19.2354 	EXP 	text_3: text = 'Welcome to the memory experiment!'
19.2354 	EXP 	text_4: text = 'Press space to continue!'
19.2682 	EXP 	text_3: text = 'Welcome to the memory experiment!'
19.2682 	EXP 	text_4: text = 'Press space to continue!'
19.3019 	EXP 	text_3: text = 'Welcome to the memory experiment!'
19.3019 	EXP 	text_4: text = 'Press space to continue!'
19.3356 	EXP 	text_3: text = 'Welcome to the memory experiment!'
19.3356 	EXP 	text_4: text = 'Press space to continue!'
19.3680 	EXP 	text_3: text = 'Welcome to the memory experiment!'
19.3680 	EXP 	text_4: text = 'Press space to continue!'
19.4023 	EXP 	text_3: text = 'Welcome to the memory experiment!'
19.4023 	EXP 	text_4: text = 'Press space to continue!'
19.4354 	EXP 	text_3: text = 'Welcome to the memory experiment!'
19.4354 	EXP 	text_4: text = 'Press space to continue!'
19.4688 	EXP 	text_3: text = 'Welcome to the memory experiment!'
19.4688 	EXP 	text_4: text = 'Press space to continue!'
19.5023 	EXP 	text_3: text = 'Welcome to the memory experiment!'
19.5023 	EXP 	text_4: text = 'Press space to continue!'
19.5171 	DATA 	Keypress: space
19.5354 	EXP 	text_3: text = 'Welcome to the memory experiment!'
19.5354 	EXP 	text_4: text = 'Press space to continue!'
19.5684 	EXP 	text_3: text = 'Welcome to the memory experiment!'
19.5684 	EXP 	text_4: text = 'Press space to continue!'
19.6019 	EXP 	text_3: text = 'Welcome to the memory experiment!'
19.6019 	EXP 	text_4: text = 'Press space to continue!'
19.6346 	EXP 	text_3: text = 'Welcome to the memory experiment!'
19.6346 	EXP 	text_4: text = 'Press space to continue!'
19.6683 	EXP 	text_3: text = 'Welcome to the memory experiment!'
19.6683 	EXP 	text_4: text = 'Press space to continue!'
19.7021 	EXP 	text_3: text = 'Welcome to the memory experiment!'
19.7021 	EXP 	text_4: text = 'Press space to continue!'
19.7352 	EXP 	text_3: text = 'Welcome to the memory experiment!'
19.7352 	EXP 	text_4: text = 'Press space to continue!'
19.7687 	EXP 	text_3: text = 'Welcome to the memory experiment!'
19.7687 	EXP 	text_4: text = 'Press space to continue!'
19.8023 	EXP 	text_3: text = 'Welcome to the memory experiment!'
19.8023 	EXP 	text_4: text = 'Press space to continue!'
19.8351 	EXP 	text_3: text = 'Welcome to the memory experiment!'
19.8351 	EXP 	text_4: text = 'Press space to continue!'
19.8691 	EXP 	text_3: text = 'Welcome to the memory experiment!'
19.8691 	EXP 	text_4: text = 'Press space to continue!'
19.9021 	EXP 	text_3: text = 'Welcome to the memory experiment!'
19.9021 	EXP 	text_4: text = 'Press space to continue!'
19.9352 	EXP 	text_3: text = 'Welcome to the memory experiment!'
19.9352 	EXP 	text_4: text = 'Press space to continue!'
19.9681 	EXP 	text_3: text = 'Welcome to the memory experiment!'
19.9681 	EXP 	text_4: text = 'Press space to continue!'
20.0012 	EXP 	text_3: text = 'Welcome to the memory experiment!'
20.0012 	EXP 	text_4: text = 'Press space to continue!'
20.0343 	EXP 	text_3: text = 'Welcome to the memory experiment!'
20.0343 	EXP 	text_4: text = 'Press space to continue!'
20.0678 	EXP 	text_3: text = 'Welcome to the memory experiment!'
20.0678 	EXP 	text_4: text = 'Press space to continue!'
20.1017 	EXP 	text_3: text = 'Welcome to the memory experiment!'
20.1017 	EXP 	text_4: text = 'Press space to continue!'
20.1342 	EXP 	text_3: text = 'Welcome to the memory experiment!'
20.1342 	EXP 	text_4: text = 'Press space to continue!'
20.1676 	EXP 	text_3: text = 'Welcome to the memory experiment!'
20.1676 	EXP 	text_4: text = 'Press space to continue!'
20.2011 	EXP 	text_3: text = 'Welcome to the memory experiment!'
20.2011 	EXP 	text_4: text = 'Press space to continue!'
20.2346 	EXP 	text_3: text = 'Welcome to the memory experiment!'
20.2346 	EXP 	text_4: text = 'Press space to continue!'
20.2678 	EXP 	text_3: text = 'Welcome to the memory experiment!'
20.2678 	EXP 	text_4: text = 'Press space to continue!'
20.3016 	EXP 	text_3: text = 'Welcome to the memory experiment!'
20.3016 	EXP 	text_4: text = 'Press space to continue!'
20.3192 	DATA 	Keypress: escape
20.3352 	EXP 	text_3: text = 'Welcome to the memory experiment!'
20.3352 	EXP 	text_4: text = 'Press space to continue!'
20.3678 	EXP 	text_3: text = 'Welcome to the memory experiment!'
20.3678 	EXP 	text_4: text = 'Press space to continue!'
20.4018 	EXP 	text_3: text = 'Welcome to the memory experiment!'
20.4018 	EXP 	text_4: text = 'Press space to continue!'
20.4352 	EXP 	text_3: text = 'Welcome to the memory experiment!'
20.4352 	EXP 	text_4: text = 'Press space to continue!'
20.4682 	EXP 	text_3: text = 'Welcome to the memory experiment!'
20.4682 	EXP 	text_4: text = 'Press space to continue!'
20.5013 	EXP 	text_3: text = 'Welcome to the memory experiment!'
20.5013 	EXP 	text_4: text = 'Press space to continue!'
20.5355 	EXP 	text_3: text = 'Welcome to the memory experiment!'
20.5355 	EXP 	text_4: text = 'Press space to continue!'
20.5675 	EXP 	text_3: text = 'Welcome to the memory experiment!'
20.5675 	EXP 	text_4: text = 'Press space to continue!'
20.8661 	EXP 	window1: mouseVisible = True
