5.4959 	EXP 	Created window1 = Window(allowGUI=False, allowStencil=False, args=UNKNOWN, autoLog=True, bitsMode=UNKNOWN, blendMode='avg', color=array([0.992, 0.992, 0.992]), colorSpace='rgb', fullscr=<method-wrapper '__getattribute__' of attributeSetter object at 0x1313b36a0>, gamma=None, gammaErrorPolicy='raise', kwargs=UNKNOWN, lms=UNKNOWN, monitor=<psychopy.monitors.calibTools.Monitor object at 0x1313e40b8>, multiSample=False, name='window1', numSamples=2, pos=[360.0, 225.0], screen=0, size=array([2880, 1800]), stereo=False, units='height', useFBO=True, useRetina=True, viewOri=0.0, viewPos=None, viewScale=None, waitBlanking=True, winType='pyglet')
5.4960 	EXP 	window1: recordFrameIntervals = False
5.6609 	EXP 	window1: recordFrameIntervals = True
5.8444 	EXP 	window1: recordFrameIntervals = False
6.2282 	EXP 	Created text = TextStim(__class__=<class 'psychopy.visual.text.TextStim'>, alignHoriz='center', alignVert='center', antialias=True, autoLog=True, bold=False, color='white', colorSpace='named', contrast=1.0, depth=0.0, flipHoriz=False, flipVert=False, font='Arial', fontFiles=[], height=1.0, italic=False, languageStyle='LTR', name='text', opacity=1.0, ori=0, pos=array([0., 0.]), rgb=array([255., 255., 255.]), text='default text', units='height', win=Window(...), wrapWidth=1)
6.2349 	EXP 	Created instructions_text2 = TextStim(__class__=<class 'psychopy.visual.text.TextStim'>, alignHoriz='center', alignVert='center', antialias=True, autoLog=True, bold=False, color='white', colorSpace='named', contrast=1.0, depth=-1.0, flipHoriz=False, flipVert=False, font='Arial', fontFiles=[], height=1.0, italic=False, languageStyle='LTR', name='instructions_text2', opacity=1.0, ori=0, pos=array([0., 0.]), rgb=array([255., 255., 255.]), text='default text', units='height', win=Window(...), wrapWidth=1)
6.2734 	EXP 	Created image1 = ImageStim(__class__=<class 'psychopy.visual.image.ImageStim'>, autoLog=True, color=array([1., 1., 1.]), colorSpace='rgb', contrast=1.0, depth=-3.0, flipHoriz=False, flipVert=False, image='sin', interpolate=True, mask=None, maskParams=None, name='image1', opacity=1.0, ori=0.0, pos=array([0., 0.]), size=array([1., 1.]), texRes=128, units='height', win=Window(...))
6.2758 	EXP 	Created image2 = ImageStim(__class__=<class 'psychopy.visual.image.ImageStim'>, autoLog=True, color=array([1., 1., 1.]), colorSpace='rgb', contrast=1.0, depth=-4.0, flipHoriz=False, flipVert=False, image='sin', interpolate=True, mask=None, maskParams=None, name='image2', opacity=1.0, ori=0.0, pos=array([0., 0.]), size=array([1., 1.]), texRes=128, units='height', win=Window(...))
6.2780 	EXP 	Created a_image = ImageStim(__class__=<class 'psychopy.visual.image.ImageStim'>, autoLog=True, color=array([1., 1., 1.]), colorSpace='rgb', contrast=1.0, depth=0.0, flipHoriz=False, flipVert=False, image='sin', interpolate=True, mask=None, maskParams=None, name='a_image', opacity=1.0, ori=0.0, pos=array([-0.3,  0. ]), size=array([0.4, 0.4]), texRes=128, units='height', win=Window(...))
6.2798 	EXP 	Created b_image = ImageStim(__class__=<class 'psychopy.visual.image.ImageStim'>, autoLog=True, color=array([1., 1., 1.]), colorSpace='rgb', contrast=1.0, depth=-1.0, flipHoriz=False, flipVert=False, image='sin', interpolate=True, mask=None, maskParams=None, name='b_image', opacity=1.0, ori=0.0, pos=array([0.3, 0. ]), size=array([0.4, 0.4]), texRes=128, units='height', win=Window(...))
6.2950 	EXP 	Created text_12 = TextStim(__class__=<class 'psychopy.visual.text.TextStim'>, alignHoriz='center', alignVert='center', antialias=True, autoLog=True, bold=False, color='black', colorSpace='named', contrast=1.0, depth=-2.0, flipHoriz=False, flipVert=False, font='Helvetica', fontFiles=[], height=0.03, italic=False, languageStyle='LTR', name='text_12', opacity=1.0, ori=0, pos=array([0., 0.]), rgb=array([0., 0., 0.]), text='Remember the image pairs', units='height', win=Window(...), wrapWidth=1)
6.2995 	EXP 	Created text_5 = TextStim(__class__=<class 'psychopy.visual.text.TextStim'>, alignHoriz='center', alignVert='center', antialias=True, autoLog=True, bold=False, color='white', colorSpace='named', contrast=1.0, depth=0.0, flipHoriz=False, flipVert=False, font='Arial', fontFiles=[], height=1.0, italic=False, languageStyle='LTR', name='text_5', opacity=1.0, ori=0, pos=array([0., 0.]), rgb=array([255., 255., 255.]), text='default text', units='height', win=Window(...), wrapWidth=1)
6.3044 	EXP 	Created text_8 = TextStim(__class__=<class 'psychopy.visual.text.TextStim'>, alignHoriz='center', alignVert='center', antialias=True, autoLog=True, bold=False, color='white', colorSpace='named', contrast=1.0, depth=-1.0, flipHoriz=False, flipVert=False, font='Arial', fontFiles=[], height=1.0, italic=False, languageStyle='LTR', name='text_8', opacity=1.0, ori=0, pos=array([0., 0.]), rgb=array([255., 255., 255.]), text='default text', units='height', win=Window(...), wrapWidth=1)
6.3421 	EXP 	Created image = ImageStim(__class__=<class 'psychopy.visual.image.ImageStim'>, autoLog=True, color=array([1., 1., 1.]), colorSpace='rgb', contrast=1.0, depth=-3.0, flipHoriz=False, flipVert=False, image='sin', interpolate=True, mask=None, maskParams=None, name='image', opacity=1.0, ori=1.0, pos=array([0., 0.]), size=array([1., 1.]), texRes=128, units='height', win=Window(...))
6.3438 	EXP 	Created image_2 = ImageStim(__class__=<class 'psychopy.visual.image.ImageStim'>, autoLog=True, color=array([1., 1., 1.]), colorSpace='rgb', contrast=1.0, depth=-4.0, flipHoriz=False, flipVert=False, image='sin', interpolate=True, mask=None, maskParams=None, name='image_2', opacity=1.0, ori=1.0, pos=array([0., 0.]), size=array([1., 1.]), texRes=128, units='height', win=Window(...))
6.3455 	EXP 	Created image_5 = ImageStim(__class__=<class 'psychopy.visual.image.ImageStim'>, autoLog=True, color=array([1., 1., 1.]), colorSpace='rgb', contrast=1.0, depth=-5.0, flipHoriz=False, flipVert=False, image='sin', interpolate=True, mask=None, maskParams=None, name='image_5', opacity=1.0, ori=1.0, pos=array([0., 0.]), size=array([1., 1.]), texRes=128, units='height', win=Window(...))
6.3472 	EXP 	Created image_6 = ImageStim(__class__=<class 'psychopy.visual.image.ImageStim'>, autoLog=True, color=array([1., 1., 1.]), colorSpace='rgb', contrast=1.0, depth=-6.0, flipHoriz=False, flipVert=False, image='sin', interpolate=True, mask=None, maskParams=None, name='image_6', opacity=1.0, ori=1.0, pos=array([0., 0.]), size=array([1., 1.]), texRes=128, units='height', win=Window(...))
6.3601 	EXP 	Created instruct_text = TextStim(__class__=<class 'psychopy.visual.text.TextStim'>, alignHoriz='center', alignVert='center', antialias=True, autoLog=True, bold=False, color='black', colorSpace='named', contrast=1.0, depth=0.0, flipHoriz=False, flipVert=False, font='Arial', fontFiles=[], height=0.1, italic=False, languageStyle='LTR', name='instruct_text', opacity=1.0, ori=0, pos=array([0. , 0.4]), rgb=array([0., 0., 0.]), text='Retrieve the associate', units='height', win=Window(...), wrapWidth=1)
6.3620 	EXP 	Created a_image_retrieve = ImageStim(__class__=<class 'psychopy.visual.image.ImageStim'>, autoLog=True, color=array([1., 1., 1.]), colorSpace='rgb', contrast=1.0, depth=-1.0, flipHoriz=False, flipVert=False, image='sin', interpolate=True, mask=None, maskParams=None, name='a_image_retrieve', opacity=1.0, ori=0.0, pos=array([-0.5, -0.1]), size=array([0.5, 0.5]), texRes=128, units='height', win=Window(...))
6.3662 	EXP 	Created text_2 = TextStim(__class__=<class 'psychopy.visual.text.TextStim'>, alignHoriz='center', alignVert='center', antialias=True, autoLog=True, bold=False, color='white', colorSpace='named', contrast=1.0, depth=-2.0, flipHoriz=False, flipVert=False, font='Arial', fontFiles=[], height=0.1, italic=False, languageStyle='LTR', name='text_2', opacity=1.0, ori=0, pos=array([0., 0.]), rgb=array([255., 255., 255.]), text='+', units='height', win=Window(...), wrapWidth=1)
6.3685 	EXP 	Created correct_pair = ImageStim(__class__=<class 'psychopy.visual.image.ImageStim'>, autoLog=True, color=array([1., 1., 1.]), colorSpace='rgb', contrast=1.0, depth=-3.0, flipHoriz=False, flipVert=False, image='sin', interpolate=True, mask=None, maskParams=None, name='correct_pair', opacity=1.0, ori=0.0, pos=array([0., 0.]), size=array([0.5, 0.5]), texRes=128, units='height', win=Window(...))
6.3794 	EXP 	Created afc_text = TextStim(__class__=<class 'psychopy.visual.text.TextStim'>, alignHoriz='center', alignVert='center', antialias=True, autoLog=True, bold=False, color='black', colorSpace='named', contrast=1.0, depth=-4.0, flipHoriz=False, flipVert=False, font='Arial', fontFiles=[], height=0.05, italic=False, languageStyle='LTR', name='afc_text', opacity=1.0, ori=0, pos=array([0., 3.]), rgb=array([0., 0., 0.]), text='Select the correct image', units='height', win=Window(...), wrapWidth=1)
6.3813 	EXP 	Created alternative_1 = ImageStim(__class__=<class 'psychopy.visual.image.ImageStim'>, autoLog=True, color=array([1., 1., 1.]), colorSpace='rgb', contrast=1.0, depth=-5.0, flipHoriz=False, flipVert=False, image='sin', interpolate=True, mask=None, maskParams=None, name='alternative_1', opacity=1.0, ori=0.0, pos=array([-0.3,  0. ]), size=array([0.5, 0.5]), texRes=128, units='height', win=Window(...))
6.3830 	EXP 	Created alternative_2 = ImageStim(__class__=<class 'psychopy.visual.image.ImageStim'>, autoLog=True, color=array([1., 1., 1.]), colorSpace='rgb', contrast=1.0, depth=-6.0, flipHoriz=False, flipVert=False, image='sin', interpolate=True, mask=None, maskParams=None, name='alternative_2', opacity=1.0, ori=0.0, pos=array([0. , 0.3]), size=array([0.5, 0.5]), texRes=128, units='height', win=Window(...))
6.3948 	EXP 	Imported instructions_intentional_encoding.xlsx as conditions, 8 conditions, 10 params
6.3951 	EXP 	Created sequence: sequential, trialTypes=8, nReps=1, seed=None
6.3956 	EXP 	New trial (rep=0, index=0): OrderedDict([('instructions1', 'Welcome to the memory experiment!'), ('Instructions2', 'Press space to continue!'), ('Image1', None), ('Image2', None), ('Image3', None), ('Image_4', None), ('position_1x', 0), ('position_1y', 0.2), ('position_2x', 0.0), ('position_2y', -0.2)])
6.4642 	EXP 	text: color = 'black (named)'
6.4642 	EXP 	text: pos = array([0. , 0.2])
6.4642 	EXP 	text: text = 'Welcome to the memory experiment!'
6.4642 	EXP 	text: font = 'Helvetica'
6.4642 	EXP 	text: height = 0.03
6.4642 	EXP 	instructions_text2: color = 'black (named)'
6.4642 	EXP 	instructions_text2: pos = array([ 0. , -0.2])
6.4642 	EXP 	instructions_text2: text = 'Press space to continue!'
6.4642 	EXP 	instructions_text2: font = 'Helvetica'
6.4642 	EXP 	instructions_text2: height = 0.03
6.5140 	EXP 	text: autoDraw = True
6.5140 	EXP 	instructions_text2: autoDraw = True
6.5140 	EXP 	image1: autoDraw = True
6.5140 	EXP 	image2: autoDraw = True
6.5140 	EXP 	text: text = 'Welcome to the memory experiment!'
6.5140 	EXP 	instructions_text2: text = 'Press space to continue!'
6.9133 	EXP 	New trial (rep=0, index=1): OrderedDict([('instructions1', 'On each trial of this task, you will see two pairs of images on the left and right hand side of the computer screen.'), ('Instructions2', 'Press space to continue!'), ('Image1', None), ('Image2', None), ('Image3', None), ('Image_4', None), ('position_1x', 0), ('position_1y', 0.2), ('position_2x', 0.0), ('position_2y', -0.2)])
6.9393 	DATA 	Keypress: space
6.9612 	EXP 	text: autoDraw = False
6.9612 	EXP 	instructions_text2: autoDraw = False
6.9612 	EXP 	image1: autoDraw = False
6.9612 	EXP 	image2: autoDraw = False
6.9612 	EXP 	text: color = 'black (named)'
6.9612 	EXP 	text: pos = array([0. , 0.2])
6.9612 	EXP 	text: text = 'On each trial of this task, you will see two pairs of images on the left and right hand side of the computer screen.'
6.9612 	EXP 	text: font = 'Helvetica'
6.9612 	EXP 	text: height = 0.03
6.9612 	EXP 	instructions_text2: color = 'black (named)'
6.9612 	EXP 	instructions_text2: pos = array([ 0. , -0.2])
6.9612 	EXP 	instructions_text2: text = 'Press space to continue!'
6.9612 	EXP 	instructions_text2: font = 'Helvetica'
6.9612 	EXP 	instructions_text2: height = 0.03
6.9950 	EXP 	text: autoDraw = True
6.9950 	EXP 	instructions_text2: autoDraw = True
6.9950 	EXP 	image1: autoDraw = True
6.9950 	EXP 	image2: autoDraw = True
6.9950 	EXP 	text: text = 'On each trial of this task, you will see two pairs of images on the left and right hand side of the computer screen.'
6.9950 	EXP 	instructions_text2: text = 'Press space to continue!'
7.2635 	EXP 	New trial (rep=0, index=2): OrderedDict([('instructions1', 'For example, on one trial, you might see two images similar to the ones below.'), ('Instructions2', 'Press space to continue!'), ('Image1', 'instruction_images/jessica_alba.jpg'), ('Image2', 'instruction_images/oldBook.png'), ('Image3', None), ('Image_4', None), ('position_1x', 0), ('position_1y', 0.3), ('position_2x', 0.0), ('position_2y', -0.4)])
7.2794 	DATA 	Keypress: space
7.2953 	EXP 	text: autoDraw = False
7.2953 	EXP 	instructions_text2: autoDraw = False
7.2953 	EXP 	image1: autoDraw = False
7.2953 	EXP 	image2: autoDraw = False
7.2953 	EXP 	text: color = 'black (named)'
7.2953 	EXP 	text: pos = array([0. , 0.3])
7.2953 	EXP 	text: text = 'For example, on one trial, you might see two images similar to the ones below.'
7.2953 	EXP 	text: font = 'Helvetica'
7.2953 	EXP 	text: height = 0.03
7.2953 	EXP 	instructions_text2: color = 'black (named)'
7.2953 	EXP 	instructions_text2: pos = array([ 0. , -0.4])
7.2953 	EXP 	instructions_text2: text = 'Press space to continue!'
7.2953 	EXP 	instructions_text2: font = 'Helvetica'
7.2953 	EXP 	instructions_text2: height = 0.03
7.4286 	EXP 	text: autoDraw = True
7.4286 	EXP 	instructions_text2: autoDraw = True
7.4286 	EXP 	image1: autoDraw = True
7.4286 	EXP 	image2: autoDraw = True
7.4286 	EXP 	text: text = 'For example, on one trial, you might see two images similar to the ones below.'
7.4286 	EXP 	instructions_text2: text = 'Press space to continue!'
7.4508 	DATA 	Keypress: space
7.4827 	EXP 	New trial (rep=0, index=3): OrderedDict([('instructions1', 'Your job is to try to remember that these pairs of images go together. You can link the images in your memory in any way you wish. For example, you can rehearse them in your memory, or link them through a story.'), ('Instructions2', 'Press space to continue!'), ('Image1', 'instruction_images/jessica_alba.jpg'), ('Image2', 'instruction_images/oldBook.png'), ('Image3', None), ('Image_4', None), ('position_1x', 0), ('position_1y', 0.3), ('position_2x', 0.0), ('position_2y', -0.4)])
7.5280 	EXP 	text: autoDraw = False
7.5280 	EXP 	instructions_text2: autoDraw = False
7.5280 	EXP 	image1: autoDraw = False
7.5280 	EXP 	image2: autoDraw = False
7.5280 	EXP 	text: color = 'black (named)'
7.5280 	EXP 	text: pos = array([0. , 0.3])
7.5280 	EXP 	text: text = 'Your job is to try to remember that these pairs of images go together. You can link the images in your memory in any way you wish. For example, you can rehearse them in your memory, or link them through a story.'
7.5280 	EXP 	text: font = 'Helvetica'
7.5280 	EXP 	text: height = 0.03
7.5280 	EXP 	instructions_text2: color = 'black (named)'
7.5280 	EXP 	instructions_text2: pos = array([ 0. , -0.4])
7.5280 	EXP 	instructions_text2: text = 'Press space to continue!'
7.5280 	EXP 	instructions_text2: font = 'Helvetica'
7.5280 	EXP 	instructions_text2: height = 0.03
7.6109 	EXP 	text: autoDraw = True
7.6109 	EXP 	instructions_text2: autoDraw = True
7.6109 	EXP 	image1: autoDraw = True
7.6109 	EXP 	image2: autoDraw = True
7.6109 	EXP 	text: text = 'Your job is to try to remember that these pairs of images go together. You can link the images in your memory in any way you wish. For example, you can rehearse them in your memory, or link them through a story.'
7.6109 	EXP 	instructions_text2: text = 'Press space to continue!'
8.8504 	EXP 	New trial (rep=0, index=4): OrderedDict([('instructions1', 'You could tell yourself that this woman, Jessica Alba, likes books. So this woman and books go together!'), ('Instructions2', 'Press space to continue!'), ('Image1', 'instruction_images/jessica_alba.jpg'), ('Image2', 'instruction_images/oldBook.png'), ('Image3', None), ('Image_4', None), ('position_1x', 0), ('position_1y', 0.3), ('position_2x', 0.0), ('position_2y', -0.4)])
8.8738 	DATA 	Keypress: space
8.8940 	EXP 	text: autoDraw = False
8.8940 	EXP 	instructions_text2: autoDraw = False
8.8940 	EXP 	image1: autoDraw = False
8.8940 	EXP 	image2: autoDraw = False
8.8940 	EXP 	text: color = 'black (named)'
8.8940 	EXP 	text: pos = array([0. , 0.3])
8.8940 	EXP 	text: text = 'You could tell yourself that this woman, Jessica Alba, likes books. So this woman and books go together!'
8.8940 	EXP 	text: font = 'Helvetica'
8.8940 	EXP 	text: height = 0.03
8.8940 	EXP 	instructions_text2: color = 'black (named)'
8.8940 	EXP 	instructions_text2: pos = array([ 0. , -0.4])
8.8940 	EXP 	instructions_text2: text = 'Press space to continue!'
8.8940 	EXP 	instructions_text2: font = 'Helvetica'
8.8940 	EXP 	instructions_text2: height = 0.03
8.9630 	EXP 	text: autoDraw = True
8.9630 	EXP 	instructions_text2: autoDraw = True
8.9630 	EXP 	image1: autoDraw = True
8.9630 	EXP 	image2: autoDraw = True
8.9630 	EXP 	text: text = 'You could tell yourself that this woman, Jessica Alba, likes books. So this woman and books go together!'
8.9630 	EXP 	instructions_text2: text = 'Press space to continue!'
9.1816 	DATA 	Keypress: space
9.2141 	EXP 	New trial (rep=0, index=5): OrderedDict([('instructions1', "It's important that you remember that these  images go together because your memory will later be tested. Specifically, later, you will be shown one image, and asked to recall its pair."), ('Instructions2', 'Press space to continue!'), ('Image1', 'instruction_images/jessica_alba.jpg'), ('Image2', 'instruction_images/oldBook.png'), ('Image3', None), ('Image_4', None), ('position_1x', 0), ('position_1y', 0.3), ('position_2x', 0.0), ('position_2y', -0.4)])
9.2613 	EXP 	text: autoDraw = False
9.2613 	EXP 	instructions_text2: autoDraw = False
9.2613 	EXP 	image1: autoDraw = False
9.2613 	EXP 	image2: autoDraw = False
9.2613 	EXP 	text: color = 'black (named)'
9.2613 	EXP 	text: pos = array([0. , 0.3])
9.2613 	EXP 	text: text = "It's important that you remember that these  images go together because your memory will later be tested. Specifically, later, you will be shown one image, and asked to recall its pair."
9.2613 	EXP 	text: font = 'Helvetica'
9.2613 	EXP 	text: height = 0.03
9.2613 	EXP 	instructions_text2: color = 'black (named)'
9.2613 	EXP 	instructions_text2: pos = array([ 0. , -0.4])
9.2613 	EXP 	instructions_text2: text = 'Press space to continue!'
9.2613 	EXP 	instructions_text2: font = 'Helvetica'
9.2613 	EXP 	instructions_text2: height = 0.03
9.3616 	EXP 	text: autoDraw = True
9.3616 	EXP 	instructions_text2: autoDraw = True
9.3616 	EXP 	image1: autoDraw = True
9.3616 	EXP 	image2: autoDraw = True
9.3616 	EXP 	text: text = "It's important that you remember that these  images go together because your memory will later be tested. Specifically, later, you will be shown one image, and asked to recall its pair."
9.3616 	EXP 	instructions_text2: text = 'Press space to continue!'
9.6796 	EXP 	New trial (rep=0, index=6): OrderedDict([('instructions1', 'Get ready to see a series of image pairs! Each pair of images will only last on the screen for a few sceonds, so you will need to pay attention!'), ('Instructions2', 'Press space to continue!'), ('Image1', 'instruction_images/jessica_alba.jpg'), ('Image2', 'instruction_images/oldBook.png'), ('Image3', None), ('Image_4', None), ('position_1x', 0), ('position_1y', 0.3), ('position_2x', 0.0), ('position_2y', -0.4)])
9.7027 	DATA 	Keypress: space
9.7155 	EXP 	text: autoDraw = False
9.7155 	EXP 	instructions_text2: autoDraw = False
9.7155 	EXP 	image1: autoDraw = False
9.7155 	EXP 	image2: autoDraw = False
9.7155 	EXP 	text: color = 'black (named)'
9.7155 	EXP 	text: pos = array([0. , 0.3])
9.7155 	EXP 	text: text = 'Get ready to see a series of image pairs! Each pair of images will only last on the screen for a few sceonds, so you will need to pay attention!'
9.7155 	EXP 	text: font = 'Helvetica'
9.7155 	EXP 	text: height = 0.03
9.7155 	EXP 	instructions_text2: color = 'black (named)'
9.7155 	EXP 	instructions_text2: pos = array([ 0. , -0.4])
9.7155 	EXP 	instructions_text2: text = 'Press space to continue!'
9.7155 	EXP 	instructions_text2: font = 'Helvetica'
9.7155 	EXP 	instructions_text2: height = 0.03
9.7833 	EXP 	text: autoDraw = True
9.7833 	EXP 	instructions_text2: autoDraw = True
9.7833 	EXP 	image1: autoDraw = True
9.7833 	EXP 	image2: autoDraw = True
9.7833 	EXP 	text: text = 'Get ready to see a series of image pairs! Each pair of images will only last on the screen for a few sceonds, so you will need to pay attention!'
9.7833 	EXP 	instructions_text2: text = 'Press space to continue!'
10.0975 	DATA 	Keypress: space
10.1296 	EXP 	New trial (rep=0, index=7): OrderedDict([('instructions1', "When you're ready to start the game, press space!"), ('Instructions2', None), ('Image1', None), ('Image2', None), ('Image3', None), ('Image_4', None), ('position_1x', 0), ('position_1y', 0.0), ('position_2x', None), ('position_2y', None)])
10.1667 	EXP 	text: autoDraw = False
10.1667 	EXP 	instructions_text2: autoDraw = False
10.1667 	EXP 	image1: autoDraw = False
10.1667 	EXP 	image2: autoDraw = False
10.1667 	EXP 	text: color = 'black (named)'
10.1667 	EXP 	text: pos = array([0., 0.])
10.1667 	EXP 	text: text = "When you're ready to start the game, press space!"
10.1667 	EXP 	text: font = 'Helvetica'
10.1667 	EXP 	text: height = 0.03
10.1667 	EXP 	instructions_text2: color = 'black (named)'
10.1667 	EXP 	instructions_text2: pos = array([nan, nan])
10.1667 	EXP 	instructions_text2: text = 'Press space to continue!'
10.1667 	EXP 	instructions_text2: font = 'Helvetica'
10.1667 	EXP 	instructions_text2: height = 0.03
10.2109 	EXP 	text: autoDraw = True
10.2109 	EXP 	instructions_text2: autoDraw = True
10.2109 	EXP 	image1: autoDraw = True
10.2109 	EXP 	image2: autoDraw = True
10.2109 	EXP 	text: text = "When you're ready to start the game, press space!"
10.2109 	EXP 	instructions_text2: text = 'Press space to continue!'
10.8237 	EXP 	Imported intentional_encoding.xlsx as conditions, 12 conditions, 4 params
10.8239 	EXP 	Created sequence: sequential, trialTypes=12, nReps=2, seed=None
10.8243 	EXP 	New trial (rep=0, index=0): OrderedDict([('trial', 1), ('image_a', 'images/flipflopsBlue.png'), ('image_b', 'images/amy_poehler_c.jpg'), ('category_b', 'face')])
10.8335 	DATA 	Keypress: space
10.8454 	EXP 	text: autoDraw = False
10.8454 	EXP 	instructions_text2: autoDraw = False
10.8454 	EXP 	image1: autoDraw = False
10.8454 	EXP 	image2: autoDraw = False
10.8454 	EXP 	b_image: image = 'images/amy_poehler_c.jpg'
10.8953 	EXP 	a_image: autoDraw = True
10.8953 	EXP 	b_image: autoDraw = True
10.8953 	EXP 	text_12: autoDraw = True
10.9298 	EXP 	New trial (rep=0, index=1): OrderedDict([('trial', 2), ('image_a', 'images/bag_gift.png'), ('image_b', 'images/bill_gates_a.jpg'), ('category_b', 'face')])
10.9616 	EXP 	a_image: autoDraw = False
10.9616 	EXP 	b_image: autoDraw = False
10.9616 	EXP 	text_12: autoDraw = False
10.9616 	EXP 	b_image: image = 'images/bill_gates_a.jpg'
11.0110 	EXP 	a_image: autoDraw = True
11.0110 	EXP 	b_image: autoDraw = True
11.0110 	EXP 	text_12: autoDraw = True
11.0458 	EXP 	New trial (rep=0, index=2): OrderedDict([('trial', 3), ('image_a', 'images/ball_8.png'), ('image_b', 'images/courtney_cox_c.jpg'), ('category_b', 'face')])
11.0782 	EXP 	a_image: autoDraw = False
11.0782 	EXP 	b_image: autoDraw = False
11.0782 	EXP 	text_12: autoDraw = False
11.0782 	EXP 	b_image: image = 'images/courtney_cox_c.jpg'
11.1278 	EXP 	a_image: autoDraw = True
11.1278 	EXP 	b_image: autoDraw = True
11.1278 	EXP 	text_12: autoDraw = True
11.1287 	EXP 	New trial (rep=0, index=3): OrderedDict([('trial', 4), ('image_a', 'images/ball_baseball.png'), ('image_b', 'images/dakota_fanning_c.jpg'), ('category_b', 'face')])
11.1489 	EXP 	a_image: autoDraw = False
11.1489 	EXP 	b_image: autoDraw = False
11.1489 	EXP 	text_12: autoDraw = False
11.1489 	EXP 	b_image: image = 'images/dakota_fanning_c.jpg'
11.2116 	EXP 	a_image: autoDraw = True
11.2116 	EXP 	b_image: autoDraw = True
11.2116 	EXP 	text_12: autoDraw = True
11.2345 	EXP 	New trial (rep=0, index=4): OrderedDict([('trial', 5), ('image_a', 'images/balloon.jpg'), ('image_b', 'images/drew_barrymore_c.jpg'), ('category_b', 'face')])
11.2608 	EXP 	a_image: autoDraw = False
11.2608 	EXP 	b_image: autoDraw = False
11.2608 	EXP 	text_12: autoDraw = False
11.2608 	EXP 	b_image: image = 'images/drew_barrymore_c.jpg'
11.2991 	EXP 	a_image: autoDraw = True
11.2991 	EXP 	b_image: autoDraw = True
11.2991 	EXP 	text_12: autoDraw = True
11.3291 	EXP 	New trial (rep=0, index=5): OrderedDict([('trial', 6), ('image_a', 'images/bandage.jpg'), ('image_b', 'images/ellen_degeneres_b.jpg'), ('category_b', 'face')])
11.3604 	EXP 	a_image: autoDraw = False
11.3604 	EXP 	b_image: autoDraw = False
11.3604 	EXP 	text_12: autoDraw = False
11.3604 	EXP 	b_image: image = 'images/ellen_degeneres_b.jpg'
11.4114 	EXP 	a_image: autoDraw = True
11.4114 	EXP 	b_image: autoDraw = True
11.4114 	EXP 	text_12: autoDraw = True
11.4463 	EXP 	New trial (rep=0, index=6): OrderedDict([('trial', 7), ('image_a', 'images/barrel.jpg'), ('image_b', 'images/emma_stone.jpg'), ('category_b', 'face')])
11.4773 	EXP 	a_image: autoDraw = False
11.4773 	EXP 	b_image: autoDraw = False
11.4773 	EXP 	text_12: autoDraw = False
11.4773 	EXP 	b_image: image = 'images/emma_stone.jpg'
11.5276 	EXP 	a_image: autoDraw = True
11.5276 	EXP 	b_image: autoDraw = True
11.5276 	EXP 	text_12: autoDraw = True
11.5290 	EXP 	New trial (rep=0, index=7): OrderedDict([('trial', 8), ('image_a', 'images/bathrobe.png'), ('image_b', 'images/emma_watson.jpg'), ('category_b', 'face')])
11.5606 	EXP 	a_image: autoDraw = False
11.5606 	EXP 	b_image: autoDraw = False
11.5606 	EXP 	text_12: autoDraw = False
11.5606 	EXP 	b_image: image = 'images/emma_watson.jpg'
11.5969 	EXP 	a_image: autoDraw = True
11.5969 	EXP 	b_image: autoDraw = True
11.5969 	EXP 	text_12: autoDraw = True
11.6180 	EXP 	New trial (rep=0, index=8): OrderedDict([('trial', 9), ('image_a', 'images/beetle.png'), ('image_b', 'images/george_clooney_a.jpg'), ('category_b', 'face')])
11.6450 	EXP 	a_image: autoDraw = False
11.6450 	EXP 	b_image: autoDraw = False
11.6450 	EXP 	text_12: autoDraw = False
11.6450 	EXP 	b_image: image = 'images/george_clooney_a.jpg'
11.6809 	EXP 	a_image: autoDraw = True
11.6809 	EXP 	b_image: autoDraw = True
11.6809 	EXP 	text_12: autoDraw = True
11.7316 	EXP 	New trial (rep=0, index=9): OrderedDict([('trial', 10), ('image_a', 'images/bench_park.png'), ('image_b', 'images/gwen_stefani_c.jpg'), ('category_b', 'face')])
11.7611 	EXP 	a_image: autoDraw = False
11.7611 	EXP 	b_image: autoDraw = False
11.7611 	EXP 	text_12: autoDraw = False
11.7611 	EXP 	b_image: image = 'images/gwen_stefani_c.jpg'
11.7945 	EXP 	a_image: autoDraw = True
11.7945 	EXP 	b_image: autoDraw = True
11.7945 	EXP 	text_12: autoDraw = True
11.8293 	EXP 	New trial (rep=0, index=10): OrderedDict([('trial', 11), ('image_a', 'images/bib.png'), ('image_b', 'images/hillary_clinton_a.jpg'), ('category_b', 'face')])
11.8481 	EXP 	a_image: autoDraw = False
11.8481 	EXP 	b_image: autoDraw = False
11.8481 	EXP 	text_12: autoDraw = False
11.8481 	EXP 	b_image: image = 'images/hillary_clinton_a.jpg'
11.8942 	EXP 	a_image: autoDraw = True
11.8942 	EXP 	b_image: autoDraw = True
11.8942 	EXP 	text_12: autoDraw = True
11.9306 	EXP 	New trial (rep=0, index=11): OrderedDict([('trial', 12), ('image_a', 'images/bird_parrot.png'), ('image_b', 'images/jackie_kennedy_a.jpg'), ('category_b', 'face')])
11.9609 	EXP 	a_image: autoDraw = False
11.9609 	EXP 	b_image: autoDraw = False
11.9609 	EXP 	text_12: autoDraw = False
11.9609 	EXP 	b_image: image = 'images/jackie_kennedy_a.jpg'
11.9986 	EXP 	a_image: autoDraw = True
11.9986 	EXP 	b_image: autoDraw = True
11.9986 	EXP 	text_12: autoDraw = True
12.0291 	EXP 	New trial (rep=1, index=0): OrderedDict([('trial', 1), ('image_a', 'images/flipflopsBlue.png'), ('image_b', 'images/amy_poehler_c.jpg'), ('category_b', 'face')])
12.0479 	EXP 	a_image: autoDraw = False
12.0479 	EXP 	b_image: autoDraw = False
12.0479 	EXP 	text_12: autoDraw = False
12.0479 	EXP 	b_image: image = 'images/amy_poehler_c.jpg'
12.0941 	EXP 	a_image: autoDraw = True
12.0941 	EXP 	b_image: autoDraw = True
12.0941 	EXP 	text_12: autoDraw = True
12.1294 	EXP 	New trial (rep=1, index=1): OrderedDict([('trial', 2), ('image_a', 'images/bag_gift.png'), ('image_b', 'images/bill_gates_a.jpg'), ('category_b', 'face')])
12.1616 	EXP 	a_image: autoDraw = False
12.1616 	EXP 	b_image: autoDraw = False
12.1616 	EXP 	text_12: autoDraw = False
12.1616 	EXP 	b_image: image = 'images/bill_gates_a.jpg'
12.2111 	EXP 	a_image: autoDraw = True
12.2111 	EXP 	b_image: autoDraw = True
12.2111 	EXP 	text_12: autoDraw = True
12.2456 	EXP 	New trial (rep=1, index=2): OrderedDict([('trial', 3), ('image_a', 'images/ball_8.png'), ('image_b', 'images/courtney_cox_c.jpg'), ('category_b', 'face')])
12.2775 	EXP 	a_image: autoDraw = False
12.2775 	EXP 	b_image: autoDraw = False
12.2775 	EXP 	text_12: autoDraw = False
12.2775 	EXP 	b_image: image = 'images/courtney_cox_c.jpg'
12.3288 	EXP 	a_image: autoDraw = True
12.3288 	EXP 	b_image: autoDraw = True
12.3288 	EXP 	text_12: autoDraw = True
12.3298 	EXP 	New trial (rep=1, index=3): OrderedDict([('trial', 4), ('image_a', 'images/ball_baseball.png'), ('image_b', 'images/dakota_fanning_c.jpg'), ('category_b', 'face')])
12.3612 	EXP 	a_image: autoDraw = False
12.3612 	EXP 	b_image: autoDraw = False
12.3612 	EXP 	text_12: autoDraw = False
12.3612 	EXP 	b_image: image = 'images/dakota_fanning_c.jpg'
12.4107 	EXP 	a_image: autoDraw = True
12.4107 	EXP 	b_image: autoDraw = True
12.4107 	EXP 	text_12: autoDraw = True
12.4333 	EXP 	New trial (rep=1, index=4): OrderedDict([('trial', 5), ('image_a', 'images/balloon.jpg'), ('image_b', 'images/drew_barrymore_c.jpg'), ('category_b', 'face')])
12.4612 	EXP 	a_image: autoDraw = False
12.4612 	EXP 	b_image: autoDraw = False
12.4612 	EXP 	text_12: autoDraw = False
12.4612 	EXP 	b_image: image = 'images/drew_barrymore_c.jpg'
12.4975 	EXP 	a_image: autoDraw = True
12.4975 	EXP 	b_image: autoDraw = True
12.4975 	EXP 	text_12: autoDraw = True
12.5191 	EXP 	New trial (rep=1, index=5): OrderedDict([('trial', 6), ('image_a', 'images/bandage.jpg'), ('image_b', 'images/ellen_degeneres_b.jpg'), ('category_b', 'face')])
12.5457 	EXP 	a_image: autoDraw = False
12.5457 	EXP 	b_image: autoDraw = False
12.5457 	EXP 	text_12: autoDraw = False
12.5457 	EXP 	b_image: image = 'images/ellen_degeneres_b.jpg'
12.5946 	EXP 	a_image: autoDraw = True
12.5946 	EXP 	b_image: autoDraw = True
12.5946 	EXP 	text_12: autoDraw = True
12.6286 	EXP 	New trial (rep=1, index=6): OrderedDict([('trial', 7), ('image_a', 'images/barrel.jpg'), ('image_b', 'images/emma_stone.jpg'), ('category_b', 'face')])
12.6608 	EXP 	a_image: autoDraw = False
12.6608 	EXP 	b_image: autoDraw = False
12.6608 	EXP 	text_12: autoDraw = False
12.6608 	EXP 	b_image: image = 'images/emma_stone.jpg'
12.7106 	EXP 	a_image: autoDraw = True
12.7106 	EXP 	b_image: autoDraw = True
12.7106 	EXP 	text_12: autoDraw = True
12.7451 	EXP 	New trial (rep=1, index=7): OrderedDict([('trial', 8), ('image_a', 'images/bathrobe.png'), ('image_b', 'images/emma_watson.jpg'), ('category_b', 'face')])
12.7654 	EXP 	a_image: autoDraw = False
12.7654 	EXP 	b_image: autoDraw = False
12.7654 	EXP 	text_12: autoDraw = False
12.7654 	EXP 	b_image: image = 'images/emma_watson.jpg'
12.7981 	EXP 	a_image: autoDraw = True
12.7981 	EXP 	b_image: autoDraw = True
12.7981 	EXP 	text_12: autoDraw = True
12.8181 	EXP 	New trial (rep=1, index=8): OrderedDict([('trial', 9), ('image_a', 'images/beetle.png'), ('image_b', 'images/george_clooney_a.jpg'), ('category_b', 'face')])
12.8443 	EXP 	a_image: autoDraw = False
12.8443 	EXP 	b_image: autoDraw = False
12.8443 	EXP 	text_12: autoDraw = False
12.8443 	EXP 	b_image: image = 'images/george_clooney_a.jpg'
12.8829 	EXP 	a_image: autoDraw = True
12.8829 	EXP 	b_image: autoDraw = True
12.8829 	EXP 	text_12: autoDraw = True
12.9337 	EXP 	New trial (rep=1, index=9): OrderedDict([('trial', 10), ('image_a', 'images/bench_park.png'), ('image_b', 'images/gwen_stefani_c.jpg'), ('category_b', 'face')])
12.9614 	EXP 	a_image: autoDraw = False
12.9614 	EXP 	b_image: autoDraw = False
12.9614 	EXP 	text_12: autoDraw = False
12.9614 	EXP 	b_image: image = 'images/gwen_stefani_c.jpg'
13.0109 	EXP 	a_image: autoDraw = True
13.0109 	EXP 	b_image: autoDraw = True
13.0109 	EXP 	text_12: autoDraw = True
13.0461 	EXP 	New trial (rep=1, index=10): OrderedDict([('trial', 11), ('image_a', 'images/bib.png'), ('image_b', 'images/hillary_clinton_a.jpg'), ('category_b', 'face')])
13.0782 	EXP 	a_image: autoDraw = False
13.0782 	EXP 	b_image: autoDraw = False
13.0782 	EXP 	text_12: autoDraw = False
13.0782 	EXP 	b_image: image = 'images/hillary_clinton_a.jpg'
13.1103 	EXP 	a_image: autoDraw = True
13.1103 	EXP 	b_image: autoDraw = True
13.1103 	EXP 	text_12: autoDraw = True
13.1450 	EXP 	New trial (rep=1, index=11): OrderedDict([('trial', 12), ('image_a', 'images/bird_parrot.png'), ('image_b', 'images/jackie_kennedy_a.jpg'), ('category_b', 'face')])
13.1779 	EXP 	a_image: autoDraw = False
13.1779 	EXP 	b_image: autoDraw = False
13.1779 	EXP 	text_12: autoDraw = False
13.1779 	EXP 	b_image: image = 'images/jackie_kennedy_a.jpg'
13.1989 	EXP 	a_image: autoDraw = True
13.1989 	EXP 	b_image: autoDraw = True
13.1989 	EXP 	text_12: autoDraw = True
13.2409 	EXP 	Imported instructions_intentional_encoding.xlsx as conditions, 4 conditions, 10 params
13.2412 	EXP 	Created sequence: sequential, trialTypes=4, nReps=1, seed=None
13.2417 	EXP 	New trial (rep=0, index=0): OrderedDict([('instructions1', 'Great job! Your memory for each image pair will now be tested. You will first see one image on the computer screen, like below. You will be asked to bring to mind the associated image pair.'), ('Instructions2', 'Press space to continue!'), ('Image1', 'instruction_images/jessica_alba.jpg'), ('Image2', None), ('Image3', None), ('Image_4', None), ('position_1x', 0), ('position_1y', 0.3), ('position_2x', 0.0), ('position_2y', -0.4)])
13.3776 	EXP 	a_image: autoDraw = False
13.3776 	EXP 	b_image: autoDraw = False
13.3776 	EXP 	text_12: autoDraw = False
13.3776 	EXP 	text_5: autoDraw = True
13.3776 	EXP 	text_8: autoDraw = True
13.3776 	EXP 	image: autoDraw = True
13.3776 	EXP 	image_2: autoDraw = True
13.3776 	EXP 	image_5: autoDraw = True
13.3776 	EXP 	image_6: autoDraw = True
13.3776 	EXP 	text_5: text = 'Great job! Your memory for each image pair will now be tested. You will first see one image on the computer screen, like below. You will be asked to bring to mind the associated image pair.'
13.3776 	EXP 	text_8: text = 'Press space to continue!'
13.4448 	EXP 	text_5: text = 'Great job! Your memory for each image pair will now be tested. You will first see one image on the computer screen, like below. You will be asked to bring to mind the associated image pair.'
13.4448 	EXP 	text_8: text = 'Press space to continue!'
13.5137 	EXP 	text_5: text = 'Great job! Your memory for each image pair will now be tested. You will first see one image on the computer screen, like below. You will be asked to bring to mind the associated image pair.'
13.5137 	EXP 	text_8: text = 'Press space to continue!'
13.5945 	EXP 	text_5: text = 'Great job! Your memory for each image pair will now be tested. You will first see one image on the computer screen, like below. You will be asked to bring to mind the associated image pair.'
13.5945 	EXP 	text_8: text = 'Press space to continue!'
13.6610 	EXP 	text_5: text = 'Great job! Your memory for each image pair will now be tested. You will first see one image on the computer screen, like below. You will be asked to bring to mind the associated image pair.'
13.6610 	EXP 	text_8: text = 'Press space to continue!'
13.7129 	EXP 	text_5: text = 'Great job! Your memory for each image pair will now be tested. You will first see one image on the computer screen, like below. You will be asked to bring to mind the associated image pair.'
13.7129 	EXP 	text_8: text = 'Press space to continue!'
13.7780 	EXP 	text_5: text = 'Great job! Your memory for each image pair will now be tested. You will first see one image on the computer screen, like below. You will be asked to bring to mind the associated image pair.'
13.7780 	EXP 	text_8: text = 'Press space to continue!'
13.8323 	EXP 	text_5: text = 'Great job! Your memory for each image pair will now be tested. You will first see one image on the computer screen, like below. You will be asked to bring to mind the associated image pair.'
13.8323 	EXP 	text_8: text = 'Press space to continue!'
13.8943 	EXP 	text_5: text = 'Great job! Your memory for each image pair will now be tested. You will first see one image on the computer screen, like below. You will be asked to bring to mind the associated image pair.'
13.8943 	EXP 	text_8: text = 'Press space to continue!'
13.9455 	EXP 	text_5: text = 'Great job! Your memory for each image pair will now be tested. You will first see one image on the computer screen, like below. You will be asked to bring to mind the associated image pair.'
13.9455 	EXP 	text_8: text = 'Press space to continue!'
13.9985 	EXP 	text_5: text = 'Great job! Your memory for each image pair will now be tested. You will first see one image on the computer screen, like below. You will be asked to bring to mind the associated image pair.'
13.9985 	EXP 	text_8: text = 'Press space to continue!'
14.0616 	EXP 	text_5: text = 'Great job! Your memory for each image pair will now be tested. You will first see one image on the computer screen, like below. You will be asked to bring to mind the associated image pair.'
14.0616 	EXP 	text_8: text = 'Press space to continue!'
14.1120 	EXP 	text_5: text = 'Great job! Your memory for each image pair will now be tested. You will first see one image on the computer screen, like below. You will be asked to bring to mind the associated image pair.'
14.1120 	EXP 	text_8: text = 'Press space to continue!'
14.1776 	EXP 	text_5: text = 'Great job! Your memory for each image pair will now be tested. You will first see one image on the computer screen, like below. You will be asked to bring to mind the associated image pair.'
14.1776 	EXP 	text_8: text = 'Press space to continue!'
14.2281 	EXP 	text_5: text = 'Great job! Your memory for each image pair will now be tested. You will first see one image on the computer screen, like below. You will be asked to bring to mind the associated image pair.'
14.2281 	EXP 	text_8: text = 'Press space to continue!'
14.2777 	EXP 	text_5: text = 'Great job! Your memory for each image pair will now be tested. You will first see one image on the computer screen, like below. You will be asked to bring to mind the associated image pair.'
14.2777 	EXP 	text_8: text = 'Press space to continue!'
14.3282 	EXP 	text_5: text = 'Great job! Your memory for each image pair will now be tested. You will first see one image on the computer screen, like below. You will be asked to bring to mind the associated image pair.'
14.3282 	EXP 	text_8: text = 'Press space to continue!'
14.3786 	EXP 	text_5: text = 'Great job! Your memory for each image pair will now be tested. You will first see one image on the computer screen, like below. You will be asked to bring to mind the associated image pair.'
14.3786 	EXP 	text_8: text = 'Press space to continue!'
14.4312 	EXP 	text_5: text = 'Great job! Your memory for each image pair will now be tested. You will first see one image on the computer screen, like below. You will be asked to bring to mind the associated image pair.'
14.4312 	EXP 	text_8: text = 'Press space to continue!'
14.4807 	EXP 	text_5: text = 'Great job! Your memory for each image pair will now be tested. You will first see one image on the computer screen, like below. You will be asked to bring to mind the associated image pair.'
14.4807 	EXP 	text_8: text = 'Press space to continue!'
14.5284 	EXP 	text_5: text = 'Great job! Your memory for each image pair will now be tested. You will first see one image on the computer screen, like below. You will be asked to bring to mind the associated image pair.'
14.5284 	EXP 	text_8: text = 'Press space to continue!'
14.5781 	EXP 	text_5: text = 'Great job! Your memory for each image pair will now be tested. You will first see one image on the computer screen, like below. You will be asked to bring to mind the associated image pair.'
14.5781 	EXP 	text_8: text = 'Press space to continue!'
14.6275 	EXP 	text_5: text = 'Great job! Your memory for each image pair will now be tested. You will first see one image on the computer screen, like below. You will be asked to bring to mind the associated image pair.'
14.6275 	EXP 	text_8: text = 'Press space to continue!'
14.6778 	EXP 	text_5: text = 'Great job! Your memory for each image pair will now be tested. You will first see one image on the computer screen, like below. You will be asked to bring to mind the associated image pair.'
14.6778 	EXP 	text_8: text = 'Press space to continue!'
14.7277 	EXP 	text_5: text = 'Great job! Your memory for each image pair will now be tested. You will first see one image on the computer screen, like below. You will be asked to bring to mind the associated image pair.'
14.7277 	EXP 	text_8: text = 'Press space to continue!'
14.7776 	EXP 	text_5: text = 'Great job! Your memory for each image pair will now be tested. You will first see one image on the computer screen, like below. You will be asked to bring to mind the associated image pair.'
14.7776 	EXP 	text_8: text = 'Press space to continue!'
14.8284 	EXP 	text_5: text = 'Great job! Your memory for each image pair will now be tested. You will first see one image on the computer screen, like below. You will be asked to bring to mind the associated image pair.'
14.8284 	EXP 	text_8: text = 'Press space to continue!'
14.8772 	EXP 	text_5: text = 'Great job! Your memory for each image pair will now be tested. You will first see one image on the computer screen, like below. You will be asked to bring to mind the associated image pair.'
14.8772 	EXP 	text_8: text = 'Press space to continue!'
14.9288 	EXP 	text_5: text = 'Great job! Your memory for each image pair will now be tested. You will first see one image on the computer screen, like below. You will be asked to bring to mind the associated image pair.'
14.9288 	EXP 	text_8: text = 'Press space to continue!'
14.9778 	EXP 	text_5: text = 'Great job! Your memory for each image pair will now be tested. You will first see one image on the computer screen, like below. You will be asked to bring to mind the associated image pair.'
14.9778 	EXP 	text_8: text = 'Press space to continue!'
15.0270 	EXP 	text_5: text = 'Great job! Your memory for each image pair will now be tested. You will first see one image on the computer screen, like below. You will be asked to bring to mind the associated image pair.'
15.0270 	EXP 	text_8: text = 'Press space to continue!'
15.0777 	EXP 	text_5: text = 'Great job! Your memory for each image pair will now be tested. You will first see one image on the computer screen, like below. You will be asked to bring to mind the associated image pair.'
15.0777 	EXP 	text_8: text = 'Press space to continue!'
15.1276 	EXP 	text_5: text = 'Great job! Your memory for each image pair will now be tested. You will first see one image on the computer screen, like below. You will be asked to bring to mind the associated image pair.'
15.1276 	EXP 	text_8: text = 'Press space to continue!'
15.1775 	EXP 	text_5: text = 'Great job! Your memory for each image pair will now be tested. You will first see one image on the computer screen, like below. You will be asked to bring to mind the associated image pair.'
15.1775 	EXP 	text_8: text = 'Press space to continue!'
15.2275 	EXP 	text_5: text = 'Great job! Your memory for each image pair will now be tested. You will first see one image on the computer screen, like below. You will be asked to bring to mind the associated image pair.'
15.2275 	EXP 	text_8: text = 'Press space to continue!'
15.2776 	EXP 	text_5: text = 'Great job! Your memory for each image pair will now be tested. You will first see one image on the computer screen, like below. You will be asked to bring to mind the associated image pair.'
15.2776 	EXP 	text_8: text = 'Press space to continue!'
15.3281 	EXP 	text_5: text = 'Great job! Your memory for each image pair will now be tested. You will first see one image on the computer screen, like below. You will be asked to bring to mind the associated image pair.'
15.3281 	EXP 	text_8: text = 'Press space to continue!'
15.3777 	EXP 	text_5: text = 'Great job! Your memory for each image pair will now be tested. You will first see one image on the computer screen, like below. You will be asked to bring to mind the associated image pair.'
15.3777 	EXP 	text_8: text = 'Press space to continue!'
15.4281 	EXP 	text_5: text = 'Great job! Your memory for each image pair will now be tested. You will first see one image on the computer screen, like below. You will be asked to bring to mind the associated image pair.'
15.4281 	EXP 	text_8: text = 'Press space to continue!'
15.4782 	EXP 	text_5: text = 'Great job! Your memory for each image pair will now be tested. You will first see one image on the computer screen, like below. You will be asked to bring to mind the associated image pair.'
15.4782 	EXP 	text_8: text = 'Press space to continue!'
15.5277 	EXP 	text_5: text = 'Great job! Your memory for each image pair will now be tested. You will first see one image on the computer screen, like below. You will be asked to bring to mind the associated image pair.'
15.5277 	EXP 	text_8: text = 'Press space to continue!'
15.5786 	EXP 	text_5: text = 'Great job! Your memory for each image pair will now be tested. You will first see one image on the computer screen, like below. You will be asked to bring to mind the associated image pair.'
15.5786 	EXP 	text_8: text = 'Press space to continue!'
15.6278 	EXP 	text_5: text = 'Great job! Your memory for each image pair will now be tested. You will first see one image on the computer screen, like below. You will be asked to bring to mind the associated image pair.'
15.6278 	EXP 	text_8: text = 'Press space to continue!'
15.6777 	EXP 	text_5: text = 'Great job! Your memory for each image pair will now be tested. You will first see one image on the computer screen, like below. You will be asked to bring to mind the associated image pair.'
15.6777 	EXP 	text_8: text = 'Press space to continue!'
15.7275 	EXP 	text_5: text = 'Great job! Your memory for each image pair will now be tested. You will first see one image on the computer screen, like below. You will be asked to bring to mind the associated image pair.'
15.7275 	EXP 	text_8: text = 'Press space to continue!'
15.7781 	EXP 	text_5: text = 'Great job! Your memory for each image pair will now be tested. You will first see one image on the computer screen, like below. You will be asked to bring to mind the associated image pair.'
15.7781 	EXP 	text_8: text = 'Press space to continue!'
15.8283 	EXP 	text_5: text = 'Great job! Your memory for each image pair will now be tested. You will first see one image on the computer screen, like below. You will be asked to bring to mind the associated image pair.'
15.8283 	EXP 	text_8: text = 'Press space to continue!'
15.8771 	EXP 	text_5: text = 'Great job! Your memory for each image pair will now be tested. You will first see one image on the computer screen, like below. You will be asked to bring to mind the associated image pair.'
15.8771 	EXP 	text_8: text = 'Press space to continue!'
15.9281 	EXP 	text_5: text = 'Great job! Your memory for each image pair will now be tested. You will first see one image on the computer screen, like below. You will be asked to bring to mind the associated image pair.'
15.9281 	EXP 	text_8: text = 'Press space to continue!'
15.9777 	EXP 	text_5: text = 'Great job! Your memory for each image pair will now be tested. You will first see one image on the computer screen, like below. You will be asked to bring to mind the associated image pair.'
15.9777 	EXP 	text_8: text = 'Press space to continue!'
16.0279 	EXP 	text_5: text = 'Great job! Your memory for each image pair will now be tested. You will first see one image on the computer screen, like below. You will be asked to bring to mind the associated image pair.'
16.0279 	EXP 	text_8: text = 'Press space to continue!'
16.0770 	EXP 	text_5: text = 'Great job! Your memory for each image pair will now be tested. You will first see one image on the computer screen, like below. You will be asked to bring to mind the associated image pair.'
16.0770 	EXP 	text_8: text = 'Press space to continue!'
16.1275 	EXP 	text_5: text = 'Great job! Your memory for each image pair will now be tested. You will first see one image on the computer screen, like below. You will be asked to bring to mind the associated image pair.'
16.1275 	EXP 	text_8: text = 'Press space to continue!'
16.1819 	EXP 	text_5: text = 'Great job! Your memory for each image pair will now be tested. You will first see one image on the computer screen, like below. You will be asked to bring to mind the associated image pair.'
16.1819 	EXP 	text_8: text = 'Press space to continue!'
16.2321 	EXP 	text_5: text = 'Great job! Your memory for each image pair will now be tested. You will first see one image on the computer screen, like below. You will be asked to bring to mind the associated image pair.'
16.2321 	EXP 	text_8: text = 'Press space to continue!'
16.2817 	EXP 	text_5: text = 'Great job! Your memory for each image pair will now be tested. You will first see one image on the computer screen, like below. You will be asked to bring to mind the associated image pair.'
16.2817 	EXP 	text_8: text = 'Press space to continue!'
16.3333 	EXP 	text_5: text = 'Great job! Your memory for each image pair will now be tested. You will first see one image on the computer screen, like below. You will be asked to bring to mind the associated image pair.'
16.3333 	EXP 	text_8: text = 'Press space to continue!'
16.3835 	EXP 	text_5: text = 'Great job! Your memory for each image pair will now be tested. You will first see one image on the computer screen, like below. You will be asked to bring to mind the associated image pair.'
16.3835 	EXP 	text_8: text = 'Press space to continue!'
16.4436 	EXP 	text_5: text = 'Great job! Your memory for each image pair will now be tested. You will first see one image on the computer screen, like below. You will be asked to bring to mind the associated image pair.'
16.4436 	EXP 	text_8: text = 'Press space to continue!'
16.4946 	EXP 	text_5: text = 'Great job! Your memory for each image pair will now be tested. You will first see one image on the computer screen, like below. You will be asked to bring to mind the associated image pair.'
16.4946 	EXP 	text_8: text = 'Press space to continue!'
16.5431 	EXP 	text_5: text = 'Great job! Your memory for each image pair will now be tested. You will first see one image on the computer screen, like below. You will be asked to bring to mind the associated image pair.'
16.5431 	EXP 	text_8: text = 'Press space to continue!'
16.5934 	EXP 	text_5: text = 'Great job! Your memory for each image pair will now be tested. You will first see one image on the computer screen, like below. You will be asked to bring to mind the associated image pair.'
16.5934 	EXP 	text_8: text = 'Press space to continue!'
16.6474 	EXP 	text_5: text = 'Great job! Your memory for each image pair will now be tested. You will first see one image on the computer screen, like below. You will be asked to bring to mind the associated image pair.'
16.6474 	EXP 	text_8: text = 'Press space to continue!'
16.6966 	EXP 	text_5: text = 'Great job! Your memory for each image pair will now be tested. You will first see one image on the computer screen, like below. You will be asked to bring to mind the associated image pair.'
16.6966 	EXP 	text_8: text = 'Press space to continue!'
16.7479 	EXP 	text_5: text = 'Great job! Your memory for each image pair will now be tested. You will first see one image on the computer screen, like below. You will be asked to bring to mind the associated image pair.'
16.7479 	EXP 	text_8: text = 'Press space to continue!'
16.7969 	EXP 	text_5: text = 'Great job! Your memory for each image pair will now be tested. You will first see one image on the computer screen, like below. You will be asked to bring to mind the associated image pair.'
16.7969 	EXP 	text_8: text = 'Press space to continue!'
16.8480 	EXP 	text_5: text = 'Great job! Your memory for each image pair will now be tested. You will first see one image on the computer screen, like below. You will be asked to bring to mind the associated image pair.'
16.8480 	EXP 	text_8: text = 'Press space to continue!'
16.8971 	EXP 	text_5: text = 'Great job! Your memory for each image pair will now be tested. You will first see one image on the computer screen, like below. You will be asked to bring to mind the associated image pair.'
16.8971 	EXP 	text_8: text = 'Press space to continue!'
16.9487 	EXP 	text_5: text = 'Great job! Your memory for each image pair will now be tested. You will first see one image on the computer screen, like below. You will be asked to bring to mind the associated image pair.'
16.9487 	EXP 	text_8: text = 'Press space to continue!'
16.9993 	EXP 	text_5: text = 'Great job! Your memory for each image pair will now be tested. You will first see one image on the computer screen, like below. You will be asked to bring to mind the associated image pair.'
16.9993 	EXP 	text_8: text = 'Press space to continue!'
17.0490 	EXP 	text_5: text = 'Great job! Your memory for each image pair will now be tested. You will first see one image on the computer screen, like below. You will be asked to bring to mind the associated image pair.'
17.0490 	EXP 	text_8: text = 'Press space to continue!'
17.0997 	EXP 	text_5: text = 'Great job! Your memory for each image pair will now be tested. You will first see one image on the computer screen, like below. You will be asked to bring to mind the associated image pair.'
17.0997 	EXP 	text_8: text = 'Press space to continue!'
17.1599 	EXP 	text_5: text = 'Great job! Your memory for each image pair will now be tested. You will first see one image on the computer screen, like below. You will be asked to bring to mind the associated image pair.'
17.1599 	EXP 	text_8: text = 'Press space to continue!'
17.2107 	EXP 	text_5: text = 'Great job! Your memory for each image pair will now be tested. You will first see one image on the computer screen, like below. You will be asked to bring to mind the associated image pair.'
17.2107 	EXP 	text_8: text = 'Press space to continue!'
17.2602 	EXP 	text_5: text = 'Great job! Your memory for each image pair will now be tested. You will first see one image on the computer screen, like below. You will be asked to bring to mind the associated image pair.'
17.2602 	EXP 	text_8: text = 'Press space to continue!'
17.3102 	EXP 	text_5: text = 'Great job! Your memory for each image pair will now be tested. You will first see one image on the computer screen, like below. You will be asked to bring to mind the associated image pair.'
17.3102 	EXP 	text_8: text = 'Press space to continue!'
17.3612 	EXP 	text_5: text = 'Great job! Your memory for each image pair will now be tested. You will first see one image on the computer screen, like below. You will be asked to bring to mind the associated image pair.'
17.3612 	EXP 	text_8: text = 'Press space to continue!'
17.4104 	EXP 	text_5: text = 'Great job! Your memory for each image pair will now be tested. You will first see one image on the computer screen, like below. You will be asked to bring to mind the associated image pair.'
17.4104 	EXP 	text_8: text = 'Press space to continue!'
17.4606 	EXP 	text_5: text = 'Great job! Your memory for each image pair will now be tested. You will first see one image on the computer screen, like below. You will be asked to bring to mind the associated image pair.'
17.4606 	EXP 	text_8: text = 'Press space to continue!'
17.5109 	EXP 	text_5: text = 'Great job! Your memory for each image pair will now be tested. You will first see one image on the computer screen, like below. You will be asked to bring to mind the associated image pair.'
17.5109 	EXP 	text_8: text = 'Press space to continue!'
17.5596 	EXP 	text_5: text = 'Great job! Your memory for each image pair will now be tested. You will first see one image on the computer screen, like below. You will be asked to bring to mind the associated image pair.'
17.5596 	EXP 	text_8: text = 'Press space to continue!'
17.6103 	EXP 	text_5: text = 'Great job! Your memory for each image pair will now be tested. You will first see one image on the computer screen, like below. You will be asked to bring to mind the associated image pair.'
17.6103 	EXP 	text_8: text = 'Press space to continue!'
17.6607 	EXP 	text_5: text = 'Great job! Your memory for each image pair will now be tested. You will first see one image on the computer screen, like below. You will be asked to bring to mind the associated image pair.'
17.6607 	EXP 	text_8: text = 'Press space to continue!'
17.7097 	EXP 	text_5: text = 'Great job! Your memory for each image pair will now be tested. You will first see one image on the computer screen, like below. You will be asked to bring to mind the associated image pair.'
17.7097 	EXP 	text_8: text = 'Press space to continue!'
17.7599 	EXP 	text_5: text = 'Great job! Your memory for each image pair will now be tested. You will first see one image on the computer screen, like below. You will be asked to bring to mind the associated image pair.'
17.7599 	EXP 	text_8: text = 'Press space to continue!'
17.8107 	EXP 	text_5: text = 'Great job! Your memory for each image pair will now be tested. You will first see one image on the computer screen, like below. You will be asked to bring to mind the associated image pair.'
17.8107 	EXP 	text_8: text = 'Press space to continue!'
17.8607 	EXP 	text_5: text = 'Great job! Your memory for each image pair will now be tested. You will first see one image on the computer screen, like below. You will be asked to bring to mind the associated image pair.'
17.8607 	EXP 	text_8: text = 'Press space to continue!'
17.9103 	EXP 	text_5: text = 'Great job! Your memory for each image pair will now be tested. You will first see one image on the computer screen, like below. You will be asked to bring to mind the associated image pair.'
17.9103 	EXP 	text_8: text = 'Press space to continue!'
17.9595 	EXP 	text_5: text = 'Great job! Your memory for each image pair will now be tested. You will first see one image on the computer screen, like below. You will be asked to bring to mind the associated image pair.'
17.9595 	EXP 	text_8: text = 'Press space to continue!'
18.0113 	EXP 	text_5: text = 'Great job! Your memory for each image pair will now be tested. You will first see one image on the computer screen, like below. You will be asked to bring to mind the associated image pair.'
18.0113 	EXP 	text_8: text = 'Press space to continue!'
18.0610 	EXP 	text_5: text = 'Great job! Your memory for each image pair will now be tested. You will first see one image on the computer screen, like below. You will be asked to bring to mind the associated image pair.'
18.0610 	EXP 	text_8: text = 'Press space to continue!'
18.1113 	EXP 	text_5: text = 'Great job! Your memory for each image pair will now be tested. You will first see one image on the computer screen, like below. You will be asked to bring to mind the associated image pair.'
18.1113 	EXP 	text_8: text = 'Press space to continue!'
18.1771 	EXP 	text_5: text = 'Great job! Your memory for each image pair will now be tested. You will first see one image on the computer screen, like below. You will be asked to bring to mind the associated image pair.'
18.1771 	EXP 	text_8: text = 'Press space to continue!'
18.2268 	EXP 	text_5: text = 'Great job! Your memory for each image pair will now be tested. You will first see one image on the computer screen, like below. You will be asked to bring to mind the associated image pair.'
18.2268 	EXP 	text_8: text = 'Press space to continue!'
18.2773 	EXP 	text_5: text = 'Great job! Your memory for each image pair will now be tested. You will first see one image on the computer screen, like below. You will be asked to bring to mind the associated image pair.'
18.2773 	EXP 	text_8: text = 'Press space to continue!'
18.3276 	EXP 	text_5: text = 'Great job! Your memory for each image pair will now be tested. You will first see one image on the computer screen, like below. You will be asked to bring to mind the associated image pair.'
18.3276 	EXP 	text_8: text = 'Press space to continue!'
18.3785 	EXP 	text_5: text = 'Great job! Your memory for each image pair will now be tested. You will first see one image on the computer screen, like below. You will be asked to bring to mind the associated image pair.'
18.3785 	EXP 	text_8: text = 'Press space to continue!'
18.4280 	EXP 	text_5: text = 'Great job! Your memory for each image pair will now be tested. You will first see one image on the computer screen, like below. You will be asked to bring to mind the associated image pair.'
18.4280 	EXP 	text_8: text = 'Press space to continue!'
18.4780 	EXP 	text_5: text = 'Great job! Your memory for each image pair will now be tested. You will first see one image on the computer screen, like below. You will be asked to bring to mind the associated image pair.'
18.4780 	EXP 	text_8: text = 'Press space to continue!'
18.5174 	DATA 	Keypress: space
18.5309 	EXP 	text_5: text = 'Great job! Your memory for each image pair will now be tested. You will first see one image on the computer screen, like below. You will be asked to bring to mind the associated image pair.'
18.5309 	EXP 	text_8: text = 'Press space to continue!'
18.5414 	EXP 	New trial (rep=0, index=1): OrderedDict([('instructions1', 'Immediately after, you will be asked to select which image was associated with the one on the screen.'), ('Instructions2', 'Press space to continue!'), ('Image1', 'instruction_images/jessica_alba.jpg'), ('Image2', None), ('Image3', None), ('Image_4', None), ('position_1x', 0), ('position_1y', 0.3), ('position_2x', 0.0), ('position_2y', -0.4)])
18.5950 	EXP 	text_5: autoDraw = False
18.5950 	EXP 	text_8: autoDraw = False
18.5950 	EXP 	image: autoDraw = False
18.5950 	EXP 	image_2: autoDraw = False
18.5950 	EXP 	image_5: autoDraw = False
18.5950 	EXP 	image_6: autoDraw = False
18.5950 	EXP 	text_5: autoDraw = True
18.5950 	EXP 	text_8: autoDraw = True
18.5950 	EXP 	image: autoDraw = True
18.5950 	EXP 	image_2: autoDraw = True
18.5950 	EXP 	image_5: autoDraw = True
18.5950 	EXP 	image_6: autoDraw = True
18.5950 	EXP 	text_5: text = 'Immediately after, you will be asked to select which image was associated with the one on the screen.'
18.5950 	EXP 	text_8: text = 'Press space to continue!'
18.6436 	EXP 	text_5: text = 'Immediately after, you will be asked to select which image was associated with the one on the screen.'
18.6436 	EXP 	text_8: text = 'Press space to continue!'
18.6937 	EXP 	text_5: text = 'Immediately after, you will be asked to select which image was associated with the one on the screen.'
18.6937 	EXP 	text_8: text = 'Press space to continue!'
18.7441 	EXP 	text_5: text = 'Immediately after, you will be asked to select which image was associated with the one on the screen.'
18.7441 	EXP 	text_8: text = 'Press space to continue!'
18.7928 	EXP 	text_5: text = 'Immediately after, you will be asked to select which image was associated with the one on the screen.'
18.7928 	EXP 	text_8: text = 'Press space to continue!'
18.8327 	EXP 	text_5: text = 'Immediately after, you will be asked to select which image was associated with the one on the screen.'
18.8327 	EXP 	text_8: text = 'Press space to continue!'
18.8776 	EXP 	text_5: text = 'Immediately after, you will be asked to select which image was associated with the one on the screen.'
18.8776 	EXP 	text_8: text = 'Press space to continue!'
18.9269 	EXP 	text_5: text = 'Immediately after, you will be asked to select which image was associated with the one on the screen.'
18.9269 	EXP 	text_8: text = 'Press space to continue!'
18.9766 	EXP 	text_5: text = 'Immediately after, you will be asked to select which image was associated with the one on the screen.'
18.9766 	EXP 	text_8: text = 'Press space to continue!'
19.0267 	EXP 	text_5: text = 'Immediately after, you will be asked to select which image was associated with the one on the screen.'
19.0267 	EXP 	text_8: text = 'Press space to continue!'
19.0767 	EXP 	text_5: text = 'Immediately after, you will be asked to select which image was associated with the one on the screen.'
19.0767 	EXP 	text_8: text = 'Press space to continue!'
19.1269 	EXP 	text_5: text = 'Immediately after, you will be asked to select which image was associated with the one on the screen.'
19.1269 	EXP 	text_8: text = 'Press space to continue!'
19.1767 	EXP 	text_5: text = 'Immediately after, you will be asked to select which image was associated with the one on the screen.'
19.1767 	EXP 	text_8: text = 'Press space to continue!'
19.2263 	EXP 	text_5: text = 'Immediately after, you will be asked to select which image was associated with the one on the screen.'
19.2263 	EXP 	text_8: text = 'Press space to continue!'
19.2587 	DATA 	Keypress: space
19.2763 	EXP 	text_5: text = 'Immediately after, you will be asked to select which image was associated with the one on the screen.'
19.2763 	EXP 	text_8: text = 'Press space to continue!'
19.2889 	EXP 	New trial (rep=0, index=2): OrderedDict([('instructions1', 'Specifically, you will see three other images, like below. Your job is to select the image that was associated with the image that you just saw. For example, in this case, you would choose the book, because it was associated with Jessica Alba.'), ('Instructions2', 'Press space to continue!'), ('Image1', None), ('Image2', 'instruction_images/oldBook.png'), ('Image3', 'instruction_images/oldBook.png'), ('Image_4', 'instruction_images/oldBook.png'), ('position_1x', 0), ('position_1y', 0.3), ('position_2x', 0.0), ('position_2y', -0.4)])
19.4099 	EXP 	text_5: autoDraw = False
19.4099 	EXP 	text_8: autoDraw = False
19.4099 	EXP 	image: autoDraw = False
19.4099 	EXP 	image_2: autoDraw = False
19.4099 	EXP 	image_5: autoDraw = False
19.4099 	EXP 	image_6: autoDraw = False
19.4099 	EXP 	text_5: autoDraw = True
19.4099 	EXP 	text_8: autoDraw = True
19.4099 	EXP 	image: autoDraw = True
19.4099 	EXP 	image_2: autoDraw = True
19.4099 	EXP 	image_5: autoDraw = True
19.4099 	EXP 	image_6: autoDraw = True
19.4099 	EXP 	text_5: text = 'Specifically, you will see three other images, like below. Your job is to select the image that was associated with the image that you just saw. For example, in this case, you would choose the book, because it was associated with Jessica Alba.'
19.4099 	EXP 	text_8: text = 'Press space to continue!'
19.4931 	EXP 	text_5: text = 'Specifically, you will see three other images, like below. Your job is to select the image that was associated with the image that you just saw. For example, in this case, you would choose the book, because it was associated with Jessica Alba.'
19.4931 	EXP 	text_8: text = 'Press space to continue!'
19.5836 	EXP 	text_5: text = 'Specifically, you will see three other images, like below. Your job is to select the image that was associated with the image that you just saw. For example, in this case, you would choose the book, because it was associated with Jessica Alba.'
19.5836 	EXP 	text_8: text = 'Press space to continue!'
19.6623 	EXP 	text_5: text = 'Specifically, you will see three other images, like below. Your job is to select the image that was associated with the image that you just saw. For example, in this case, you would choose the book, because it was associated with Jessica Alba.'
19.6623 	EXP 	text_8: text = 'Press space to continue!'
19.7447 	EXP 	text_5: text = 'Specifically, you will see three other images, like below. Your job is to select the image that was associated with the image that you just saw. For example, in this case, you would choose the book, because it was associated with Jessica Alba.'
19.7447 	EXP 	text_8: text = 'Press space to continue!'
19.8285 	EXP 	text_5: text = 'Specifically, you will see three other images, like below. Your job is to select the image that was associated with the image that you just saw. For example, in this case, you would choose the book, because it was associated with Jessica Alba.'
19.8285 	EXP 	text_8: text = 'Press space to continue!'
19.9097 	EXP 	text_5: text = 'Specifically, you will see three other images, like below. Your job is to select the image that was associated with the image that you just saw. For example, in this case, you would choose the book, because it was associated with Jessica Alba.'
19.9097 	EXP 	text_8: text = 'Press space to continue!'
19.9941 	EXP 	text_5: text = 'Specifically, you will see three other images, like below. Your job is to select the image that was associated with the image that you just saw. For example, in this case, you would choose the book, because it was associated with Jessica Alba.'
19.9941 	EXP 	text_8: text = 'Press space to continue!'
20.0775 	EXP 	text_5: text = 'Specifically, you will see three other images, like below. Your job is to select the image that was associated with the image that you just saw. For example, in this case, you would choose the book, because it was associated with Jessica Alba.'
20.0775 	EXP 	text_8: text = 'Press space to continue!'
20.1597 	EXP 	text_5: text = 'Specifically, you will see three other images, like below. Your job is to select the image that was associated with the image that you just saw. For example, in this case, you would choose the book, because it was associated with Jessica Alba.'
20.1597 	EXP 	text_8: text = 'Press space to continue!'
20.2437 	EXP 	text_5: text = 'Specifically, you will see three other images, like below. Your job is to select the image that was associated with the image that you just saw. For example, in this case, you would choose the book, because it was associated with Jessica Alba.'
20.2437 	EXP 	text_8: text = 'Press space to continue!'
20.3269 	EXP 	text_5: text = 'Specifically, you will see three other images, like below. Your job is to select the image that was associated with the image that you just saw. For example, in this case, you would choose the book, because it was associated with Jessica Alba.'
20.3269 	EXP 	text_8: text = 'Press space to continue!'
20.4108 	EXP 	text_5: text = 'Specifically, you will see three other images, like below. Your job is to select the image that was associated with the image that you just saw. For example, in this case, you would choose the book, because it was associated with Jessica Alba.'
20.4108 	EXP 	text_8: text = 'Press space to continue!'
20.4932 	EXP 	text_5: text = 'Specifically, you will see three other images, like below. Your job is to select the image that was associated with the image that you just saw. For example, in this case, you would choose the book, because it was associated with Jessica Alba.'
20.4932 	EXP 	text_8: text = 'Press space to continue!'
20.5767 	EXP 	text_5: text = 'Specifically, you will see three other images, like below. Your job is to select the image that was associated with the image that you just saw. For example, in this case, you would choose the book, because it was associated with Jessica Alba.'
20.5767 	EXP 	text_8: text = 'Press space to continue!'
20.6608 	EXP 	text_5: text = 'Specifically, you will see three other images, like below. Your job is to select the image that was associated with the image that you just saw. For example, in this case, you would choose the book, because it was associated with Jessica Alba.'
20.6608 	EXP 	text_8: text = 'Press space to continue!'
20.7436 	EXP 	text_5: text = 'Specifically, you will see three other images, like below. Your job is to select the image that was associated with the image that you just saw. For example, in this case, you would choose the book, because it was associated with Jessica Alba.'
20.7436 	EXP 	text_8: text = 'Press space to continue!'
20.8265 	EXP 	text_5: text = 'Specifically, you will see three other images, like below. Your job is to select the image that was associated with the image that you just saw. For example, in this case, you would choose the book, because it was associated with Jessica Alba.'
20.8265 	EXP 	text_8: text = 'Press space to continue!'
20.9109 	EXP 	text_5: text = 'Specifically, you will see three other images, like below. Your job is to select the image that was associated with the image that you just saw. For example, in this case, you would choose the book, because it was associated with Jessica Alba.'
20.9109 	EXP 	text_8: text = 'Press space to continue!'
20.9970 	EXP 	text_5: text = 'Specifically, you will see three other images, like below. Your job is to select the image that was associated with the image that you just saw. For example, in this case, you would choose the book, because it was associated with Jessica Alba.'
20.9970 	EXP 	text_8: text = 'Press space to continue!'
21.0793 	EXP 	text_5: text = 'Specifically, you will see three other images, like below. Your job is to select the image that was associated with the image that you just saw. For example, in this case, you would choose the book, because it was associated with Jessica Alba.'
21.0793 	EXP 	text_8: text = 'Press space to continue!'
21.1779 	EXP 	text_5: text = 'Specifically, you will see three other images, like below. Your job is to select the image that was associated with the image that you just saw. For example, in this case, you would choose the book, because it was associated with Jessica Alba.'
21.1779 	EXP 	text_8: text = 'Press space to continue!'
21.2598 	EXP 	text_5: text = 'Specifically, you will see three other images, like below. Your job is to select the image that was associated with the image that you just saw. For example, in this case, you would choose the book, because it was associated with Jessica Alba.'
21.2598 	EXP 	text_8: text = 'Press space to continue!'
21.3429 	EXP 	text_5: text = 'Specifically, you will see three other images, like below. Your job is to select the image that was associated with the image that you just saw. For example, in this case, you would choose the book, because it was associated with Jessica Alba.'
21.3429 	EXP 	text_8: text = 'Press space to continue!'
21.4261 	EXP 	text_5: text = 'Specifically, you will see three other images, like below. Your job is to select the image that was associated with the image that you just saw. For example, in this case, you would choose the book, because it was associated with Jessica Alba.'
21.4261 	EXP 	text_8: text = 'Press space to continue!'
21.5101 	EXP 	text_5: text = 'Specifically, you will see three other images, like below. Your job is to select the image that was associated with the image that you just saw. For example, in this case, you would choose the book, because it was associated with Jessica Alba.'
21.5101 	EXP 	text_8: text = 'Press space to continue!'
21.5928 	EXP 	text_5: text = 'Specifically, you will see three other images, like below. Your job is to select the image that was associated with the image that you just saw. For example, in this case, you would choose the book, because it was associated with Jessica Alba.'
21.5928 	EXP 	text_8: text = 'Press space to continue!'
21.6764 	EXP 	text_5: text = 'Specifically, you will see three other images, like below. Your job is to select the image that was associated with the image that you just saw. For example, in this case, you would choose the book, because it was associated with Jessica Alba.'
21.6764 	EXP 	text_8: text = 'Press space to continue!'
21.7588 	EXP 	text_5: text = 'Specifically, you will see three other images, like below. Your job is to select the image that was associated with the image that you just saw. For example, in this case, you would choose the book, because it was associated with Jessica Alba.'
21.7588 	EXP 	text_8: text = 'Press space to continue!'
21.8431 	EXP 	text_5: text = 'Specifically, you will see three other images, like below. Your job is to select the image that was associated with the image that you just saw. For example, in this case, you would choose the book, because it was associated with Jessica Alba.'
21.8431 	EXP 	text_8: text = 'Press space to continue!'
21.9271 	EXP 	text_5: text = 'Specifically, you will see three other images, like below. Your job is to select the image that was associated with the image that you just saw. For example, in this case, you would choose the book, because it was associated with Jessica Alba.'
21.9271 	EXP 	text_8: text = 'Press space to continue!'
22.0100 	EXP 	text_5: text = 'Specifically, you will see three other images, like below. Your job is to select the image that was associated with the image that you just saw. For example, in this case, you would choose the book, because it was associated with Jessica Alba.'
22.0100 	EXP 	text_8: text = 'Press space to continue!'
22.0926 	EXP 	text_5: text = 'Specifically, you will see three other images, like below. Your job is to select the image that was associated with the image that you just saw. For example, in this case, you would choose the book, because it was associated with Jessica Alba.'
22.0926 	EXP 	text_8: text = 'Press space to continue!'
22.1762 	EXP 	text_5: text = 'Specifically, you will see three other images, like below. Your job is to select the image that was associated with the image that you just saw. For example, in this case, you would choose the book, because it was associated with Jessica Alba.'
22.1762 	EXP 	text_8: text = 'Press space to continue!'
22.2599 	EXP 	text_5: text = 'Specifically, you will see three other images, like below. Your job is to select the image that was associated with the image that you just saw. For example, in this case, you would choose the book, because it was associated with Jessica Alba.'
22.2599 	EXP 	text_8: text = 'Press space to continue!'
22.3431 	EXP 	text_5: text = 'Specifically, you will see three other images, like below. Your job is to select the image that was associated with the image that you just saw. For example, in this case, you would choose the book, because it was associated with Jessica Alba.'
22.3431 	EXP 	text_8: text = 'Press space to continue!'
22.4269 	EXP 	text_5: text = 'Specifically, you will see three other images, like below. Your job is to select the image that was associated with the image that you just saw. For example, in this case, you would choose the book, because it was associated with Jessica Alba.'
22.4269 	EXP 	text_8: text = 'Press space to continue!'
22.5113 	EXP 	text_5: text = 'Specifically, you will see three other images, like below. Your job is to select the image that was associated with the image that you just saw. For example, in this case, you would choose the book, because it was associated with Jessica Alba.'
22.5113 	EXP 	text_8: text = 'Press space to continue!'
22.5928 	EXP 	text_5: text = 'Specifically, you will see three other images, like below. Your job is to select the image that was associated with the image that you just saw. For example, in this case, you would choose the book, because it was associated with Jessica Alba.'
22.5928 	EXP 	text_8: text = 'Press space to continue!'
22.6764 	EXP 	text_5: text = 'Specifically, you will see three other images, like below. Your job is to select the image that was associated with the image that you just saw. For example, in this case, you would choose the book, because it was associated with Jessica Alba.'
22.6764 	EXP 	text_8: text = 'Press space to continue!'
22.7591 	EXP 	text_5: text = 'Specifically, you will see three other images, like below. Your job is to select the image that was associated with the image that you just saw. For example, in this case, you would choose the book, because it was associated with Jessica Alba.'
22.7591 	EXP 	text_8: text = 'Press space to continue!'
22.8429 	EXP 	text_5: text = 'Specifically, you will see three other images, like below. Your job is to select the image that was associated with the image that you just saw. For example, in this case, you would choose the book, because it was associated with Jessica Alba.'
22.8429 	EXP 	text_8: text = 'Press space to continue!'
22.9264 	EXP 	text_5: text = 'Specifically, you will see three other images, like below. Your job is to select the image that was associated with the image that you just saw. For example, in this case, you would choose the book, because it was associated with Jessica Alba.'
22.9264 	EXP 	text_8: text = 'Press space to continue!'
23.0094 	EXP 	text_5: text = 'Specifically, you will see three other images, like below. Your job is to select the image that was associated with the image that you just saw. For example, in this case, you would choose the book, because it was associated with Jessica Alba.'
23.0094 	EXP 	text_8: text = 'Press space to continue!'
23.0931 	EXP 	text_5: text = 'Specifically, you will see three other images, like below. Your job is to select the image that was associated with the image that you just saw. For example, in this case, you would choose the book, because it was associated with Jessica Alba.'
23.0931 	EXP 	text_8: text = 'Press space to continue!'
23.1764 	EXP 	text_5: text = 'Specifically, you will see three other images, like below. Your job is to select the image that was associated with the image that you just saw. For example, in this case, you would choose the book, because it was associated with Jessica Alba.'
23.1764 	EXP 	text_8: text = 'Press space to continue!'
23.2591 	EXP 	text_5: text = 'Specifically, you will see three other images, like below. Your job is to select the image that was associated with the image that you just saw. For example, in this case, you would choose the book, because it was associated with Jessica Alba.'
23.2591 	EXP 	text_8: text = 'Press space to continue!'
23.3425 	EXP 	text_5: text = 'Specifically, you will see three other images, like below. Your job is to select the image that was associated with the image that you just saw. For example, in this case, you would choose the book, because it was associated with Jessica Alba.'
23.3425 	EXP 	text_8: text = 'Press space to continue!'
23.4265 	EXP 	text_5: text = 'Specifically, you will see three other images, like below. Your job is to select the image that was associated with the image that you just saw. For example, in this case, you would choose the book, because it was associated with Jessica Alba.'
23.4265 	EXP 	text_8: text = 'Press space to continue!'
23.5093 	EXP 	text_5: text = 'Specifically, you will see three other images, like below. Your job is to select the image that was associated with the image that you just saw. For example, in this case, you would choose the book, because it was associated with Jessica Alba.'
23.5093 	EXP 	text_8: text = 'Press space to continue!'
23.5932 	EXP 	text_5: text = 'Specifically, you will see three other images, like below. Your job is to select the image that was associated with the image that you just saw. For example, in this case, you would choose the book, because it was associated with Jessica Alba.'
23.5932 	EXP 	text_8: text = 'Press space to continue!'
23.6757 	EXP 	text_5: text = 'Specifically, you will see three other images, like below. Your job is to select the image that was associated with the image that you just saw. For example, in this case, you would choose the book, because it was associated with Jessica Alba.'
23.6757 	EXP 	text_8: text = 'Press space to continue!'
23.7601 	EXP 	text_5: text = 'Specifically, you will see three other images, like below. Your job is to select the image that was associated with the image that you just saw. For example, in this case, you would choose the book, because it was associated with Jessica Alba.'
23.7601 	EXP 	text_8: text = 'Press space to continue!'
23.8430 	EXP 	text_5: text = 'Specifically, you will see three other images, like below. Your job is to select the image that was associated with the image that you just saw. For example, in this case, you would choose the book, because it was associated with Jessica Alba.'
23.8430 	EXP 	text_8: text = 'Press space to continue!'
23.9267 	EXP 	text_5: text = 'Specifically, you will see three other images, like below. Your job is to select the image that was associated with the image that you just saw. For example, in this case, you would choose the book, because it was associated with Jessica Alba.'
23.9267 	EXP 	text_8: text = 'Press space to continue!'
24.0103 	EXP 	text_5: text = 'Specifically, you will see three other images, like below. Your job is to select the image that was associated with the image that you just saw. For example, in this case, you would choose the book, because it was associated with Jessica Alba.'
24.0103 	EXP 	text_8: text = 'Press space to continue!'
24.0935 	EXP 	text_5: text = 'Specifically, you will see three other images, like below. Your job is to select the image that was associated with the image that you just saw. For example, in this case, you would choose the book, because it was associated with Jessica Alba.'
24.0935 	EXP 	text_8: text = 'Press space to continue!'
24.1772 	EXP 	text_5: text = 'Specifically, you will see three other images, like below. Your job is to select the image that was associated with the image that you just saw. For example, in this case, you would choose the book, because it was associated with Jessica Alba.'
24.1772 	EXP 	text_8: text = 'Press space to continue!'
24.2601 	EXP 	text_5: text = 'Specifically, you will see three other images, like below. Your job is to select the image that was associated with the image that you just saw. For example, in this case, you would choose the book, because it was associated with Jessica Alba.'
24.2601 	EXP 	text_8: text = 'Press space to continue!'
24.3429 	EXP 	text_5: text = 'Specifically, you will see three other images, like below. Your job is to select the image that was associated with the image that you just saw. For example, in this case, you would choose the book, because it was associated with Jessica Alba.'
24.3429 	EXP 	text_8: text = 'Press space to continue!'
24.4261 	EXP 	text_5: text = 'Specifically, you will see three other images, like below. Your job is to select the image that was associated with the image that you just saw. For example, in this case, you would choose the book, because it was associated with Jessica Alba.'
24.4261 	EXP 	text_8: text = 'Press space to continue!'
24.5102 	EXP 	text_5: text = 'Specifically, you will see three other images, like below. Your job is to select the image that was associated with the image that you just saw. For example, in this case, you would choose the book, because it was associated with Jessica Alba.'
24.5102 	EXP 	text_8: text = 'Press space to continue!'
24.5935 	EXP 	text_5: text = 'Specifically, you will see three other images, like below. Your job is to select the image that was associated with the image that you just saw. For example, in this case, you would choose the book, because it was associated with Jessica Alba.'
24.5935 	EXP 	text_8: text = 'Press space to continue!'
24.6764 	EXP 	text_5: text = 'Specifically, you will see three other images, like below. Your job is to select the image that was associated with the image that you just saw. For example, in this case, you would choose the book, because it was associated with Jessica Alba.'
24.6764 	EXP 	text_8: text = 'Press space to continue!'
24.7598 	EXP 	text_5: text = 'Specifically, you will see three other images, like below. Your job is to select the image that was associated with the image that you just saw. For example, in this case, you would choose the book, because it was associated with Jessica Alba.'
24.7598 	EXP 	text_8: text = 'Press space to continue!'
24.8434 	EXP 	text_5: text = 'Specifically, you will see three other images, like below. Your job is to select the image that was associated with the image that you just saw. For example, in this case, you would choose the book, because it was associated with Jessica Alba.'
24.8434 	EXP 	text_8: text = 'Press space to continue!'
24.9264 	EXP 	text_5: text = 'Specifically, you will see three other images, like below. Your job is to select the image that was associated with the image that you just saw. For example, in this case, you would choose the book, because it was associated with Jessica Alba.'
24.9264 	EXP 	text_8: text = 'Press space to continue!'
25.0094 	EXP 	text_5: text = 'Specifically, you will see three other images, like below. Your job is to select the image that was associated with the image that you just saw. For example, in this case, you would choose the book, because it was associated with Jessica Alba.'
25.0094 	EXP 	text_8: text = 'Press space to continue!'
25.0927 	EXP 	text_5: text = 'Specifically, you will see three other images, like below. Your job is to select the image that was associated with the image that you just saw. For example, in this case, you would choose the book, because it was associated with Jessica Alba.'
25.0927 	EXP 	text_8: text = 'Press space to continue!'
25.1773 	EXP 	text_5: text = 'Specifically, you will see three other images, like below. Your job is to select the image that was associated with the image that you just saw. For example, in this case, you would choose the book, because it was associated with Jessica Alba.'
25.1773 	EXP 	text_8: text = 'Press space to continue!'
25.2591 	EXP 	text_5: text = 'Specifically, you will see three other images, like below. Your job is to select the image that was associated with the image that you just saw. For example, in this case, you would choose the book, because it was associated with Jessica Alba.'
25.2591 	EXP 	text_8: text = 'Press space to continue!'
25.3428 	EXP 	text_5: text = 'Specifically, you will see three other images, like below. Your job is to select the image that was associated with the image that you just saw. For example, in this case, you would choose the book, because it was associated with Jessica Alba.'
25.3428 	EXP 	text_8: text = 'Press space to continue!'
25.4086 	DATA 	Keypress: space
25.4264 	EXP 	text_5: text = 'Specifically, you will see three other images, like below. Your job is to select the image that was associated with the image that you just saw. For example, in this case, you would choose the book, because it was associated with Jessica Alba.'
25.4264 	EXP 	text_8: text = 'Press space to continue!'
25.4573 	EXP 	New trial (rep=0, index=3): OrderedDict([('instructions1', "There will always be three options to chose from. Put your right hand on the keyboard and press 'j' for the left option, 'k' for the middle option, and 'L' for the right option."), ('Instructions2', None), ('Image1', None), ('Image2', 'instruction_images/oldBook.png'), ('Image3', 'instruction_images/oldBook.png'), ('Image_4', 'instruction_images/oldBook.png'), ('position_1x', 0), ('position_1y', 0.3), ('position_2x', 0.0), ('position_2y', -0.4)])
25.5595 	EXP 	text_5: autoDraw = False
25.5595 	EXP 	text_8: autoDraw = False
25.5595 	EXP 	image: autoDraw = False
25.5595 	EXP 	image_2: autoDraw = False
25.5595 	EXP 	image_5: autoDraw = False
25.5595 	EXP 	image_6: autoDraw = False
25.5595 	EXP 	text_5: autoDraw = True
25.5595 	EXP 	text_8: autoDraw = True
25.5595 	EXP 	image: autoDraw = True
25.5595 	EXP 	image_2: autoDraw = True
25.5595 	EXP 	image_5: autoDraw = True
25.5595 	EXP 	image_6: autoDraw = True
25.5595 	EXP 	text_5: text = "There will always be three options to chose from. Put your right hand on the keyboard and press 'j' for the left option, 'k' for the middle option, and 'L' for the right option."
25.5595 	EXP 	text_8: text = 'Press space to continue!'
25.6435 	EXP 	text_5: text = "There will always be three options to chose from. Put your right hand on the keyboard and press 'j' for the left option, 'k' for the middle option, and 'L' for the right option."
25.6435 	EXP 	text_8: text = 'Press space to continue!'
25.7262 	EXP 	text_5: text = "There will always be three options to chose from. Put your right hand on the keyboard and press 'j' for the left option, 'k' for the middle option, and 'L' for the right option."
25.7262 	EXP 	text_8: text = 'Press space to continue!'
25.8102 	EXP 	text_5: text = "There will always be three options to chose from. Put your right hand on the keyboard and press 'j' for the left option, 'k' for the middle option, and 'L' for the right option."
25.8102 	EXP 	text_8: text = 'Press space to continue!'
25.8931 	EXP 	text_5: text = "There will always be three options to chose from. Put your right hand on the keyboard and press 'j' for the left option, 'k' for the middle option, and 'L' for the right option."
25.8931 	EXP 	text_8: text = 'Press space to continue!'
25.9764 	EXP 	text_5: text = "There will always be three options to chose from. Put your right hand on the keyboard and press 'j' for the left option, 'k' for the middle option, and 'L' for the right option."
25.9764 	EXP 	text_8: text = 'Press space to continue!'
26.0594 	EXP 	text_5: text = "There will always be three options to chose from. Put your right hand on the keyboard and press 'j' for the left option, 'k' for the middle option, and 'L' for the right option."
26.0594 	EXP 	text_8: text = 'Press space to continue!'
26.1065 	EXP 	Imported test_encoding.xlsx as conditions, 12 conditions, 6 params
26.1069 	EXP 	Created sequence: random, trialTypes=12, nReps=1, seed=None
26.1072 	EXP 	New trial (rep=0, index=0): OrderedDict([('trial', 10), ('image_a', 'images/bench_park.png'), ('image_correct', 'images/gwen_stefani_c.jpg'), ('image_alternative1', 'images/gwen_stefani_c.jpg'), ('image_alternative2', 'images/gwen_stefani_c.jpg'), ('category_b', 'face')])
26.1096 	DATA 	Keypress: space
26.1263 	EXP 	text_5: autoDraw = False
26.1263 	EXP 	text_8: autoDraw = False
26.1263 	EXP 	image: autoDraw = False
26.1263 	EXP 	image_2: autoDraw = False
26.1263 	EXP 	image_5: autoDraw = False
26.1263 	EXP 	image_6: autoDraw = False
26.6260 	EXP 	instruct_text: autoDraw = True
26.6260 	EXP 	a_image_retrieve: autoDraw = True
28.0369 	DATA 	Keypress: escape
28.1339 	EXP 	text_2: autoDraw = True
28.4937 	EXP 	window1: mouseVisible = True
