5.6175 	EXP 	Created window1 = Window(allowGUI=False, allowStencil=False, args=UNKNOWN, autoLog=True, bitsMode=UNKNOWN, blendMode='avg', color=array([0.992, 0.992, 0.992]), colorSpace='rgb', fullscr=<method-wrapper '__getattribute__' of attributeSetter object at 0x130994e10>, gamma=None, gammaErrorPolicy='raise', kwargs=UNKNOWN, lms=UNKNOWN, monitor=<psychopy.monitors.calibTools.Monitor object at 0x13082ad30>, multiSample=False, name='window1', numSamples=2, pos=[360.0, 225.0], screen=0, size=array([2880, 1800]), stereo=False, units='height', useFBO=True, useRetina=True, viewOri=0.0, viewPos=None, viewScale=None, waitBlanking=True, winType='pyglet')
5.6175 	EXP 	window1: recordFrameIntervals = False
5.7736 	EXP 	window1: recordFrameIntervals = True
6.3913 	EXP 	window1: recordFrameIntervals = False
6.7452 	EXP 	Created Instruction_text = TextStim(__class__=<class 'psychopy.visual.text.TextStim'>, alignHoriz='center', alignVert='center', antialias=True, autoLog=True, bold=False, color='black', colorSpace='named', contrast=1.0, depth=0.0, flipHoriz=False, flipVert=False, font='Helvetica', fontFiles=[], height=0.03, italic=False, languageStyle='LTR', name='Instruction_text', opacity=1.0, ori=0, pos=array([0., 0.]), rgb=array([0., 0., 0.]), text='default text', units='height', win=Window(...), wrapWidth=1)
6.7974 	EXP 	Created text_3 = TextStim(__class__=<class 'psychopy.visual.text.TextStim'>, alignHoriz='center', alignVert='center', antialias=True, autoLog=True, bold=False, color='black', colorSpace='named', contrast=1.0, depth=-2.0, flipHoriz=False, flipVert=False, font='Helvetica', fontFiles=[], height=0.03, italic=False, languageStyle='LTR', name='text_3', opacity=1.0, ori=0, pos=array([ 0.  , -0.25]), rgb=array([0., 0., 0.]), text='Press space to continue', units='height', win=Window(...), wrapWidth=1)
6.8288 	EXP 	Created Instructions_02 = TextStim(__class__=<class 'psychopy.visual.text.TextStim'>, alignHoriz='center', alignVert='center', antialias=True, autoLog=True, bold=False, color='white', colorSpace='named', contrast=1.0, depth=0.0, flipHoriz=False, flipVert=False, font='Helvetica', fontFiles=[], height=0.03, italic=False, languageStyle='LTR', name='Instructions_02', opacity=1.0, ori=0, pos=array([0., 0.]), rgb=array([255., 255., 255.]), text=str(...), units='height', win=Window(...), wrapWidth=1)
6.8723 	EXP 	Created text_4 = TextStim(__class__=<class 'psychopy.visual.text.TextStim'>, alignHoriz='center', alignVert='center', antialias=True, autoLog=True, bold=False, color='black', colorSpace='named', contrast=1.0, depth=-2.0, flipHoriz=False, flipVert=False, font='Helvetica', fontFiles=[], height=0.03, italic=False, languageStyle='LTR', name='text_4', opacity=1.0, ori=0, pos=array([ 0.  , -0.25]), rgb=array([0., 0., 0.]), text='Press space to continue', units='height', win=Window(...), wrapWidth=1)
6.8840 	EXP 	Created instructions_03 = TextStim(__class__=<class 'psychopy.visual.text.TextStim'>, alignHoriz='center', alignVert='center', antialias=True, autoLog=True, bold=False, color='black', colorSpace='named', contrast=1.0, depth=0.0, flipHoriz=False, flipVert=False, font='Helvetica', fontFiles=[], height=0.03, italic=False, languageStyle='LTR', name='instructions_03', opacity=1.0, ori=0, pos=array([0. , 0.3]), rgb=array([0., 0., 0.]), text=str(...), units='height', win=Window(...), wrapWidth=1)
6.8863 	EXP 	Created image = ImageStim(__class__=<class 'psychopy.visual.image.ImageStim'>, autoLog=True, color=array([1., 1., 1.]), colorSpace='rgb', contrast=1.0, depth=-1.0, flipHoriz=False, flipVert=False, image='sin', interpolate=True, mask=None, maskParams=None, name='image', opacity=1.0, ori=0.0, pos=array([ 0.3 , -0.05]), size=array([0.5, 0.5]), texRes=128, units='height', win=Window(...))
6.8884 	EXP 	Created image_2 = ImageStim(__class__=<class 'psychopy.visual.image.ImageStim'>, autoLog=True, color=array([1., 1., 1.]), colorSpace='rgb', contrast=1.0, depth=-2.0, flipHoriz=False, flipVert=False, image='sin', interpolate=True, mask=None, maskParams=None, name='image_2', opacity=1.0, ori=0.0, pos=array([-0.3 , -0.05]), size=array([0.5, 0.5]), texRes=128, units='height', win=Window(...))
6.9306 	EXP 	Created text_5 = TextStim(__class__=<class 'psychopy.visual.text.TextStim'>, alignHoriz='center', alignVert='center', antialias=True, autoLog=True, bold=False, color='black', colorSpace='named', contrast=1.0, depth=-4.0, flipHoriz=False, flipVert=False, font='Helvetica', fontFiles=[], height=0.03, italic=False, languageStyle='LTR', name='text_5', opacity=1.0, ori=0, pos=array([ 0. , -0.4]), rgb=array([0., 0., 0.]), text='Press space to continue', units='height', win=Window(...), wrapWidth=1)
6.9326 	EXP 	Created image_3 = ImageStim(__class__=<class 'psychopy.visual.image.ImageStim'>, autoLog=True, color=array([1., 1., 1.]), colorSpace='rgb', contrast=1.0, depth=0.0, flipHoriz=False, flipVert=False, image='sin', interpolate=True, mask=None, maskParams=None, name='image_3', opacity=1.0, ori=0.0, pos=array([ 0.3 , -0.05]), size=array([0.5, 0.5]), texRes=128, units='height', win=Window(...))
6.9939 	EXP 	Created image_4 = ImageStim(__class__=<class 'psychopy.visual.image.ImageStim'>, autoLog=True, color=array([1., 1., 1.]), colorSpace='rgb', contrast=1.0, depth=-1.0, flipHoriz=False, flipVert=False, image='instruction_images/jessica_alba.jpg', interpolate=True, mask=None, maskParams=None, name='image_4', opacity=1.0, ori=0.0, pos=array([-0.3 , -0.05]), size=array([0.5, 0.5]), texRes=128, units='height', win=Window(...))
7.0166 	EXP 	Created text_6 = TextStim(__class__=<class 'psychopy.visual.text.TextStim'>, alignHoriz='center', alignVert='center', antialias=True, autoLog=True, bold=False, color='black', colorSpace='named', contrast=1.0, depth=-2.0, flipHoriz=False, flipVert=False, font='Helvetica', fontFiles=[], height=0.03, italic=False, languageStyle='LTR', name='text_6', opacity=1.0, ori=0, pos=array([0. , 0.3]), rgb=array([0., 0., 0.]), text=str(...), units='height', win=Window(...), wrapWidth=1)
7.0587 	EXP 	Created text_7 = TextStim(__class__=<class 'psychopy.visual.text.TextStim'>, alignHoriz='center', alignVert='center', antialias=True, autoLog=True, bold=False, color='black', colorSpace='named', contrast=1.0, depth=-4.0, flipHoriz=False, flipVert=False, font='Helvetica', fontFiles=[], height=0.03, italic=False, languageStyle='LTR', name='text_7', opacity=1.0, ori=0, pos=array([ 0. , -0.4]), rgb=array([0., 0., 0.]), text='Press space to continue', units='height', win=Window(...), wrapWidth=1)
7.0718 	EXP 	Created image_5 = ImageStim(__class__=<class 'psychopy.visual.image.ImageStim'>, autoLog=True, color=array([1., 1., 1.]), colorSpace='rgb', contrast=1.0, depth=0.0, flipHoriz=False, flipVert=False, image='instruction_images/oldBook.png', interpolate=True, mask=None, maskParams=None, name='image_5', opacity=1.0, ori=0.0, pos=array([ 0.3 , -0.05]), size=array([0.5, 0.5]), texRes=128, units='height', win=Window(...))
7.0813 	EXP 	Created image_6 = ImageStim(__class__=<class 'psychopy.visual.image.ImageStim'>, autoLog=True, color=array([1., 1., 1.]), colorSpace='rgb', contrast=1.0, depth=-1.0, flipHoriz=False, flipVert=False, image='instruction_images/jessica_alba.jpg', interpolate=True, mask=None, maskParams=None, name='image_6', opacity=1.0, ori=0.0, pos=array([-0.3 , -0.05]), size=array([0.5, 0.5]), texRes=128, units='height', win=Window(...))
7.0895 	EXP 	Created text_8 = TextStim(__class__=<class 'psychopy.visual.text.TextStim'>, alignHoriz='center', alignVert='center', antialias=True, autoLog=True, bold=False, color='black', colorSpace='named', contrast=1.0, depth=-2.0, flipHoriz=False, flipVert=False, font='Helvetica', fontFiles=[], height=0.03, italic=False, languageStyle='LTR', name='text_8', opacity=1.0, ori=0, pos=array([ 0. , -0.4]), rgb=array([0., 0., 0.]), text='Press space bar to continue!', units='height', win=Window(...), wrapWidth=1)
7.1068 	EXP 	Created text_9 = TextStim(__class__=<class 'psychopy.visual.text.TextStim'>, alignHoriz='center', alignVert='center', antialias=True, autoLog=True, bold=False, color='black', colorSpace='named', contrast=1.0, depth=-3.0, flipHoriz=False, flipVert=False, font='Helvetica', fontFiles=[], height=0.03, italic=False, languageStyle='LTR', name='text_9', opacity=1.0, ori=0, pos=array([0. , 0.3]), rgb=array([0., 0., 0.]), text=str(...), units='height', win=Window(...), wrapWidth=1)
7.1627 	EXP 	Created text_10 = TextStim(__class__=<class 'psychopy.visual.text.TextStim'>, alignHoriz='center', alignVert='center', antialias=True, autoLog=True, bold=False, color='black', colorSpace='named', contrast=1.0, depth=0.0, flipHoriz=False, flipVert=False, font='Helvetica', fontFiles=[], height=0.03, italic=False, languageStyle='LTR', name='text_10', opacity=1.0, ori=0, pos=array([0. , 0.3]), rgb=array([0., 0., 0.]), text=str(...), units='height', win=Window(...), wrapWidth=1)
7.1721 	EXP 	Created text_11 = TextStim(__class__=<class 'psychopy.visual.text.TextStim'>, alignHoriz='center', alignVert='center', antialias=True, autoLog=True, bold=False, color='black', colorSpace='named', contrast=1.0, depth=-1.0, flipHoriz=False, flipVert=False, font='Helvetica', fontFiles=[], height=0.03, italic=False, languageStyle='LTR', name='text_11', opacity=1.0, ori=0, pos=array([ 0. , -0.4]), rgb=array([0., 0., 0.]), text=str(...), units='height', win=Window(...), wrapWidth=1)
7.1745 	EXP 	Created image_7 = ImageStim(__class__=<class 'psychopy.visual.image.ImageStim'>, autoLog=True, color=array([1., 1., 1.]), colorSpace='rgb', contrast=1.0, depth=-2.0, flipHoriz=False, flipVert=False, image='sin', interpolate=True, mask=None, maskParams=None, name='image_7', opacity=1.0, ori=0.0, pos=array([ 0.3 , -0.05]), size=array([0.5, 0.5]), texRes=128, units='height', win=Window(...))
7.1838 	EXP 	Created image_8 = ImageStim(__class__=<class 'psychopy.visual.image.ImageStim'>, autoLog=True, color=array([1., 1., 1.]), colorSpace='rgb', contrast=1.0, depth=-3.0, flipHoriz=False, flipVert=False, image='instruction_images/jessica_alba.jpg', interpolate=True, mask=None, maskParams=None, name='image_8', opacity=1.0, ori=0.0, pos=array([-0.3 , -0.05]), size=array([0.5, 0.5]), texRes=128, units='height', win=Window(...))
7.2244 	EXP 	Created a_image = ImageStim(__class__=<class 'psychopy.visual.image.ImageStim'>, autoLog=True, color=array([1., 1., 1.]), colorSpace='rgb', contrast=1.0, depth=0.0, flipHoriz=False, flipVert=False, image='sin', interpolate=True, mask=None, maskParams=None, name='a_image', opacity=1.0, ori=0.0, pos=array([-0.3,  0. ]), size=array([0.5, 0.5]), texRes=128, units='height', win=Window(...))
7.2269 	EXP 	Created b_image = ImageStim(__class__=<class 'psychopy.visual.image.ImageStim'>, autoLog=True, color=array([1., 1., 1.]), colorSpace='rgb', contrast=1.0, depth=-1.0, flipHoriz=False, flipVert=False, image='sin', interpolate=True, mask=None, maskParams=None, name='b_image', opacity=1.0, ori=0.0, pos=array([0.3, 0. ]), size=array([0.5, 0.5]), texRes=128, units='height', win=Window(...))
7.2368 	EXP 	Created text_12 = TextStim(__class__=<class 'psychopy.visual.text.TextStim'>, alignHoriz='center', alignVert='center', antialias=True, autoLog=True, bold=False, color='black', colorSpace='named', contrast=1.0, depth=-2.0, flipHoriz=False, flipVert=False, font='Helvetica', fontFiles=[], height=0.03, italic=False, languageStyle='LTR', name='text_12', opacity=1.0, ori=0, pos=array([0., 0.]), rgb=array([0., 0., 0.]), text='Remember the image pairs', units='height', win=Window(...), wrapWidth=1)
7.2567 	EXP 	Created instruct_text = TextStim(__class__=<class 'psychopy.visual.text.TextStim'>, alignHoriz='center', alignVert='center', antialias=True, autoLog=True, bold=False, color='black', colorSpace='named', contrast=1.0, depth=0.0, flipHoriz=False, flipVert=False, font='Arial', fontFiles=[], height=0.1, italic=False, languageStyle='LTR', name='instruct_text', opacity=1.0, ori=0, pos=array([0. , 0.4]), rgb=array([0., 0., 0.]), text='Retrieve the associate', units='height', win=Window(...), wrapWidth=1)
7.2588 	EXP 	Created a_image_retrieve = ImageStim(__class__=<class 'psychopy.visual.image.ImageStim'>, autoLog=True, color=array([1., 1., 1.]), colorSpace='rgb', contrast=1.0, depth=-1.0, flipHoriz=False, flipVert=False, image='sin', interpolate=True, mask=None, maskParams=None, name='a_image_retrieve', opacity=1.0, ori=0.0, pos=array([-0.5, -0.1]), size=array([0.5, 0.5]), texRes=128, units='height', win=Window(...))
7.2638 	EXP 	Created text_2 = TextStim(__class__=<class 'psychopy.visual.text.TextStim'>, alignHoriz='center', alignVert='center', antialias=True, autoLog=True, bold=False, color='white', colorSpace='named', contrast=1.0, depth=-2.0, flipHoriz=False, flipVert=False, font='Arial', fontFiles=[], height=0.1, italic=False, languageStyle='LTR', name='text_2', opacity=1.0, ori=0, pos=array([0., 0.]), rgb=array([255., 255., 255.]), text='+', units='height', win=Window(...), wrapWidth=1)
7.2657 	EXP 	Created correct_pair = ImageStim(__class__=<class 'psychopy.visual.image.ImageStim'>, autoLog=True, color=array([1., 1., 1.]), colorSpace='rgb', contrast=1.0, depth=-3.0, flipHoriz=False, flipVert=False, image='sin', interpolate=True, mask=None, maskParams=None, name='correct_pair', opacity=1.0, ori=0.0, pos=array([0., 0.]), size=array([0.5, 0.5]), texRes=128, units='height', win=Window(...))
7.2809 	EXP 	Created afc_text = TextStim(__class__=<class 'psychopy.visual.text.TextStim'>, alignHoriz='center', alignVert='center', antialias=True, autoLog=True, bold=False, color='black', colorSpace='named', contrast=1.0, depth=-4.0, flipHoriz=False, flipVert=False, font='Arial', fontFiles=[], height=0.05, italic=False, languageStyle='LTR', name='afc_text', opacity=1.0, ori=0, pos=array([0., 3.]), rgb=array([0., 0., 0.]), text='Select the correct image', units='height', win=Window(...), wrapWidth=1)
7.2836 	EXP 	Created alternative_1 = ImageStim(__class__=<class 'psychopy.visual.image.ImageStim'>, autoLog=True, color=array([1., 1., 1.]), colorSpace='rgb', contrast=1.0, depth=-5.0, flipHoriz=False, flipVert=False, image='sin', interpolate=True, mask=None, maskParams=None, name='alternative_1', opacity=1.0, ori=0.0, pos=array([-0.3,  0. ]), size=array([0.5, 0.5]), texRes=128, units='height', win=Window(...))
7.2860 	EXP 	Created alternative_2 = ImageStim(__class__=<class 'psychopy.visual.image.ImageStim'>, autoLog=True, color=array([1., 1., 1.]), colorSpace='rgb', contrast=1.0, depth=-6.0, flipHoriz=False, flipVert=False, image='sin', interpolate=True, mask=None, maskParams=None, name='alternative_2', opacity=1.0, ori=0.0, pos=array([0. , 0.3]), size=array([0.5, 0.5]), texRes=128, units='height', win=Window(...))
7.8023 	EXP 	Instruction_text: autoDraw = True
7.8023 	EXP 	text_3: autoDraw = True
9.5796 	DATA 	Keypress: space
9.5924 	EXP 	Instruction_text: autoDraw = False
9.5924 	EXP 	text_3: autoDraw = False
10.0742 	EXP 	Instructions_02: autoDraw = True
10.0742 	EXP 	text_4: autoDraw = True
14.1443 	DATA 	Keypress: space
14.1582 	EXP 	Instructions_02: autoDraw = False
14.1582 	EXP 	text_4: autoDraw = False
14.6692 	EXP 	instructions_03: autoDraw = True
14.6692 	EXP 	image: autoDraw = True
14.6692 	EXP 	image_2: autoDraw = True
14.6692 	EXP 	text_5: autoDraw = True
18.4119 	DATA 	Keypress: space
18.4265 	EXP 	instructions_03: autoDraw = False
18.4265 	EXP 	image: autoDraw = False
18.4265 	EXP 	image_2: autoDraw = False
18.4265 	EXP 	text_5: autoDraw = False
18.4265 	EXP 	image_3: autoDraw = True
18.4265 	EXP 	image_4: autoDraw = True
18.9034 	EXP 	text_6: autoDraw = True
18.9034 	EXP 	text_7: autoDraw = True
22.6240 	DATA 	Keypress: space
22.6419 	EXP 	image_3: autoDraw = False
22.6419 	EXP 	image_4: autoDraw = False
22.6419 	EXP 	text_6: autoDraw = False
22.6419 	EXP 	text_7: autoDraw = False
22.6419 	EXP 	image_5: autoDraw = True
22.6419 	EXP 	image_6: autoDraw = True
23.1246 	EXP 	text_8: autoDraw = True
23.1246 	EXP 	text_9: autoDraw = True
26.3898 	DATA 	Keypress: space
26.4083 	EXP 	image_5: autoDraw = False
26.4083 	EXP 	image_6: autoDraw = False
26.4083 	EXP 	text_8: autoDraw = False
26.4083 	EXP 	text_9: autoDraw = False
26.4083 	EXP 	image_7: autoDraw = True
26.4083 	EXP 	image_8: autoDraw = True
26.8875 	EXP 	text_10: autoDraw = True
26.8875 	EXP 	text_11: autoDraw = True
31.5739 	EXP 	Imported intentional_encoding.xlsx as conditions, 12 conditions, 4 params
31.5743 	EXP 	Created sequence: sequential, trialTypes=12, nReps=1, seed=None
31.5750 	EXP 	New trial (rep=0, index=0): OrderedDict([('trial', 1), ('image_a', 'images/flipflopsBlue.png'), ('image_b', 'images/amy_poehler_c.jpg'), ('category_b', 'face')])
31.5847 	DATA 	Keypress: space
31.5977 	EXP 	text_10: autoDraw = False
31.5977 	EXP 	text_11: autoDraw = False
31.5977 	EXP 	image_7: autoDraw = False
31.5977 	EXP 	image_8: autoDraw = False
31.5977 	EXP 	b_image: image = 'images/amy_poehler_c.jpg'
32.0727 	EXP 	text_12: autoDraw = True
33.0732 	EXP 	text_12: autoDraw = False
33.5878 	EXP 	a_image: autoDraw = True
33.5878 	EXP 	b_image: autoDraw = True
37.0714 	EXP 	New trial (rep=0, index=1): OrderedDict([('trial', 2), ('image_a', 'images/bag_gift.png'), ('image_b', 'images/bill_gates_a.jpg'), ('category_b', 'face')])
37.0948 	EXP 	a_image: autoDraw = False
37.0948 	EXP 	b_image: autoDraw = False
37.0948 	EXP 	text_12: autoDraw = False
37.0948 	EXP 	b_image: image = 'images/bill_gates_a.jpg'
37.5892 	EXP 	text_12: autoDraw = True
38.5902 	EXP 	text_12: autoDraw = False
39.0864 	EXP 	a_image: autoDraw = True
39.0864 	EXP 	b_image: autoDraw = True
42.5601 	EXP 	New trial (rep=0, index=2): OrderedDict([('trial', 3), ('image_a', 'images/ball_8.png'), ('image_b', 'images/courtney_cox_c.jpg'), ('category_b', 'face')])
42.5916 	EXP 	a_image: autoDraw = False
42.5916 	EXP 	b_image: autoDraw = False
42.5916 	EXP 	text_12: autoDraw = False
42.5916 	EXP 	b_image: image = 'images/courtney_cox_c.jpg'
43.0751 	EXP 	text_12: autoDraw = True
44.0753 	EXP 	text_12: autoDraw = False
44.5863 	EXP 	a_image: autoDraw = True
44.5863 	EXP 	b_image: autoDraw = True
48.0679 	EXP 	New trial (rep=0, index=3): OrderedDict([('trial', 4), ('image_a', 'images/ball_baseball.png'), ('image_b', 'images/dakota_fanning_c.jpg'), ('category_b', 'face')])
48.0918 	EXP 	a_image: autoDraw = False
48.0918 	EXP 	b_image: autoDraw = False
48.0918 	EXP 	text_12: autoDraw = False
48.0918 	EXP 	b_image: image = 'images/dakota_fanning_c.jpg'
48.5753 	EXP 	text_12: autoDraw = True
49.5752 	EXP 	text_12: autoDraw = False
50.0912 	EXP 	a_image: autoDraw = True
50.0912 	EXP 	b_image: autoDraw = True
53.5667 	EXP 	New trial (rep=0, index=4): OrderedDict([('trial', 5), ('image_a', 'images/balloon.jpg'), ('image_b', 'images/drew_barrymore_c.jpg'), ('category_b', 'face')])
53.5908 	EXP 	a_image: autoDraw = False
53.5908 	EXP 	b_image: autoDraw = False
53.5908 	EXP 	text_12: autoDraw = False
53.5908 	EXP 	b_image: image = 'images/drew_barrymore_c.jpg'
54.0751 	EXP 	text_12: autoDraw = True
55.0751 	EXP 	text_12: autoDraw = False
55.5917 	EXP 	a_image: autoDraw = True
55.5917 	EXP 	b_image: autoDraw = True
59.0747 	EXP 	New trial (rep=0, index=5): OrderedDict([('trial', 6), ('image_a', 'images/bandage.jpg'), ('image_b', 'images/ellen_degeneres_b.jpg'), ('category_b', 'face')])
59.1079 	EXP 	a_image: autoDraw = False
59.1079 	EXP 	b_image: autoDraw = False
59.1079 	EXP 	text_12: autoDraw = False
59.1079 	EXP 	b_image: image = 'images/ellen_degeneres_b.jpg'
59.5900 	EXP 	text_12: autoDraw = True
60.5900 	EXP 	text_12: autoDraw = False
61.1114 	EXP 	a_image: autoDraw = True
61.1114 	EXP 	b_image: autoDraw = True
64.5742 	EXP 	New trial (rep=0, index=6): OrderedDict([('trial', 7), ('image_a', 'images/barrel.jpg'), ('image_b', 'images/emma_stone.jpg'), ('category_b', 'face')])
64.6100 	EXP 	a_image: autoDraw = False
64.6100 	EXP 	b_image: autoDraw = False
64.6100 	EXP 	text_12: autoDraw = False
64.6100 	EXP 	b_image: image = 'images/emma_stone.jpg'
65.0898 	EXP 	text_12: autoDraw = True
66.0902 	EXP 	text_12: autoDraw = False
66.6063 	EXP 	a_image: autoDraw = True
66.6063 	EXP 	b_image: autoDraw = True
70.0752 	EXP 	New trial (rep=0, index=7): OrderedDict([('trial', 8), ('image_a', 'images/bathrobe.png'), ('image_b', 'images/emma_watson.jpg'), ('category_b', 'face')])
70.1068 	EXP 	a_image: autoDraw = False
70.1068 	EXP 	b_image: autoDraw = False
70.1068 	EXP 	text_12: autoDraw = False
70.1068 	EXP 	b_image: image = 'images/emma_watson.jpg'
70.5901 	EXP 	text_12: autoDraw = True
71.5901 	EXP 	text_12: autoDraw = False
72.0958 	EXP 	a_image: autoDraw = True
72.0958 	EXP 	b_image: autoDraw = True
75.5642 	EXP 	New trial (rep=0, index=8): OrderedDict([('trial', 9), ('image_a', 'images/beetle.png'), ('image_b', 'images/george_clooney_a.jpg'), ('category_b', 'face')])
75.5897 	EXP 	a_image: autoDraw = False
75.5897 	EXP 	b_image: autoDraw = False
75.5897 	EXP 	text_12: autoDraw = False
75.5897 	EXP 	b_image: image = 'images/george_clooney_a.jpg'
76.0732 	EXP 	text_12: autoDraw = True
77.0734 	EXP 	text_12: autoDraw = False
77.5820 	EXP 	a_image: autoDraw = True
77.5820 	EXP 	b_image: autoDraw = True
81.0781 	EXP 	New trial (rep=0, index=9): OrderedDict([('trial', 10), ('image_a', 'images/bench_park.png'), ('image_b', 'images/gwen_stefani_c.jpg'), ('category_b', 'face')])
81.1066 	EXP 	a_image: autoDraw = False
81.1066 	EXP 	b_image: autoDraw = False
81.1066 	EXP 	text_12: autoDraw = False
81.1066 	EXP 	b_image: image = 'images/gwen_stefani_c.jpg'
81.5895 	EXP 	text_12: autoDraw = True
82.5908 	EXP 	text_12: autoDraw = False
83.1067 	EXP 	a_image: autoDraw = True
83.1067 	EXP 	b_image: autoDraw = True
86.5743 	EXP 	New trial (rep=0, index=10): OrderedDict([('trial', 11), ('image_a', 'images/bib.png'), ('image_b', 'images/hillary_clinton_a.jpg'), ('category_b', 'face')])
86.6063 	EXP 	a_image: autoDraw = False
86.6063 	EXP 	b_image: autoDraw = False
86.6063 	EXP 	text_12: autoDraw = False
86.6063 	EXP 	b_image: image = 'images/hillary_clinton_a.jpg'
87.0895 	EXP 	text_12: autoDraw = True
88.0901 	EXP 	text_12: autoDraw = False
88.6098 	EXP 	a_image: autoDraw = True
88.6098 	EXP 	b_image: autoDraw = True
92.0763 	EXP 	New trial (rep=0, index=11): OrderedDict([('trial', 12), ('image_a', 'images/bird_parrot.png'), ('image_b', 'images/jackie_kennedy_a.jpg'), ('category_b', 'face')])
92.1072 	EXP 	a_image: autoDraw = False
92.1072 	EXP 	b_image: autoDraw = False
92.1072 	EXP 	text_12: autoDraw = False
92.1072 	EXP 	b_image: image = 'images/jackie_kennedy_a.jpg'
92.5899 	EXP 	text_12: autoDraw = True
93.5905 	EXP 	text_12: autoDraw = False
94.1065 	EXP 	a_image: autoDraw = True
94.1065 	EXP 	b_image: autoDraw = True
97.5757 	EXP 	Created sequence: random, trialTypes=1, nReps=1, seed=None
97.5761 	EXP 	New trial (rep=0, index=0): None
97.5902 	EXP 	Imported test_encoding.xlsx as conditions, 12 conditions, 6 params
97.5909 	EXP 	Created sequence: random, trialTypes=12, nReps=1, seed=None
97.5913 	EXP 	New trial (rep=0, index=0): OrderedDict([('trial', 11), ('image_a', 'images/bib.png'), ('image_correct', 'images/hillary_clinton_a.jpg'), ('image_alternative1', 'images/hillary_clinton_a.jpg'), ('image_alternative2', 'images/hillary_clinton_a.jpg'), ('category_b', 'face')])
97.6069 	EXP 	a_image: autoDraw = False
97.6069 	EXP 	b_image: autoDraw = False
97.6069 	EXP 	text_12: autoDraw = False
98.1082 	EXP 	instruct_text: autoDraw = True
98.1082 	EXP 	a_image_retrieve: autoDraw = True
99.6075 	EXP 	text_2: autoDraw = True
100.1236 	EXP 	instruct_text: autoDraw = False
100.1236 	EXP 	a_image_retrieve: autoDraw = False
100.1236 	EXP 	text_2: autoDraw = False
100.6127 	EXP 	correct_pair: autoDraw = True
100.6127 	EXP 	afc_text: autoDraw = True
100.6127 	EXP 	alternative_1: autoDraw = True
100.6127 	EXP 	alternative_2: autoDraw = True
103.5631 	EXP 	New trial (rep=0, index=1): OrderedDict([('trial', 1), ('image_a', 'images/flipflopsBlue.png'), ('image_correct', 'images/amy_poehler_c.jpg'), ('image_alternative1', 'images/tower_of_pisa_c.jpg'), ('image_alternative2', 'images/amy_poehler_c.jpg'), ('category_b', 'face')])
103.5756 	EXP 	instruct_text: autoDraw = False
103.5756 	EXP 	a_image_retrieve: autoDraw = False
103.5756 	EXP 	text_2: autoDraw = False
103.5756 	EXP 	correct_pair: autoDraw = False
103.5756 	EXP 	afc_text: autoDraw = False
103.5756 	EXP 	alternative_1: autoDraw = False
103.5756 	EXP 	alternative_2: autoDraw = False
104.0738 	EXP 	instruct_text: autoDraw = True
104.0738 	EXP 	a_image_retrieve: autoDraw = True
105.5734 	EXP 	text_2: autoDraw = True
106.0907 	EXP 	instruct_text: autoDraw = False
106.0907 	EXP 	a_image_retrieve: autoDraw = False
106.0907 	EXP 	text_2: autoDraw = False
106.5906 	EXP 	correct_pair: autoDraw = True
106.5906 	EXP 	afc_text: autoDraw = True
106.5906 	EXP 	alternative_1: autoDraw = True
106.5906 	EXP 	alternative_2: autoDraw = True
107.5340 	DATA 	Keypress: escape
107.9902 	EXP 	window1: mouseVisible = True
