5.6564 	EXP 	Created window1 = Window(allowGUI=False, allowStencil=False, args=UNKNOWN, autoLog=True, bitsMode=UNKNOWN, blendMode='avg', color=array([0.992, 0.992, 0.992]), colorSpace='rgb', fullscr=<method-wrapper '__getattribute__' of attributeSetter object at 0x131154c88>, gamma=None, gammaErrorPolicy='raise', kwargs=UNKNOWN, lms=UNKNOWN, monitor=<psychopy.monitors.calibTools.Monitor object at 0x130fe46a0>, multiSample=False, name='window1', numSamples=2, pos=[360.0, 225.0], screen=0, size=array([2880, 1800]), stereo=False, units='height', useFBO=True, useRetina=True, viewOri=0.0, viewPos=None, viewScale=None, waitBlanking=True, winType='pyglet')
5.6565 	EXP 	window1: recordFrameIntervals = False
5.8551 	EXP 	window1: recordFrameIntervals = True
6.0387 	EXP 	window1: recordFrameIntervals = False
6.4241 	EXP 	Created text = TextStim(__class__=<class 'psychopy.visual.text.TextStim'>, alignHoriz='center', alignVert='center', antialias=True, autoLog=True, bold=False, color='white', colorSpace='named', contrast=1.0, depth=0.0, flipHoriz=False, flipVert=False, font='Arial', fontFiles=[], height=1.0, italic=False, languageStyle='LTR', name='text', opacity=1.0, ori=0, pos=array([0., 0.]), rgb=array([255., 255., 255.]), text='default text', units='height', win=Window(...), wrapWidth=1)
6.4317 	EXP 	Created instructions_text2 = TextStim(__class__=<class 'psychopy.visual.text.TextStim'>, alignHoriz='center', alignVert='center', antialias=True, autoLog=True, bold=False, color='white', colorSpace='named', contrast=1.0, depth=-1.0, flipHoriz=False, flipVert=False, font='Arial', fontFiles=[], height=1.0, italic=False, languageStyle='LTR', name='instructions_text2', opacity=1.0, ori=0, pos=array([0., 0.]), rgb=array([255., 255., 255.]), text='default text', units='height', win=Window(...), wrapWidth=1)
6.4723 	EXP 	Created image1 = ImageStim(__class__=<class 'psychopy.visual.image.ImageStim'>, autoLog=True, color=array([1., 1., 1.]), colorSpace='rgb', contrast=1.0, depth=-3.0, flipHoriz=False, flipVert=False, image='sin', interpolate=True, mask=None, maskParams=None, name='image1', opacity=1.0, ori=0.0, pos=array([0., 0.]), size=array([1., 1.]), texRes=128, units='height', win=Window(...))
6.4742 	EXP 	Created image2 = ImageStim(__class__=<class 'psychopy.visual.image.ImageStim'>, autoLog=True, color=array([1., 1., 1.]), colorSpace='rgb', contrast=1.0, depth=-4.0, flipHoriz=False, flipVert=False, image='sin', interpolate=True, mask=None, maskParams=None, name='image2', opacity=1.0, ori=0.0, pos=array([0., 0.]), size=array([1., 1.]), texRes=128, units='height', win=Window(...))
6.5097 	EXP 	Created Instructions_02 = TextStim(__class__=<class 'psychopy.visual.text.TextStim'>, alignHoriz='center', alignVert='center', antialias=True, autoLog=True, bold=False, color='white', colorSpace='named', contrast=1.0, depth=0.0, flipHoriz=False, flipVert=False, font='Helvetica', fontFiles=[], height=0.03, italic=False, languageStyle='LTR', name='Instructions_02', opacity=1.0, ori=0, pos=array([0., 0.]), rgb=array([255., 255., 255.]), text=str(...), units='height', win=Window(...), wrapWidth=1)
6.5498 	EXP 	Created text_4 = TextStim(__class__=<class 'psychopy.visual.text.TextStim'>, alignHoriz='center', alignVert='center', antialias=True, autoLog=True, bold=False, color='black', colorSpace='named', contrast=1.0, depth=-2.0, flipHoriz=False, flipVert=False, font='Helvetica', fontFiles=[], height=0.03, italic=False, languageStyle='LTR', name='text_4', opacity=1.0, ori=0, pos=array([ 0.  , -0.25]), rgb=array([0., 0., 0.]), text='Press space to continue', units='height', win=Window(...), wrapWidth=1)
6.5518 	EXP 	Created image_3 = ImageStim(__class__=<class 'psychopy.visual.image.ImageStim'>, autoLog=True, color=array([1., 1., 1.]), colorSpace='rgb', contrast=1.0, depth=0.0, flipHoriz=False, flipVert=False, image='sin', interpolate=True, mask=None, maskParams=None, name='image_3', opacity=1.0, ori=0.0, pos=array([ 0.3 , -0.05]), size=array([0.5, 0.5]), texRes=128, units='height', win=Window(...))
6.6141 	EXP 	Created image_4 = ImageStim(__class__=<class 'psychopy.visual.image.ImageStim'>, autoLog=True, color=array([1., 1., 1.]), colorSpace='rgb', contrast=1.0, depth=-1.0, flipHoriz=False, flipVert=False, image='instruction_images/jessica_alba.jpg', interpolate=True, mask=None, maskParams=None, name='image_4', opacity=1.0, ori=0.0, pos=array([-0.3 , -0.05]), size=array([0.5, 0.5]), texRes=128, units='height', win=Window(...))
6.6323 	EXP 	Created text_6 = TextStim(__class__=<class 'psychopy.visual.text.TextStim'>, alignHoriz='center', alignVert='center', antialias=True, autoLog=True, bold=False, color='black', colorSpace='named', contrast=1.0, depth=-2.0, flipHoriz=False, flipVert=False, font='Helvetica', fontFiles=[], height=0.03, italic=False, languageStyle='LTR', name='text_6', opacity=1.0, ori=0, pos=array([0. , 0.3]), rgb=array([0., 0., 0.]), text=str(...), units='height', win=Window(...), wrapWidth=1)
6.6713 	EXP 	Created text_7 = TextStim(__class__=<class 'psychopy.visual.text.TextStim'>, alignHoriz='center', alignVert='center', antialias=True, autoLog=True, bold=False, color='black', colorSpace='named', contrast=1.0, depth=-4.0, flipHoriz=False, flipVert=False, font='Helvetica', fontFiles=[], height=0.03, italic=False, languageStyle='LTR', name='text_7', opacity=1.0, ori=0, pos=array([ 0. , -0.4]), rgb=array([0., 0., 0.]), text='Press space to continue', units='height', win=Window(...), wrapWidth=1)
6.6916 	EXP 	Created text_10 = TextStim(__class__=<class 'psychopy.visual.text.TextStim'>, alignHoriz='center', alignVert='center', antialias=True, autoLog=True, bold=False, color='black', colorSpace='named', contrast=1.0, depth=0.0, flipHoriz=False, flipVert=False, font='Helvetica', fontFiles=[], height=0.03, italic=False, languageStyle='LTR', name='text_10', opacity=1.0, ori=0, pos=array([0. , 0.3]), rgb=array([0., 0., 0.]), text=str(...), units='height', win=Window(...), wrapWidth=1)
6.7020 	EXP 	Created text_11 = TextStim(__class__=<class 'psychopy.visual.text.TextStim'>, alignHoriz='center', alignVert='center', antialias=True, autoLog=True, bold=False, color='black', colorSpace='named', contrast=1.0, depth=-1.0, flipHoriz=False, flipVert=False, font='Helvetica', fontFiles=[], height=0.03, italic=False, languageStyle='LTR', name='text_11', opacity=1.0, ori=0, pos=array([ 0. , -0.4]), rgb=array([0., 0., 0.]), text=str(...), units='height', win=Window(...), wrapWidth=1)
6.7163 	EXP 	Created image_7 = ImageStim(__class__=<class 'psychopy.visual.image.ImageStim'>, autoLog=True, color=array([1., 1., 1.]), colorSpace='rgb', contrast=1.0, depth=-2.0, flipHoriz=False, flipVert=False, image='sin', interpolate=True, mask=None, maskParams=None, name='image_7', opacity=1.0, ori=0.0, pos=array([ 0.3 , -0.05]), size=array([0.5, 0.5]), texRes=128, units='height', win=Window(...))
6.7248 	EXP 	Created image_8 = ImageStim(__class__=<class 'psychopy.visual.image.ImageStim'>, autoLog=True, color=array([1., 1., 1.]), colorSpace='rgb', contrast=1.0, depth=-3.0, flipHoriz=False, flipVert=False, image='instruction_images/jessica_alba.jpg', interpolate=True, mask=None, maskParams=None, name='image_8', opacity=1.0, ori=0.0, pos=array([-0.3 , -0.05]), size=array([0.5, 0.5]), texRes=128, units='height', win=Window(...))
6.7601 	EXP 	Created a_image = ImageStim(__class__=<class 'psychopy.visual.image.ImageStim'>, autoLog=True, color=array([1., 1., 1.]), colorSpace='rgb', contrast=1.0, depth=0.0, flipHoriz=False, flipVert=False, image='sin', interpolate=True, mask=None, maskParams=None, name='a_image', opacity=1.0, ori=0.0, pos=array([-0.3,  0. ]), size=array([0.5, 0.5]), texRes=128, units='height', win=Window(...))
6.7619 	EXP 	Created b_image = ImageStim(__class__=<class 'psychopy.visual.image.ImageStim'>, autoLog=True, color=array([1., 1., 1.]), colorSpace='rgb', contrast=1.0, depth=-1.0, flipHoriz=False, flipVert=False, image='sin', interpolate=True, mask=None, maskParams=None, name='b_image', opacity=1.0, ori=0.0, pos=array([0.3, 0. ]), size=array([0.5, 0.5]), texRes=128, units='height', win=Window(...))
6.7698 	EXP 	Created text_12 = TextStim(__class__=<class 'psychopy.visual.text.TextStim'>, alignHoriz='center', alignVert='center', antialias=True, autoLog=True, bold=False, color='black', colorSpace='named', contrast=1.0, depth=-2.0, flipHoriz=False, flipVert=False, font='Helvetica', fontFiles=[], height=0.03, italic=False, languageStyle='LTR', name='text_12', opacity=1.0, ori=0, pos=array([0., 0.]), rgb=array([0., 0., 0.]), text='Remember the image pairs', units='height', win=Window(...), wrapWidth=1)
6.7815 	EXP 	Created instruct_text = TextStim(__class__=<class 'psychopy.visual.text.TextStim'>, alignHoriz='center', alignVert='center', antialias=True, autoLog=True, bold=False, color='black', colorSpace='named', contrast=1.0, depth=0.0, flipHoriz=False, flipVert=False, font='Arial', fontFiles=[], height=0.1, italic=False, languageStyle='LTR', name='instruct_text', opacity=1.0, ori=0, pos=array([0. , 0.4]), rgb=array([0., 0., 0.]), text='Retrieve the associate', units='height', win=Window(...), wrapWidth=1)
6.7835 	EXP 	Created a_image_retrieve = ImageStim(__class__=<class 'psychopy.visual.image.ImageStim'>, autoLog=True, color=array([1., 1., 1.]), colorSpace='rgb', contrast=1.0, depth=-1.0, flipHoriz=False, flipVert=False, image='sin', interpolate=True, mask=None, maskParams=None, name='a_image_retrieve', opacity=1.0, ori=0.0, pos=array([-0.5, -0.1]), size=array([0.5, 0.5]), texRes=128, units='height', win=Window(...))
6.7879 	EXP 	Created text_2 = TextStim(__class__=<class 'psychopy.visual.text.TextStim'>, alignHoriz='center', alignVert='center', antialias=True, autoLog=True, bold=False, color='white', colorSpace='named', contrast=1.0, depth=-2.0, flipHoriz=False, flipVert=False, font='Arial', fontFiles=[], height=0.1, italic=False, languageStyle='LTR', name='text_2', opacity=1.0, ori=0, pos=array([0., 0.]), rgb=array([255., 255., 255.]), text='+', units='height', win=Window(...), wrapWidth=1)
6.7898 	EXP 	Created correct_pair = ImageStim(__class__=<class 'psychopy.visual.image.ImageStim'>, autoLog=True, color=array([1., 1., 1.]), colorSpace='rgb', contrast=1.0, depth=-3.0, flipHoriz=False, flipVert=False, image='sin', interpolate=True, mask=None, maskParams=None, name='correct_pair', opacity=1.0, ori=0.0, pos=array([0., 0.]), size=array([0.5, 0.5]), texRes=128, units='height', win=Window(...))
6.8017 	EXP 	Created afc_text = TextStim(__class__=<class 'psychopy.visual.text.TextStim'>, alignHoriz='center', alignVert='center', antialias=True, autoLog=True, bold=False, color='black', colorSpace='named', contrast=1.0, depth=-4.0, flipHoriz=False, flipVert=False, font='Arial', fontFiles=[], height=0.05, italic=False, languageStyle='LTR', name='afc_text', opacity=1.0, ori=0, pos=array([0., 3.]), rgb=array([0., 0., 0.]), text='Select the correct image', units='height', win=Window(...), wrapWidth=1)
6.8037 	EXP 	Created alternative_1 = ImageStim(__class__=<class 'psychopy.visual.image.ImageStim'>, autoLog=True, color=array([1., 1., 1.]), colorSpace='rgb', contrast=1.0, depth=-5.0, flipHoriz=False, flipVert=False, image='sin', interpolate=True, mask=None, maskParams=None, name='alternative_1', opacity=1.0, ori=0.0, pos=array([-0.3,  0. ]), size=array([0.5, 0.5]), texRes=128, units='height', win=Window(...))
6.8056 	EXP 	Created alternative_2 = ImageStim(__class__=<class 'psychopy.visual.image.ImageStim'>, autoLog=True, color=array([1., 1., 1.]), colorSpace='rgb', contrast=1.0, depth=-6.0, flipHoriz=False, flipVert=False, image='sin', interpolate=True, mask=None, maskParams=None, name='alternative_2', opacity=1.0, ori=0.0, pos=array([0. , 0.3]), size=array([0.5, 0.5]), texRes=128, units='height', win=Window(...))
6.8182 	EXP 	Imported instructions_intentional_encoding.xlsx as conditions, 7 conditions, 8 params
6.8185 	EXP 	Created sequence: sequential, trialTypes=7, nReps=1, seed=None
6.8189 	EXP 	New trial (rep=0, index=0): OrderedDict([('instructions1', 'Welcome to the memory experiment!'), ('Instructions2', 'Press space to continue!'), ('Image1', None), ('Image2', None), ('position_1x', 0), ('position_1y', 0), ('position_2x', 0.0), ('position_2y', -0.1)])
6.8859 	EXP 	text: color = 'black (named)'
6.8859 	EXP 	text: pos = array([0., 0.])
6.8859 	EXP 	text: text = 'Welcome to the memory experiment!'
6.8859 	EXP 	text: font = 'Helvetica'
6.8859 	EXP 	text: height = 0.03
6.8859 	EXP 	instructions_text2: color = 'black (named)'
6.8859 	EXP 	instructions_text2: pos = array([ 0. , -0.1])
6.8859 	EXP 	instructions_text2: text = 'Press space to continue!'
6.8859 	EXP 	instructions_text2: font = 'Helvetica'
6.8859 	EXP 	instructions_text2: height = 0.03
6.9383 	EXP 	text: autoDraw = True
6.9383 	EXP 	instructions_text2: autoDraw = True
6.9383 	EXP 	image1: autoDraw = True
6.9383 	EXP 	image2: autoDraw = True
6.9383 	EXP 	text: text = 'Welcome to the memory experiment!'
6.9383 	EXP 	instructions_text2: text = 'Press space to continue!'
9.4250 	EXP 	New trial (rep=0, index=1): OrderedDict([('instructions1', 'In the first part of this task, you will see two pairs of images, side by side, on the left and right hand side of the computer screen.'), ('Instructions2', 'Press space to continue!'), ('Image1', None), ('Image2', None), ('position_1x', 0), ('position_1y', 0), ('position_2x', 0.0), ('position_2y', -0.1)])
9.4585 	DATA 	Keypress: space
9.4696 	EXP 	text: autoDraw = False
9.4696 	EXP 	instructions_text2: autoDraw = False
9.4696 	EXP 	image1: autoDraw = False
9.4696 	EXP 	image2: autoDraw = False
9.4696 	EXP 	text: color = 'black (named)'
9.4696 	EXP 	text: pos = array([0., 0.])
9.4696 	EXP 	text: text = 'In the first part of this task, you will see two pairs of images, side by side, on the left and right hand side of the computer screen.'
9.4696 	EXP 	text: font = 'Helvetica'
9.4696 	EXP 	text: height = 0.03
9.4696 	EXP 	instructions_text2: color = 'black (named)'
9.4696 	EXP 	instructions_text2: pos = array([ 0. , -0.1])
9.4696 	EXP 	instructions_text2: text = 'Press space to continue!'
9.4696 	EXP 	instructions_text2: font = 'Helvetica'
9.4696 	EXP 	instructions_text2: height = 0.03
9.5353 	EXP 	text: autoDraw = True
9.5353 	EXP 	instructions_text2: autoDraw = True
9.5353 	EXP 	image1: autoDraw = True
9.5353 	EXP 	image2: autoDraw = True
9.5353 	EXP 	text: text = 'In the first part of this task, you will see two pairs of images, side by side, on the left and right hand side of the computer screen.'
9.5353 	EXP 	instructions_text2: text = 'Press space to continue!'
13.2239 	EXP 	New trial (rep=0, index=2): OrderedDict([('instructions1', 'For example, you might see images similar to the ones below.'), ('Instructions2', 'Press space to continue!'), ('Image1', 'instruction_images/jessica_alba.jpg'), ('Image2', 'instruction_images/oldBook.png'), ('position_1x', 0), ('position_1y', 3), ('position_2x', 0.0), ('position_2y', -0.4)])
13.2376 	DATA 	Keypress: space
13.2508 	EXP 	text: autoDraw = False
13.2508 	EXP 	instructions_text2: autoDraw = False
13.2508 	EXP 	image1: autoDraw = False
13.2508 	EXP 	image2: autoDraw = False
13.2508 	EXP 	text: color = 'black (named)'
13.2508 	EXP 	text: pos = array([0., 3.])
13.2508 	EXP 	text: text = 'For example, you might see images similar to the ones below.'
13.2508 	EXP 	text: font = 'Helvetica'
13.2508 	EXP 	text: height = 0.03
13.2508 	EXP 	instructions_text2: color = 'black (named)'
13.2508 	EXP 	instructions_text2: pos = array([ 0. , -0.4])
13.2508 	EXP 	instructions_text2: text = 'Press space to continue!'
13.2508 	EXP 	instructions_text2: font = 'Helvetica'
13.2508 	EXP 	instructions_text2: height = 0.03
13.3348 	EXP 	text: autoDraw = True
13.3348 	EXP 	instructions_text2: autoDraw = True
13.3348 	EXP 	image1: autoDraw = True
13.3348 	EXP 	image2: autoDraw = True
13.3348 	EXP 	text: text = 'For example, you might see images similar to the ones below.'
13.3348 	EXP 	instructions_text2: text = 'Press space to continue!'
16.3883 	DATA 	Keypress: space
16.4213 	EXP 	New trial (rep=0, index=3): OrderedDict([('instructions1', 'Your job is to try to remember that these images are paired. You can link the images in your memory in any way you wish. For example, you can rehearse them in your memory, or link them through a story.'), ('Instructions2', 'Press space to continue!'), ('Image1', 'instruction_images/jessica_alba.jpg'), ('Image2', 'instruction_images/oldBook.png'), ('position_1x', 0), ('position_1y', 3), ('position_2x', 0.0), ('position_2y', -0.4)])
16.4667 	EXP 	text: autoDraw = False
16.4667 	EXP 	instructions_text2: autoDraw = False
16.4667 	EXP 	image1: autoDraw = False
16.4667 	EXP 	image2: autoDraw = False
16.4667 	EXP 	text: color = 'black (named)'
16.4667 	EXP 	text: pos = array([0., 3.])
16.4667 	EXP 	text: text = 'Your job is to try to remember that these images are paired. You can link the images in your memory in any way you wish. For example, you can rehearse them in your memory, or link them through a story.'
16.4667 	EXP 	text: font = 'Helvetica'
16.4667 	EXP 	text: height = 0.03
16.4667 	EXP 	instructions_text2: color = 'black (named)'
16.4667 	EXP 	instructions_text2: pos = array([ 0. , -0.4])
16.4667 	EXP 	instructions_text2: text = 'Press space to continue!'
16.4667 	EXP 	instructions_text2: font = 'Helvetica'
16.4667 	EXP 	instructions_text2: height = 0.03
16.5497 	EXP 	text: autoDraw = True
16.5497 	EXP 	instructions_text2: autoDraw = True
16.5497 	EXP 	image1: autoDraw = True
16.5497 	EXP 	image2: autoDraw = True
16.5497 	EXP 	text: text = 'Your job is to try to remember that these images are paired. You can link the images in your memory in any way you wish. For example, you can rehearse them in your memory, or link them through a story.'
16.5497 	EXP 	instructions_text2: text = 'Press space to continue!'
17.6365 	DATA 	Keypress: space
17.6684 	EXP 	New trial (rep=0, index=4): OrderedDict([('instructions1', 'You could tell yourself that this woman, Jessica Alba, likes books. So this woman and books go together!'), ('Instructions2', 'Press space to continue!'), ('Image1', 'instruction_images/jessica_alba.jpg'), ('Image2', 'instruction_images/oldBook.png'), ('position_1x', 0), ('position_1y', 3), ('position_2x', 0.0), ('position_2y', -0.4)])
17.7338 	EXP 	text: autoDraw = False
17.7338 	EXP 	instructions_text2: autoDraw = False
17.7338 	EXP 	image1: autoDraw = False
17.7338 	EXP 	image2: autoDraw = False
17.7338 	EXP 	text: color = 'black (named)'
17.7338 	EXP 	text: pos = array([0., 3.])
17.7338 	EXP 	text: text = 'You could tell yourself that this woman, Jessica Alba, likes books. So this woman and books go together!'
17.7338 	EXP 	text: font = 'Helvetica'
17.7338 	EXP 	text: height = 0.03
17.7338 	EXP 	instructions_text2: color = 'black (named)'
17.7338 	EXP 	instructions_text2: pos = array([ 0. , -0.4])
17.7338 	EXP 	instructions_text2: text = 'Press space to continue!'
17.7338 	EXP 	instructions_text2: font = 'Helvetica'
17.7338 	EXP 	instructions_text2: height = 0.03
17.7855 	EXP 	text: autoDraw = True
17.7855 	EXP 	instructions_text2: autoDraw = True
17.7855 	EXP 	image1: autoDraw = True
17.7855 	EXP 	image2: autoDraw = True
17.7855 	EXP 	text: text = 'You could tell yourself that this woman, Jessica Alba, likes books. So this woman and books go together!'
17.7855 	EXP 	instructions_text2: text = 'Press space to continue!'
18.3029 	DATA 	Keypress: space
20.9520 	DATA 	Keypress: escape
21.5257 	EXP 	window1: mouseVisible = True
