6.0951 	EXP 	Created window1 = Window(allowGUI=False, allowStencil=False, args=UNKNOWN, autoLog=True, bitsMode=UNKNOWN, blendMode='avg', color=array([0.992, 0.992, 0.992]), colorSpace='rgb', fullscr=<method-wrapper '__getattribute__' of attributeSetter object at 0x131e60588>, gamma=None, gammaErrorPolicy='raise', kwargs=UNKNOWN, lms=UNKNOWN, monitor=<psychopy.monitors.calibTools.Monitor object at 0x131d60f60>, multiSample=False, name='window1', numSamples=2, pos=[360.0, 225.0], screen=0, size=array([2880, 1800]), stereo=False, units='height', useFBO=True, useRetina=True, viewOri=0.0, viewPos=None, viewScale=None, waitBlanking=True, winType='pyglet')
6.0952 	EXP 	window1: recordFrameIntervals = False
6.2610 	EXP 	window1: recordFrameIntervals = True
6.4445 	EXP 	window1: recordFrameIntervals = False
6.8370 	EXP 	Created text = TextStim(__class__=<class 'psychopy.visual.text.TextStim'>, alignHoriz='center', alignVert='center', antialias=True, autoLog=True, bold=False, color='white', colorSpace='named', contrast=1.0, depth=0.0, flipHoriz=False, flipVert=False, font='Arial', fontFiles=[], height=1.0, italic=False, languageStyle='LTR', name='text', opacity=1.0, ori=0, pos=array([0., 0.]), rgb=array([255., 255., 255.]), text='default text', units='height', win=Window(...), wrapWidth=1)
6.8417 	EXP 	Created instructions_text2 = TextStim(__class__=<class 'psychopy.visual.text.TextStim'>, alignHoriz='center', alignVert='center', antialias=True, autoLog=True, bold=False, color='white', colorSpace='named', contrast=1.0, depth=-1.0, flipHoriz=False, flipVert=False, font='Arial', fontFiles=[], height=1.0, italic=False, languageStyle='LTR', name='instructions_text2', opacity=1.0, ori=0, pos=array([0., 0.]), rgb=array([255., 255., 255.]), text='default text', units='height', win=Window(...), wrapWidth=1)
6.8801 	EXP 	Created image1 = ImageStim(__class__=<class 'psychopy.visual.image.ImageStim'>, autoLog=True, color=array([1., 1., 1.]), colorSpace='rgb', contrast=1.0, depth=-3.0, flipHoriz=False, flipVert=False, image='sin', interpolate=True, mask=None, maskParams=None, name='image1', opacity=1.0, ori=0.0, pos=array([0., 0.]), size=array([1., 1.]), texRes=128, units='height', win=Window(...))
6.8820 	EXP 	Created image2 = ImageStim(__class__=<class 'psychopy.visual.image.ImageStim'>, autoLog=True, color=array([1., 1., 1.]), colorSpace='rgb', contrast=1.0, depth=-4.0, flipHoriz=False, flipVert=False, image='sin', interpolate=True, mask=None, maskParams=None, name='image2', opacity=1.0, ori=0.0, pos=array([0., 0.]), size=array([1., 1.]), texRes=128, units='height', win=Window(...))
6.8841 	EXP 	Created a_image = ImageStim(__class__=<class 'psychopy.visual.image.ImageStim'>, autoLog=True, color=array([1., 1., 1.]), colorSpace='rgb', contrast=1.0, depth=0.0, flipHoriz=False, flipVert=False, image='sin', interpolate=True, mask=None, maskParams=None, name='a_image', opacity=1.0, ori=0.0, pos=array([-0.3,  0. ]), size=array([0.5, 0.5]), texRes=128, units='height', win=Window(...))
6.8866 	EXP 	Created b_image = ImageStim(__class__=<class 'psychopy.visual.image.ImageStim'>, autoLog=True, color=array([1., 1., 1.]), colorSpace='rgb', contrast=1.0, depth=-1.0, flipHoriz=False, flipVert=False, image='sin', interpolate=True, mask=None, maskParams=None, name='b_image', opacity=1.0, ori=0.0, pos=array([0.3, 0. ]), size=array([0.5, 0.5]), texRes=128, units='height', win=Window(...))
6.9045 	EXP 	Created text_12 = TextStim(__class__=<class 'psychopy.visual.text.TextStim'>, alignHoriz='center', alignVert='center', antialias=True, autoLog=True, bold=False, color='black', colorSpace='named', contrast=1.0, depth=-2.0, flipHoriz=False, flipVert=False, font='Helvetica', fontFiles=[], height=0.03, italic=False, languageStyle='LTR', name='text_12', opacity=1.0, ori=0, pos=array([0., 0.]), rgb=array([0., 0., 0.]), text='Remember the image pairs', units='height', win=Window(...), wrapWidth=1)
6.9099 	EXP 	Created text_5 = TextStim(__class__=<class 'psychopy.visual.text.TextStim'>, alignHoriz='center', alignVert='center', antialias=True, autoLog=True, bold=False, color='white', colorSpace='named', contrast=1.0, depth=0.0, flipHoriz=False, flipVert=False, font='Arial', fontFiles=[], height=1.0, italic=False, languageStyle='LTR', name='text_5', opacity=1.0, ori=0, pos=array([0., 0.]), rgb=array([255., 255., 255.]), text='default text', units='height', win=Window(...), wrapWidth=1)
6.9155 	EXP 	Created text_8 = TextStim(__class__=<class 'psychopy.visual.text.TextStim'>, alignHoriz='center', alignVert='center', antialias=True, autoLog=True, bold=False, color='white', colorSpace='named', contrast=1.0, depth=-1.0, flipHoriz=False, flipVert=False, font='Arial', fontFiles=[], height=1.0, italic=False, languageStyle='LTR', name='text_8', opacity=1.0, ori=0, pos=array([0., 0.]), rgb=array([255., 255., 255.]), text='default text', units='height', win=Window(...), wrapWidth=1)
6.9516 	EXP 	Created image = ImageStim(__class__=<class 'psychopy.visual.image.ImageStim'>, autoLog=True, color=array([1., 1., 1.]), colorSpace='rgb', contrast=1.0, depth=-3.0, flipHoriz=False, flipVert=False, image='sin', interpolate=True, mask=None, maskParams=None, name='image', opacity=1.0, ori=1.0, pos=array([0., 0.]), size=array([1., 1.]), texRes=128, units='height', win=Window(...))
6.9539 	EXP 	Created image_2 = ImageStim(__class__=<class 'psychopy.visual.image.ImageStim'>, autoLog=True, color=array([1., 1., 1.]), colorSpace='rgb', contrast=1.0, depth=-4.0, flipHoriz=False, flipVert=False, image='sin', interpolate=True, mask=None, maskParams=None, name='image_2', opacity=1.0, ori=1.0, pos=array([0., 0.]), size=array([1., 1.]), texRes=128, units='height', win=Window(...))
6.9562 	EXP 	Created image_5 = ImageStim(__class__=<class 'psychopy.visual.image.ImageStim'>, autoLog=True, color=array([1., 1., 1.]), colorSpace='rgb', contrast=1.0, depth=-5.0, flipHoriz=False, flipVert=False, image='sin', interpolate=True, mask=None, maskParams=None, name='image_5', opacity=1.0, ori=1.0, pos=array([0., 0.]), size=array([1., 1.]), texRes=128, units='height', win=Window(...))
6.9714 	EXP 	Created instruct_text = TextStim(__class__=<class 'psychopy.visual.text.TextStim'>, alignHoriz='center', alignVert='center', antialias=True, autoLog=True, bold=False, color='black', colorSpace='named', contrast=1.0, depth=0.0, flipHoriz=False, flipVert=False, font='Arial', fontFiles=[], height=0.1, italic=False, languageStyle='LTR', name='instruct_text', opacity=1.0, ori=0, pos=array([0. , 0.4]), rgb=array([0., 0., 0.]), text='Retrieve the associate', units='height', win=Window(...), wrapWidth=1)
6.9738 	EXP 	Created a_image_retrieve = ImageStim(__class__=<class 'psychopy.visual.image.ImageStim'>, autoLog=True, color=array([1., 1., 1.]), colorSpace='rgb', contrast=1.0, depth=-1.0, flipHoriz=False, flipVert=False, image='sin', interpolate=True, mask=None, maskParams=None, name='a_image_retrieve', opacity=1.0, ori=0.0, pos=array([-0.5, -0.1]), size=array([0.5, 0.5]), texRes=128, units='height', win=Window(...))
6.9789 	EXP 	Created text_2 = TextStim(__class__=<class 'psychopy.visual.text.TextStim'>, alignHoriz='center', alignVert='center', antialias=True, autoLog=True, bold=False, color='white', colorSpace='named', contrast=1.0, depth=-2.0, flipHoriz=False, flipVert=False, font='Arial', fontFiles=[], height=0.1, italic=False, languageStyle='LTR', name='text_2', opacity=1.0, ori=0, pos=array([0., 0.]), rgb=array([255., 255., 255.]), text='+', units='height', win=Window(...), wrapWidth=1)
6.9810 	EXP 	Created correct_pair = ImageStim(__class__=<class 'psychopy.visual.image.ImageStim'>, autoLog=True, color=array([1., 1., 1.]), colorSpace='rgb', contrast=1.0, depth=-3.0, flipHoriz=False, flipVert=False, image='sin', interpolate=True, mask=None, maskParams=None, name='correct_pair', opacity=1.0, ori=0.0, pos=array([0., 0.]), size=array([0.5, 0.5]), texRes=128, units='height', win=Window(...))
6.9949 	EXP 	Created afc_text = TextStim(__class__=<class 'psychopy.visual.text.TextStim'>, alignHoriz='center', alignVert='center', antialias=True, autoLog=True, bold=False, color='black', colorSpace='named', contrast=1.0, depth=-4.0, flipHoriz=False, flipVert=False, font='Arial', fontFiles=[], height=0.05, italic=False, languageStyle='LTR', name='afc_text', opacity=1.0, ori=0, pos=array([0., 3.]), rgb=array([0., 0., 0.]), text='Select the correct image', units='height', win=Window(...), wrapWidth=1)
6.9978 	EXP 	Created alternative_1 = ImageStim(__class__=<class 'psychopy.visual.image.ImageStim'>, autoLog=True, color=array([1., 1., 1.]), colorSpace='rgb', contrast=1.0, depth=-5.0, flipHoriz=False, flipVert=False, image='sin', interpolate=True, mask=None, maskParams=None, name='alternative_1', opacity=1.0, ori=0.0, pos=array([-0.3,  0. ]), size=array([0.5, 0.5]), texRes=128, units='height', win=Window(...))
7.0004 	EXP 	Created alternative_2 = ImageStim(__class__=<class 'psychopy.visual.image.ImageStim'>, autoLog=True, color=array([1., 1., 1.]), colorSpace='rgb', contrast=1.0, depth=-6.0, flipHoriz=False, flipVert=False, image='sin', interpolate=True, mask=None, maskParams=None, name='alternative_2', opacity=1.0, ori=0.0, pos=array([0. , 0.3]), size=array([0.5, 0.5]), texRes=128, units='height', win=Window(...))
7.0133 	EXP 	Imported instructions_intentional_encoding.xlsx as conditions, 8 conditions, 9 params
7.0136 	EXP 	Created sequence: sequential, trialTypes=8, nReps=1, seed=None
7.0140 	EXP 	New trial (rep=0, index=0): OrderedDict([('instructions1', 'Welcome to the memory experiment!'), ('Instructions2', 'Press space to continue!'), ('Image1', None), ('Image2', None), ('Image3', None), ('position_1x', 0), ('position_1y', 0.2), ('position_2x', 0.0), ('position_2y', -0.2)])
7.0862 	EXP 	text: color = 'black (named)'
7.0862 	EXP 	text: pos = array([0. , 0.2])
7.0862 	EXP 	text: text = 'Welcome to the memory experiment!'
7.0862 	EXP 	text: font = 'Helvetica'
7.0862 	EXP 	text: height = 0.03
7.0862 	EXP 	instructions_text2: color = 'black (named)'
7.0862 	EXP 	instructions_text2: pos = array([ 0. , -0.2])
7.0862 	EXP 	instructions_text2: text = 'Press space to continue!'
7.0862 	EXP 	instructions_text2: font = 'Helvetica'
7.0862 	EXP 	instructions_text2: height = 0.03
7.1376 	EXP 	text: autoDraw = True
7.1376 	EXP 	instructions_text2: autoDraw = True
7.1376 	EXP 	image1: autoDraw = True
7.1376 	EXP 	image2: autoDraw = True
7.1376 	EXP 	text: text = 'Welcome to the memory experiment!'
7.1376 	EXP 	instructions_text2: text = 'Press space to continue!'
7.5633 	EXP 	New trial (rep=0, index=1): OrderedDict([('instructions1', 'On each trial of this task, you will see two pairs of images on the left and right hand side of the computer screen.'), ('Instructions2', 'Press space to continue!'), ('Image1', None), ('Image2', None), ('Image3', None), ('position_1x', 0), ('position_1y', 0.2), ('position_2x', 0.0), ('position_2y', -0.2)])
7.5887 	DATA 	Keypress: space
7.6031 	EXP 	text: autoDraw = False
7.6031 	EXP 	instructions_text2: autoDraw = False
7.6031 	EXP 	image1: autoDraw = False
7.6031 	EXP 	image2: autoDraw = False
7.6031 	EXP 	text: color = 'black (named)'
7.6031 	EXP 	text: pos = array([0. , 0.2])
7.6031 	EXP 	text: text = 'On each trial of this task, you will see two pairs of images on the left and right hand side of the computer screen.'
7.6031 	EXP 	text: font = 'Helvetica'
7.6031 	EXP 	text: height = 0.03
7.6031 	EXP 	instructions_text2: color = 'black (named)'
7.6031 	EXP 	instructions_text2: pos = array([ 0. , -0.2])
7.6031 	EXP 	instructions_text2: text = 'Press space to continue!'
7.6031 	EXP 	instructions_text2: font = 'Helvetica'
7.6031 	EXP 	instructions_text2: height = 0.03
7.6528 	EXP 	text: autoDraw = True
7.6528 	EXP 	instructions_text2: autoDraw = True
7.6528 	EXP 	image1: autoDraw = True
7.6528 	EXP 	image2: autoDraw = True
7.6528 	EXP 	text: text = 'On each trial of this task, you will see two pairs of images on the left and right hand side of the computer screen.'
7.6528 	EXP 	instructions_text2: text = 'Press space to continue!'
7.8793 	EXP 	New trial (rep=0, index=2): OrderedDict([('instructions1', 'For example, on one trial, you might see two images similar to the ones below.'), ('Instructions2', 'Press space to continue!'), ('Image1', 'instruction_images/jessica_alba.jpg'), ('Image2', 'instruction_images/oldBook.png'), ('Image3', None), ('position_1x', 0), ('position_1y', 0.3), ('position_2x', 0.0), ('position_2y', -0.4)])
7.8945 	DATA 	Keypress: space
7.9065 	EXP 	text: autoDraw = False
7.9065 	EXP 	instructions_text2: autoDraw = False
7.9065 	EXP 	image1: autoDraw = False
7.9065 	EXP 	image2: autoDraw = False
7.9065 	EXP 	text: color = 'black (named)'
7.9065 	EXP 	text: pos = array([0. , 0.3])
7.9065 	EXP 	text: text = 'For example, on one trial, you might see two images similar to the ones below.'
7.9065 	EXP 	text: font = 'Helvetica'
7.9065 	EXP 	text: height = 0.03
7.9065 	EXP 	instructions_text2: color = 'black (named)'
7.9065 	EXP 	instructions_text2: pos = array([ 0. , -0.4])
7.9065 	EXP 	instructions_text2: text = 'Press space to continue!'
7.9065 	EXP 	instructions_text2: font = 'Helvetica'
7.9065 	EXP 	instructions_text2: height = 0.03
8.0445 	EXP 	text: autoDraw = True
8.0445 	EXP 	instructions_text2: autoDraw = True
8.0445 	EXP 	image1: autoDraw = True
8.0445 	EXP 	image2: autoDraw = True
8.0445 	EXP 	text: text = 'For example, on one trial, you might see two images similar to the ones below.'
8.0445 	EXP 	instructions_text2: text = 'Press space to continue!'
8.1617 	EXP 	New trial (rep=0, index=3): OrderedDict([('instructions1', 'Your job is to try to remember that these pairs of images go together. You can link the images in your memory in any way you wish. For example, you can rehearse them in your memory, or link them through a story.'), ('Instructions2', 'Press space to continue!'), ('Image1', 'instruction_images/jessica_alba.jpg'), ('Image2', 'instruction_images/oldBook.png'), ('Image3', None), ('position_1x', 0), ('position_1y', 0.3), ('position_2x', 0.0), ('position_2y', -0.4)])
8.1906 	DATA 	Keypress: space
8.2026 	EXP 	text: autoDraw = False
8.2026 	EXP 	instructions_text2: autoDraw = False
8.2026 	EXP 	image1: autoDraw = False
8.2026 	EXP 	image2: autoDraw = False
8.2026 	EXP 	text: color = 'black (named)'
8.2026 	EXP 	text: pos = array([0. , 0.3])
8.2026 	EXP 	text: text = 'Your job is to try to remember that these pairs of images go together. You can link the images in your memory in any way you wish. For example, you can rehearse them in your memory, or link them through a story.'
8.2026 	EXP 	text: font = 'Helvetica'
8.2026 	EXP 	text: height = 0.03
8.2026 	EXP 	instructions_text2: color = 'black (named)'
8.2026 	EXP 	instructions_text2: pos = array([ 0. , -0.4])
8.2026 	EXP 	instructions_text2: text = 'Press space to continue!'
8.2026 	EXP 	instructions_text2: font = 'Helvetica'
8.2026 	EXP 	instructions_text2: height = 0.03
8.2862 	EXP 	text: autoDraw = True
8.2862 	EXP 	instructions_text2: autoDraw = True
8.2862 	EXP 	image1: autoDraw = True
8.2862 	EXP 	image2: autoDraw = True
8.2862 	EXP 	text: text = 'Your job is to try to remember that these pairs of images go together. You can link the images in your memory in any way you wish. For example, you can rehearse them in your memory, or link them through a story.'
8.2862 	EXP 	instructions_text2: text = 'Press space to continue!'
8.8079 	DATA 	Keypress: space
8.8491 	EXP 	New trial (rep=0, index=4): OrderedDict([('instructions1', 'You could tell yourself that this woman, Jessica Alba, likes books. So this woman and books go together!'), ('Instructions2', 'Press space to continue!'), ('Image1', 'instruction_images/jessica_alba.jpg'), ('Image2', 'instruction_images/oldBook.png'), ('Image3', None), ('position_1x', 0), ('position_1y', 0.3), ('position_2x', 0.0), ('position_2y', -0.4)])
8.8857 	EXP 	text: autoDraw = False
8.8857 	EXP 	instructions_text2: autoDraw = False
8.8857 	EXP 	image1: autoDraw = False
8.8857 	EXP 	image2: autoDraw = False
8.8857 	EXP 	text: color = 'black (named)'
8.8857 	EXP 	text: pos = array([0. , 0.3])
8.8857 	EXP 	text: text = 'You could tell yourself that this woman, Jessica Alba, likes books. So this woman and books go together!'
8.8857 	EXP 	text: font = 'Helvetica'
8.8857 	EXP 	text: height = 0.03
8.8857 	EXP 	instructions_text2: color = 'black (named)'
8.8857 	EXP 	instructions_text2: pos = array([ 0. , -0.4])
8.8857 	EXP 	instructions_text2: text = 'Press space to continue!'
8.8857 	EXP 	instructions_text2: font = 'Helvetica'
8.8857 	EXP 	instructions_text2: height = 0.03
8.9509 	EXP 	text: autoDraw = True
8.9509 	EXP 	instructions_text2: autoDraw = True
8.9509 	EXP 	image1: autoDraw = True
8.9509 	EXP 	image2: autoDraw = True
8.9509 	EXP 	text: text = 'You could tell yourself that this woman, Jessica Alba, likes books. So this woman and books go together!'
8.9509 	EXP 	instructions_text2: text = 'Press space to continue!'
9.2583 	EXP 	New trial (rep=0, index=5): OrderedDict([('instructions1', "It's important that you remember that these  images go together because your memory will later be tested. Specifically, later, you will be shown one image, and asked to recall its pair."), ('Instructions2', 'Press space to continue!'), ('Image1', 'instruction_images/jessica_alba.jpg'), ('Image2', 'instruction_images/oldBook.png'), ('Image3', None), ('position_1x', 0), ('position_1y', 0.3), ('position_2x', 0.0), ('position_2y', -0.4)])
9.2886 	DATA 	Keypress: space
9.3021 	EXP 	text: autoDraw = False
9.3021 	EXP 	instructions_text2: autoDraw = False
9.3021 	EXP 	image1: autoDraw = False
9.3021 	EXP 	image2: autoDraw = False
9.3021 	EXP 	text: color = 'black (named)'
9.3021 	EXP 	text: pos = array([0. , 0.3])
9.3021 	EXP 	text: text = "It's important that you remember that these  images go together because your memory will later be tested. Specifically, later, you will be shown one image, and asked to recall its pair."
9.3021 	EXP 	text: font = 'Helvetica'
9.3021 	EXP 	text: height = 0.03
9.3021 	EXP 	instructions_text2: color = 'black (named)'
9.3021 	EXP 	instructions_text2: pos = array([ 0. , -0.4])
9.3021 	EXP 	instructions_text2: text = 'Press space to continue!'
9.3021 	EXP 	instructions_text2: font = 'Helvetica'
9.3021 	EXP 	instructions_text2: height = 0.03
9.4041 	EXP 	text: autoDraw = True
9.4041 	EXP 	instructions_text2: autoDraw = True
9.4041 	EXP 	image1: autoDraw = True
9.4041 	EXP 	image2: autoDraw = True
9.4041 	EXP 	text: text = "It's important that you remember that these  images go together because your memory will later be tested. Specifically, later, you will be shown one image, and asked to recall its pair."
9.4041 	EXP 	instructions_text2: text = 'Press space to continue!'
9.7065 	DATA 	Keypress: space
9.7382 	EXP 	New trial (rep=0, index=6): OrderedDict([('instructions1', 'Get ready to see a series of image pairs! Each pair of images will only last on the screen for a few sceonds, so you will need to pay attention!'), ('Instructions2', 'Press space to continue!'), ('Image1', 'instruction_images/jessica_alba.jpg'), ('Image2', 'instruction_images/oldBook.png'), ('Image3', None), ('position_1x', 0), ('position_1y', 0.3), ('position_2x', 0.0), ('position_2y', -0.4)])
9.7709 	EXP 	text: autoDraw = False
9.7709 	EXP 	instructions_text2: autoDraw = False
9.7709 	EXP 	image1: autoDraw = False
9.7709 	EXP 	image2: autoDraw = False
9.7709 	EXP 	text: color = 'black (named)'
9.7709 	EXP 	text: pos = array([0. , 0.3])
9.7709 	EXP 	text: text = 'Get ready to see a series of image pairs! Each pair of images will only last on the screen for a few sceonds, so you will need to pay attention!'
9.7709 	EXP 	text: font = 'Helvetica'
9.7709 	EXP 	text: height = 0.03
9.7709 	EXP 	instructions_text2: color = 'black (named)'
9.7709 	EXP 	instructions_text2: pos = array([ 0. , -0.4])
9.7709 	EXP 	instructions_text2: text = 'Press space to continue!'
9.7709 	EXP 	instructions_text2: font = 'Helvetica'
9.7709 	EXP 	instructions_text2: height = 0.03
9.8413 	EXP 	text: autoDraw = True
9.8413 	EXP 	instructions_text2: autoDraw = True
9.8413 	EXP 	image1: autoDraw = True
9.8413 	EXP 	image2: autoDraw = True
9.8413 	EXP 	text: text = 'Get ready to see a series of image pairs! Each pair of images will only last on the screen for a few sceonds, so you will need to pay attention!'
9.8413 	EXP 	instructions_text2: text = 'Press space to continue!'
10.2219 	DATA 	Keypress: space
10.2546 	EXP 	New trial (rep=0, index=7): OrderedDict([('instructions1', "When you're ready to start the game, press space!"), ('Instructions2', None), ('Image1', None), ('Image2', None), ('Image3', None), ('position_1x', 0), ('position_1y', 0.0), ('position_2x', None), ('position_2y', None)])
10.2855 	EXP 	text: autoDraw = False
10.2855 	EXP 	instructions_text2: autoDraw = False
10.2855 	EXP 	image1: autoDraw = False
10.2855 	EXP 	image2: autoDraw = False
10.2855 	EXP 	text: color = 'black (named)'
10.2855 	EXP 	text: pos = array([0., 0.])
10.2855 	EXP 	text: text = "When you're ready to start the game, press space!"
10.2855 	EXP 	text: font = 'Helvetica'
10.2855 	EXP 	text: height = 0.03
10.2855 	EXP 	instructions_text2: color = 'black (named)'
10.2855 	EXP 	instructions_text2: pos = array([nan, nan])
10.2855 	EXP 	instructions_text2: text = 'Press space to continue!'
10.2855 	EXP 	instructions_text2: font = 'Helvetica'
10.2855 	EXP 	instructions_text2: height = 0.03
10.3277 	EXP 	text: autoDraw = True
10.3277 	EXP 	instructions_text2: autoDraw = True
10.3277 	EXP 	image1: autoDraw = True
10.3277 	EXP 	image2: autoDraw = True
10.3277 	EXP 	text: text = "When you're ready to start the game, press space!"
10.3277 	EXP 	instructions_text2: text = 'Press space to continue!'
10.9227 	EXP 	Imported intentional_encoding.xlsx as conditions, 12 conditions, 4 params
10.9230 	EXP 	Created sequence: sequential, trialTypes=12, nReps=2, seed=None
10.9234 	EXP 	New trial (rep=0, index=0): OrderedDict([('trial', 1), ('image_a', 'images/flipflopsBlue.png'), ('image_b', 'images/amy_poehler_c.jpg'), ('category_b', 'face')])
10.9320 	DATA 	Keypress: space
10.9445 	EXP 	text: autoDraw = False
10.9445 	EXP 	instructions_text2: autoDraw = False
10.9445 	EXP 	image1: autoDraw = False
10.9445 	EXP 	image2: autoDraw = False
10.9445 	EXP 	b_image: image = 'images/amy_poehler_c.jpg'
10.9905 	EXP 	a_image: autoDraw = True
10.9905 	EXP 	b_image: autoDraw = True
10.9905 	EXP 	text_12: autoDraw = True
11.0189 	EXP 	New trial (rep=0, index=1): OrderedDict([('trial', 2), ('image_a', 'images/bag_gift.png'), ('image_b', 'images/bill_gates_a.jpg'), ('category_b', 'face')])
11.0439 	EXP 	a_image: autoDraw = False
11.0439 	EXP 	b_image: autoDraw = False
11.0439 	EXP 	text_12: autoDraw = False
11.0439 	EXP 	b_image: image = 'images/bill_gates_a.jpg'
11.0869 	EXP 	a_image: autoDraw = True
11.0869 	EXP 	b_image: autoDraw = True
11.0869 	EXP 	text_12: autoDraw = True
11.1137 	EXP 	New trial (rep=0, index=2): OrderedDict([('trial', 3), ('image_a', 'images/ball_8.png'), ('image_b', 'images/courtney_cox_c.jpg'), ('category_b', 'face')])
11.1361 	EXP 	a_image: autoDraw = False
11.1361 	EXP 	b_image: autoDraw = False
11.1361 	EXP 	text_12: autoDraw = False
11.1361 	EXP 	b_image: image = 'images/courtney_cox_c.jpg'
11.1779 	EXP 	a_image: autoDraw = True
11.1779 	EXP 	b_image: autoDraw = True
11.1779 	EXP 	text_12: autoDraw = True
11.2300 	EXP 	New trial (rep=0, index=3): OrderedDict([('trial', 4), ('image_a', 'images/ball_baseball.png'), ('image_b', 'images/dakota_fanning_c.jpg'), ('category_b', 'face')])
11.2523 	EXP 	a_image: autoDraw = False
11.2523 	EXP 	b_image: autoDraw = False
11.2523 	EXP 	text_12: autoDraw = False
11.2523 	EXP 	b_image: image = 'images/dakota_fanning_c.jpg'
11.3028 	EXP 	a_image: autoDraw = True
11.3028 	EXP 	b_image: autoDraw = True
11.3028 	EXP 	text_12: autoDraw = True
11.3280 	EXP 	New trial (rep=0, index=4): OrderedDict([('trial', 5), ('image_a', 'images/balloon.jpg'), ('image_b', 'images/drew_barrymore_c.jpg'), ('category_b', 'face')])
11.3490 	EXP 	a_image: autoDraw = False
11.3490 	EXP 	b_image: autoDraw = False
11.3490 	EXP 	text_12: autoDraw = False
11.3490 	EXP 	b_image: image = 'images/drew_barrymore_c.jpg'
11.3853 	EXP 	a_image: autoDraw = True
11.3853 	EXP 	b_image: autoDraw = True
11.3853 	EXP 	text_12: autoDraw = True
11.4292 	EXP 	New trial (rep=0, index=5): OrderedDict([('trial', 6), ('image_a', 'images/bandage.jpg'), ('image_b', 'images/ellen_degeneres_b.jpg'), ('category_b', 'face')])
11.4522 	EXP 	a_image: autoDraw = False
11.4522 	EXP 	b_image: autoDraw = False
11.4522 	EXP 	text_12: autoDraw = False
11.4522 	EXP 	b_image: image = 'images/ellen_degeneres_b.jpg'
11.5110 	EXP 	a_image: autoDraw = True
11.5110 	EXP 	b_image: autoDraw = True
11.5110 	EXP 	text_12: autoDraw = True
11.5404 	EXP 	New trial (rep=0, index=6): OrderedDict([('trial', 7), ('image_a', 'images/barrel.jpg'), ('image_b', 'images/emma_stone.jpg'), ('category_b', 'face')])
11.5649 	EXP 	a_image: autoDraw = False
11.5649 	EXP 	b_image: autoDraw = False
11.5649 	EXP 	text_12: autoDraw = False
11.5649 	EXP 	b_image: image = 'images/emma_stone.jpg'
11.6279 	EXP 	a_image: autoDraw = True
11.6279 	EXP 	b_image: autoDraw = True
11.6279 	EXP 	text_12: autoDraw = True
11.6294 	EXP 	New trial (rep=0, index=7): OrderedDict([('trial', 8), ('image_a', 'images/bathrobe.png'), ('image_b', 'images/emma_watson.jpg'), ('category_b', 'face')])
11.6518 	EXP 	a_image: autoDraw = False
11.6518 	EXP 	b_image: autoDraw = False
11.6518 	EXP 	text_12: autoDraw = False
11.6518 	EXP 	b_image: image = 'images/emma_watson.jpg'
11.6857 	EXP 	a_image: autoDraw = True
11.6857 	EXP 	b_image: autoDraw = True
11.6857 	EXP 	text_12: autoDraw = True
11.7283 	EXP 	New trial (rep=0, index=8): OrderedDict([('trial', 9), ('image_a', 'images/beetle.png'), ('image_b', 'images/george_clooney_a.jpg'), ('category_b', 'face')])
11.7478 	EXP 	a_image: autoDraw = False
11.7478 	EXP 	b_image: autoDraw = False
11.7478 	EXP 	text_12: autoDraw = False
11.7478 	EXP 	b_image: image = 'images/george_clooney_a.jpg'
11.7832 	EXP 	a_image: autoDraw = True
11.7832 	EXP 	b_image: autoDraw = True
11.7832 	EXP 	text_12: autoDraw = True
11.8234 	EXP 	New trial (rep=0, index=9): OrderedDict([('trial', 10), ('image_a', 'images/bench_park.png'), ('image_b', 'images/gwen_stefani_c.jpg'), ('category_b', 'face')])
11.8441 	EXP 	a_image: autoDraw = False
11.8441 	EXP 	b_image: autoDraw = False
11.8441 	EXP 	text_12: autoDraw = False
11.8441 	EXP 	b_image: image = 'images/gwen_stefani_c.jpg'
11.8891 	EXP 	a_image: autoDraw = True
11.8891 	EXP 	b_image: autoDraw = True
11.8891 	EXP 	text_12: autoDraw = True
11.9143 	EXP 	New trial (rep=0, index=10): OrderedDict([('trial', 11), ('image_a', 'images/bib.png'), ('image_b', 'images/hillary_clinton_a.jpg'), ('category_b', 'face')])
11.9352 	EXP 	a_image: autoDraw = False
11.9352 	EXP 	b_image: autoDraw = False
11.9352 	EXP 	text_12: autoDraw = False
11.9352 	EXP 	b_image: image = 'images/hillary_clinton_a.jpg'
11.9792 	EXP 	a_image: autoDraw = True
11.9792 	EXP 	b_image: autoDraw = True
11.9792 	EXP 	text_12: autoDraw = True
12.0422 	EXP 	New trial (rep=0, index=11): OrderedDict([('trial', 12), ('image_a', 'images/bird_parrot.png'), ('image_b', 'images/jackie_kennedy_a.jpg'), ('category_b', 'face')])
12.0614 	EXP 	a_image: autoDraw = False
12.0614 	EXP 	b_image: autoDraw = False
12.0614 	EXP 	text_12: autoDraw = False
12.0614 	EXP 	b_image: image = 'images/jackie_kennedy_a.jpg'
12.0989 	EXP 	a_image: autoDraw = True
12.0989 	EXP 	b_image: autoDraw = True
12.0989 	EXP 	text_12: autoDraw = True
12.1196 	EXP 	New trial (rep=1, index=0): OrderedDict([('trial', 1), ('image_a', 'images/flipflopsBlue.png'), ('image_b', 'images/amy_poehler_c.jpg'), ('category_b', 'face')])
12.1371 	EXP 	a_image: autoDraw = False
12.1371 	EXP 	b_image: autoDraw = False
12.1371 	EXP 	text_12: autoDraw = False
12.1371 	EXP 	b_image: image = 'images/amy_poehler_c.jpg'
12.1781 	EXP 	a_image: autoDraw = True
12.1781 	EXP 	b_image: autoDraw = True
12.1781 	EXP 	text_12: autoDraw = True
12.2290 	EXP 	New trial (rep=1, index=1): OrderedDict([('trial', 2), ('image_a', 'images/bag_gift.png'), ('image_b', 'images/bill_gates_a.jpg'), ('category_b', 'face')])
12.2514 	EXP 	a_image: autoDraw = False
12.2514 	EXP 	b_image: autoDraw = False
12.2514 	EXP 	text_12: autoDraw = False
12.2514 	EXP 	b_image: image = 'images/bill_gates_a.jpg'
12.2896 	EXP 	a_image: autoDraw = True
12.2896 	EXP 	b_image: autoDraw = True
12.2896 	EXP 	text_12: autoDraw = True
12.3155 	EXP 	New trial (rep=1, index=2): OrderedDict([('trial', 3), ('image_a', 'images/ball_8.png'), ('image_b', 'images/courtney_cox_c.jpg'), ('category_b', 'face')])
12.3391 	EXP 	a_image: autoDraw = False
12.3391 	EXP 	b_image: autoDraw = False
12.3391 	EXP 	text_12: autoDraw = False
12.3391 	EXP 	b_image: image = 'images/courtney_cox_c.jpg'
12.3899 	EXP 	a_image: autoDraw = True
12.3899 	EXP 	b_image: autoDraw = True
12.3899 	EXP 	text_12: autoDraw = True
12.4165 	EXP 	New trial (rep=1, index=3): OrderedDict([('trial', 4), ('image_a', 'images/ball_baseball.png'), ('image_b', 'images/dakota_fanning_c.jpg'), ('category_b', 'face')])
12.4387 	EXP 	a_image: autoDraw = False
12.4387 	EXP 	b_image: autoDraw = False
12.4387 	EXP 	text_12: autoDraw = False
12.4387 	EXP 	b_image: image = 'images/dakota_fanning_c.jpg'
12.4857 	EXP 	a_image: autoDraw = True
12.4857 	EXP 	b_image: autoDraw = True
12.4857 	EXP 	text_12: autoDraw = True
12.5339 	EXP 	New trial (rep=1, index=4): OrderedDict([('trial', 5), ('image_a', 'images/balloon.jpg'), ('image_b', 'images/drew_barrymore_c.jpg'), ('category_b', 'face')])
12.5530 	EXP 	a_image: autoDraw = False
12.5530 	EXP 	b_image: autoDraw = False
12.5530 	EXP 	text_12: autoDraw = False
12.5530 	EXP 	b_image: image = 'images/drew_barrymore_c.jpg'
12.5901 	EXP 	a_image: autoDraw = True
12.5901 	EXP 	b_image: autoDraw = True
12.5901 	EXP 	text_12: autoDraw = True
12.6337 	EXP 	New trial (rep=1, index=5): OrderedDict([('trial', 6), ('image_a', 'images/bandage.jpg'), ('image_b', 'images/ellen_degeneres_b.jpg'), ('category_b', 'face')])
12.6555 	EXP 	a_image: autoDraw = False
12.6555 	EXP 	b_image: autoDraw = False
12.6555 	EXP 	text_12: autoDraw = False
12.6555 	EXP 	b_image: image = 'images/ellen_degeneres_b.jpg'
12.6953 	EXP 	a_image: autoDraw = True
12.6953 	EXP 	b_image: autoDraw = True
12.6953 	EXP 	text_12: autoDraw = True
12.7212 	EXP 	New trial (rep=1, index=6): OrderedDict([('trial', 7), ('image_a', 'images/barrel.jpg'), ('image_b', 'images/emma_stone.jpg'), ('category_b', 'face')])
12.7441 	EXP 	a_image: autoDraw = False
12.7441 	EXP 	b_image: autoDraw = False
12.7441 	EXP 	text_12: autoDraw = False
12.7441 	EXP 	b_image: image = 'images/emma_stone.jpg'
12.7908 	EXP 	a_image: autoDraw = True
12.7908 	EXP 	b_image: autoDraw = True
12.7908 	EXP 	text_12: autoDraw = True
12.8208 	EXP 	New trial (rep=1, index=7): OrderedDict([('trial', 8), ('image_a', 'images/bathrobe.png'), ('image_b', 'images/emma_watson.jpg'), ('category_b', 'face')])
12.8450 	EXP 	a_image: autoDraw = False
12.8450 	EXP 	b_image: autoDraw = False
12.8450 	EXP 	text_12: autoDraw = False
12.8450 	EXP 	b_image: image = 'images/emma_watson.jpg'
12.8812 	EXP 	a_image: autoDraw = True
12.8812 	EXP 	b_image: autoDraw = True
12.8812 	EXP 	text_12: autoDraw = True
12.9206 	EXP 	New trial (rep=1, index=8): OrderedDict([('trial', 9), ('image_a', 'images/beetle.png'), ('image_b', 'images/george_clooney_a.jpg'), ('category_b', 'face')])
12.9391 	EXP 	a_image: autoDraw = False
12.9391 	EXP 	b_image: autoDraw = False
12.9391 	EXP 	text_12: autoDraw = False
12.9391 	EXP 	b_image: image = 'images/george_clooney_a.jpg'
12.9745 	EXP 	a_image: autoDraw = True
12.9745 	EXP 	b_image: autoDraw = True
12.9745 	EXP 	text_12: autoDraw = True
13.0157 	EXP 	New trial (rep=1, index=9): OrderedDict([('trial', 10), ('image_a', 'images/bench_park.png'), ('image_b', 'images/gwen_stefani_c.jpg'), ('category_b', 'face')])
13.0358 	EXP 	a_image: autoDraw = False
13.0358 	EXP 	b_image: autoDraw = False
13.0358 	EXP 	text_12: autoDraw = False
13.0358 	EXP 	b_image: image = 'images/gwen_stefani_c.jpg'
13.0746 	EXP 	a_image: autoDraw = True
13.0746 	EXP 	b_image: autoDraw = True
13.0746 	EXP 	text_12: autoDraw = True
13.1251 	EXP 	New trial (rep=1, index=10): OrderedDict([('trial', 11), ('image_a', 'images/bib.png'), ('image_b', 'images/hillary_clinton_a.jpg'), ('category_b', 'face')])
13.1445 	EXP 	a_image: autoDraw = False
13.1445 	EXP 	b_image: autoDraw = False
13.1445 	EXP 	text_12: autoDraw = False
13.1445 	EXP 	b_image: image = 'images/hillary_clinton_a.jpg'
13.1910 	EXP 	a_image: autoDraw = True
13.1910 	EXP 	b_image: autoDraw = True
13.1910 	EXP 	text_12: autoDraw = True
13.2253 	EXP 	New trial (rep=1, index=11): OrderedDict([('trial', 12), ('image_a', 'images/bird_parrot.png'), ('image_b', 'images/jackie_kennedy_a.jpg'), ('category_b', 'face')])
13.2445 	EXP 	a_image: autoDraw = False
13.2445 	EXP 	b_image: autoDraw = False
13.2445 	EXP 	text_12: autoDraw = False
13.2445 	EXP 	b_image: image = 'images/jackie_kennedy_a.jpg'
13.2825 	EXP 	a_image: autoDraw = True
13.2825 	EXP 	b_image: autoDraw = True
13.2825 	EXP 	text_12: autoDraw = True
13.3339 	EXP 	Imported instructions_intentional_encoding.xlsx as conditions, 4 conditions, 9 params
13.3342 	EXP 	Created sequence: sequential, trialTypes=4, nReps=1, seed=None
13.3346 	EXP 	New trial (rep=0, index=0): OrderedDict([('instructions1', 'Great job! Your memory for each image pair will now be tested. You will first see one image on the computer screen, like below. You will be asked to bring to mind the associated image pair.'), ('Instructions2', 'Press space to continue!'), ('Image1', 'instruction_images/jessica_alba.jpg'), ('Image2', None), ('Image3', None), ('position_1x', 0), ('position_1y', 0.3), ('position_2x', 0.0), ('position_2y', -0.4)])
13.4480 	EXP 	a_image: autoDraw = False
13.4480 	EXP 	b_image: autoDraw = False
13.4480 	EXP 	text_12: autoDraw = False
13.4480 	EXP 	text_5: autoDraw = True
13.4480 	EXP 	text_8: autoDraw = True
13.4480 	EXP 	image: autoDraw = True
13.4480 	EXP 	image_2: autoDraw = True
13.4480 	EXP 	image_5: autoDraw = True
13.4480 	EXP 	text_5: text = 'Great job! Your memory for each image pair will now be tested. You will first see one image on the computer screen, like below. You will be asked to bring to mind the associated image pair.'
13.4480 	EXP 	text_8: text = 'Press space to continue!'
13.5020 	EXP 	text_5: text = 'Great job! Your memory for each image pair will now be tested. You will first see one image on the computer screen, like below. You will be asked to bring to mind the associated image pair.'
13.5020 	EXP 	text_8: text = 'Press space to continue!'
13.5532 	EXP 	text_5: text = 'Great job! Your memory for each image pair will now be tested. You will first see one image on the computer screen, like below. You will be asked to bring to mind the associated image pair.'
13.5532 	EXP 	text_8: text = 'Press space to continue!'
13.6025 	EXP 	text_5: text = 'Great job! Your memory for each image pair will now be tested. You will first see one image on the computer screen, like below. You will be asked to bring to mind the associated image pair.'
13.6025 	EXP 	text_8: text = 'Press space to continue!'
13.6521 	EXP 	text_5: text = 'Great job! Your memory for each image pair will now be tested. You will first see one image on the computer screen, like below. You will be asked to bring to mind the associated image pair.'
13.6521 	EXP 	text_8: text = 'Press space to continue!'
13.7013 	EXP 	text_5: text = 'Great job! Your memory for each image pair will now be tested. You will first see one image on the computer screen, like below. You will be asked to bring to mind the associated image pair.'
13.7013 	EXP 	text_8: text = 'Press space to continue!'
13.7495 	EXP 	text_5: text = 'Great job! Your memory for each image pair will now be tested. You will first see one image on the computer screen, like below. You will be asked to bring to mind the associated image pair.'
13.7495 	EXP 	text_8: text = 'Press space to continue!'
13.7989 	EXP 	text_5: text = 'Great job! Your memory for each image pair will now be tested. You will first see one image on the computer screen, like below. You will be asked to bring to mind the associated image pair.'
13.7989 	EXP 	text_8: text = 'Press space to continue!'
13.8521 	EXP 	text_5: text = 'Great job! Your memory for each image pair will now be tested. You will first see one image on the computer screen, like below. You will be asked to bring to mind the associated image pair.'
13.8521 	EXP 	text_8: text = 'Press space to continue!'
13.9016 	EXP 	text_5: text = 'Great job! Your memory for each image pair will now be tested. You will first see one image on the computer screen, like below. You will be asked to bring to mind the associated image pair.'
13.9016 	EXP 	text_8: text = 'Press space to continue!'
13.9520 	EXP 	text_5: text = 'Great job! Your memory for each image pair will now be tested. You will first see one image on the computer screen, like below. You will be asked to bring to mind the associated image pair.'
13.9520 	EXP 	text_8: text = 'Press space to continue!'
14.0022 	EXP 	text_5: text = 'Great job! Your memory for each image pair will now be tested. You will first see one image on the computer screen, like below. You will be asked to bring to mind the associated image pair.'
14.0022 	EXP 	text_8: text = 'Press space to continue!'
14.0521 	EXP 	text_5: text = 'Great job! Your memory for each image pair will now be tested. You will first see one image on the computer screen, like below. You will be asked to bring to mind the associated image pair.'
14.0521 	EXP 	text_8: text = 'Press space to continue!'
14.1024 	EXP 	text_5: text = 'Great job! Your memory for each image pair will now be tested. You will first see one image on the computer screen, like below. You will be asked to bring to mind the associated image pair.'
14.1024 	EXP 	text_8: text = 'Press space to continue!'
14.1523 	EXP 	text_5: text = 'Great job! Your memory for each image pair will now be tested. You will first see one image on the computer screen, like below. You will be asked to bring to mind the associated image pair.'
14.1523 	EXP 	text_8: text = 'Press space to continue!'
14.2022 	EXP 	text_5: text = 'Great job! Your memory for each image pair will now be tested. You will first see one image on the computer screen, like below. You will be asked to bring to mind the associated image pair.'
14.2022 	EXP 	text_8: text = 'Press space to continue!'
14.2514 	EXP 	text_5: text = 'Great job! Your memory for each image pair will now be tested. You will first see one image on the computer screen, like below. You will be asked to bring to mind the associated image pair.'
14.2514 	EXP 	text_8: text = 'Press space to continue!'
14.3020 	EXP 	text_5: text = 'Great job! Your memory for each image pair will now be tested. You will first see one image on the computer screen, like below. You will be asked to bring to mind the associated image pair.'
14.3020 	EXP 	text_8: text = 'Press space to continue!'
14.3515 	EXP 	text_5: text = 'Great job! Your memory for each image pair will now be tested. You will first see one image on the computer screen, like below. You will be asked to bring to mind the associated image pair.'
14.3515 	EXP 	text_8: text = 'Press space to continue!'
14.4022 	EXP 	text_5: text = 'Great job! Your memory for each image pair will now be tested. You will first see one image on the computer screen, like below. You will be asked to bring to mind the associated image pair.'
14.4022 	EXP 	text_8: text = 'Press space to continue!'
14.4639 	EXP 	text_5: text = 'Great job! Your memory for each image pair will now be tested. You will first see one image on the computer screen, like below. You will be asked to bring to mind the associated image pair.'
14.4639 	EXP 	text_8: text = 'Press space to continue!'
14.5278 	EXP 	text_5: text = 'Great job! Your memory for each image pair will now be tested. You will first see one image on the computer screen, like below. You will be asked to bring to mind the associated image pair.'
14.5278 	EXP 	text_8: text = 'Press space to continue!'
14.5906 	EXP 	text_5: text = 'Great job! Your memory for each image pair will now be tested. You will first see one image on the computer screen, like below. You will be asked to bring to mind the associated image pair.'
14.5906 	EXP 	text_8: text = 'Press space to continue!'
14.6524 	EXP 	text_5: text = 'Great job! Your memory for each image pair will now be tested. You will first see one image on the computer screen, like below. You will be asked to bring to mind the associated image pair.'
14.6524 	EXP 	text_8: text = 'Press space to continue!'
14.7041 	EXP 	text_5: text = 'Great job! Your memory for each image pair will now be tested. You will first see one image on the computer screen, like below. You will be asked to bring to mind the associated image pair.'
14.7041 	EXP 	text_8: text = 'Press space to continue!'
14.7529 	EXP 	text_5: text = 'Great job! Your memory for each image pair will now be tested. You will first see one image on the computer screen, like below. You will be asked to bring to mind the associated image pair.'
14.7529 	EXP 	text_8: text = 'Press space to continue!'
14.8018 	EXP 	text_5: text = 'Great job! Your memory for each image pair will now be tested. You will first see one image on the computer screen, like below. You will be asked to bring to mind the associated image pair.'
14.8018 	EXP 	text_8: text = 'Press space to continue!'
14.8522 	EXP 	text_5: text = 'Great job! Your memory for each image pair will now be tested. You will first see one image on the computer screen, like below. You will be asked to bring to mind the associated image pair.'
14.8522 	EXP 	text_8: text = 'Press space to continue!'
14.9018 	EXP 	text_5: text = 'Great job! Your memory for each image pair will now be tested. You will first see one image on the computer screen, like below. You will be asked to bring to mind the associated image pair.'
14.9018 	EXP 	text_8: text = 'Press space to continue!'
14.9534 	EXP 	text_5: text = 'Great job! Your memory for each image pair will now be tested. You will first see one image on the computer screen, like below. You will be asked to bring to mind the associated image pair.'
14.9534 	EXP 	text_8: text = 'Press space to continue!'
15.0026 	EXP 	text_5: text = 'Great job! Your memory for each image pair will now be tested. You will first see one image on the computer screen, like below. You will be asked to bring to mind the associated image pair.'
15.0026 	EXP 	text_8: text = 'Press space to continue!'
15.0544 	EXP 	text_5: text = 'Great job! Your memory for each image pair will now be tested. You will first see one image on the computer screen, like below. You will be asked to bring to mind the associated image pair.'
15.0544 	EXP 	text_8: text = 'Press space to continue!'
15.1029 	EXP 	text_5: text = 'Great job! Your memory for each image pair will now be tested. You will first see one image on the computer screen, like below. You will be asked to bring to mind the associated image pair.'
15.1029 	EXP 	text_8: text = 'Press space to continue!'
15.1521 	EXP 	text_5: text = 'Great job! Your memory for each image pair will now be tested. You will first see one image on the computer screen, like below. You will be asked to bring to mind the associated image pair.'
15.1521 	EXP 	text_8: text = 'Press space to continue!'
15.2016 	EXP 	text_5: text = 'Great job! Your memory for each image pair will now be tested. You will first see one image on the computer screen, like below. You will be asked to bring to mind the associated image pair.'
15.2016 	EXP 	text_8: text = 'Press space to continue!'
15.2517 	EXP 	text_5: text = 'Great job! Your memory for each image pair will now be tested. You will first see one image on the computer screen, like below. You will be asked to bring to mind the associated image pair.'
15.2517 	EXP 	text_8: text = 'Press space to continue!'
15.3009 	EXP 	text_5: text = 'Great job! Your memory for each image pair will now be tested. You will first see one image on the computer screen, like below. You will be asked to bring to mind the associated image pair.'
15.3009 	EXP 	text_8: text = 'Press space to continue!'
15.3516 	EXP 	text_5: text = 'Great job! Your memory for each image pair will now be tested. You will first see one image on the computer screen, like below. You will be asked to bring to mind the associated image pair.'
15.3516 	EXP 	text_8: text = 'Press space to continue!'
15.4021 	EXP 	text_5: text = 'Great job! Your memory for each image pair will now be tested. You will first see one image on the computer screen, like below. You will be asked to bring to mind the associated image pair.'
15.4021 	EXP 	text_8: text = 'Press space to continue!'
15.4515 	EXP 	text_5: text = 'Great job! Your memory for each image pair will now be tested. You will first see one image on the computer screen, like below. You will be asked to bring to mind the associated image pair.'
15.4515 	EXP 	text_8: text = 'Press space to continue!'
15.5021 	EXP 	text_5: text = 'Great job! Your memory for each image pair will now be tested. You will first see one image on the computer screen, like below. You will be asked to bring to mind the associated image pair.'
15.5021 	EXP 	text_8: text = 'Press space to continue!'
15.5521 	EXP 	text_5: text = 'Great job! Your memory for each image pair will now be tested. You will first see one image on the computer screen, like below. You will be asked to bring to mind the associated image pair.'
15.5521 	EXP 	text_8: text = 'Press space to continue!'
15.6025 	EXP 	text_5: text = 'Great job! Your memory for each image pair will now be tested. You will first see one image on the computer screen, like below. You will be asked to bring to mind the associated image pair.'
15.6025 	EXP 	text_8: text = 'Press space to continue!'
15.6519 	EXP 	text_5: text = 'Great job! Your memory for each image pair will now be tested. You will first see one image on the computer screen, like below. You will be asked to bring to mind the associated image pair.'
15.6519 	EXP 	text_8: text = 'Press space to continue!'
15.7025 	EXP 	text_5: text = 'Great job! Your memory for each image pair will now be tested. You will first see one image on the computer screen, like below. You will be asked to bring to mind the associated image pair.'
15.7025 	EXP 	text_8: text = 'Press space to continue!'
15.7539 	EXP 	text_5: text = 'Great job! Your memory for each image pair will now be tested. You will first see one image on the computer screen, like below. You will be asked to bring to mind the associated image pair.'
15.7539 	EXP 	text_8: text = 'Press space to continue!'
15.8038 	EXP 	text_5: text = 'Great job! Your memory for each image pair will now be tested. You will first see one image on the computer screen, like below. You will be asked to bring to mind the associated image pair.'
15.8038 	EXP 	text_8: text = 'Press space to continue!'
15.8610 	EXP 	text_5: text = 'Great job! Your memory for each image pair will now be tested. You will first see one image on the computer screen, like below. You will be asked to bring to mind the associated image pair.'
15.8610 	EXP 	text_8: text = 'Press space to continue!'
15.9119 	EXP 	text_5: text = 'Great job! Your memory for each image pair will now be tested. You will first see one image on the computer screen, like below. You will be asked to bring to mind the associated image pair.'
15.9119 	EXP 	text_8: text = 'Press space to continue!'
15.9609 	EXP 	text_5: text = 'Great job! Your memory for each image pair will now be tested. You will first see one image on the computer screen, like below. You will be asked to bring to mind the associated image pair.'
15.9609 	EXP 	text_8: text = 'Press space to continue!'
16.0103 	EXP 	text_5: text = 'Great job! Your memory for each image pair will now be tested. You will first see one image on the computer screen, like below. You will be asked to bring to mind the associated image pair.'
16.0103 	EXP 	text_8: text = 'Press space to continue!'
16.0608 	EXP 	text_5: text = 'Great job! Your memory for each image pair will now be tested. You will first see one image on the computer screen, like below. You will be asked to bring to mind the associated image pair.'
16.0608 	EXP 	text_8: text = 'Press space to continue!'
16.1104 	EXP 	text_5: text = 'Great job! Your memory for each image pair will now be tested. You will first see one image on the computer screen, like below. You will be asked to bring to mind the associated image pair.'
16.1104 	EXP 	text_8: text = 'Press space to continue!'
16.1609 	EXP 	text_5: text = 'Great job! Your memory for each image pair will now be tested. You will first see one image on the computer screen, like below. You will be asked to bring to mind the associated image pair.'
16.1609 	EXP 	text_8: text = 'Press space to continue!'
16.2116 	EXP 	text_5: text = 'Great job! Your memory for each image pair will now be tested. You will first see one image on the computer screen, like below. You will be asked to bring to mind the associated image pair.'
16.2116 	EXP 	text_8: text = 'Press space to continue!'
16.2616 	EXP 	text_5: text = 'Great job! Your memory for each image pair will now be tested. You will first see one image on the computer screen, like below. You will be asked to bring to mind the associated image pair.'
16.2616 	EXP 	text_8: text = 'Press space to continue!'
16.3116 	EXP 	text_5: text = 'Great job! Your memory for each image pair will now be tested. You will first see one image on the computer screen, like below. You will be asked to bring to mind the associated image pair.'
16.3116 	EXP 	text_8: text = 'Press space to continue!'
16.3610 	EXP 	text_5: text = 'Great job! Your memory for each image pair will now be tested. You will first see one image on the computer screen, like below. You will be asked to bring to mind the associated image pair.'
16.3610 	EXP 	text_8: text = 'Press space to continue!'
16.4107 	EXP 	text_5: text = 'Great job! Your memory for each image pair will now be tested. You will first see one image on the computer screen, like below. You will be asked to bring to mind the associated image pair.'
16.4107 	EXP 	text_8: text = 'Press space to continue!'
16.4613 	EXP 	text_5: text = 'Great job! Your memory for each image pair will now be tested. You will first see one image on the computer screen, like below. You will be asked to bring to mind the associated image pair.'
16.4613 	EXP 	text_8: text = 'Press space to continue!'
16.5117 	EXP 	text_5: text = 'Great job! Your memory for each image pair will now be tested. You will first see one image on the computer screen, like below. You will be asked to bring to mind the associated image pair.'
16.5117 	EXP 	text_8: text = 'Press space to continue!'
16.5614 	EXP 	text_5: text = 'Great job! Your memory for each image pair will now be tested. You will first see one image on the computer screen, like below. You will be asked to bring to mind the associated image pair.'
16.5614 	EXP 	text_8: text = 'Press space to continue!'
16.6116 	EXP 	text_5: text = 'Great job! Your memory for each image pair will now be tested. You will first see one image on the computer screen, like below. You will be asked to bring to mind the associated image pair.'
16.6116 	EXP 	text_8: text = 'Press space to continue!'
16.6633 	EXP 	text_5: text = 'Great job! Your memory for each image pair will now be tested. You will first see one image on the computer screen, like below. You will be asked to bring to mind the associated image pair.'
16.6633 	EXP 	text_8: text = 'Press space to continue!'
16.7118 	EXP 	text_5: text = 'Great job! Your memory for each image pair will now be tested. You will first see one image on the computer screen, like below. You will be asked to bring to mind the associated image pair.'
16.7118 	EXP 	text_8: text = 'Press space to continue!'
16.7610 	EXP 	text_5: text = 'Great job! Your memory for each image pair will now be tested. You will first see one image on the computer screen, like below. You will be asked to bring to mind the associated image pair.'
16.7610 	EXP 	text_8: text = 'Press space to continue!'
16.8110 	EXP 	text_5: text = 'Great job! Your memory for each image pair will now be tested. You will first see one image on the computer screen, like below. You will be asked to bring to mind the associated image pair.'
16.8110 	EXP 	text_8: text = 'Press space to continue!'
16.8610 	EXP 	text_5: text = 'Great job! Your memory for each image pair will now be tested. You will first see one image on the computer screen, like below. You will be asked to bring to mind the associated image pair.'
16.8610 	EXP 	text_8: text = 'Press space to continue!'
16.9102 	EXP 	text_5: text = 'Great job! Your memory for each image pair will now be tested. You will first see one image on the computer screen, like below. You will be asked to bring to mind the associated image pair.'
16.9102 	EXP 	text_8: text = 'Press space to continue!'
16.9610 	EXP 	text_5: text = 'Great job! Your memory for each image pair will now be tested. You will first see one image on the computer screen, like below. You will be asked to bring to mind the associated image pair.'
16.9610 	EXP 	text_8: text = 'Press space to continue!'
17.0104 	EXP 	text_5: text = 'Great job! Your memory for each image pair will now be tested. You will first see one image on the computer screen, like below. You will be asked to bring to mind the associated image pair.'
17.0104 	EXP 	text_8: text = 'Press space to continue!'
17.0613 	EXP 	text_5: text = 'Great job! Your memory for each image pair will now be tested. You will first see one image on the computer screen, like below. You will be asked to bring to mind the associated image pair.'
17.0613 	EXP 	text_8: text = 'Press space to continue!'
17.1104 	EXP 	text_5: text = 'Great job! Your memory for each image pair will now be tested. You will first see one image on the computer screen, like below. You will be asked to bring to mind the associated image pair.'
17.1104 	EXP 	text_8: text = 'Press space to continue!'
17.1603 	EXP 	text_5: text = 'Great job! Your memory for each image pair will now be tested. You will first see one image on the computer screen, like below. You will be asked to bring to mind the associated image pair.'
17.1603 	EXP 	text_8: text = 'Press space to continue!'
17.2104 	EXP 	text_5: text = 'Great job! Your memory for each image pair will now be tested. You will first see one image on the computer screen, like below. You will be asked to bring to mind the associated image pair.'
17.2104 	EXP 	text_8: text = 'Press space to continue!'
17.2607 	EXP 	text_5: text = 'Great job! Your memory for each image pair will now be tested. You will first see one image on the computer screen, like below. You will be asked to bring to mind the associated image pair.'
17.2607 	EXP 	text_8: text = 'Press space to continue!'
17.3107 	EXP 	text_5: text = 'Great job! Your memory for each image pair will now be tested. You will first see one image on the computer screen, like below. You will be asked to bring to mind the associated image pair.'
17.3107 	EXP 	text_8: text = 'Press space to continue!'
17.3609 	EXP 	text_5: text = 'Great job! Your memory for each image pair will now be tested. You will first see one image on the computer screen, like below. You will be asked to bring to mind the associated image pair.'
17.3609 	EXP 	text_8: text = 'Press space to continue!'
17.4102 	EXP 	text_5: text = 'Great job! Your memory for each image pair will now be tested. You will first see one image on the computer screen, like below. You will be asked to bring to mind the associated image pair.'
17.4102 	EXP 	text_8: text = 'Press space to continue!'
17.4606 	EXP 	text_5: text = 'Great job! Your memory for each image pair will now be tested. You will first see one image on the computer screen, like below. You will be asked to bring to mind the associated image pair.'
17.4606 	EXP 	text_8: text = 'Press space to continue!'
17.5107 	EXP 	text_5: text = 'Great job! Your memory for each image pair will now be tested. You will first see one image on the computer screen, like below. You will be asked to bring to mind the associated image pair.'
17.5107 	EXP 	text_8: text = 'Press space to continue!'
17.5610 	EXP 	text_5: text = 'Great job! Your memory for each image pair will now be tested. You will first see one image on the computer screen, like below. You will be asked to bring to mind the associated image pair.'
17.5610 	EXP 	text_8: text = 'Press space to continue!'
17.6107 	EXP 	text_5: text = 'Great job! Your memory for each image pair will now be tested. You will first see one image on the computer screen, like below. You will be asked to bring to mind the associated image pair.'
17.6107 	EXP 	text_8: text = 'Press space to continue!'
17.6610 	EXP 	text_5: text = 'Great job! Your memory for each image pair will now be tested. You will first see one image on the computer screen, like below. You will be asked to bring to mind the associated image pair.'
17.6610 	EXP 	text_8: text = 'Press space to continue!'
17.7111 	EXP 	text_5: text = 'Great job! Your memory for each image pair will now be tested. You will first see one image on the computer screen, like below. You will be asked to bring to mind the associated image pair.'
17.7111 	EXP 	text_8: text = 'Press space to continue!'
17.7613 	EXP 	text_5: text = 'Great job! Your memory for each image pair will now be tested. You will first see one image on the computer screen, like below. You will be asked to bring to mind the associated image pair.'
17.7613 	EXP 	text_8: text = 'Press space to continue!'
17.8279 	EXP 	text_5: text = 'Great job! Your memory for each image pair will now be tested. You will first see one image on the computer screen, like below. You will be asked to bring to mind the associated image pair.'
17.8279 	EXP 	text_8: text = 'Press space to continue!'
17.8778 	EXP 	text_5: text = 'Great job! Your memory for each image pair will now be tested. You will first see one image on the computer screen, like below. You will be asked to bring to mind the associated image pair.'
17.8778 	EXP 	text_8: text = 'Press space to continue!'
17.9276 	EXP 	text_5: text = 'Great job! Your memory for each image pair will now be tested. You will first see one image on the computer screen, like below. You will be asked to bring to mind the associated image pair.'
17.9276 	EXP 	text_8: text = 'Press space to continue!'
17.9783 	EXP 	text_5: text = 'Great job! Your memory for each image pair will now be tested. You will first see one image on the computer screen, like below. You will be asked to bring to mind the associated image pair.'
17.9783 	EXP 	text_8: text = 'Press space to continue!'
18.0279 	EXP 	text_5: text = 'Great job! Your memory for each image pair will now be tested. You will first see one image on the computer screen, like below. You will be asked to bring to mind the associated image pair.'
18.0279 	EXP 	text_8: text = 'Press space to continue!'
18.0775 	EXP 	text_5: text = 'Great job! Your memory for each image pair will now be tested. You will first see one image on the computer screen, like below. You will be asked to bring to mind the associated image pair.'
18.0775 	EXP 	text_8: text = 'Press space to continue!'
18.1268 	EXP 	text_5: text = 'Great job! Your memory for each image pair will now be tested. You will first see one image on the computer screen, like below. You will be asked to bring to mind the associated image pair.'
18.1268 	EXP 	text_8: text = 'Press space to continue!'
18.1777 	EXP 	text_5: text = 'Great job! Your memory for each image pair will now be tested. You will first see one image on the computer screen, like below. You will be asked to bring to mind the associated image pair.'
18.1777 	EXP 	text_8: text = 'Press space to continue!'
18.2275 	EXP 	text_5: text = 'Great job! Your memory for each image pair will now be tested. You will first see one image on the computer screen, like below. You will be asked to bring to mind the associated image pair.'
18.2275 	EXP 	text_8: text = 'Press space to continue!'
18.2770 	EXP 	text_5: text = 'Great job! Your memory for each image pair will now be tested. You will first see one image on the computer screen, like below. You will be asked to bring to mind the associated image pair.'
18.2770 	EXP 	text_8: text = 'Press space to continue!'
18.3278 	EXP 	text_5: text = 'Great job! Your memory for each image pair will now be tested. You will first see one image on the computer screen, like below. You will be asked to bring to mind the associated image pair.'
18.3278 	EXP 	text_8: text = 'Press space to continue!'
18.3773 	EXP 	text_5: text = 'Great job! Your memory for each image pair will now be tested. You will first see one image on the computer screen, like below. You will be asked to bring to mind the associated image pair.'
18.3773 	EXP 	text_8: text = 'Press space to continue!'
18.4279 	EXP 	text_5: text = 'Great job! Your memory for each image pair will now be tested. You will first see one image on the computer screen, like below. You will be asked to bring to mind the associated image pair.'
18.4279 	EXP 	text_8: text = 'Press space to continue!'
18.4775 	EXP 	text_5: text = 'Great job! Your memory for each image pair will now be tested. You will first see one image on the computer screen, like below. You will be asked to bring to mind the associated image pair.'
18.4775 	EXP 	text_8: text = 'Press space to continue!'
18.5274 	EXP 	text_5: text = 'Great job! Your memory for each image pair will now be tested. You will first see one image on the computer screen, like below. You will be asked to bring to mind the associated image pair.'
18.5274 	EXP 	text_8: text = 'Press space to continue!'
18.5770 	EXP 	text_5: text = 'Great job! Your memory for each image pair will now be tested. You will first see one image on the computer screen, like below. You will be asked to bring to mind the associated image pair.'
18.5770 	EXP 	text_8: text = 'Press space to continue!'
18.6269 	EXP 	text_5: text = 'Great job! Your memory for each image pair will now be tested. You will first see one image on the computer screen, like below. You will be asked to bring to mind the associated image pair.'
18.6269 	EXP 	text_8: text = 'Press space to continue!'
18.6779 	EXP 	text_5: text = 'Great job! Your memory for each image pair will now be tested. You will first see one image on the computer screen, like below. You will be asked to bring to mind the associated image pair.'
18.6779 	EXP 	text_8: text = 'Press space to continue!'
18.7272 	EXP 	text_5: text = 'Great job! Your memory for each image pair will now be tested. You will first see one image on the computer screen, like below. You will be asked to bring to mind the associated image pair.'
18.7272 	EXP 	text_8: text = 'Press space to continue!'
18.7769 	EXP 	text_5: text = 'Great job! Your memory for each image pair will now be tested. You will first see one image on the computer screen, like below. You will be asked to bring to mind the associated image pair.'
18.7769 	EXP 	text_8: text = 'Press space to continue!'
18.8269 	EXP 	text_5: text = 'Great job! Your memory for each image pair will now be tested. You will first see one image on the computer screen, like below. You will be asked to bring to mind the associated image pair.'
18.8269 	EXP 	text_8: text = 'Press space to continue!'
18.8780 	EXP 	text_5: text = 'Great job! Your memory for each image pair will now be tested. You will first see one image on the computer screen, like below. You will be asked to bring to mind the associated image pair.'
18.8780 	EXP 	text_8: text = 'Press space to continue!'
18.9277 	EXP 	text_5: text = 'Great job! Your memory for each image pair will now be tested. You will first see one image on the computer screen, like below. You will be asked to bring to mind the associated image pair.'
18.9277 	EXP 	text_8: text = 'Press space to continue!'
18.9776 	EXP 	text_5: text = 'Great job! Your memory for each image pair will now be tested. You will first see one image on the computer screen, like below. You will be asked to bring to mind the associated image pair.'
18.9776 	EXP 	text_8: text = 'Press space to continue!'
19.0272 	EXP 	text_5: text = 'Great job! Your memory for each image pair will now be tested. You will first see one image on the computer screen, like below. You will be asked to bring to mind the associated image pair.'
19.0272 	EXP 	text_8: text = 'Press space to continue!'
19.0768 	EXP 	text_5: text = 'Great job! Your memory for each image pair will now be tested. You will first see one image on the computer screen, like below. You will be asked to bring to mind the associated image pair.'
19.0768 	EXP 	text_8: text = 'Press space to continue!'
19.1269 	EXP 	text_5: text = 'Great job! Your memory for each image pair will now be tested. You will first see one image on the computer screen, like below. You will be asked to bring to mind the associated image pair.'
19.1269 	EXP 	text_8: text = 'Press space to continue!'
19.1776 	EXP 	text_5: text = 'Great job! Your memory for each image pair will now be tested. You will first see one image on the computer screen, like below. You will be asked to bring to mind the associated image pair.'
19.1776 	EXP 	text_8: text = 'Press space to continue!'
19.2277 	EXP 	text_5: text = 'Great job! Your memory for each image pair will now be tested. You will first see one image on the computer screen, like below. You will be asked to bring to mind the associated image pair.'
19.2277 	EXP 	text_8: text = 'Press space to continue!'
19.2769 	EXP 	text_5: text = 'Great job! Your memory for each image pair will now be tested. You will first see one image on the computer screen, like below. You will be asked to bring to mind the associated image pair.'
19.2769 	EXP 	text_8: text = 'Press space to continue!'
19.3274 	EXP 	text_5: text = 'Great job! Your memory for each image pair will now be tested. You will first see one image on the computer screen, like below. You will be asked to bring to mind the associated image pair.'
19.3274 	EXP 	text_8: text = 'Press space to continue!'
19.3771 	EXP 	text_5: text = 'Great job! Your memory for each image pair will now be tested. You will first see one image on the computer screen, like below. You will be asked to bring to mind the associated image pair.'
19.3771 	EXP 	text_8: text = 'Press space to continue!'
19.4270 	EXP 	text_5: text = 'Great job! Your memory for each image pair will now be tested. You will first see one image on the computer screen, like below. You will be asked to bring to mind the associated image pair.'
19.4270 	EXP 	text_8: text = 'Press space to continue!'
19.4768 	EXP 	text_5: text = 'Great job! Your memory for each image pair will now be tested. You will first see one image on the computer screen, like below. You will be asked to bring to mind the associated image pair.'
19.4768 	EXP 	text_8: text = 'Press space to continue!'
19.5276 	EXP 	text_5: text = 'Great job! Your memory for each image pair will now be tested. You will first see one image on the computer screen, like below. You will be asked to bring to mind the associated image pair.'
19.5276 	EXP 	text_8: text = 'Press space to continue!'
19.5770 	EXP 	text_5: text = 'Great job! Your memory for each image pair will now be tested. You will first see one image on the computer screen, like below. You will be asked to bring to mind the associated image pair.'
19.5770 	EXP 	text_8: text = 'Press space to continue!'
19.6279 	EXP 	text_5: text = 'Great job! Your memory for each image pair will now be tested. You will first see one image on the computer screen, like below. You will be asked to bring to mind the associated image pair.'
19.6279 	EXP 	text_8: text = 'Press space to continue!'
19.6769 	EXP 	text_5: text = 'Great job! Your memory for each image pair will now be tested. You will first see one image on the computer screen, like below. You will be asked to bring to mind the associated image pair.'
19.6769 	EXP 	text_8: text = 'Press space to continue!'
19.7276 	EXP 	text_5: text = 'Great job! Your memory for each image pair will now be tested. You will first see one image on the computer screen, like below. You will be asked to bring to mind the associated image pair.'
19.7276 	EXP 	text_8: text = 'Press space to continue!'
19.7767 	EXP 	text_5: text = 'Great job! Your memory for each image pair will now be tested. You will first see one image on the computer screen, like below. You will be asked to bring to mind the associated image pair.'
19.7767 	EXP 	text_8: text = 'Press space to continue!'
19.8313 	EXP 	text_5: text = 'Great job! Your memory for each image pair will now be tested. You will first see one image on the computer screen, like below. You will be asked to bring to mind the associated image pair.'
19.8313 	EXP 	text_8: text = 'Press space to continue!'
19.8817 	EXP 	text_5: text = 'Great job! Your memory for each image pair will now be tested. You will first see one image on the computer screen, like below. You will be asked to bring to mind the associated image pair.'
19.8817 	EXP 	text_8: text = 'Press space to continue!'
19.9378 	EXP 	text_5: text = 'Great job! Your memory for each image pair will now be tested. You will first see one image on the computer screen, like below. You will be asked to bring to mind the associated image pair.'
19.9378 	EXP 	text_8: text = 'Press space to continue!'
19.9894 	EXP 	text_5: text = 'Great job! Your memory for each image pair will now be tested. You will first see one image on the computer screen, like below. You will be asked to bring to mind the associated image pair.'
19.9894 	EXP 	text_8: text = 'Press space to continue!'
20.0400 	EXP 	text_5: text = 'Great job! Your memory for each image pair will now be tested. You will first see one image on the computer screen, like below. You will be asked to bring to mind the associated image pair.'
20.0400 	EXP 	text_8: text = 'Press space to continue!'
20.0891 	EXP 	text_5: text = 'Great job! Your memory for each image pair will now be tested. You will first see one image on the computer screen, like below. You will be asked to bring to mind the associated image pair.'
20.0891 	EXP 	text_8: text = 'Press space to continue!'
20.1438 	EXP 	text_5: text = 'Great job! Your memory for each image pair will now be tested. You will first see one image on the computer screen, like below. You will be asked to bring to mind the associated image pair.'
20.1438 	EXP 	text_8: text = 'Press space to continue!'
20.1939 	EXP 	text_5: text = 'Great job! Your memory for each image pair will now be tested. You will first see one image on the computer screen, like below. You will be asked to bring to mind the associated image pair.'
20.1939 	EXP 	text_8: text = 'Press space to continue!'
20.2448 	EXP 	text_5: text = 'Great job! Your memory for each image pair will now be tested. You will first see one image on the computer screen, like below. You will be asked to bring to mind the associated image pair.'
20.2448 	EXP 	text_8: text = 'Press space to continue!'
20.2956 	EXP 	text_5: text = 'Great job! Your memory for each image pair will now be tested. You will first see one image on the computer screen, like below. You will be asked to bring to mind the associated image pair.'
20.2956 	EXP 	text_8: text = 'Press space to continue!'
20.3450 	EXP 	text_5: text = 'Great job! Your memory for each image pair will now be tested. You will first see one image on the computer screen, like below. You will be asked to bring to mind the associated image pair.'
20.3450 	EXP 	text_8: text = 'Press space to continue!'
20.3950 	EXP 	text_5: text = 'Great job! Your memory for each image pair will now be tested. You will first see one image on the computer screen, like below. You will be asked to bring to mind the associated image pair.'
20.3950 	EXP 	text_8: text = 'Press space to continue!'
20.4450 	EXP 	text_5: text = 'Great job! Your memory for each image pair will now be tested. You will first see one image on the computer screen, like below. You will be asked to bring to mind the associated image pair.'
20.4450 	EXP 	text_8: text = 'Press space to continue!'
20.4982 	EXP 	text_5: text = 'Great job! Your memory for each image pair will now be tested. You will first see one image on the computer screen, like below. You will be asked to bring to mind the associated image pair.'
20.4982 	EXP 	text_8: text = 'Press space to continue!'
20.5473 	EXP 	text_5: text = 'Great job! Your memory for each image pair will now be tested. You will first see one image on the computer screen, like below. You will be asked to bring to mind the associated image pair.'
20.5473 	EXP 	text_8: text = 'Press space to continue!'
20.5988 	EXP 	text_5: text = 'Great job! Your memory for each image pair will now be tested. You will first see one image on the computer screen, like below. You will be asked to bring to mind the associated image pair.'
20.5988 	EXP 	text_8: text = 'Press space to continue!'
20.6473 	EXP 	text_5: text = 'Great job! Your memory for each image pair will now be tested. You will first see one image on the computer screen, like below. You will be asked to bring to mind the associated image pair.'
20.6473 	EXP 	text_8: text = 'Press space to continue!'
20.6948 	EXP 	text_5: text = 'Great job! Your memory for each image pair will now be tested. You will first see one image on the computer screen, like below. You will be asked to bring to mind the associated image pair.'
20.6948 	EXP 	text_8: text = 'Press space to continue!'
20.7445 	EXP 	text_5: text = 'Great job! Your memory for each image pair will now be tested. You will first see one image on the computer screen, like below. You will be asked to bring to mind the associated image pair.'
20.7445 	EXP 	text_8: text = 'Press space to continue!'
20.7950 	DATA 	Keypress: escape
20.8117 	EXP 	text_5: text = 'Great job! Your memory for each image pair will now be tested. You will first see one image on the computer screen, like below. You will be asked to bring to mind the associated image pair.'
20.8117 	EXP 	text_8: text = 'Press space to continue!'
20.8708 	EXP 	text_5: text = 'Great job! Your memory for each image pair will now be tested. You will first see one image on the computer screen, like below. You will be asked to bring to mind the associated image pair.'
20.8708 	EXP 	text_8: text = 'Press space to continue!'
21.1704 	EXP 	window1: mouseVisible = True
