5.8128 	EXP 	Created window1 = Window(allowGUI=False, allowStencil=False, args=UNKNOWN, autoLog=True, bitsMode=UNKNOWN, blendMode='avg', color=array([0.992, 0.992, 0.992]), colorSpace='rgb', fullscr=<method-wrapper '__getattribute__' of attributeSetter object at 0x131514c88>, gamma=None, gammaErrorPolicy='raise', kwargs=UNKNOWN, lms=UNKNOWN, monitor=<psychopy.monitors.calibTools.Monitor object at 0x1313a46a0>, multiSample=False, name='window1', numSamples=2, pos=[360.0, 225.0], screen=0, size=array([2880, 1800]), stereo=False, units='height', useFBO=True, useRetina=True, viewOri=0.0, viewPos=None, viewScale=None, waitBlanking=True, winType='pyglet')
5.8128 	EXP 	window1: recordFrameIntervals = False
5.9778 	EXP 	window1: recordFrameIntervals = True
6.1622 	EXP 	window1: recordFrameIntervals = False
6.5483 	EXP 	Created text = TextStim(__class__=<class 'psychopy.visual.text.TextStim'>, alignHoriz='center', alignVert='center', antialias=True, autoLog=True, bold=False, color='white', colorSpace='named', contrast=1.0, depth=0.0, flipHoriz=False, flipVert=False, font='Arial', fontFiles=[], height=1.0, italic=False, languageStyle='LTR', name='text', opacity=1.0, ori=0, pos=array([0., 0.]), rgb=array([255., 255., 255.]), text='default text', units='height', win=Window(...), wrapWidth=1)
6.5530 	EXP 	Created instructions_text2 = TextStim(__class__=<class 'psychopy.visual.text.TextStim'>, alignHoriz='center', alignVert='center', antialias=True, autoLog=True, bold=False, color='white', colorSpace='named', contrast=1.0, depth=-1.0, flipHoriz=False, flipVert=False, font='Arial', fontFiles=[], height=1.0, italic=False, languageStyle='LTR', name='instructions_text2', opacity=1.0, ori=0, pos=array([0., 0.]), rgb=array([255., 255., 255.]), text='default text', units='height', win=Window(...), wrapWidth=1)
6.5893 	EXP 	Created image1 = ImageStim(__class__=<class 'psychopy.visual.image.ImageStim'>, autoLog=True, color=array([1., 1., 1.]), colorSpace='rgb', contrast=1.0, depth=-3.0, flipHoriz=False, flipVert=False, image='sin', interpolate=True, mask=None, maskParams=None, name='image1', opacity=1.0, ori=0.0, pos=array([0., 0.]), size=array([1., 1.]), texRes=128, units='height', win=Window(...))
6.5913 	EXP 	Created image2 = ImageStim(__class__=<class 'psychopy.visual.image.ImageStim'>, autoLog=True, color=array([1., 1., 1.]), colorSpace='rgb', contrast=1.0, depth=-4.0, flipHoriz=False, flipVert=False, image='sin', interpolate=True, mask=None, maskParams=None, name='image2', opacity=1.0, ori=0.0, pos=array([0., 0.]), size=array([1., 1.]), texRes=128, units='height', win=Window(...))
6.6260 	EXP 	Created Instructions_02 = TextStim(__class__=<class 'psychopy.visual.text.TextStim'>, alignHoriz='center', alignVert='center', antialias=True, autoLog=True, bold=False, color='white', colorSpace='named', contrast=1.0, depth=0.0, flipHoriz=False, flipVert=False, font='Helvetica', fontFiles=[], height=0.03, italic=False, languageStyle='LTR', name='Instructions_02', opacity=1.0, ori=0, pos=array([0., 0.]), rgb=array([255., 255., 255.]), text=str(...), units='height', win=Window(...), wrapWidth=1)
6.6679 	EXP 	Created text_4 = TextStim(__class__=<class 'psychopy.visual.text.TextStim'>, alignHoriz='center', alignVert='center', antialias=True, autoLog=True, bold=False, color='black', colorSpace='named', contrast=1.0, depth=-2.0, flipHoriz=False, flipVert=False, font='Helvetica', fontFiles=[], height=0.03, italic=False, languageStyle='LTR', name='text_4', opacity=1.0, ori=0, pos=array([ 0.  , -0.25]), rgb=array([0., 0., 0.]), text='Press space to continue', units='height', win=Window(...), wrapWidth=1)
6.6701 	EXP 	Created image_3 = ImageStim(__class__=<class 'psychopy.visual.image.ImageStim'>, autoLog=True, color=array([1., 1., 1.]), colorSpace='rgb', contrast=1.0, depth=0.0, flipHoriz=False, flipVert=False, image='sin', interpolate=True, mask=None, maskParams=None, name='image_3', opacity=1.0, ori=0.0, pos=array([ 0.3 , -0.05]), size=array([0.5, 0.5]), texRes=128, units='height', win=Window(...))
6.7335 	EXP 	Created image_4 = ImageStim(__class__=<class 'psychopy.visual.image.ImageStim'>, autoLog=True, color=array([1., 1., 1.]), colorSpace='rgb', contrast=1.0, depth=-1.0, flipHoriz=False, flipVert=False, image='instruction_images/jessica_alba.jpg', interpolate=True, mask=None, maskParams=None, name='image_4', opacity=1.0, ori=0.0, pos=array([-0.3 , -0.05]), size=array([0.5, 0.5]), texRes=128, units='height', win=Window(...))
6.7528 	EXP 	Created text_6 = TextStim(__class__=<class 'psychopy.visual.text.TextStim'>, alignHoriz='center', alignVert='center', antialias=True, autoLog=True, bold=False, color='black', colorSpace='named', contrast=1.0, depth=-2.0, flipHoriz=False, flipVert=False, font='Helvetica', fontFiles=[], height=0.03, italic=False, languageStyle='LTR', name='text_6', opacity=1.0, ori=0, pos=array([0. , 0.3]), rgb=array([0., 0., 0.]), text=str(...), units='height', win=Window(...), wrapWidth=1)
6.7928 	EXP 	Created text_7 = TextStim(__class__=<class 'psychopy.visual.text.TextStim'>, alignHoriz='center', alignVert='center', antialias=True, autoLog=True, bold=False, color='black', colorSpace='named', contrast=1.0, depth=-4.0, flipHoriz=False, flipVert=False, font='Helvetica', fontFiles=[], height=0.03, italic=False, languageStyle='LTR', name='text_7', opacity=1.0, ori=0, pos=array([ 0. , -0.4]), rgb=array([0., 0., 0.]), text='Press space to continue', units='height', win=Window(...), wrapWidth=1)
6.8106 	EXP 	Created text_10 = TextStim(__class__=<class 'psychopy.visual.text.TextStim'>, alignHoriz='center', alignVert='center', antialias=True, autoLog=True, bold=False, color='black', colorSpace='named', contrast=1.0, depth=0.0, flipHoriz=False, flipVert=False, font='Helvetica', fontFiles=[], height=0.03, italic=False, languageStyle='LTR', name='text_10', opacity=1.0, ori=0, pos=array([0. , 0.3]), rgb=array([0., 0., 0.]), text=str(...), units='height', win=Window(...), wrapWidth=1)
6.8206 	EXP 	Created text_11 = TextStim(__class__=<class 'psychopy.visual.text.TextStim'>, alignHoriz='center', alignVert='center', antialias=True, autoLog=True, bold=False, color='black', colorSpace='named', contrast=1.0, depth=-1.0, flipHoriz=False, flipVert=False, font='Helvetica', fontFiles=[], height=0.03, italic=False, languageStyle='LTR', name='text_11', opacity=1.0, ori=0, pos=array([ 0. , -0.4]), rgb=array([0., 0., 0.]), text=str(...), units='height', win=Window(...), wrapWidth=1)
6.8229 	EXP 	Created image_7 = ImageStim(__class__=<class 'psychopy.visual.image.ImageStim'>, autoLog=True, color=array([1., 1., 1.]), colorSpace='rgb', contrast=1.0, depth=-2.0, flipHoriz=False, flipVert=False, image='sin', interpolate=True, mask=None, maskParams=None, name='image_7', opacity=1.0, ori=0.0, pos=array([ 0.3 , -0.05]), size=array([0.5, 0.5]), texRes=128, units='height', win=Window(...))
6.8317 	EXP 	Created image_8 = ImageStim(__class__=<class 'psychopy.visual.image.ImageStim'>, autoLog=True, color=array([1., 1., 1.]), colorSpace='rgb', contrast=1.0, depth=-3.0, flipHoriz=False, flipVert=False, image='instruction_images/jessica_alba.jpg', interpolate=True, mask=None, maskParams=None, name='image_8', opacity=1.0, ori=0.0, pos=array([-0.3 , -0.05]), size=array([0.5, 0.5]), texRes=128, units='height', win=Window(...))
6.8680 	EXP 	Created a_image = ImageStim(__class__=<class 'psychopy.visual.image.ImageStim'>, autoLog=True, color=array([1., 1., 1.]), colorSpace='rgb', contrast=1.0, depth=0.0, flipHoriz=False, flipVert=False, image='sin', interpolate=True, mask=None, maskParams=None, name='a_image', opacity=1.0, ori=0.0, pos=array([-0.3,  0. ]), size=array([0.5, 0.5]), texRes=128, units='height', win=Window(...))
6.8699 	EXP 	Created b_image = ImageStim(__class__=<class 'psychopy.visual.image.ImageStim'>, autoLog=True, color=array([1., 1., 1.]), colorSpace='rgb', contrast=1.0, depth=-1.0, flipHoriz=False, flipVert=False, image='sin', interpolate=True, mask=None, maskParams=None, name='b_image', opacity=1.0, ori=0.0, pos=array([0.3, 0. ]), size=array([0.5, 0.5]), texRes=128, units='height', win=Window(...))
6.8781 	EXP 	Created text_12 = TextStim(__class__=<class 'psychopy.visual.text.TextStim'>, alignHoriz='center', alignVert='center', antialias=True, autoLog=True, bold=False, color='black', colorSpace='named', contrast=1.0, depth=-2.0, flipHoriz=False, flipVert=False, font='Helvetica', fontFiles=[], height=0.03, italic=False, languageStyle='LTR', name='text_12', opacity=1.0, ori=0, pos=array([0., 0.]), rgb=array([0., 0., 0.]), text='Remember the image pairs', units='height', win=Window(...), wrapWidth=1)
6.8906 	EXP 	Created instruct_text = TextStim(__class__=<class 'psychopy.visual.text.TextStim'>, alignHoriz='center', alignVert='center', antialias=True, autoLog=True, bold=False, color='black', colorSpace='named', contrast=1.0, depth=0.0, flipHoriz=False, flipVert=False, font='Arial', fontFiles=[], height=0.1, italic=False, languageStyle='LTR', name='instruct_text', opacity=1.0, ori=0, pos=array([0. , 0.4]), rgb=array([0., 0., 0.]), text='Retrieve the associate', units='height', win=Window(...), wrapWidth=1)
6.8928 	EXP 	Created a_image_retrieve = ImageStim(__class__=<class 'psychopy.visual.image.ImageStim'>, autoLog=True, color=array([1., 1., 1.]), colorSpace='rgb', contrast=1.0, depth=-1.0, flipHoriz=False, flipVert=False, image='sin', interpolate=True, mask=None, maskParams=None, name='a_image_retrieve', opacity=1.0, ori=0.0, pos=array([-0.5, -0.1]), size=array([0.5, 0.5]), texRes=128, units='height', win=Window(...))
6.8975 	EXP 	Created text_2 = TextStim(__class__=<class 'psychopy.visual.text.TextStim'>, alignHoriz='center', alignVert='center', antialias=True, autoLog=True, bold=False, color='white', colorSpace='named', contrast=1.0, depth=-2.0, flipHoriz=False, flipVert=False, font='Arial', fontFiles=[], height=0.1, italic=False, languageStyle='LTR', name='text_2', opacity=1.0, ori=0, pos=array([0., 0.]), rgb=array([255., 255., 255.]), text='+', units='height', win=Window(...), wrapWidth=1)
6.8995 	EXP 	Created correct_pair = ImageStim(__class__=<class 'psychopy.visual.image.ImageStim'>, autoLog=True, color=array([1., 1., 1.]), colorSpace='rgb', contrast=1.0, depth=-3.0, flipHoriz=False, flipVert=False, image='sin', interpolate=True, mask=None, maskParams=None, name='correct_pair', opacity=1.0, ori=0.0, pos=array([0., 0.]), size=array([0.5, 0.5]), texRes=128, units='height', win=Window(...))
6.9120 	EXP 	Created afc_text = TextStim(__class__=<class 'psychopy.visual.text.TextStim'>, alignHoriz='center', alignVert='center', antialias=True, autoLog=True, bold=False, color='black', colorSpace='named', contrast=1.0, depth=-4.0, flipHoriz=False, flipVert=False, font='Arial', fontFiles=[], height=0.05, italic=False, languageStyle='LTR', name='afc_text', opacity=1.0, ori=0, pos=array([0., 3.]), rgb=array([0., 0., 0.]), text='Select the correct image', units='height', win=Window(...), wrapWidth=1)
6.9142 	EXP 	Created alternative_1 = ImageStim(__class__=<class 'psychopy.visual.image.ImageStim'>, autoLog=True, color=array([1., 1., 1.]), colorSpace='rgb', contrast=1.0, depth=-5.0, flipHoriz=False, flipVert=False, image='sin', interpolate=True, mask=None, maskParams=None, name='alternative_1', opacity=1.0, ori=0.0, pos=array([-0.3,  0. ]), size=array([0.5, 0.5]), texRes=128, units='height', win=Window(...))
6.9163 	EXP 	Created alternative_2 = ImageStim(__class__=<class 'psychopy.visual.image.ImageStim'>, autoLog=True, color=array([1., 1., 1.]), colorSpace='rgb', contrast=1.0, depth=-6.0, flipHoriz=False, flipVert=False, image='sin', interpolate=True, mask=None, maskParams=None, name='alternative_2', opacity=1.0, ori=0.0, pos=array([0. , 0.3]), size=array([0.5, 0.5]), texRes=128, units='height', win=Window(...))
6.9262 	EXP 	Imported instructions_intentional_encoding.xlsx as conditions, 6 conditions, 4 params
6.9265 	EXP 	Created sequence: sequential, trialTypes=6, nReps=1, seed=None
6.9269 	EXP 	New trial (rep=0, index=0): OrderedDict([('instructions1', 'Welcome to the memory experiment!'), ('Instructions2', 'Press space to continue!'), ('Image1', None), ('Image2', None)])
7.0119 	EXP 	text: color = 'black (named)'
7.0119 	EXP 	text: pos = array([0. , 0.3])
7.0119 	EXP 	text: text = 'Welcome to the memory experiment!'
7.0119 	EXP 	text: font = 'Helvetica'
7.0119 	EXP 	text: height = 0.03
7.0119 	EXP 	instructions_text2: color = 'black (named)'
7.0119 	EXP 	instructions_text2: pos = array([ 0. , -0.5])
7.0119 	EXP 	instructions_text2: text = 'Press space to continue!'
7.0119 	EXP 	instructions_text2: font = 'Helvetica'
7.0119 	EXP 	instructions_text2: height = 0.03
7.0479 	EXP 	text: autoDraw = True
7.0479 	EXP 	instructions_text2: autoDraw = True
7.0479 	EXP 	image1: autoDraw = True
7.0479 	EXP 	image2: autoDraw = True
7.0479 	EXP 	text: text = 'Welcome to the memory experiment!'
7.0479 	EXP 	instructions_text2: text = 'Press space to continue!'
9.5826 	EXP 	New trial (rep=0, index=1): OrderedDict([('instructions1', 'In the first part of this task, you will see two pairs of images, side by side, on the left and right hand side of the computer screen.'), ('Instructions2', 'Press space to continue!'), ('Image1', None), ('Image2', None)])
9.6063 	DATA 	Keypress: space
9.6179 	EXP 	text: autoDraw = False
9.6179 	EXP 	instructions_text2: autoDraw = False
9.6179 	EXP 	image1: autoDraw = False
9.6179 	EXP 	image2: autoDraw = False
9.6179 	EXP 	text: color = 'black (named)'
9.6179 	EXP 	text: pos = array([0. , 0.3])
9.6179 	EXP 	text: text = 'In the first part of this task, you will see two pairs of images, side by side, on the left and right hand side of the computer screen.'
9.6179 	EXP 	text: font = 'Helvetica'
9.6179 	EXP 	text: height = 0.03
9.6179 	EXP 	instructions_text2: color = 'black (named)'
9.6179 	EXP 	instructions_text2: pos = array([ 0. , -0.5])
9.6179 	EXP 	instructions_text2: text = 'Press space to continue!'
9.6179 	EXP 	instructions_text2: font = 'Helvetica'
9.6179 	EXP 	instructions_text2: height = 0.03
9.6656 	EXP 	text: autoDraw = True
9.6656 	EXP 	instructions_text2: autoDraw = True
9.6656 	EXP 	image1: autoDraw = True
9.6656 	EXP 	image2: autoDraw = True
9.6656 	EXP 	text: text = 'In the first part of this task, you will see two pairs of images, side by side, on the left and right hand side of the computer screen.'
9.6656 	EXP 	instructions_text2: text = 'Press space to continue!'
13.1642 	EXP 	New trial (rep=0, index=2): OrderedDict([('instructions1', 'For example, you might see images similar to the ones below.'), ('Instructions2', 'Press space to continue!'), ('Image1', 'instruction_images/jessica_alba.jpg'), ('Image2', 'instruction_images/oldBook.png')])
13.1782 	DATA 	Keypress: space
13.1954 	EXP 	text: autoDraw = False
13.1954 	EXP 	instructions_text2: autoDraw = False
13.1954 	EXP 	image1: autoDraw = False
13.1954 	EXP 	image2: autoDraw = False
13.1954 	EXP 	text: color = 'black (named)'
13.1954 	EXP 	text: pos = array([0. , 0.3])
13.1954 	EXP 	text: text = 'For example, you might see images similar to the ones below.'
13.1954 	EXP 	text: font = 'Helvetica'
13.1954 	EXP 	text: height = 0.03
13.1954 	EXP 	instructions_text2: color = 'black (named)'
13.1954 	EXP 	instructions_text2: pos = array([ 0. , -0.5])
13.1954 	EXP 	instructions_text2: text = 'Press space to continue!'
13.1954 	EXP 	instructions_text2: font = 'Helvetica'
13.1954 	EXP 	instructions_text2: height = 0.03
13.2789 	EXP 	text: autoDraw = True
13.2789 	EXP 	instructions_text2: autoDraw = True
13.2789 	EXP 	image1: autoDraw = True
13.2789 	EXP 	image2: autoDraw = True
13.2789 	EXP 	text: text = 'For example, you might see images similar to the ones below.'
13.2789 	EXP 	instructions_text2: text = 'Press space to continue!'
17.5153 	DATA 	Keypress: space
17.5469 	EXP 	New trial (rep=0, index=3): OrderedDict([('instructions1', 'Your job is to try to remember that these images are paired. You can link the images in your memory in any way you wish. For example, you can rehearse them in your memory, or link them through a story.'), ('Instructions2', 'Press space to continue!'), ('Image1', 'instruction_images/jessica_alba.jpg'), ('Image2', 'instruction_images/oldBook.png')])
17.5952 	EXP 	text: autoDraw = False
17.5952 	EXP 	instructions_text2: autoDraw = False
17.5952 	EXP 	image1: autoDraw = False
17.5952 	EXP 	image2: autoDraw = False
17.5952 	EXP 	text: color = 'black (named)'
17.5952 	EXP 	text: pos = array([0. , 0.3])
17.5952 	EXP 	text: text = 'Your job is to try to remember that these images are paired. You can link the images in your memory in any way you wish. For example, you can rehearse them in your memory, or link them through a story.'
17.5952 	EXP 	text: font = 'Helvetica'
17.5952 	EXP 	text: height = 0.03
17.5952 	EXP 	instructions_text2: color = 'black (named)'
17.5952 	EXP 	instructions_text2: pos = array([ 0. , -0.5])
17.5952 	EXP 	instructions_text2: text = 'Press space to continue!'
17.5952 	EXP 	instructions_text2: font = 'Helvetica'
17.5952 	EXP 	instructions_text2: height = 0.03
17.6720 	EXP 	text: autoDraw = True
17.6720 	EXP 	instructions_text2: autoDraw = True
17.6720 	EXP 	image1: autoDraw = True
17.6720 	EXP 	image2: autoDraw = True
17.6720 	EXP 	text: text = 'Your job is to try to remember that these images are paired. You can link the images in your memory in any way you wish. For example, you can rehearse them in your memory, or link them through a story.'
17.6720 	EXP 	instructions_text2: text = 'Press space to continue!'
21.1127 	EXP 	New trial (rep=0, index=4): OrderedDict([('instructions1', "It's important that you remember that these  images go together because your memory will later be tested. Specifically, later, you will be shown one image, and asked to recall its pair."), ('Instructions2', 'Press space to continue!'), ('Image1', 'instruction_images/jessica_alba.jpg'), ('Image2', 'instruction_images/oldBook.png')])
21.1433 	DATA 	Keypress: space
21.1612 	EXP 	text: autoDraw = False
21.1612 	EXP 	instructions_text2: autoDraw = False
21.1612 	EXP 	image1: autoDraw = False
21.1612 	EXP 	image2: autoDraw = False
21.1612 	EXP 	text: color = 'black (named)'
21.1612 	EXP 	text: pos = array([0. , 0.3])
21.1612 	EXP 	text: text = "It's important that you remember that these  images go together because your memory will later be tested. Specifically, later, you will be shown one image, and asked to recall its pair."
21.1612 	EXP 	text: font = 'Helvetica'
21.1612 	EXP 	text: height = 0.03
21.1612 	EXP 	instructions_text2: color = 'black (named)'
21.1612 	EXP 	instructions_text2: pos = array([ 0. , -0.5])
21.1612 	EXP 	instructions_text2: text = 'Press space to continue!'
21.1612 	EXP 	instructions_text2: font = 'Helvetica'
21.1612 	EXP 	instructions_text2: height = 0.03
21.2375 	EXP 	text: autoDraw = True
21.2375 	EXP 	instructions_text2: autoDraw = True
21.2375 	EXP 	image1: autoDraw = True
21.2375 	EXP 	image2: autoDraw = True
21.2375 	EXP 	text: text = "It's important that you remember that these  images go together because your memory will later be tested. Specifically, later, you will be shown one image, and asked to recall its pair."
21.2375 	EXP 	instructions_text2: text = 'Press space to continue!'
22.1476 	DATA 	Keypress: space
24.1487 	DATA 	Keypress: escape
24.4853 	EXP 	window1: mouseVisible = True
