9.6913 	EXP 	Created window1 = Window(allowGUI=False, allowStencil=False, args=UNKNOWN, autoLog=True, bitsMode=UNKNOWN, blendMode='avg', color=array([0.992, 0.992, 0.992]), colorSpace='rgb', fullscr=<method-wrapper '__getattribute__' of attributeSetter object at 0x13158bba8>, gamma=None, gammaErrorPolicy='raise', kwargs=UNKNOWN, lms=UNKNOWN, monitor=<psychopy.monitors.calibTools.Monitor object at 0x13141dac8>, multiSample=False, name='window1', numSamples=2, pos=[360.0, 225.0], screen=0, size=array([2880, 1800]), stereo=False, units='height', useFBO=True, useRetina=True, viewOri=0.0, viewPos=None, viewScale=None, waitBlanking=True, winType='pyglet')
9.6913 	EXP 	window1: recordFrameIntervals = False
9.8569 	EXP 	window1: recordFrameIntervals = True
10.0400 	EXP 	window1: recordFrameIntervals = False
10.5835 	EXP 	Created Instruction_text = TextStim(__class__=<class 'psychopy.visual.text.TextStim'>, alignHoriz='center', alignVert='center', antialias=True, autoLog=True, bold=False, color='white', colorSpace='named', contrast=1.0, depth=0.0, flipHoriz=False, flipVert=False, font='Arial', fontFiles=[], height=0.1, italic=False, languageStyle='LTR', name='Instruction_text', opacity=1.0, ori=0, pos=array([0., 0.]), rgb=array([255., 255., 255.]), text='Remember the image pairs', units='height', win=Window(...), wrapWidth=1)
10.6234 	EXP 	Created a_image = ImageStim(__class__=<class 'psychopy.visual.image.ImageStim'>, autoLog=True, color=array([1., 1., 1.]), colorSpace='rgb', contrast=1.0, depth=0.0, flipHoriz=False, flipVert=False, image='sin', interpolate=True, mask=None, maskParams=None, name='a_image', opacity=1.0, ori=0.0, pos=array([-0.3,  0. ]), size=array([0.5, 0.5]), texRes=128, units='height', win=Window(...))
10.6255 	EXP 	Created b_image = ImageStim(__class__=<class 'psychopy.visual.image.ImageStim'>, autoLog=True, color=array([1., 1., 1.]), colorSpace='rgb', contrast=1.0, depth=-1.0, flipHoriz=False, flipVert=False, image='sin', interpolate=True, mask=None, maskParams=None, name='b_image', opacity=1.0, ori=0.0, pos=array([0.3, 0. ]), size=array([0.5, 0.5]), texRes=128, units='height', win=Window(...))
10.6449 	EXP 	Instruction_text: autoDraw = True
13.9145 	EXP 	Imported intentional_encoding.xlsx as conditions, 12 conditions, 6 params
13.9148 	EXP 	Created sequence: sequential, trialTypes=12, nReps=1, seed=None
13.9151 	EXP 	New trial (rep=0, index=0): OrderedDict([('trial', 1), ('image_a', 'images/flipflopsBlue.png'), ('image_b', 'images/amy_poehler_c.jpg'), ('category_b', 'face'), ('location_a', 'left'), ('Location_b', 'right')])
14.0043 	DATA 	Keypress: space
14.0264 	EXP 	Instruction_text: autoDraw = False
14.0264 	EXP 	a_image: image = 'images/flipflopsBlue.png'
14.0264 	EXP 	b_image: image = 'images/amy_poehler_c.jpg'
14.4981 	EXP 	a_image: autoDraw = True
14.4981 	EXP 	b_image: autoDraw = True
18.4112 	EXP 	New trial (rep=0, index=1): OrderedDict([('trial', 2), ('image_a', 'images/bag_gift.png'), ('image_b', 'images/bill_gates_a.jpg'), ('category_b', 'face'), ('location_a', 'left'), ('Location_b', 'right')])
18.4768 	EXP 	a_image: autoDraw = False
18.4768 	EXP 	b_image: autoDraw = False
18.4768 	EXP 	a_image: image = 'images/bag_gift.png'
18.4768 	EXP 	b_image: image = 'images/bill_gates_a.jpg'
18.9601 	EXP 	a_image: autoDraw = True
18.9601 	EXP 	b_image: autoDraw = True
22.9109 	EXP 	New trial (rep=0, index=2): OrderedDict([('trial', 3), ('image_a', 'images/ball_8.png'), ('image_b', 'images/courtney_cox_c.jpg'), ('category_b', 'face'), ('location_a', 'left'), ('Location_b', 'right')])
22.9603 	EXP 	a_image: autoDraw = False
22.9603 	EXP 	b_image: autoDraw = False
22.9603 	EXP 	a_image: image = 'images/ball_8.png'
22.9603 	EXP 	b_image: image = 'images/courtney_cox_c.jpg'
23.4429 	EXP 	a_image: autoDraw = True
23.4429 	EXP 	b_image: autoDraw = True
27.4102 	EXP 	New trial (rep=0, index=3): OrderedDict([('trial', 4), ('image_a', 'images/ball_baseball.png'), ('image_b', 'images/dakota_fanning_c.jpg'), ('category_b', 'face'), ('location_a', 'left'), ('Location_b', 'right')])
27.5436 	EXP 	a_image: autoDraw = False
27.5436 	EXP 	b_image: autoDraw = False
27.5436 	EXP 	a_image: image = 'images/ball_baseball.png'
27.5436 	EXP 	b_image: image = 'images/dakota_fanning_c.jpg'
28.0267 	EXP 	a_image: autoDraw = True
28.0267 	EXP 	b_image: autoDraw = True
31.9111 	EXP 	New trial (rep=0, index=4): OrderedDict([('trial', 5), ('image_a', 'images/balloon.jpg'), ('image_b', 'images/drew_barrymore_c.jpg'), ('category_b', 'face'), ('location_a', 'left'), ('Location_b', 'right')])
31.9430 	EXP 	a_image: autoDraw = False
31.9430 	EXP 	b_image: autoDraw = False
31.9430 	EXP 	a_image: image = 'images/balloon.jpg'
31.9430 	EXP 	b_image: image = 'images/drew_barrymore_c.jpg'
32.4267 	EXP 	a_image: autoDraw = True
32.4267 	EXP 	b_image: autoDraw = True
36.4115 	EXP 	New trial (rep=0, index=5): OrderedDict([('trial', 6), ('image_a', 'images/bandage.jpg'), ('image_b', 'images/ellen_degeneres_b.jpg'), ('category_b', 'face'), ('location_a', 'left'), ('Location_b', 'right')])
36.4647 	EXP 	a_image: autoDraw = False
36.4647 	EXP 	b_image: autoDraw = False
36.4647 	EXP 	a_image: image = 'images/bandage.jpg'
36.4647 	EXP 	b_image: image = 'images/ellen_degeneres_b.jpg'
36.9432 	EXP 	a_image: autoDraw = True
36.9432 	EXP 	b_image: autoDraw = True
40.9106 	EXP 	New trial (rep=0, index=6): OrderedDict([('trial', 7), ('image_a', 'images/barrel.jpg'), ('image_b', 'images/emma_stone.jpg'), ('category_b', 'face'), ('location_a', 'left'), ('Location_b', 'right')])
40.9762 	EXP 	a_image: autoDraw = False
40.9762 	EXP 	b_image: autoDraw = False
40.9762 	EXP 	a_image: image = 'images/barrel.jpg'
40.9762 	EXP 	b_image: image = 'images/emma_stone.jpg'
41.4599 	EXP 	a_image: autoDraw = True
41.4599 	EXP 	b_image: autoDraw = True
45.4102 	EXP 	New trial (rep=0, index=7): OrderedDict([('trial', 8), ('image_a', 'images/bathrobe.png'), ('image_b', 'images/emma_watson.jpg'), ('category_b', 'face'), ('location_a', 'left'), ('Location_b', 'right')])
45.4926 	EXP 	a_image: autoDraw = False
45.4926 	EXP 	b_image: autoDraw = False
45.4926 	EXP 	a_image: image = 'images/bathrobe.png'
45.4926 	EXP 	b_image: image = 'images/emma_watson.jpg'
45.9758 	EXP 	a_image: autoDraw = True
45.9758 	EXP 	b_image: autoDraw = True
49.9112 	EXP 	New trial (rep=0, index=8): OrderedDict([('trial', 9), ('image_a', 'images/beetle.png'), ('image_b', 'images/george_clooney_a.jpg'), ('category_b', 'face'), ('location_a', 'left'), ('Location_b', 'right')])
49.9601 	EXP 	a_image: autoDraw = False
49.9601 	EXP 	b_image: autoDraw = False
49.9601 	EXP 	a_image: image = 'images/beetle.png'
49.9601 	EXP 	b_image: image = 'images/george_clooney_a.jpg'
50.4268 	EXP 	a_image: autoDraw = True
50.4268 	EXP 	b_image: autoDraw = True
54.4113 	EXP 	New trial (rep=0, index=9): OrderedDict([('trial', 10), ('image_a', 'images/bench_park.png'), ('image_b', 'images/gwen_stefani_c.jpg'), ('category_b', 'face'), ('location_a', 'left'), ('Location_b', 'right')])
54.4473 	EXP 	a_image: autoDraw = False
54.4473 	EXP 	b_image: autoDraw = False
54.4473 	EXP 	a_image: image = 'images/bench_park.png'
54.4473 	EXP 	b_image: image = 'images/gwen_stefani_c.jpg'
54.9267 	EXP 	a_image: autoDraw = True
54.9267 	EXP 	b_image: autoDraw = True
58.9112 	EXP 	New trial (rep=0, index=10): OrderedDict([('trial', 11), ('image_a', 'images/bib.png'), ('image_b', 'images/hillary_clinton_a.jpg'), ('category_b', 'face'), ('location_a', 'left'), ('Location_b', 'right')])
58.9764 	EXP 	a_image: autoDraw = False
58.9764 	EXP 	b_image: autoDraw = False
58.9764 	EXP 	a_image: image = 'images/bib.png'
58.9764 	EXP 	b_image: image = 'images/hillary_clinton_a.jpg'
59.4600 	EXP 	a_image: autoDraw = True
59.4600 	EXP 	b_image: autoDraw = True
63.4108 	EXP 	New trial (rep=0, index=11): OrderedDict([('trial', 12), ('image_a', 'images/bird_parrot.png'), ('image_b', 'images/jackie_kennedy_a.jpg'), ('category_b', 'face'), ('location_a', 'left'), ('Location_b', 'right')])
63.4422 	EXP 	a_image: autoDraw = False
63.4422 	EXP 	b_image: autoDraw = False
63.4422 	EXP 	a_image: image = 'images/bird_parrot.png'
63.4422 	EXP 	b_image: image = 'images/jackie_kennedy_a.jpg'
63.9266 	EXP 	a_image: autoDraw = True
63.9266 	EXP 	b_image: autoDraw = True
67.9259 	EXP 	a_image: autoDraw = False
67.9259 	EXP 	b_image: autoDraw = False
68.2187 	EXP 	window1: mouseVisible = True
