5.2957 	EXP 	Created window1 = Window(allowGUI=False, allowStencil=False, args=UNKNOWN, autoLog=True, bitsMode=UNKNOWN, blendMode='avg', color=array([0.992, 0.992, 0.992]), colorSpace='rgb', fullscr=<method-wrapper '__getattribute__' of attributeSetter object at 0x131285e10>, gamma=None, gammaErrorPolicy='raise', kwargs=UNKNOWN, lms=UNKNOWN, monitor=<psychopy.monitors.calibTools.Monitor object at 0x131118d68>, multiSample=False, name='window1', numSamples=2, pos=[360.0, 225.0], screen=0, size=array([2880, 1800]), stereo=False, units='height', useFBO=True, useRetina=True, viewOri=0.0, viewPos=None, viewScale=None, waitBlanking=True, winType='pyglet')
5.2958 	EXP 	window1: recordFrameIntervals = False
5.4615 	EXP 	window1: recordFrameIntervals = True
5.6455 	EXP 	window1: recordFrameIntervals = False
5.9780 	EXP 	Created Instruction_text = TextStim(__class__=<class 'psychopy.visual.text.TextStim'>, alignHoriz='center', alignVert='center', antialias=True, autoLog=True, bold=False, color='black', colorSpace='named', contrast=1.0, depth=0.0, flipHoriz=False, flipVert=False, font='Arial', fontFiles=[], height=0.05, italic=False, languageStyle='LTR', name='Instruction_text', opacity=1.0, ori=0, pos=array([0., 0.]), rgb=array([0., 0., 0.]), text=str(...), units='height', win=Window(...), wrapWidth=1)
6.0126 	EXP 	Created a_image = ImageStim(__class__=<class 'psychopy.visual.image.ImageStim'>, autoLog=True, color=array([1., 1., 1.]), colorSpace='rgb', contrast=1.0, depth=0.0, flipHoriz=False, flipVert=False, image='sin', interpolate=True, mask=None, maskParams=None, name='a_image', opacity=1.0, ori=0.0, pos=array([-0.3,  0. ]), size=array([0.5, 0.5]), texRes=128, units='height', win=Window(...))
6.0152 	EXP 	Created b_image = ImageStim(__class__=<class 'psychopy.visual.image.ImageStim'>, autoLog=True, color=array([1., 1., 1.]), colorSpace='rgb', contrast=1.0, depth=-1.0, flipHoriz=False, flipVert=False, image='sin', interpolate=True, mask=None, maskParams=None, name='b_image', opacity=1.0, ori=0.0, pos=array([0.3, 0. ]), size=array([0.5, 0.5]), texRes=128, units='height', win=Window(...))
6.0533 	EXP 	Created text = TextStim(__class__=<class 'psychopy.visual.text.TextStim'>, alignHoriz='center', alignVert='center', antialias=True, autoLog=True, bold=False, color='black', colorSpace='named', contrast=1.0, depth=0.0, flipHoriz=False, flipVert=False, font='Arial', fontFiles=[], height=0.1, italic=False, languageStyle='LTR', name='text', opacity=1.0, ori=0, pos=array([0., 0.]), rgb=array([0., 0., 0.]), text=str(...), units='height', win=Window(...), wrapWidth=1)
6.1119 	EXP 	Instruction_text: autoDraw = True
7.9777 	EXP 	Imported intentional_encoding.xlsx as conditions, 12 conditions, 4 params
7.9780 	EXP 	Created sequence: sequential, trialTypes=12, nReps=1, seed=None
7.9784 	EXP 	New trial (rep=0, index=0): OrderedDict([('trial', 1), ('image_a', 'images/flipflopsBlue.png'), ('image_b', 'images/amy_poehler_c.jpg'), ('category_b', 'face')])
8.0395 	DATA 	Keypress: space
8.0514 	EXP 	Instruction_text: autoDraw = False
8.0514 	EXP 	b_image: image = 'images/amy_poehler_c.jpg'
9.0655 	EXP 	a_image: autoDraw = True
9.0655 	EXP 	b_image: autoDraw = True
9.3786 	DATA 	Keypress: escape
9.4662 	EXP 	New trial (rep=0, index=1): OrderedDict([('trial', 2), ('image_a', 'images/bag_gift.png'), ('image_b', 'images/bill_gates_a.jpg'), ('category_b', 'face')])
9.4859 	EXP 	a_image: autoDraw = False
9.4859 	EXP 	b_image: autoDraw = False
9.4859 	EXP 	b_image: image = 'images/bill_gates_a.jpg'
9.7730 	EXP 	window1: mouseVisible = True
