5.7589 	EXP 	Created window1 = Window(allowGUI=False, allowStencil=False, args=UNKNOWN, autoLog=True, bitsMode=UNKNOWN, blendMode='avg', color=array([0.992, 0.992, 0.992]), colorSpace='rgb', fullscr=<method-wrapper '__getattribute__' of attributeSetter object at 0x1315ccd30>, gamma=None, gammaErrorPolicy='raise', kwargs=UNKNOWN, lms=UNKNOWN, monitor=<psychopy.monitors.calibTools.Monitor object at 0x13145ec50>, multiSample=False, name='window1', numSamples=2, pos=[360.0, 225.0], screen=0, size=array([2880, 1800]), stereo=False, units='height', useFBO=True, useRetina=True, viewOri=0.0, viewPos=None, viewScale=None, waitBlanking=True, winType='pyglet')
5.7589 	EXP 	window1: recordFrameIntervals = False
5.9248 	EXP 	window1: recordFrameIntervals = True
6.1079 	EXP 	window1: recordFrameIntervals = False
6.4330 	EXP 	Created Instruction_text = TextStim(__class__=<class 'psychopy.visual.text.TextStim'>, alignHoriz='center', alignVert='center', antialias=True, autoLog=True, bold=False, color='black', colorSpace='named', contrast=1.0, depth=0.0, flipHoriz=False, flipVert=False, font='Arial', fontFiles=[], height=0.1, italic=False, languageStyle='LTR', name='Instruction_text', opacity=1.0, ori=0, pos=array([0., 0.]), rgb=array([0., 0., 0.]), text='Remember the image pairs', units='height', win=Window(...), wrapWidth=1)
6.4674 	EXP 	Created a_image = ImageStim(__class__=<class 'psychopy.visual.image.ImageStim'>, autoLog=True, color=array([1., 1., 1.]), colorSpace='rgb', contrast=1.0, depth=0.0, flipHoriz=False, flipVert=False, image='sin', interpolate=True, mask=None, maskParams=None, name='a_image', opacity=1.0, ori=0.0, pos=array([-0.3,  0. ]), size=array([0.5, 0.5]), texRes=128, units='height', win=Window(...))
6.4692 	EXP 	Created b_image = ImageStim(__class__=<class 'psychopy.visual.image.ImageStim'>, autoLog=True, color=array([1., 1., 1.]), colorSpace='rgb', contrast=1.0, depth=-1.0, flipHoriz=False, flipVert=False, image='sin', interpolate=True, mask=None, maskParams=None, name='b_image', opacity=1.0, ori=0.0, pos=array([0.3, 0. ]), size=array([0.5, 0.5]), texRes=128, units='height', win=Window(...))
6.5021 	EXP 	Created text = TextStim(__class__=<class 'psychopy.visual.text.TextStim'>, alignHoriz='center', alignVert='center', antialias=True, autoLog=True, bold=False, color='white', colorSpace='named', contrast=1.0, depth=0.0, flipHoriz=False, flipVert=False, font='Arial', fontFiles=[], height=0.1, italic=False, languageStyle='LTR', name='text', opacity=1.0, ori=0, pos=array([0., 0.]), rgb=array([255., 255., 255.]), text=str(...), units='height', win=Window(...), wrapWidth=1)
6.5247 	EXP 	Instruction_text: autoDraw = True
7.9388 	EXP 	Imported intentional_encoding.xlsx as conditions, 12 conditions, 4 params
7.9391 	EXP 	Created sequence: sequential, trialTypes=12, nReps=1, seed=None
7.9395 	EXP 	New trial (rep=0, index=0): OrderedDict([('trial', 1), ('image_a', 'images/flipflopsBlue.png'), ('image_b', 'images/amy_poehler_c.jpg'), ('category_b', 'face')])
7.9959 	DATA 	Keypress: space
8.0075 	EXP 	Instruction_text: autoDraw = False
8.0075 	EXP 	b_image: image = 'images/amy_poehler_c.jpg'
9.0247 	EXP 	a_image: autoDraw = True
9.0247 	EXP 	b_image: autoDraw = True
9.4279 	EXP 	New trial (rep=0, index=1): OrderedDict([('trial', 2), ('image_a', 'images/bag_gift.png'), ('image_b', 'images/bill_gates_a.jpg'), ('category_b', 'face')])
9.4477 	EXP 	a_image: autoDraw = False
9.4477 	EXP 	b_image: autoDraw = False
9.4477 	EXP 	b_image: image = 'images/bill_gates_a.jpg'
10.4439 	EXP 	a_image: autoDraw = True
10.4439 	EXP 	b_image: autoDraw = True
10.9448 	EXP 	New trial (rep=0, index=2): OrderedDict([('trial', 3), ('image_a', 'images/ball_8.png'), ('image_b', 'images/courtney_cox_c.jpg'), ('category_b', 'face')])
10.9772 	EXP 	a_image: autoDraw = False
10.9772 	EXP 	b_image: autoDraw = False
10.9772 	EXP 	b_image: image = 'images/courtney_cox_c.jpg'
11.9771 	EXP 	a_image: autoDraw = True
11.9771 	EXP 	b_image: autoDraw = True
12.4280 	EXP 	New trial (rep=0, index=3): OrderedDict([('trial', 4), ('image_a', 'images/ball_baseball.png'), ('image_b', 'images/dakota_fanning_c.jpg'), ('category_b', 'face')])
12.4475 	EXP 	a_image: autoDraw = False
12.4475 	EXP 	b_image: autoDraw = False
12.4475 	EXP 	b_image: image = 'images/dakota_fanning_c.jpg'
13.4321 	EXP 	a_image: autoDraw = True
13.4321 	EXP 	b_image: autoDraw = True
13.9356 	EXP 	New trial (rep=0, index=4): OrderedDict([('trial', 5), ('image_a', 'images/balloon.jpg'), ('image_b', 'images/drew_barrymore_c.jpg'), ('category_b', 'face')])
13.9610 	EXP 	a_image: autoDraw = False
13.9610 	EXP 	b_image: autoDraw = False
13.9610 	EXP 	b_image: image = 'images/drew_barrymore_c.jpg'
14.9474 	EXP 	a_image: autoDraw = True
14.9474 	EXP 	b_image: autoDraw = True
15.4282 	EXP 	New trial (rep=0, index=5): OrderedDict([('trial', 6), ('image_a', 'images/bandage.jpg'), ('image_b', 'images/ellen_degeneres_b.jpg'), ('category_b', 'face')])
15.4611 	EXP 	a_image: autoDraw = False
15.4611 	EXP 	b_image: autoDraw = False
15.4611 	EXP 	b_image: image = 'images/ellen_degeneres_b.jpg'
16.4607 	EXP 	a_image: autoDraw = True
16.4607 	EXP 	b_image: autoDraw = True
16.9279 	EXP 	New trial (rep=0, index=6): OrderedDict([('trial', 7), ('image_a', 'images/barrel.jpg'), ('image_b', 'images/emma_stone.jpg'), ('category_b', 'face')])
16.9601 	EXP 	a_image: autoDraw = False
16.9601 	EXP 	b_image: autoDraw = False
16.9601 	EXP 	b_image: image = 'images/emma_stone.jpg'
17.9602 	EXP 	a_image: autoDraw = True
17.9602 	EXP 	b_image: autoDraw = True
18.4283 	EXP 	New trial (rep=0, index=7): OrderedDict([('trial', 8), ('image_a', 'images/bathrobe.png'), ('image_b', 'images/emma_watson.jpg'), ('category_b', 'face')])
18.4475 	EXP 	a_image: autoDraw = False
18.4475 	EXP 	b_image: autoDraw = False
18.4475 	EXP 	b_image: image = 'images/emma_watson.jpg'
19.4295 	EXP 	a_image: autoDraw = True
19.4295 	EXP 	b_image: autoDraw = True
19.9283 	EXP 	New trial (rep=0, index=8): OrderedDict([('trial', 9), ('image_a', 'images/beetle.png'), ('image_b', 'images/george_clooney_a.jpg'), ('category_b', 'face')])
19.9462 	EXP 	a_image: autoDraw = False
19.9462 	EXP 	b_image: autoDraw = False
19.9462 	EXP 	b_image: image = 'images/george_clooney_a.jpg'
20.9296 	EXP 	a_image: autoDraw = True
20.9296 	EXP 	b_image: autoDraw = True
21.4169 	EXP 	New trial (rep=0, index=9): OrderedDict([('trial', 10), ('image_a', 'images/bench_park.png'), ('image_b', 'images/gwen_stefani_c.jpg'), ('category_b', 'face')])
21.4441 	EXP 	a_image: autoDraw = False
21.4441 	EXP 	b_image: autoDraw = False
21.4441 	EXP 	a_image: autoDraw = False
21.4441 	EXP 	b_image: autoDraw = False
21.4441 	EXP 	b_image: image = 'images/gwen_stefani_c.jpg'
22.4439 	EXP 	a_image: autoDraw = True
22.4439 	EXP 	b_image: autoDraw = True
22.9286 	EXP 	New trial (rep=0, index=10): OrderedDict([('trial', 11), ('image_a', 'images/bib.png'), ('image_b', 'images/hillary_clinton_a.jpg'), ('category_b', 'face')])
22.9474 	EXP 	a_image: autoDraw = False
22.9474 	EXP 	b_image: autoDraw = False
22.9474 	EXP 	b_image: image = 'images/hillary_clinton_a.jpg'
23.9441 	EXP 	a_image: autoDraw = True
23.9441 	EXP 	b_image: autoDraw = True
24.4446 	EXP 	New trial (rep=0, index=11): OrderedDict([('trial', 12), ('image_a', 'images/bird_parrot.png'), ('image_b', 'images/jackie_kennedy_a.jpg'), ('category_b', 'face')])
24.4624 	EXP 	a_image: autoDraw = False
24.4624 	EXP 	b_image: autoDraw = False
24.4624 	EXP 	b_image: image = 'images/jackie_kennedy_a.jpg'
25.4480 	EXP 	a_image: autoDraw = True
25.4480 	EXP 	b_image: autoDraw = True
25.9440 	EXP 	a_image: autoDraw = False
25.9440 	EXP 	b_image: autoDraw = False
25.9440 	EXP 	text: autoDraw = True
26.9438 	EXP 	text: autoDraw = False
27.2199 	EXP 	window1: mouseVisible = True
