6.0056 	EXP 	Created window1 = Window(allowGUI=False, allowStencil=False, args=UNKNOWN, autoLog=True, bitsMode=UNKNOWN, blendMode='avg', color=array([0., 0., 0.]), colorSpace='rgb', fullscr=<method-wrapper '__getattribute__' of attributeSetter object at 0x13138eba8>, gamma=None, gammaErrorPolicy='raise', kwargs=UNKNOWN, lms=UNKNOWN, monitor=<psychopy.monitors.calibTools.Monitor object at 0x13121dac8>, multiSample=False, name='window1', numSamples=2, pos=[360.0, 225.0], screen=0, size=array([2880, 1800]), stereo=False, units='height', useFBO=True, useRetina=True, viewOri=0.0, viewPos=None, viewScale=None, waitBlanking=True, winType='pyglet')
6.0057 	EXP 	window1: recordFrameIntervals = False
6.1716 	EXP 	window1: recordFrameIntervals = True
6.3557 	EXP 	window1: recordFrameIntervals = False
6.6910 	EXP 	Created Instruction_text = TextStim(__class__=<class 'psychopy.visual.text.TextStim'>, alignHoriz='center', alignVert='center', antialias=True, autoLog=True, bold=False, color='white', colorSpace='named', contrast=1.0, depth=0.0, flipHoriz=False, flipVert=False, font='Arial', fontFiles=[], height=0.1, italic=False, languageStyle='LTR', name='Instruction_text', opacity=1.0, ori=0, pos=array([0., 0.]), rgb=array([255., 255., 255.]), text='Remember the image pairs', units='height', win=Window(...), wrapWidth=1)
6.7252 	EXP 	Created a_image = ImageStim(__class__=<class 'psychopy.visual.image.ImageStim'>, autoLog=True, color=array([1., 1., 1.]), colorSpace='rgb', contrast=1.0, depth=0.0, flipHoriz=False, flipVert=False, image='sin', interpolate=True, mask=None, maskParams=None, name='a_image', opacity=1.0, ori=0.0, pos=array([-0.3,  0. ]), size=array([0.5, 0.5]), texRes=128, units='height', win=Window(...))
6.7269 	EXP 	Created b_image = ImageStim(__class__=<class 'psychopy.visual.image.ImageStim'>, autoLog=True, color=array([1., 1., 1.]), colorSpace='rgb', contrast=1.0, depth=-1.0, flipHoriz=False, flipVert=False, image='sin', interpolate=True, mask=None, maskParams=None, name='b_image', opacity=1.0, ori=0.0, pos=array([0.3, 0. ]), size=array([0.5, 0.5]), texRes=128, units='height', win=Window(...))
6.7562 	EXP 	Instruction_text: autoDraw = True
7.9072 	EXP 	Imported intentional_encoding.xlsx as conditions, 48 conditions, 6 params
7.9076 	EXP 	Created sequence: sequential, trialTypes=48, nReps=48, seed=None
7.9082 	EXP 	New trial (rep=0, index=0): OrderedDict([('trial', 1), ('image_a', 'images/flipflopsBlue.png'), ('image_b', 'images/amy_poehler_c.jpg'), ('category_b', 'face'), ('location_a', 'left'), ('Location_b', 'right')])
7.9763 	DATA 	Keypress: space
7.9782 	DATA 	Keypress: space
7.9921 	EXP 	Instruction_text: autoDraw = False
7.9921 	EXP 	a_image: image = 'images/flipflopsBlue.png'
7.9921 	EXP 	b_image: image = 'images/amy_poehler_c.jpg'
8.4916 	EXP 	a_image: autoDraw = True
8.4916 	EXP 	b_image: autoDraw = True
11.4130 	EXP 	New trial (rep=0, index=1): OrderedDict([('trial', 2), ('image_a', 'images/bag_gift.png'), ('image_b', 'images/bill_gates_a.jpg'), ('category_b', 'face'), ('location_a', 'left'), ('Location_b', 'right')])
11.4578 	EXP 	a_image: autoDraw = False
11.4578 	EXP 	b_image: autoDraw = False
11.4578 	EXP 	a_image: image = 'images/bag_gift.png'
11.4578 	EXP 	b_image: image = 'images/bill_gates_a.jpg'
11.9419 	EXP 	a_image: autoDraw = True
11.9419 	EXP 	b_image: autoDraw = True
14.9102 	EXP 	New trial (rep=0, index=2): OrderedDict([('trial', 3), ('image_a', 'images/ball_8.png'), ('image_b', 'images/courtney_cox_c.jpg'), ('category_b', 'face'), ('location_a', 'left'), ('Location_b', 'right')])
14.9417 	EXP 	a_image: autoDraw = False
14.9417 	EXP 	b_image: autoDraw = False
14.9417 	EXP 	a_image: image = 'images/ball_8.png'
14.9417 	EXP 	b_image: image = 'images/courtney_cox_c.jpg'
15.4251 	EXP 	a_image: autoDraw = True
15.4251 	EXP 	b_image: autoDraw = True
18.4098 	EXP 	New trial (rep=0, index=3): OrderedDict([('trial', 4), ('image_a', 'images/ball_baseball.png'), ('image_b', 'images/dakota_fanning_c.jpg'), ('category_b', 'face'), ('location_a', 'left'), ('Location_b', 'right')])
18.4418 	EXP 	a_image: autoDraw = False
18.4418 	EXP 	b_image: autoDraw = False
18.4418 	EXP 	a_image: image = 'images/ball_baseball.png'
18.4418 	EXP 	b_image: image = 'images/dakota_fanning_c.jpg'
18.9252 	EXP 	a_image: autoDraw = True
18.9252 	EXP 	b_image: autoDraw = True
21.9102 	EXP 	New trial (rep=0, index=4): OrderedDict([('trial', 5), ('image_a', 'images/balloon.jpg'), ('image_b', 'images/drew_barrymore_c.jpg'), ('category_b', 'face'), ('location_a', 'left'), ('Location_b', 'right')])
21.9420 	EXP 	a_image: autoDraw = False
21.9420 	EXP 	b_image: autoDraw = False
21.9420 	EXP 	a_image: image = 'images/balloon.jpg'
21.9420 	EXP 	b_image: image = 'images/drew_barrymore_c.jpg'
22.4245 	EXP 	a_image: autoDraw = True
22.4245 	EXP 	b_image: autoDraw = True
25.4106 	EXP 	New trial (rep=0, index=5): OrderedDict([('trial', 6), ('image_a', 'images/bandage.jpg'), ('image_b', 'images/ellen_degeneres_b.jpg'), ('category_b', 'face'), ('location_a', 'left'), ('Location_b', 'right')])
25.4453 	EXP 	a_image: autoDraw = False
25.4453 	EXP 	b_image: autoDraw = False
25.4453 	EXP 	a_image: image = 'images/bandage.jpg'
25.4453 	EXP 	b_image: image = 'images/ellen_degeneres_b.jpg'
25.9249 	EXP 	a_image: autoDraw = True
25.9249 	EXP 	b_image: autoDraw = True
28.9099 	EXP 	New trial (rep=0, index=6): OrderedDict([('trial', 7), ('image_a', 'images/barrel.jpg'), ('image_b', 'images/emma_stone.jpg'), ('category_b', 'face'), ('location_a', 'left'), ('Location_b', 'right')])
28.9459 	EXP 	a_image: autoDraw = False
28.9459 	EXP 	b_image: autoDraw = False
28.9459 	EXP 	a_image: image = 'images/barrel.jpg'
28.9459 	EXP 	b_image: image = 'images/emma_stone.jpg'
29.4252 	EXP 	a_image: autoDraw = True
29.4252 	EXP 	b_image: autoDraw = True
32.4103 	EXP 	New trial (rep=0, index=7): OrderedDict([('trial', 8), ('image_a', 'images/bathrobe.png'), ('image_b', 'images/emma_watson.jpg'), ('category_b', 'face'), ('location_a', 'left'), ('Location_b', 'right')])
32.4416 	EXP 	a_image: autoDraw = False
32.4416 	EXP 	b_image: autoDraw = False
32.4416 	EXP 	a_image: image = 'images/bathrobe.png'
32.4416 	EXP 	b_image: image = 'images/emma_watson.jpg'
32.9251 	EXP 	a_image: autoDraw = True
32.9251 	EXP 	b_image: autoDraw = True
35.9092 	EXP 	New trial (rep=0, index=8): OrderedDict([('trial', 9), ('image_a', 'images/beetle.png'), ('image_b', 'images/george_clooney_a.jpg'), ('category_b', 'face'), ('location_a', 'left'), ('Location_b', 'right')])
35.9411 	EXP 	a_image: autoDraw = False
35.9411 	EXP 	b_image: autoDraw = False
35.9411 	EXP 	a_image: image = 'images/beetle.png'
35.9411 	EXP 	b_image: image = 'images/george_clooney_a.jpg'
36.4251 	EXP 	a_image: autoDraw = True
36.4251 	EXP 	b_image: autoDraw = True
39.4086 	EXP 	New trial (rep=0, index=9): OrderedDict([('trial', 10), ('image_a', 'images/bench_park.png'), ('image_b', 'images/gwen_stefani_c.jpg'), ('category_b', 'face'), ('location_a', 'left'), ('Location_b', 'right')])
39.4414 	EXP 	a_image: autoDraw = False
39.4414 	EXP 	b_image: autoDraw = False
39.4414 	EXP 	a_image: image = 'images/bench_park.png'
39.4414 	EXP 	b_image: image = 'images/gwen_stefani_c.jpg'
39.9255 	EXP 	a_image: autoDraw = True
39.9255 	EXP 	b_image: autoDraw = True
42.9104 	EXP 	New trial (rep=0, index=10): OrderedDict([('trial', 11), ('image_a', 'images/bib.png'), ('image_b', 'images/hillary_clinton_a.jpg'), ('category_b', 'face'), ('location_a', 'left'), ('Location_b', 'right')])
42.9456 	EXP 	a_image: autoDraw = False
42.9456 	EXP 	b_image: autoDraw = False
42.9456 	EXP 	a_image: image = 'images/bib.png'
42.9456 	EXP 	b_image: image = 'images/hillary_clinton_a.jpg'
43.4252 	EXP 	a_image: autoDraw = True
43.4252 	EXP 	b_image: autoDraw = True
46.4102 	EXP 	New trial (rep=0, index=11): OrderedDict([('trial', 12), ('image_a', 'images/bird_parrot.png'), ('image_b', 'images/jackie_kennedy_a.jpg'), ('category_b', 'face'), ('location_a', 'left'), ('Location_b', 'right')])
46.4416 	EXP 	a_image: autoDraw = False
46.4416 	EXP 	b_image: autoDraw = False
46.4416 	EXP 	a_image: image = 'images/bird_parrot.png'
46.4416 	EXP 	b_image: image = 'images/jackie_kennedy_a.jpg'
46.9253 	EXP 	a_image: autoDraw = True
46.9253 	EXP 	b_image: autoDraw = True
49.9111 	EXP 	New trial (rep=0, index=12): OrderedDict([('trial', 13), ('image_a', 'images/blankets.jpg'), ('image_b', 'images/james_franco_c.jpg'), ('category_b', 'face'), ('location_a', 'left'), ('Location_b', 'right')])
49.9915 	EXP 	a_image: autoDraw = False
49.9915 	EXP 	b_image: autoDraw = False
49.9915 	EXP 	a_image: image = 'images/blankets.jpg'
49.9915 	EXP 	b_image: image = 'images/james_franco_c.jpg'
50.4584 	EXP 	a_image: autoDraw = True
50.4584 	EXP 	b_image: autoDraw = True
51.7447 	DATA 	Keypress: escape
52.1574 	EXP 	window1: mouseVisible = True
