8.3198 	EXP 	Created window1 = Window(allowGUI=False, allowStencil=False, args=UNKNOWN, autoLog=True, bitsMode=UNKNOWN, blendMode='avg', color=array([0.992, 0.992, 0.992]), colorSpace='rgb', fullscr=<method-wrapper '__getattribute__' of attributeSetter object at 0x13173b828>, gamma=None, gammaErrorPolicy='raise', kwargs=UNKNOWN, lms=UNKNOWN, monitor=<psychopy.monitors.calibTools.Monitor object at 0x13145c278>, multiSample=False, name='window1', numSamples=2, pos=[360.0, 225.0], screen=0, size=array([2880, 1800]), stereo=False, units='height', useFBO=True, useRetina=True, viewOri=0.0, viewPos=None, viewScale=None, waitBlanking=True, winType='pyglet')
8.3199 	EXP 	window1: recordFrameIntervals = False
8.4858 	EXP 	window1: recordFrameIntervals = True
8.6698 	EXP 	window1: recordFrameIntervals = False
9.0087 	EXP 	Created Instruction_text = TextStim(__class__=<class 'psychopy.visual.text.TextStim'>, alignHoriz='center', alignVert='center', antialias=True, autoLog=True, bold=False, color='black', colorSpace='named', contrast=1.0, depth=0.0, flipHoriz=False, flipVert=False, font='Arial', fontFiles=[], height=0.05, italic=False, languageStyle='LTR', name='Instruction_text', opacity=1.0, ori=0, pos=array([0., 0.]), rgb=array([0., 0., 0.]), text=str(...), units='height', win=Window(...), wrapWidth=1)
9.0447 	EXP 	Created a_image = ImageStim(__class__=<class 'psychopy.visual.image.ImageStim'>, autoLog=True, color=array([1., 1., 1.]), colorSpace='rgb', contrast=1.0, depth=0.0, flipHoriz=False, flipVert=False, image='sin', interpolate=True, mask=None, maskParams=None, name='a_image', opacity=1.0, ori=0.0, pos=array([-0.3,  0. ]), size=array([0.5, 0.5]), texRes=128, units='height', win=Window(...))
9.0465 	EXP 	Created b_image = ImageStim(__class__=<class 'psychopy.visual.image.ImageStim'>, autoLog=True, color=array([1., 1., 1.]), colorSpace='rgb', contrast=1.0, depth=-1.0, flipHoriz=False, flipVert=False, image='sin', interpolate=True, mask=None, maskParams=None, name='b_image', opacity=1.0, ori=0.0, pos=array([0.3, 0. ]), size=array([0.5, 0.5]), texRes=128, units='height', win=Window(...))
9.0687 	EXP 	Created text = TextStim(__class__=<class 'psychopy.visual.text.TextStim'>, alignHoriz='center', alignVert='center', antialias=True, autoLog=True, bold=False, color='black', colorSpace='named', contrast=1.0, depth=0.0, flipHoriz=False, flipVert=False, font='Arial', fontFiles=[], height=0.05, italic=False, languageStyle='LTR', name='text', opacity=1.0, ori=0, pos=array([0., 0.]), rgb=array([0., 0., 0.]), text=str(...), units='height', win=Window(...), wrapWidth=1)
9.1138 	EXP 	Created instruct_text = TextStim(__class__=<class 'psychopy.visual.text.TextStim'>, alignHoriz='center', alignVert='center', antialias=True, autoLog=True, bold=False, color='black', colorSpace='named', contrast=1.0, depth=0.0, flipHoriz=False, flipVert=False, font='Arial', fontFiles=[], height=0.1, italic=False, languageStyle='LTR', name='instruct_text', opacity=1.0, ori=0, pos=array([0. , 0.4]), rgb=array([0., 0., 0.]), text='Retrieve the associate', units='height', win=Window(...), wrapWidth=1)
9.1160 	EXP 	Created a_image_retrieve = ImageStim(__class__=<class 'psychopy.visual.image.ImageStim'>, autoLog=True, color=array([1., 1., 1.]), colorSpace='rgb', contrast=1.0, depth=-1.0, flipHoriz=False, flipVert=False, image='sin', interpolate=True, mask=None, maskParams=None, name='a_image_retrieve', opacity=1.0, ori=0.0, pos=array([-0.5, -0.1]), size=array([0.5, 0.5]), texRes=128, units='height', win=Window(...))
9.1201 	EXP 	Created text_2 = TextStim(__class__=<class 'psychopy.visual.text.TextStim'>, alignHoriz='center', alignVert='center', antialias=True, autoLog=True, bold=False, color='white', colorSpace='named', contrast=1.0, depth=-2.0, flipHoriz=False, flipVert=False, font='Arial', fontFiles=[], height=0.1, italic=False, languageStyle='LTR', name='text_2', opacity=1.0, ori=0, pos=array([0., 0.]), rgb=array([255., 255., 255.]), text='+', units='height', win=Window(...), wrapWidth=1)
9.1386 	EXP 	Instruction_text: autoDraw = True
9.7380 	EXP 	Imported intentional_encoding.xlsx as conditions, 12 conditions, 4 params
9.7383 	EXP 	Created sequence: sequential, trialTypes=12, nReps=1, seed=None
9.7386 	EXP 	New trial (rep=0, index=0): OrderedDict([('trial', 1), ('image_a', 'images/flipflopsBlue.png'), ('image_b', 'images/amy_poehler_c.jpg'), ('category_b', 'face')])
9.7956 	DATA 	Keypress: space
9.8067 	EXP 	Instruction_text: autoDraw = False
9.8067 	EXP 	b_image: image = 'images/amy_poehler_c.jpg'
10.8068 	EXP 	a_image: autoDraw = True
10.8068 	EXP 	b_image: autoDraw = True
11.2405 	EXP 	New trial (rep=0, index=1): OrderedDict([('trial', 2), ('image_a', 'images/bag_gift.png'), ('image_b', 'images/bill_gates_a.jpg'), ('category_b', 'face')])
11.2607 	EXP 	a_image: autoDraw = False
11.2607 	EXP 	b_image: autoDraw = False
11.2607 	EXP 	b_image: image = 'images/bill_gates_a.jpg'
12.2720 	EXP 	a_image: autoDraw = True
12.2720 	EXP 	b_image: autoDraw = True
12.7396 	EXP 	New trial (rep=0, index=2): OrderedDict([('trial', 3), ('image_a', 'images/ball_8.png'), ('image_b', 'images/courtney_cox_c.jpg'), ('category_b', 'face')])
12.7723 	EXP 	a_image: autoDraw = False
12.7723 	EXP 	b_image: autoDraw = False
12.7723 	EXP 	b_image: image = 'images/courtney_cox_c.jpg'
13.7725 	EXP 	a_image: autoDraw = True
13.7725 	EXP 	b_image: autoDraw = True
14.2396 	EXP 	New trial (rep=0, index=3): OrderedDict([('trial', 4), ('image_a', 'images/ball_baseball.png'), ('image_b', 'images/dakota_fanning_c.jpg'), ('category_b', 'face')])
14.2722 	EXP 	a_image: autoDraw = False
14.2722 	EXP 	b_image: autoDraw = False
14.2722 	EXP 	b_image: image = 'images/dakota_fanning_c.jpg'
15.2602 	EXP 	a_image: autoDraw = True
15.2602 	EXP 	b_image: autoDraw = True
15.7433 	EXP 	New trial (rep=0, index=4): OrderedDict([('trial', 5), ('image_a', 'images/balloon.jpg'), ('image_b', 'images/drew_barrymore_c.jpg'), ('category_b', 'face')])
15.7728 	EXP 	a_image: autoDraw = False
15.7728 	EXP 	b_image: autoDraw = False
15.7728 	EXP 	b_image: image = 'images/drew_barrymore_c.jpg'
16.7595 	EXP 	a_image: autoDraw = True
16.7595 	EXP 	b_image: autoDraw = True
17.2260 	EXP 	New trial (rep=0, index=5): OrderedDict([('trial', 6), ('image_a', 'images/bandage.jpg'), ('image_b', 'images/ellen_degeneres_b.jpg'), ('category_b', 'face')])
17.2560 	EXP 	a_image: autoDraw = False
17.2560 	EXP 	b_image: autoDraw = False
17.2560 	EXP 	b_image: image = 'images/ellen_degeneres_b.jpg'
18.2562 	EXP 	a_image: autoDraw = True
18.2562 	EXP 	b_image: autoDraw = True
18.7238 	EXP 	New trial (rep=0, index=6): OrderedDict([('trial', 7), ('image_a', 'images/barrel.jpg'), ('image_b', 'images/emma_stone.jpg'), ('category_b', 'face')])
18.7553 	EXP 	a_image: autoDraw = False
18.7553 	EXP 	b_image: autoDraw = False
18.7553 	EXP 	b_image: image = 'images/emma_stone.jpg'
19.7562 	EXP 	a_image: autoDraw = True
19.7562 	EXP 	b_image: autoDraw = True
20.2565 	EXP 	New trial (rep=0, index=7): OrderedDict([('trial', 8), ('image_a', 'images/bathrobe.png'), ('image_b', 'images/emma_watson.jpg'), ('category_b', 'face')])
20.2758 	EXP 	a_image: autoDraw = False
20.2758 	EXP 	b_image: autoDraw = False
20.2758 	EXP 	b_image: image = 'images/emma_watson.jpg'
21.2579 	EXP 	a_image: autoDraw = True
21.2579 	EXP 	b_image: autoDraw = True
21.7269 	EXP 	New trial (rep=0, index=8): OrderedDict([('trial', 9), ('image_a', 'images/beetle.png'), ('image_b', 'images/george_clooney_a.jpg'), ('category_b', 'face')])
21.7557 	EXP 	a_image: autoDraw = False
21.7557 	EXP 	b_image: autoDraw = False
21.7557 	EXP 	b_image: image = 'images/george_clooney_a.jpg'
22.7417 	EXP 	a_image: autoDraw = True
22.7417 	EXP 	b_image: autoDraw = True
23.2244 	EXP 	New trial (rep=0, index=9): OrderedDict([('trial', 10), ('image_a', 'images/bench_park.png'), ('image_b', 'images/gwen_stefani_c.jpg'), ('category_b', 'face')])
23.2426 	EXP 	a_image: autoDraw = False
23.2426 	EXP 	b_image: autoDraw = False
23.2426 	EXP 	b_image: image = 'images/gwen_stefani_c.jpg'
24.2395 	EXP 	a_image: autoDraw = True
24.2395 	EXP 	b_image: autoDraw = True
24.7399 	EXP 	New trial (rep=0, index=10): OrderedDict([('trial', 11), ('image_a', 'images/bib.png'), ('image_b', 'images/hillary_clinton_a.jpg'), ('category_b', 'face')])
24.7584 	EXP 	a_image: autoDraw = False
24.7584 	EXP 	b_image: autoDraw = False
24.7584 	EXP 	b_image: image = 'images/hillary_clinton_a.jpg'
25.7555 	EXP 	a_image: autoDraw = True
25.7555 	EXP 	b_image: autoDraw = True
26.2567 	EXP 	New trial (rep=0, index=11): OrderedDict([('trial', 12), ('image_a', 'images/bird_parrot.png'), ('image_b', 'images/jackie_kennedy_a.jpg'), ('category_b', 'face')])
26.2740 	EXP 	a_image: autoDraw = False
26.2740 	EXP 	b_image: autoDraw = False
26.2740 	EXP 	b_image: image = 'images/jackie_kennedy_a.jpg'
27.2590 	EXP 	a_image: autoDraw = True
27.2590 	EXP 	b_image: autoDraw = True
27.7403 	EXP 	Created sequence: random, trialTypes=1, nReps=1, seed=None
27.7405 	EXP 	New trial (rep=0, index=0): None
27.7557 	EXP 	a_image: autoDraw = False
27.7557 	EXP 	b_image: autoDraw = False
27.7557 	EXP 	text: autoDraw = True
30.6186 	EXP 	Imported test_encoding.xlsx as conditions, 12 conditions, 6 params
30.6190 	EXP 	Created sequence: random, trialTypes=12, nReps=1, seed=None
30.6194 	EXP 	New trial (rep=0, index=0): OrderedDict([('trial', 6), ('image_a', 'images/bandage.jpg'), ('image_correct', 'images/ellen_degeneres_b.jpg'), ('image_alternative1', 'images/ellen_degeneres_b.jpg'), ('image_alternative2', 'images/ellen_degeneres_b.jpg'), ('category_b', 'face')])
30.6315 	DATA 	Keypress: space
30.6549 	EXP 	text: autoDraw = False
30.6549 	EXP 	instruct_text: autoDraw = True
30.6549 	EXP 	a_image_retrieve: autoDraw = True
32.6384 	EXP 	text_2: autoDraw = True
32.6555 	EXP 	instruct_text: autoDraw = False
32.6555 	EXP 	a_image_retrieve: autoDraw = False
33.1287 	EXP 	New trial (rep=0, index=1): OrderedDict([('trial', 5), ('image_a', 'images/balloon.jpg'), ('image_correct', 'images/drew_barrymore_c.jpg'), ('image_alternative1', 'images/drew_barrymore_c.jpg'), ('image_alternative2', 'images/drew_barrymore_c.jpg'), ('category_b', 'face')])
33.1555 	EXP 	instruct_text: autoDraw = False
33.1555 	EXP 	a_image_retrieve: autoDraw = False
33.1555 	EXP 	text_2: autoDraw = False
33.1555 	EXP 	instruct_text: autoDraw = True
33.1555 	EXP 	a_image_retrieve: autoDraw = True
35.1390 	EXP 	text_2: autoDraw = True
35.1554 	EXP 	instruct_text: autoDraw = False
35.1554 	EXP 	a_image_retrieve: autoDraw = False
35.6231 	EXP 	New trial (rep=0, index=2): OrderedDict([('trial', 1), ('image_a', 'images/flipflopsBlue.png'), ('image_correct', 'images/amy_poehler_c.jpg'), ('image_alternative1', 'images/amy_poehler_c.jpg'), ('image_alternative2', 'images/amy_poehler_c.jpg'), ('category_b', 'face')])
35.6425 	EXP 	instruct_text: autoDraw = False
35.6425 	EXP 	a_image_retrieve: autoDraw = False
35.6425 	EXP 	text_2: autoDraw = False
35.6425 	EXP 	instruct_text: autoDraw = True
35.6425 	EXP 	a_image_retrieve: autoDraw = True
36.9203 	DATA 	Keypress: escape
37.6443 	EXP 	window1: mouseVisible = True
