8.1367 	EXP 	Created window1 = Window(allowGUI=False, allowStencil=False, args=UNKNOWN, autoLog=True, bitsMode=UNKNOWN, blendMode='avg', color=array([0.992, 0.992, 0.992]), colorSpace='rgb', fullscr=<method-wrapper '__getattribute__' of attributeSetter object at 0x131412cc0>, gamma=None, gammaErrorPolicy='raise', kwargs=UNKNOWN, lms=UNKNOWN, monitor=<psychopy.monitors.calibTools.Monitor object at 0x1312a3c18>, multiSample=False, name='window1', numSamples=2, pos=[360.0, 225.0], screen=0, size=array([2880, 1800]), stereo=False, units='height', useFBO=True, useRetina=True, viewOri=0.0, viewPos=None, viewScale=None, waitBlanking=True, winType='pyglet')
8.1368 	EXP 	window1: recordFrameIntervals = False
8.3029 	EXP 	window1: recordFrameIntervals = True
8.6361 	EXP 	window1: recordFrameIntervals = False
9.1791 	EXP 	Created text = TextStim(__class__=<class 'psychopy.visual.text.TextStim'>, alignHoriz='center', alignVert='center', antialias=True, autoLog=True, bold=False, color='white', colorSpace='named', contrast=1.0, depth=0.0, flipHoriz=False, flipVert=False, font='Arial', fontFiles=[], height=1.0, italic=False, languageStyle='LTR', name='text', opacity=1.0, ori=0, pos=array([0., 0.]), rgb=array([255., 255., 255.]), text='default text', units='height', win=Window(...), wrapWidth=1)
9.1837 	EXP 	Created instructions_text2 = TextStim(__class__=<class 'psychopy.visual.text.TextStim'>, alignHoriz='center', alignVert='center', antialias=True, autoLog=True, bold=False, color='white', colorSpace='named', contrast=1.0, depth=-1.0, flipHoriz=False, flipVert=False, font='Arial', fontFiles=[], height=1.0, italic=False, languageStyle='LTR', name='instructions_text2', opacity=1.0, ori=0, pos=array([0., 0.]), rgb=array([255., 255., 255.]), text='default text', units='height', win=Window(...), wrapWidth=1)
9.2215 	EXP 	Created image1 = ImageStim(__class__=<class 'psychopy.visual.image.ImageStim'>, autoLog=True, color=array([1., 1., 1.]), colorSpace='rgb', contrast=1.0, depth=-3.0, flipHoriz=False, flipVert=False, image='sin', interpolate=True, mask=None, maskParams=None, name='image1', opacity=1.0, ori=0.0, pos=array([0., 0.]), size=array([1., 1.]), texRes=128, units='height', win=Window(...))
9.2233 	EXP 	Created image2 = ImageStim(__class__=<class 'psychopy.visual.image.ImageStim'>, autoLog=True, color=array([1., 1., 1.]), colorSpace='rgb', contrast=1.0, depth=-4.0, flipHoriz=False, flipVert=False, image='sin', interpolate=True, mask=None, maskParams=None, name='image2', opacity=1.0, ori=0.0, pos=array([0., 0.]), size=array([1., 1.]), texRes=128, units='height', win=Window(...))
9.2251 	EXP 	Created a_image = ImageStim(__class__=<class 'psychopy.visual.image.ImageStim'>, autoLog=True, color=array([1., 1., 1.]), colorSpace='rgb', contrast=1.0, depth=0.0, flipHoriz=False, flipVert=False, image='sin', interpolate=True, mask=None, maskParams=None, name='a_image', opacity=1.0, ori=0.0, pos=array([-0.25,  0.  ]), size=array([0.4, 0.4]), texRes=128, units='height', win=Window(...))
9.2271 	EXP 	Created b_image = ImageStim(__class__=<class 'psychopy.visual.image.ImageStim'>, autoLog=True, color=array([1., 1., 1.]), colorSpace='rgb', contrast=1.0, depth=-1.0, flipHoriz=False, flipVert=False, image='sin', interpolate=True, mask=None, maskParams=None, name='b_image', opacity=1.0, ori=0.0, pos=array([0.25, 0.  ]), size=array([0.4, 0.4]), texRes=128, units='height', win=Window(...))
9.2436 	EXP 	Created text_12 = TextStim(__class__=<class 'psychopy.visual.text.TextStim'>, alignHoriz='center', alignVert='center', antialias=True, autoLog=True, bold=False, color='black', colorSpace='named', contrast=1.0, depth=-2.0, flipHoriz=False, flipVert=False, font='Helvetica', fontFiles=[], height=0.03, italic=False, languageStyle='LTR', name='text_12', opacity=1.0, ori=0, pos=array([0., 0.]), rgb=array([0., 0., 0.]), text='Remember the image pairs', units='height', win=Window(...), wrapWidth=1)
9.2483 	EXP 	Created text_3 = TextStim(__class__=<class 'psychopy.visual.text.TextStim'>, alignHoriz='center', alignVert='center', antialias=True, autoLog=True, bold=False, color='white', colorSpace='named', contrast=1.0, depth=0.0, flipHoriz=False, flipVert=False, font='Arial', fontFiles=[], height=1.0, italic=False, languageStyle='LTR', name='text_3', opacity=1.0, ori=0, pos=array([0., 0.]), rgb=array([255., 255., 255.]), text='default text', units='height', win=Window(...), wrapWidth=1)
9.2530 	EXP 	Created text_4 = TextStim(__class__=<class 'psychopy.visual.text.TextStim'>, alignHoriz='center', alignVert='center', antialias=True, autoLog=True, bold=False, color='white', colorSpace='named', contrast=1.0, depth=-1.0, flipHoriz=False, flipVert=False, font='Arial', fontFiles=[], height=1.0, italic=False, languageStyle='LTR', name='text_4', opacity=1.0, ori=0, pos=array([0., 0.]), rgb=array([255., 255., 255.]), text='default text', units='height', win=Window(...), wrapWidth=1)
9.2550 	EXP 	Created image_3 = ImageStim(__class__=<class 'psychopy.visual.image.ImageStim'>, autoLog=True, color=array([1., 1., 1.]), colorSpace='rgb', contrast=1.0, depth=-2.0, flipHoriz=False, flipVert=False, image='sin', interpolate=True, mask=None, maskParams=None, name='image_3', opacity=1.0, ori=1.0, pos=array([0., 0.]), size=array([1., 1.]), texRes=128, units='height', win=Window(...))
9.2944 	EXP 	Created text_5 = TextStim(__class__=<class 'psychopy.visual.text.TextStim'>, alignHoriz='center', alignVert='center', antialias=True, autoLog=True, bold=False, color='white', colorSpace='named', contrast=1.0, depth=0.0, flipHoriz=False, flipVert=False, font='Arial', fontFiles=[], height=1.0, italic=False, languageStyle='LTR', name='text_5', opacity=1.0, ori=0, pos=array([0., 0.]), rgb=array([255., 255., 255.]), text='default text', units='height', win=Window(...), wrapWidth=1)
9.2997 	EXP 	Created text_8 = TextStim(__class__=<class 'psychopy.visual.text.TextStim'>, alignHoriz='center', alignVert='center', antialias=True, autoLog=True, bold=False, color='white', colorSpace='named', contrast=1.0, depth=-1.0, flipHoriz=False, flipVert=False, font='Arial', fontFiles=[], height=1.0, italic=False, languageStyle='LTR', name='text_8', opacity=1.0, ori=0, pos=array([0., 0.]), rgb=array([255., 255., 255.]), text='default text', units='height', win=Window(...), wrapWidth=1)
9.3346 	EXP 	Created image = ImageStim(__class__=<class 'psychopy.visual.image.ImageStim'>, autoLog=True, color=array([1., 1., 1.]), colorSpace='rgb', contrast=1.0, depth=-3.0, flipHoriz=False, flipVert=False, image='sin', interpolate=True, mask=None, maskParams=None, name='image', opacity=1.0, ori=1.0, pos=array([0., 0.]), size=array([1., 1.]), texRes=128, units='height', win=Window(...))
9.3366 	EXP 	Created image_2 = ImageStim(__class__=<class 'psychopy.visual.image.ImageStim'>, autoLog=True, color=array([1., 1., 1.]), colorSpace='rgb', contrast=1.0, depth=-4.0, flipHoriz=False, flipVert=False, image='sin', interpolate=True, mask=None, maskParams=None, name='image_2', opacity=1.0, ori=1.0, pos=array([0., 0.]), size=array([1., 1.]), texRes=128, units='height', win=Window(...))
9.3387 	EXP 	Created image_5 = ImageStim(__class__=<class 'psychopy.visual.image.ImageStim'>, autoLog=True, color=array([1., 1., 1.]), colorSpace='rgb', contrast=1.0, depth=-5.0, flipHoriz=False, flipVert=False, image='sin', interpolate=True, mask=None, maskParams=None, name='image_5', opacity=1.0, ori=1.0, pos=array([0., 0.]), size=array([1., 1.]), texRes=128, units='height', win=Window(...))
9.3413 	EXP 	Created image_6 = ImageStim(__class__=<class 'psychopy.visual.image.ImageStim'>, autoLog=True, color=array([1., 1., 1.]), colorSpace='rgb', contrast=1.0, depth=-6.0, flipHoriz=False, flipVert=False, image='sin', interpolate=True, mask=None, maskParams=None, name='image_6', opacity=1.0, ori=1.0, pos=array([0., 0.]), size=array([1., 1.]), texRes=128, units='height', win=Window(...))
9.3469 	EXP 	Created K = TextStim(__class__=<class 'psychopy.visual.text.TextStim'>, alignHoriz='center', alignVert='center', antialias=True, autoLog=True, bold=False, color='white', colorSpace='named', contrast=1.0, depth=-7.0, flipHoriz=False, flipVert=False, font='Arial', fontFiles=[], height=1.0, italic=False, languageStyle='LTR', name='K', opacity=1.0, ori=0, pos=array([0., 0.]), rgb=array([255., 255., 255.]), text='default text', units='height', win=Window(...), wrapWidth=1)
9.3519 	EXP 	Created L = TextStim(__class__=<class 'psychopy.visual.text.TextStim'>, alignHoriz='center', alignVert='center', antialias=True, autoLog=True, bold=False, color='white', colorSpace='named', contrast=1.0, depth=-8.0, flipHoriz=False, flipVert=False, font='Arial', fontFiles=[], height=1.0, italic=False, languageStyle='LTR', name='L', opacity=1.0, ori=0, pos=array([0., 0.]), rgb=array([255., 255., 255.]), text='default text', units='height', win=Window(...), wrapWidth=1)
9.3564 	EXP 	Created J = TextStim(__class__=<class 'psychopy.visual.text.TextStim'>, alignHoriz='center', alignVert='center', antialias=True, autoLog=True, bold=False, color='white', colorSpace='named', contrast=1.0, depth=-9.0, flipHoriz=False, flipVert=False, font='Arial', fontFiles=[], height=1.0, italic=False, languageStyle='LTR', name='J', opacity=1.0, ori=0, pos=array([0., 0.]), rgb=array([255., 255., 255.]), text='default text', units='height', win=Window(...), wrapWidth=1)
9.3697 	EXP 	Created instruct_text = TextStim(__class__=<class 'psychopy.visual.text.TextStim'>, alignHoriz='center', alignVert='center', antialias=True, autoLog=True, bold=False, color='black', colorSpace='named', contrast=1.0, depth=0.0, flipHoriz=False, flipVert=False, font='Arial', fontFiles=[], height=0.1, italic=False, languageStyle='LTR', name='instruct_text', opacity=1.0, ori=0, pos=array([0. , 0.4]), rgb=array([0., 0., 0.]), text='Retrieve the associate', units='height', win=Window(...), wrapWidth=1)
9.3716 	EXP 	Created a_image_retrieve = ImageStim(__class__=<class 'psychopy.visual.image.ImageStim'>, autoLog=True, color=array([1., 1., 1.]), colorSpace='rgb', contrast=1.0, depth=-1.0, flipHoriz=False, flipVert=False, image='sin', interpolate=True, mask=None, maskParams=None, name='a_image_retrieve', opacity=1.0, ori=0.0, pos=array([-0.5, -0.1]), size=array([0.5, 0.5]), texRes=128, units='height', win=Window(...))
9.3762 	EXP 	Created text_2 = TextStim(__class__=<class 'psychopy.visual.text.TextStim'>, alignHoriz='center', alignVert='center', antialias=True, autoLog=True, bold=False, color='white', colorSpace='named', contrast=1.0, depth=-2.0, flipHoriz=False, flipVert=False, font='Arial', fontFiles=[], height=0.1, italic=False, languageStyle='LTR', name='text_2', opacity=1.0, ori=0, pos=array([0., 0.]), rgb=array([255., 255., 255.]), text='+', units='height', win=Window(...), wrapWidth=1)
9.3781 	EXP 	Created correct_pair = ImageStim(__class__=<class 'psychopy.visual.image.ImageStim'>, autoLog=True, color=array([1., 1., 1.]), colorSpace='rgb', contrast=1.0, depth=-3.0, flipHoriz=False, flipVert=False, image='sin', interpolate=True, mask=None, maskParams=None, name='correct_pair', opacity=1.0, ori=0.0, pos=array([0., 0.]), size=array([0.5, 0.5]), texRes=128, units='height', win=Window(...))
9.3903 	EXP 	Created afc_text = TextStim(__class__=<class 'psychopy.visual.text.TextStim'>, alignHoriz='center', alignVert='center', antialias=True, autoLog=True, bold=False, color='black', colorSpace='named', contrast=1.0, depth=-4.0, flipHoriz=False, flipVert=False, font='Arial', fontFiles=[], height=0.05, italic=False, languageStyle='LTR', name='afc_text', opacity=1.0, ori=0, pos=array([0., 3.]), rgb=array([0., 0., 0.]), text='Select the correct image', units='height', win=Window(...), wrapWidth=1)
9.3925 	EXP 	Created alternative_1 = ImageStim(__class__=<class 'psychopy.visual.image.ImageStim'>, autoLog=True, color=array([1., 1., 1.]), colorSpace='rgb', contrast=1.0, depth=-5.0, flipHoriz=False, flipVert=False, image='sin', interpolate=True, mask=None, maskParams=None, name='alternative_1', opacity=1.0, ori=0.0, pos=array([-0.3,  0. ]), size=array([0.5, 0.5]), texRes=128, units='height', win=Window(...))
9.3945 	EXP 	Created alternative_2 = ImageStim(__class__=<class 'psychopy.visual.image.ImageStim'>, autoLog=True, color=array([1., 1., 1.]), colorSpace='rgb', contrast=1.0, depth=-6.0, flipHoriz=False, flipVert=False, image='sin', interpolate=True, mask=None, maskParams=None, name='alternative_2', opacity=1.0, ori=0.0, pos=array([0. , 0.3]), size=array([0.5, 0.5]), texRes=128, units='height', win=Window(...))
9.4096 	EXP 	Imported instructions_intentional_encoding.xlsx as conditions, 8 conditions, 13 params
9.4099 	EXP 	Created sequence: sequential, trialTypes=8, nReps=1, seed=None
9.4105 	EXP 	New trial (rep=0, index=0): OrderedDict([('instructions1', 'Welcome to the memory experiment!'), ('Instructions2', 'Press space to continue!'), ('Image1', None), ('Image2', None), ('Image3', None), ('Image_4', None), ('position_1x', 0), ('position_1y', 0.3), ('position_2x', 0.0), ('position_2y', -0.4), ('J_key', None), ('K_key', None), ('L_key', None)])
9.4859 	EXP 	text: color = 'black (named)'
9.4859 	EXP 	text: pos = array([0. , 0.3])
9.4859 	EXP 	text: text = 'Welcome to the memory experiment!'
9.4859 	EXP 	text: font = 'Helvetica'
9.4859 	EXP 	text: height = 0.03
9.4859 	EXP 	instructions_text2: color = 'black (named)'
9.4859 	EXP 	instructions_text2: pos = array([ 0. , -0.4])
9.4859 	EXP 	instructions_text2: text = 'Press space to continue!'
9.4859 	EXP 	instructions_text2: font = 'Helvetica'
9.4859 	EXP 	instructions_text2: height = 0.03
9.5403 	EXP 	text: autoDraw = True
9.5403 	EXP 	instructions_text2: autoDraw = True
9.5403 	EXP 	image1: autoDraw = True
9.5403 	EXP 	image2: autoDraw = True
9.5403 	EXP 	text: text = 'Welcome to the memory experiment!'
9.5403 	EXP 	instructions_text2: text = 'Press space to continue!'
10.5891 	EXP 	New trial (rep=0, index=1): OrderedDict([('instructions1', 'On each trial of this task, you will see two images on the left and right side of the computer screen, like this.'), ('Instructions2', 'Press space to continue!'), ('Image1', 'instruction_images/jessica_alba.jpg'), ('Image2', 'instruction_images/oldBook.png'), ('Image3', None), ('Image_4', None), ('position_1x', 0), ('position_1y', 0.3), ('position_2x', 0.0), ('position_2y', -0.4), ('J_key', None), ('K_key', None), ('L_key', None)])
10.6141 	DATA 	Keypress: space
10.6341 	EXP 	text: autoDraw = False
10.6341 	EXP 	instructions_text2: autoDraw = False
10.6341 	EXP 	image1: autoDraw = False
10.6341 	EXP 	image2: autoDraw = False
10.6341 	EXP 	text: color = 'black (named)'
10.6341 	EXP 	text: pos = array([0. , 0.3])
10.6341 	EXP 	text: text = 'On each trial of this task, you will see two images on the left and right side of the computer screen, like this.'
10.6341 	EXP 	text: font = 'Helvetica'
10.6341 	EXP 	text: height = 0.03
10.6341 	EXP 	instructions_text2: color = 'black (named)'
10.6341 	EXP 	instructions_text2: pos = array([ 0. , -0.4])
10.6341 	EXP 	instructions_text2: text = 'Press space to continue!'
10.6341 	EXP 	instructions_text2: font = 'Helvetica'
10.6341 	EXP 	instructions_text2: height = 0.03
11.0347 	EXP 	text: autoDraw = True
11.0347 	EXP 	instructions_text2: autoDraw = True
11.0347 	EXP 	image1: autoDraw = True
11.0347 	EXP 	image2: autoDraw = True
11.0347 	EXP 	text: text = 'On each trial of this task, you will see two images on the left and right side of the computer screen, like this.'
11.0347 	EXP 	instructions_text2: text = 'Press space to continue!'
12.8730 	DATA 	Keypress: space
12.9061 	EXP 	New trial (rep=0, index=2): OrderedDict([('instructions1', 'Your job is to memorize that these images  go together. You can use any strategy to remember this.'), ('Instructions2', 'Press space to continue!'), ('Image1', 'instruction_images/jessica_alba.jpg'), ('Image2', 'instruction_images/oldBook.png'), ('Image3', None), ('Image_4', None), ('position_1x', 0), ('position_1y', 0.3), ('position_2x', 0.0), ('position_2y', -0.4), ('J_key', None), ('K_key', None), ('L_key', None)])
12.9390 	EXP 	text: autoDraw = False
12.9390 	EXP 	instructions_text2: autoDraw = False
12.9390 	EXP 	image1: autoDraw = False
12.9390 	EXP 	image2: autoDraw = False
12.9390 	EXP 	text: color = 'black (named)'
12.9390 	EXP 	text: pos = array([0. , 0.3])
12.9390 	EXP 	text: text = 'Your job is to memorize that these images  go together. You can use any strategy to remember this.'
12.9390 	EXP 	text: font = 'Helvetica'
12.9390 	EXP 	text: height = 0.03
12.9390 	EXP 	instructions_text2: color = 'black (named)'
12.9390 	EXP 	instructions_text2: pos = array([ 0. , -0.4])
12.9390 	EXP 	instructions_text2: text = 'Press space to continue!'
12.9390 	EXP 	instructions_text2: font = 'Helvetica'
12.9390 	EXP 	instructions_text2: height = 0.03
13.0059 	EXP 	text: autoDraw = True
13.0059 	EXP 	instructions_text2: autoDraw = True
13.0059 	EXP 	image1: autoDraw = True
13.0059 	EXP 	image2: autoDraw = True
13.0059 	EXP 	text: text = 'Your job is to memorize that these images  go together. You can use any strategy to remember this.'
13.0059 	EXP 	instructions_text2: text = 'Press space to continue!'
14.5222 	DATA 	Keypress: space
14.5539 	EXP 	New trial (rep=0, index=3): OrderedDict([('instructions1', 'For example, you could rehearse them in your memory, or link them through a story.'), ('Instructions2', 'Press space to continue!'), ('Image1', 'instruction_images/jessica_alba.jpg'), ('Image2', 'instruction_images/oldBook.png'), ('Image3', None), ('Image_4', None), ('position_1x', 0), ('position_1y', 0.3), ('position_2x', 0.0), ('position_2y', -0.4), ('J_key', None), ('K_key', None), ('L_key', None)])
14.5843 	EXP 	text: autoDraw = False
14.5843 	EXP 	instructions_text2: autoDraw = False
14.5843 	EXP 	image1: autoDraw = False
14.5843 	EXP 	image2: autoDraw = False
14.5843 	EXP 	text: color = 'black (named)'
14.5843 	EXP 	text: pos = array([0. , 0.3])
14.5843 	EXP 	text: text = 'For example, you could rehearse them in your memory, or link them through a story.'
14.5843 	EXP 	text: font = 'Helvetica'
14.5843 	EXP 	text: height = 0.03
14.5843 	EXP 	instructions_text2: color = 'black (named)'
14.5843 	EXP 	instructions_text2: pos = array([ 0. , -0.4])
14.5843 	EXP 	instructions_text2: text = 'Press space to continue!'
14.5843 	EXP 	instructions_text2: font = 'Helvetica'
14.5843 	EXP 	instructions_text2: height = 0.03
14.6547 	EXP 	text: autoDraw = True
14.6547 	EXP 	instructions_text2: autoDraw = True
14.6547 	EXP 	image1: autoDraw = True
14.6547 	EXP 	image2: autoDraw = True
14.6547 	EXP 	text: text = 'For example, you could rehearse them in your memory, or link them through a story.'
14.6547 	EXP 	instructions_text2: text = 'Press space to continue!'
15.6024 	EXP 	New trial (rep=0, index=4): OrderedDict([('instructions1', "It's important that you remember that these images go together. Your memory will later be tested. "), ('Instructions2', 'Press space to continue!'), ('Image1', 'instruction_images/jessica_alba.jpg'), ('Image2', 'instruction_images/oldBook.png'), ('Image3', None), ('Image_4', None), ('position_1x', 0), ('position_1y', 0.3), ('position_2x', 0.0), ('position_2y', -0.4), ('J_key', None), ('K_key', None), ('L_key', None)])
15.6228 	DATA 	Keypress: space
15.6345 	EXP 	text: autoDraw = False
15.6345 	EXP 	instructions_text2: autoDraw = False
15.6345 	EXP 	image1: autoDraw = False
15.6345 	EXP 	image2: autoDraw = False
15.6345 	EXP 	text: color = 'black (named)'
15.6345 	EXP 	text: pos = array([0. , 0.3])
15.6345 	EXP 	text: text = "It's important that you remember that these images go together. Your memory will later be tested. "
15.6345 	EXP 	text: font = 'Helvetica'
15.6345 	EXP 	text: height = 0.03
15.6345 	EXP 	instructions_text2: color = 'black (named)'
15.6345 	EXP 	instructions_text2: pos = array([ 0. , -0.4])
15.6345 	EXP 	instructions_text2: text = 'Press space to continue!'
15.6345 	EXP 	instructions_text2: font = 'Helvetica'
15.6345 	EXP 	instructions_text2: height = 0.03
15.7053 	EXP 	text: autoDraw = True
15.7053 	EXP 	instructions_text2: autoDraw = True
15.7053 	EXP 	image1: autoDraw = True
15.7053 	EXP 	image2: autoDraw = True
15.7053 	EXP 	text: text = "It's important that you remember that these images go together. Your memory will later be tested. "
15.7053 	EXP 	instructions_text2: text = 'Press space to continue!'
16.3883 	DATA 	Keypress: space
16.4234 	EXP 	New trial (rep=0, index=5): OrderedDict([('instructions1', 'Each pair of images will only last on the screen for a few sceonds, so pay attention!'), ('Instructions2', 'Press space to continue!'), ('Image1', 'instruction_images/jessica_alba.jpg'), ('Image2', 'instruction_images/oldBook.png'), ('Image3', None), ('Image_4', None), ('position_1x', 0), ('position_1y', 0.3), ('position_2x', 0.0), ('position_2y', -0.4), ('J_key', None), ('K_key', None), ('L_key', None)])
16.4506 	EXP 	text: autoDraw = False
16.4506 	EXP 	instructions_text2: autoDraw = False
16.4506 	EXP 	image1: autoDraw = False
16.4506 	EXP 	image2: autoDraw = False
16.4506 	EXP 	text: color = 'black (named)'
16.4506 	EXP 	text: pos = array([0. , 0.3])
16.4506 	EXP 	text: text = 'Each pair of images will only last on the screen for a few sceonds, so pay attention!'
16.4506 	EXP 	text: font = 'Helvetica'
16.4506 	EXP 	text: height = 0.03
16.4506 	EXP 	instructions_text2: color = 'black (named)'
16.4506 	EXP 	instructions_text2: pos = array([ 0. , -0.4])
16.4506 	EXP 	instructions_text2: text = 'Press space to continue!'
16.4506 	EXP 	instructions_text2: font = 'Helvetica'
16.4506 	EXP 	instructions_text2: height = 0.03
16.5187 	EXP 	text: autoDraw = True
16.5187 	EXP 	instructions_text2: autoDraw = True
16.5187 	EXP 	image1: autoDraw = True
16.5187 	EXP 	image2: autoDraw = True
16.5187 	EXP 	text: text = 'Each pair of images will only last on the screen for a few sceonds, so pay attention!'
16.5187 	EXP 	instructions_text2: text = 'Press space to continue!'
17.3387 	DATA 	Keypress: space
17.3699 	EXP 	New trial (rep=0, index=6): OrderedDict([('instructions1', 'Get ready to see a series of image pairs! '), ('Instructions2', 'Press space to continue!'), ('Image1', 'instruction_images/jessica_alba.jpg'), ('Image2', 'instruction_images/oldBook.png'), ('Image3', None), ('Image_4', None), ('position_1x', 0), ('position_1y', 0.3), ('position_2x', 0.0), ('position_2y', -0.4), ('J_key', None), ('K_key', None), ('L_key', None)])
17.3996 	EXP 	text: autoDraw = False
17.3996 	EXP 	instructions_text2: autoDraw = False
17.3996 	EXP 	image1: autoDraw = False
17.3996 	EXP 	image2: autoDraw = False
17.3996 	EXP 	text: color = 'black (named)'
17.3996 	EXP 	text: pos = array([0. , 0.3])
17.3996 	EXP 	text: text = 'Get ready to see a series of image pairs! '
17.3996 	EXP 	text: font = 'Helvetica'
17.3996 	EXP 	text: height = 0.03
17.3996 	EXP 	instructions_text2: color = 'black (named)'
17.3996 	EXP 	instructions_text2: pos = array([ 0. , -0.4])
17.3996 	EXP 	instructions_text2: text = 'Press space to continue!'
17.3996 	EXP 	instructions_text2: font = 'Helvetica'
17.3996 	EXP 	instructions_text2: height = 0.03
17.4665 	EXP 	text: autoDraw = True
17.4665 	EXP 	instructions_text2: autoDraw = True
17.4665 	EXP 	image1: autoDraw = True
17.4665 	EXP 	image2: autoDraw = True
17.4665 	EXP 	text: text = 'Get ready to see a series of image pairs! '
17.4665 	EXP 	instructions_text2: text = 'Press space to continue!'
18.4514 	EXP 	New trial (rep=0, index=7): OrderedDict([('instructions1', "When you're ready to start, press space!"), ('Instructions2', None), ('Image1', None), ('Image2', None), ('Image3', None), ('Image_4', None), ('position_1x', 0), ('position_1y', 0.0), ('position_2x', None), ('position_2y', None), ('J_key', None), ('K_key', None), ('L_key', None)])
18.4660 	DATA 	Keypress: space
18.4831 	EXP 	text: autoDraw = False
18.4831 	EXP 	instructions_text2: autoDraw = False
18.4831 	EXP 	image1: autoDraw = False
18.4831 	EXP 	image2: autoDraw = False
18.4831 	EXP 	text: color = 'black (named)'
18.4831 	EXP 	text: pos = array([0., 0.])
18.4831 	EXP 	text: text = "When you're ready to start, press space!"
18.4831 	EXP 	text: font = 'Helvetica'
18.4831 	EXP 	text: height = 0.03
18.4831 	EXP 	instructions_text2: color = 'black (named)'
18.4831 	EXP 	instructions_text2: pos = array([nan, nan])
18.4831 	EXP 	instructions_text2: text = 'Press space to continue!'
18.4831 	EXP 	instructions_text2: font = 'Helvetica'
18.4831 	EXP 	instructions_text2: height = 0.03
18.5334 	EXP 	text: autoDraw = True
18.5334 	EXP 	instructions_text2: autoDraw = True
18.5334 	EXP 	image1: autoDraw = True
18.5334 	EXP 	image2: autoDraw = True
18.5334 	EXP 	text: text = "When you're ready to start, press space!"
18.5334 	EXP 	instructions_text2: text = 'Press space to continue!'
19.4967 	EXP 	Imported intentional_encoding.xlsx as conditions, 12 conditions, 4 params
19.4970 	EXP 	Created sequence: sequential, trialTypes=12, nReps=2, seed=None
19.4974 	EXP 	New trial (rep=0, index=0): OrderedDict([('trial', 1), ('image_a', 'images/flipflopsBlue.png'), ('image_b', 'images/amy_poehler_c.jpg'), ('category_b', 'face')])
19.5072 	DATA 	Keypress: space
19.5203 	EXP 	text: autoDraw = False
19.5203 	EXP 	instructions_text2: autoDraw = False
19.5203 	EXP 	image1: autoDraw = False
19.5203 	EXP 	image2: autoDraw = False
19.5203 	EXP 	b_image: image = 'images/amy_poehler_c.jpg'
19.5674 	EXP 	a_image: autoDraw = True
19.5674 	EXP 	b_image: autoDraw = True
19.5674 	EXP 	text_12: autoDraw = True
19.6013 	EXP 	New trial (rep=0, index=1): OrderedDict([('trial', 2), ('image_a', 'images/bag_gift.png'), ('image_b', 'images/bill_gates_a.jpg'), ('category_b', 'face')])
19.6335 	EXP 	a_image: autoDraw = False
19.6335 	EXP 	b_image: autoDraw = False
19.6335 	EXP 	text_12: autoDraw = False
19.6335 	EXP 	b_image: image = 'images/bill_gates_a.jpg'
19.6836 	EXP 	a_image: autoDraw = True
19.6836 	EXP 	b_image: autoDraw = True
19.6836 	EXP 	text_12: autoDraw = True
19.7094 	EXP 	New trial (rep=0, index=2): OrderedDict([('trial', 3), ('image_a', 'images/ball_8.png'), ('image_b', 'images/courtney_cox_c.jpg'), ('category_b', 'face')])
19.7336 	EXP 	a_image: autoDraw = False
19.7336 	EXP 	b_image: autoDraw = False
19.7336 	EXP 	text_12: autoDraw = False
19.7336 	EXP 	b_image: image = 'images/courtney_cox_c.jpg'
19.7838 	EXP 	a_image: autoDraw = True
19.7838 	EXP 	b_image: autoDraw = True
19.7838 	EXP 	text_12: autoDraw = True
19.8091 	EXP 	New trial (rep=0, index=3): OrderedDict([('trial', 4), ('image_a', 'images/ball_baseball.png'), ('image_b', 'images/dakota_fanning_c.jpg'), ('category_b', 'face')])
19.8331 	EXP 	a_image: autoDraw = False
19.8331 	EXP 	b_image: autoDraw = False
19.8331 	EXP 	text_12: autoDraw = False
19.8331 	EXP 	b_image: image = 'images/dakota_fanning_c.jpg'
19.8838 	EXP 	a_image: autoDraw = True
19.8838 	EXP 	b_image: autoDraw = True
19.8838 	EXP 	text_12: autoDraw = True
19.9051 	EXP 	New trial (rep=0, index=4): OrderedDict([('trial', 5), ('image_a', 'images/balloon.jpg'), ('image_b', 'images/drew_barrymore_c.jpg'), ('category_b', 'face')])
19.9330 	EXP 	a_image: autoDraw = False
19.9330 	EXP 	b_image: autoDraw = False
19.9330 	EXP 	text_12: autoDraw = False
19.9330 	EXP 	b_image: image = 'images/drew_barrymore_c.jpg'
19.9740 	EXP 	a_image: autoDraw = True
19.9740 	EXP 	b_image: autoDraw = True
19.9740 	EXP 	text_12: autoDraw = True
20.0010 	EXP 	New trial (rep=0, index=5): OrderedDict([('trial', 6), ('image_a', 'images/bandage.jpg'), ('image_b', 'images/ellen_degeneres_b.jpg'), ('category_b', 'face')])
20.0232 	EXP 	a_image: autoDraw = False
20.0232 	EXP 	b_image: autoDraw = False
20.0232 	EXP 	text_12: autoDraw = False
20.0232 	EXP 	b_image: image = 'images/ellen_degeneres_b.jpg'
20.0661 	EXP 	a_image: autoDraw = True
20.0661 	EXP 	b_image: autoDraw = True
20.0661 	EXP 	text_12: autoDraw = True
20.0924 	EXP 	New trial (rep=0, index=6): OrderedDict([('trial', 7), ('image_a', 'images/barrel.jpg'), ('image_b', 'images/emma_stone.jpg'), ('category_b', 'face')])
20.1175 	EXP 	a_image: autoDraw = False
20.1175 	EXP 	b_image: autoDraw = False
20.1175 	EXP 	text_12: autoDraw = False
20.1175 	EXP 	b_image: image = 'images/emma_stone.jpg'
20.1662 	EXP 	a_image: autoDraw = True
20.1662 	EXP 	b_image: autoDraw = True
20.1662 	EXP 	text_12: autoDraw = True
20.2016 	EXP 	New trial (rep=0, index=7): OrderedDict([('trial', 8), ('image_a', 'images/bathrobe.png'), ('image_b', 'images/emma_watson.jpg'), ('category_b', 'face')])
20.2233 	EXP 	a_image: autoDraw = False
20.2233 	EXP 	b_image: autoDraw = False
20.2233 	EXP 	text_12: autoDraw = False
20.2233 	EXP 	b_image: image = 'images/emma_watson.jpg'
20.2574 	EXP 	a_image: autoDraw = True
20.2574 	EXP 	b_image: autoDraw = True
20.2574 	EXP 	text_12: autoDraw = True
20.3038 	EXP 	New trial (rep=0, index=8): OrderedDict([('trial', 9), ('image_a', 'images/beetle.png'), ('image_b', 'images/george_clooney_a.jpg'), ('category_b', 'face')])
20.3233 	EXP 	a_image: autoDraw = False
20.3233 	EXP 	b_image: autoDraw = False
20.3233 	EXP 	text_12: autoDraw = False
20.3233 	EXP 	b_image: image = 'images/george_clooney_a.jpg'
20.3668 	EXP 	a_image: autoDraw = True
20.3668 	EXP 	b_image: autoDraw = True
20.3668 	EXP 	text_12: autoDraw = True
20.4049 	EXP 	New trial (rep=0, index=9): OrderedDict([('trial', 10), ('image_a', 'images/bench_park.png'), ('image_b', 'images/gwen_stefani_c.jpg'), ('category_b', 'face')])
20.4339 	EXP 	a_image: autoDraw = False
20.4339 	EXP 	b_image: autoDraw = False
20.4339 	EXP 	text_12: autoDraw = False
20.4339 	EXP 	b_image: image = 'images/gwen_stefani_c.jpg'
20.4836 	EXP 	a_image: autoDraw = True
20.4836 	EXP 	b_image: autoDraw = True
20.4836 	EXP 	text_12: autoDraw = True
20.5179 	EXP 	New trial (rep=0, index=10): OrderedDict([('trial', 11), ('image_a', 'images/bib.png'), ('image_b', 'images/hillary_clinton_a.jpg'), ('category_b', 'face')])
20.5369 	EXP 	a_image: autoDraw = False
20.5369 	EXP 	b_image: autoDraw = False
20.5369 	EXP 	text_12: autoDraw = False
20.5369 	EXP 	b_image: image = 'images/hillary_clinton_a.jpg'
20.5844 	EXP 	a_image: autoDraw = True
20.5844 	EXP 	b_image: autoDraw = True
20.5844 	EXP 	text_12: autoDraw = True
20.6175 	EXP 	New trial (rep=0, index=11): OrderedDict([('trial', 12), ('image_a', 'images/bird_parrot.png'), ('image_b', 'images/jackie_kennedy_a.jpg'), ('category_b', 'face')])
20.8124 	EXP 	New trial (rep=1, index=0): OrderedDict([('trial', 1), ('image_a', 'images/flipflopsBlue.png'), ('image_b', 'images/amy_poehler_c.jpg'), ('category_b', 'face')])
20.8185 	EXP 	New trial (rep=1, index=1): OrderedDict([('trial', 2), ('image_a', 'images/bag_gift.png'), ('image_b', 'images/bill_gates_a.jpg'), ('category_b', 'face')])
20.8390 	EXP 	a_image: autoDraw = False
20.8390 	EXP 	b_image: autoDraw = False
20.8390 	EXP 	text_12: autoDraw = False
20.8390 	EXP 	b_image: image = 'images/jackie_kennedy_a.jpg'
20.8390 	EXP 	a_image: autoDraw = False
20.8390 	EXP 	b_image: autoDraw = False
20.8390 	EXP 	text_12: autoDraw = False
20.8390 	EXP 	b_image: image = 'images/amy_poehler_c.jpg'
20.8390 	EXP 	a_image: autoDraw = False
20.8390 	EXP 	b_image: autoDraw = False
20.8390 	EXP 	text_12: autoDraw = False
20.8390 	EXP 	b_image: image = 'images/bill_gates_a.jpg'
20.8829 	EXP 	a_image: autoDraw = True
20.8829 	EXP 	b_image: autoDraw = True
20.8829 	EXP 	text_12: autoDraw = True
20.9092 	EXP 	New trial (rep=1, index=2): OrderedDict([('trial', 3), ('image_a', 'images/ball_8.png'), ('image_b', 'images/courtney_cox_c.jpg'), ('category_b', 'face')])
20.9340 	EXP 	a_image: autoDraw = False
20.9340 	EXP 	b_image: autoDraw = False
20.9340 	EXP 	text_12: autoDraw = False
20.9340 	EXP 	b_image: image = 'images/courtney_cox_c.jpg'
20.9839 	EXP 	a_image: autoDraw = True
20.9839 	EXP 	b_image: autoDraw = True
20.9839 	EXP 	text_12: autoDraw = True
21.0089 	EXP 	New trial (rep=1, index=3): OrderedDict([('trial', 4), ('image_a', 'images/ball_baseball.png'), ('image_b', 'images/dakota_fanning_c.jpg'), ('category_b', 'face')])
21.0339 	EXP 	a_image: autoDraw = False
21.0339 	EXP 	b_image: autoDraw = False
21.0339 	EXP 	text_12: autoDraw = False
21.0339 	EXP 	b_image: image = 'images/dakota_fanning_c.jpg'
21.0744 	EXP 	a_image: autoDraw = True
21.0744 	EXP 	b_image: autoDraw = True
21.0744 	EXP 	text_12: autoDraw = True
21.1017 	EXP 	New trial (rep=1, index=4): OrderedDict([('trial', 5), ('image_a', 'images/balloon.jpg'), ('image_b', 'images/drew_barrymore_c.jpg'), ('category_b', 'face')])
21.1201 	EXP 	a_image: autoDraw = False
21.1201 	EXP 	b_image: autoDraw = False
21.1201 	EXP 	text_12: autoDraw = False
21.1201 	EXP 	b_image: image = 'images/drew_barrymore_c.jpg'
21.1562 	EXP 	a_image: autoDraw = True
21.1562 	EXP 	b_image: autoDraw = True
21.1562 	EXP 	text_12: autoDraw = True
21.2033 	EXP 	New trial (rep=1, index=5): OrderedDict([('trial', 6), ('image_a', 'images/bandage.jpg'), ('image_b', 'images/ellen_degeneres_b.jpg'), ('category_b', 'face')])
21.2237 	EXP 	a_image: autoDraw = False
21.2237 	EXP 	b_image: autoDraw = False
21.2237 	EXP 	text_12: autoDraw = False
21.2237 	EXP 	b_image: image = 'images/ellen_degeneres_b.jpg'
21.2661 	EXP 	a_image: autoDraw = True
21.2661 	EXP 	b_image: autoDraw = True
21.2661 	EXP 	text_12: autoDraw = True
21.2917 	EXP 	New trial (rep=1, index=6): OrderedDict([('trial', 7), ('image_a', 'images/barrel.jpg'), ('image_b', 'images/emma_stone.jpg'), ('category_b', 'face')])
21.3162 	EXP 	a_image: autoDraw = False
21.3162 	EXP 	b_image: autoDraw = False
21.3162 	EXP 	text_12: autoDraw = False
21.3162 	EXP 	b_image: image = 'images/emma_stone.jpg'
21.3675 	EXP 	a_image: autoDraw = True
21.3675 	EXP 	b_image: autoDraw = True
21.3675 	EXP 	text_12: autoDraw = True
21.4005 	EXP 	New trial (rep=1, index=7): OrderedDict([('trial', 8), ('image_a', 'images/bathrobe.png'), ('image_b', 'images/emma_watson.jpg'), ('category_b', 'face')])
21.4202 	EXP 	a_image: autoDraw = False
21.4202 	EXP 	b_image: autoDraw = False
21.4202 	EXP 	text_12: autoDraw = False
21.4202 	EXP 	b_image: image = 'images/emma_watson.jpg'
21.4556 	EXP 	a_image: autoDraw = True
21.4556 	EXP 	b_image: autoDraw = True
21.4556 	EXP 	text_12: autoDraw = True
21.5011 	EXP 	New trial (rep=1, index=8): OrderedDict([('trial', 9), ('image_a', 'images/beetle.png'), ('image_b', 'images/george_clooney_a.jpg'), ('category_b', 'face')])
21.5193 	EXP 	a_image: autoDraw = False
21.5193 	EXP 	b_image: autoDraw = False
21.5193 	EXP 	text_12: autoDraw = False
21.5193 	EXP 	b_image: image = 'images/george_clooney_a.jpg'
21.5563 	EXP 	a_image: autoDraw = True
21.5563 	EXP 	b_image: autoDraw = True
21.5563 	EXP 	text_12: autoDraw = True
21.6037 	EXP 	New trial (rep=1, index=9): OrderedDict([('trial', 10), ('image_a', 'images/bench_park.png'), ('image_b', 'images/gwen_stefani_c.jpg'), ('category_b', 'face')])
21.6225 	EXP 	a_image: autoDraw = False
21.6225 	EXP 	b_image: autoDraw = False
21.6225 	EXP 	text_12: autoDraw = False
21.6225 	EXP 	b_image: image = 'images/gwen_stefani_c.jpg'
21.6673 	EXP 	a_image: autoDraw = True
21.6673 	EXP 	b_image: autoDraw = True
21.6673 	EXP 	text_12: autoDraw = True
21.6913 	EXP 	New trial (rep=1, index=10): OrderedDict([('trial', 11), ('image_a', 'images/bib.png'), ('image_b', 'images/hillary_clinton_a.jpg'), ('category_b', 'face')])
21.7162 	EXP 	a_image: autoDraw = False
21.7162 	EXP 	b_image: autoDraw = False
21.7162 	EXP 	text_12: autoDraw = False
21.7162 	EXP 	b_image: image = 'images/hillary_clinton_a.jpg'
21.7672 	EXP 	a_image: autoDraw = True
21.7672 	EXP 	b_image: autoDraw = True
21.7672 	EXP 	text_12: autoDraw = True
21.8005 	EXP 	New trial (rep=1, index=11): OrderedDict([('trial', 12), ('image_a', 'images/bird_parrot.png'), ('image_b', 'images/jackie_kennedy_a.jpg'), ('category_b', 'face')])
21.8193 	EXP 	a_image: autoDraw = False
21.8193 	EXP 	b_image: autoDraw = False
21.8193 	EXP 	text_12: autoDraw = False
21.8193 	EXP 	b_image: image = 'images/jackie_kennedy_a.jpg'
21.9546 	EXP 	a_image: autoDraw = True
21.9546 	EXP 	b_image: autoDraw = True
21.9546 	EXP 	text_12: autoDraw = True
21.9668 	EXP 	Imported instructions_intentional_encoding.xlsx as conditions, 3 conditions, 13 params
21.9671 	EXP 	Created sequence: sequential, trialTypes=3, nReps=1, seed=None
21.9676 	EXP 	New trial (rep=0, index=0): OrderedDict([('instructions1', "Great job! Now it's time for the memory test. We willl see how well you remember the pairs."), ('Instructions2', 'Press space to continue!'), ('Image1', None), ('Image2', None), ('Image3', None), ('Image_4', None), ('position_1x', 0), ('position_1y', 0.3), ('position_2x', 0.0), ('position_2y', -0.4), ('J_key', None), ('K_key', None), ('L_key', None)])
22.0372 	EXP 	a_image: autoDraw = False
22.0372 	EXP 	b_image: autoDraw = False
22.0372 	EXP 	text_12: autoDraw = False
22.0372 	EXP 	text_3: autoDraw = True
22.0372 	EXP 	text_4: autoDraw = True
22.0372 	EXP 	image_3: autoDraw = True
22.0372 	EXP 	text_3: text = "Great job! Now it's time for the memory test. We willl see how well you remember the pairs."
22.0372 	EXP 	text_4: text = 'Press space to continue!'
22.0676 	EXP 	text_3: text = "Great job! Now it's time for the memory test. We willl see how well you remember the pairs."
22.0676 	EXP 	text_4: text = 'Press space to continue!'
22.1008 	EXP 	text_3: text = "Great job! Now it's time for the memory test. We willl see how well you remember the pairs."
22.1008 	EXP 	text_4: text = 'Press space to continue!'
22.1331 	EXP 	text_3: text = "Great job! Now it's time for the memory test. We willl see how well you remember the pairs."
22.1331 	EXP 	text_4: text = 'Press space to continue!'
22.1659 	EXP 	text_3: text = "Great job! Now it's time for the memory test. We willl see how well you remember the pairs."
22.1659 	EXP 	text_4: text = 'Press space to continue!'
22.1998 	EXP 	text_3: text = "Great job! Now it's time for the memory test. We willl see how well you remember the pairs."
22.1998 	EXP 	text_4: text = 'Press space to continue!'
22.2328 	EXP 	text_3: text = "Great job! Now it's time for the memory test. We willl see how well you remember the pairs."
22.2328 	EXP 	text_4: text = 'Press space to continue!'
22.2667 	EXP 	text_3: text = "Great job! Now it's time for the memory test. We willl see how well you remember the pairs."
22.2667 	EXP 	text_4: text = 'Press space to continue!'
22.2994 	EXP 	text_3: text = "Great job! Now it's time for the memory test. We willl see how well you remember the pairs."
22.2994 	EXP 	text_4: text = 'Press space to continue!'
22.3329 	EXP 	text_3: text = "Great job! Now it's time for the memory test. We willl see how well you remember the pairs."
22.3329 	EXP 	text_4: text = 'Press space to continue!'
22.3664 	EXP 	text_3: text = "Great job! Now it's time for the memory test. We willl see how well you remember the pairs."
22.3664 	EXP 	text_4: text = 'Press space to continue!'
22.4018 	EXP 	text_3: text = "Great job! Now it's time for the memory test. We willl see how well you remember the pairs."
22.4018 	EXP 	text_4: text = 'Press space to continue!'
22.4329 	EXP 	text_3: text = "Great job! Now it's time for the memory test. We willl see how well you remember the pairs."
22.4329 	EXP 	text_4: text = 'Press space to continue!'
22.4667 	EXP 	text_3: text = "Great job! Now it's time for the memory test. We willl see how well you remember the pairs."
22.4667 	EXP 	text_4: text = 'Press space to continue!'
22.4989 	EXP 	text_3: text = "Great job! Now it's time for the memory test. We willl see how well you remember the pairs."
22.4989 	EXP 	text_4: text = 'Press space to continue!'
22.5328 	EXP 	text_3: text = "Great job! Now it's time for the memory test. We willl see how well you remember the pairs."
22.5328 	EXP 	text_4: text = 'Press space to continue!'
22.5669 	EXP 	text_3: text = "Great job! Now it's time for the memory test. We willl see how well you remember the pairs."
22.5669 	EXP 	text_4: text = 'Press space to continue!'
22.6000 	EXP 	text_3: text = "Great job! Now it's time for the memory test. We willl see how well you remember the pairs."
22.6000 	EXP 	text_4: text = 'Press space to continue!'
22.6327 	EXP 	text_3: text = "Great job! Now it's time for the memory test. We willl see how well you remember the pairs."
22.6327 	EXP 	text_4: text = 'Press space to continue!'
22.6663 	EXP 	text_3: text = "Great job! Now it's time for the memory test. We willl see how well you remember the pairs."
22.6663 	EXP 	text_4: text = 'Press space to continue!'
22.6997 	EXP 	text_3: text = "Great job! Now it's time for the memory test. We willl see how well you remember the pairs."
22.6997 	EXP 	text_4: text = 'Press space to continue!'
22.7333 	EXP 	text_3: text = "Great job! Now it's time for the memory test. We willl see how well you remember the pairs."
22.7333 	EXP 	text_4: text = 'Press space to continue!'
22.7656 	EXP 	text_3: text = "Great job! Now it's time for the memory test. We willl see how well you remember the pairs."
22.7656 	EXP 	text_4: text = 'Press space to continue!'
22.7996 	EXP 	text_3: text = "Great job! Now it's time for the memory test. We willl see how well you remember the pairs."
22.7996 	EXP 	text_4: text = 'Press space to continue!'
22.8331 	EXP 	text_3: text = "Great job! Now it's time for the memory test. We willl see how well you remember the pairs."
22.8331 	EXP 	text_4: text = 'Press space to continue!'
22.8659 	EXP 	text_3: text = "Great job! Now it's time for the memory test. We willl see how well you remember the pairs."
22.8659 	EXP 	text_4: text = 'Press space to continue!'
22.9002 	EXP 	text_3: text = "Great job! Now it's time for the memory test. We willl see how well you remember the pairs."
22.9002 	EXP 	text_4: text = 'Press space to continue!'
22.9331 	EXP 	text_3: text = "Great job! Now it's time for the memory test. We willl see how well you remember the pairs."
22.9331 	EXP 	text_4: text = 'Press space to continue!'
22.9661 	EXP 	text_3: text = "Great job! Now it's time for the memory test. We willl see how well you remember the pairs."
22.9661 	EXP 	text_4: text = 'Press space to continue!'
22.9991 	EXP 	text_3: text = "Great job! Now it's time for the memory test. We willl see how well you remember the pairs."
22.9991 	EXP 	text_4: text = 'Press space to continue!'
23.0337 	EXP 	text_3: text = "Great job! Now it's time for the memory test. We willl see how well you remember the pairs."
23.0337 	EXP 	text_4: text = 'Press space to continue!'
23.0665 	EXP 	text_3: text = "Great job! Now it's time for the memory test. We willl see how well you remember the pairs."
23.0665 	EXP 	text_4: text = 'Press space to continue!'
23.0998 	EXP 	text_3: text = "Great job! Now it's time for the memory test. We willl see how well you remember the pairs."
23.0998 	EXP 	text_4: text = 'Press space to continue!'
23.1324 	EXP 	text_3: text = "Great job! Now it's time for the memory test. We willl see how well you remember the pairs."
23.1324 	EXP 	text_4: text = 'Press space to continue!'
23.1666 	EXP 	text_3: text = "Great job! Now it's time for the memory test. We willl see how well you remember the pairs."
23.1666 	EXP 	text_4: text = 'Press space to continue!'
23.1998 	EXP 	text_3: text = "Great job! Now it's time for the memory test. We willl see how well you remember the pairs."
23.1998 	EXP 	text_4: text = 'Press space to continue!'
23.2330 	EXP 	text_3: text = "Great job! Now it's time for the memory test. We willl see how well you remember the pairs."
23.2330 	EXP 	text_4: text = 'Press space to continue!'
23.2668 	EXP 	text_3: text = "Great job! Now it's time for the memory test. We willl see how well you remember the pairs."
23.2668 	EXP 	text_4: text = 'Press space to continue!'
23.2997 	EXP 	text_3: text = "Great job! Now it's time for the memory test. We willl see how well you remember the pairs."
23.2997 	EXP 	text_4: text = 'Press space to continue!'
23.3342 	EXP 	text_3: text = "Great job! Now it's time for the memory test. We willl see how well you remember the pairs."
23.3342 	EXP 	text_4: text = 'Press space to continue!'
23.3657 	EXP 	text_3: text = "Great job! Now it's time for the memory test. We willl see how well you remember the pairs."
23.3657 	EXP 	text_4: text = 'Press space to continue!'
23.3994 	EXP 	text_3: text = "Great job! Now it's time for the memory test. We willl see how well you remember the pairs."
23.3994 	EXP 	text_4: text = 'Press space to continue!'
23.4330 	EXP 	text_3: text = "Great job! Now it's time for the memory test. We willl see how well you remember the pairs."
23.4330 	EXP 	text_4: text = 'Press space to continue!'
23.4657 	EXP 	text_3: text = "Great job! Now it's time for the memory test. We willl see how well you remember the pairs."
23.4657 	EXP 	text_4: text = 'Press space to continue!'
23.4994 	EXP 	text_3: text = "Great job! Now it's time for the memory test. We willl see how well you remember the pairs."
23.4994 	EXP 	text_4: text = 'Press space to continue!'
23.5339 	EXP 	text_3: text = "Great job! Now it's time for the memory test. We willl see how well you remember the pairs."
23.5339 	EXP 	text_4: text = 'Press space to continue!'
23.5697 	EXP 	text_3: text = "Great job! Now it's time for the memory test. We willl see how well you remember the pairs."
23.5697 	EXP 	text_4: text = 'Press space to continue!'
23.6007 	EXP 	text_3: text = "Great job! Now it's time for the memory test. We willl see how well you remember the pairs."
23.6007 	EXP 	text_4: text = 'Press space to continue!'
23.6331 	EXP 	text_3: text = "Great job! Now it's time for the memory test. We willl see how well you remember the pairs."
23.6331 	EXP 	text_4: text = 'Press space to continue!'
23.6668 	EXP 	text_3: text = "Great job! Now it's time for the memory test. We willl see how well you remember the pairs."
23.6668 	EXP 	text_4: text = 'Press space to continue!'
23.6998 	EXP 	text_3: text = "Great job! Now it's time for the memory test. We willl see how well you remember the pairs."
23.6998 	EXP 	text_4: text = 'Press space to continue!'
23.7333 	EXP 	text_3: text = "Great job! Now it's time for the memory test. We willl see how well you remember the pairs."
23.7333 	EXP 	text_4: text = 'Press space to continue!'
23.7666 	EXP 	text_3: text = "Great job! Now it's time for the memory test. We willl see how well you remember the pairs."
23.7666 	EXP 	text_4: text = 'Press space to continue!'
23.7994 	EXP 	text_3: text = "Great job! Now it's time for the memory test. We willl see how well you remember the pairs."
23.7994 	EXP 	text_4: text = 'Press space to continue!'
23.8332 	EXP 	text_3: text = "Great job! Now it's time for the memory test. We willl see how well you remember the pairs."
23.8332 	EXP 	text_4: text = 'Press space to continue!'
23.8658 	EXP 	text_3: text = "Great job! Now it's time for the memory test. We willl see how well you remember the pairs."
23.8658 	EXP 	text_4: text = 'Press space to continue!'
23.8997 	EXP 	text_3: text = "Great job! Now it's time for the memory test. We willl see how well you remember the pairs."
23.8997 	EXP 	text_4: text = 'Press space to continue!'
23.9323 	EXP 	text_3: text = "Great job! Now it's time for the memory test. We willl see how well you remember the pairs."
23.9323 	EXP 	text_4: text = 'Press space to continue!'
23.9659 	EXP 	text_3: text = "Great job! Now it's time for the memory test. We willl see how well you remember the pairs."
23.9659 	EXP 	text_4: text = 'Press space to continue!'
23.9993 	EXP 	text_3: text = "Great job! Now it's time for the memory test. We willl see how well you remember the pairs."
23.9993 	EXP 	text_4: text = 'Press space to continue!'
24.0331 	EXP 	text_3: text = "Great job! Now it's time for the memory test. We willl see how well you remember the pairs."
24.0331 	EXP 	text_4: text = 'Press space to continue!'
24.0663 	EXP 	text_3: text = "Great job! Now it's time for the memory test. We willl see how well you remember the pairs."
24.0663 	EXP 	text_4: text = 'Press space to continue!'
24.0997 	EXP 	text_3: text = "Great job! Now it's time for the memory test. We willl see how well you remember the pairs."
24.0997 	EXP 	text_4: text = 'Press space to continue!'
24.1328 	EXP 	text_3: text = "Great job! Now it's time for the memory test. We willl see how well you remember the pairs."
24.1328 	EXP 	text_4: text = 'Press space to continue!'
24.1661 	EXP 	text_3: text = "Great job! Now it's time for the memory test. We willl see how well you remember the pairs."
24.1661 	EXP 	text_4: text = 'Press space to continue!'
24.1993 	EXP 	text_3: text = "Great job! Now it's time for the memory test. We willl see how well you remember the pairs."
24.1993 	EXP 	text_4: text = 'Press space to continue!'
24.2331 	EXP 	text_3: text = "Great job! Now it's time for the memory test. We willl see how well you remember the pairs."
24.2331 	EXP 	text_4: text = 'Press space to continue!'
24.2657 	EXP 	text_3: text = "Great job! Now it's time for the memory test. We willl see how well you remember the pairs."
24.2657 	EXP 	text_4: text = 'Press space to continue!'
24.2990 	EXP 	text_3: text = "Great job! Now it's time for the memory test. We willl see how well you remember the pairs."
24.2990 	EXP 	text_4: text = 'Press space to continue!'
24.3329 	EXP 	text_3: text = "Great job! Now it's time for the memory test. We willl see how well you remember the pairs."
24.3329 	EXP 	text_4: text = 'Press space to continue!'
24.3662 	EXP 	text_3: text = "Great job! Now it's time for the memory test. We willl see how well you remember the pairs."
24.3662 	EXP 	text_4: text = 'Press space to continue!'
24.3995 	EXP 	text_3: text = "Great job! Now it's time for the memory test. We willl see how well you remember the pairs."
24.3995 	EXP 	text_4: text = 'Press space to continue!'
24.4336 	EXP 	text_3: text = "Great job! Now it's time for the memory test. We willl see how well you remember the pairs."
24.4336 	EXP 	text_4: text = 'Press space to continue!'
24.4672 	EXP 	text_3: text = "Great job! Now it's time for the memory test. We willl see how well you remember the pairs."
24.4672 	EXP 	text_4: text = 'Press space to continue!'
24.5001 	EXP 	text_3: text = "Great job! Now it's time for the memory test. We willl see how well you remember the pairs."
24.5001 	EXP 	text_4: text = 'Press space to continue!'
24.5333 	EXP 	text_3: text = "Great job! Now it's time for the memory test. We willl see how well you remember the pairs."
24.5333 	EXP 	text_4: text = 'Press space to continue!'
24.5667 	EXP 	text_3: text = "Great job! Now it's time for the memory test. We willl see how well you remember the pairs."
24.5667 	EXP 	text_4: text = 'Press space to continue!'
24.5996 	EXP 	text_3: text = "Great job! Now it's time for the memory test. We willl see how well you remember the pairs."
24.5996 	EXP 	text_4: text = 'Press space to continue!'
24.6326 	EXP 	text_3: text = "Great job! Now it's time for the memory test. We willl see how well you remember the pairs."
24.6326 	EXP 	text_4: text = 'Press space to continue!'
24.6662 	EXP 	text_3: text = "Great job! Now it's time for the memory test. We willl see how well you remember the pairs."
24.6662 	EXP 	text_4: text = 'Press space to continue!'
24.7000 	EXP 	text_3: text = "Great job! Now it's time for the memory test. We willl see how well you remember the pairs."
24.7000 	EXP 	text_4: text = 'Press space to continue!'
24.7335 	EXP 	text_3: text = "Great job! Now it's time for the memory test. We willl see how well you remember the pairs."
24.7335 	EXP 	text_4: text = 'Press space to continue!'
24.7658 	EXP 	text_3: text = "Great job! Now it's time for the memory test. We willl see how well you remember the pairs."
24.7658 	EXP 	text_4: text = 'Press space to continue!'
24.7892 	DATA 	Keypress: space
24.8019 	EXP 	text_3: text = "Great job! Now it's time for the memory test. We willl see how well you remember the pairs."
24.8019 	EXP 	text_4: text = 'Press space to continue!'
24.8044 	EXP 	New trial (rep=0, index=1): OrderedDict([('instructions1', 'You will first see one image on the computer screen. Try to bring to mind the associated image pair.'), ('Instructions2', 'Press space to continue!'), ('Image1', 'instruction_images/jessica_alba.jpg'), ('Image2', None), ('Image3', None), ('Image_4', None), ('position_1x', 0), ('position_1y', 0.3), ('position_2x', 0.0), ('position_2y', -0.4), ('J_key', None), ('K_key', None), ('L_key', None)])
24.8666 	EXP 	text_3: autoDraw = False
24.8666 	EXP 	text_4: autoDraw = False
24.8666 	EXP 	image_3: autoDraw = False
24.8666 	EXP 	text_3: autoDraw = True
24.8666 	EXP 	text_4: autoDraw = True
24.8666 	EXP 	image_3: autoDraw = True
24.8666 	EXP 	text_3: text = 'You will first see one image on the computer screen. Try to bring to mind the associated image pair.'
24.8666 	EXP 	text_4: text = 'Press space to continue!'
24.9078 	EXP 	text_3: text = 'You will first see one image on the computer screen. Try to bring to mind the associated image pair.'
24.9078 	EXP 	text_4: text = 'Press space to continue!'
24.9494 	EXP 	text_3: text = 'You will first see one image on the computer screen. Try to bring to mind the associated image pair.'
24.9494 	EXP 	text_4: text = 'Press space to continue!'
24.9897 	EXP 	text_3: text = 'You will first see one image on the computer screen. Try to bring to mind the associated image pair.'
24.9897 	EXP 	text_4: text = 'Press space to continue!'
25.0333 	EXP 	text_3: text = 'You will first see one image on the computer screen. Try to bring to mind the associated image pair.'
25.0333 	EXP 	text_4: text = 'Press space to continue!'
25.0742 	EXP 	text_3: text = 'You will first see one image on the computer screen. Try to bring to mind the associated image pair.'
25.0742 	EXP 	text_4: text = 'Press space to continue!'
25.1163 	EXP 	text_3: text = 'You will first see one image on the computer screen. Try to bring to mind the associated image pair.'
25.1163 	EXP 	text_4: text = 'Press space to continue!'
25.1569 	EXP 	text_3: text = 'You will first see one image on the computer screen. Try to bring to mind the associated image pair.'
25.1569 	EXP 	text_4: text = 'Press space to continue!'
25.1992 	EXP 	text_3: text = 'You will first see one image on the computer screen. Try to bring to mind the associated image pair.'
25.1992 	EXP 	text_4: text = 'Press space to continue!'
25.2490 	EXP 	text_3: text = 'You will first see one image on the computer screen. Try to bring to mind the associated image pair.'
25.2490 	EXP 	text_4: text = 'Press space to continue!'
25.3003 	EXP 	text_3: text = 'You will first see one image on the computer screen. Try to bring to mind the associated image pair.'
25.3003 	EXP 	text_4: text = 'Press space to continue!'
25.3414 	EXP 	text_3: text = 'You will first see one image on the computer screen. Try to bring to mind the associated image pair.'
25.3414 	EXP 	text_4: text = 'Press space to continue!'
25.3824 	EXP 	text_3: text = 'You will first see one image on the computer screen. Try to bring to mind the associated image pair.'
25.3824 	EXP 	text_4: text = 'Press space to continue!'
25.4240 	EXP 	text_3: text = 'You will first see one image on the computer screen. Try to bring to mind the associated image pair.'
25.4240 	EXP 	text_4: text = 'Press space to continue!'
25.4659 	EXP 	text_3: text = 'You will first see one image on the computer screen. Try to bring to mind the associated image pair.'
25.4659 	EXP 	text_4: text = 'Press space to continue!'
25.5079 	EXP 	text_3: text = 'You will first see one image on the computer screen. Try to bring to mind the associated image pair.'
25.5079 	EXP 	text_4: text = 'Press space to continue!'
25.5493 	EXP 	text_3: text = 'You will first see one image on the computer screen. Try to bring to mind the associated image pair.'
25.5493 	EXP 	text_4: text = 'Press space to continue!'
25.5902 	EXP 	text_3: text = 'You will first see one image on the computer screen. Try to bring to mind the associated image pair.'
25.5902 	EXP 	text_4: text = 'Press space to continue!'
25.6326 	EXP 	text_3: text = 'You will first see one image on the computer screen. Try to bring to mind the associated image pair.'
25.6326 	EXP 	text_4: text = 'Press space to continue!'
25.6826 	EXP 	text_3: text = 'You will first see one image on the computer screen. Try to bring to mind the associated image pair.'
25.6826 	EXP 	text_4: text = 'Press space to continue!'
25.7237 	EXP 	text_3: text = 'You will first see one image on the computer screen. Try to bring to mind the associated image pair.'
25.7237 	EXP 	text_4: text = 'Press space to continue!'
25.7662 	EXP 	text_3: text = 'You will first see one image on the computer screen. Try to bring to mind the associated image pair.'
25.7662 	EXP 	text_4: text = 'Press space to continue!'
25.8084 	EXP 	text_3: text = 'You will first see one image on the computer screen. Try to bring to mind the associated image pair.'
25.8084 	EXP 	text_4: text = 'Press space to continue!'
25.8500 	EXP 	text_3: text = 'You will first see one image on the computer screen. Try to bring to mind the associated image pair.'
25.8500 	EXP 	text_4: text = 'Press space to continue!'
25.8901 	EXP 	text_3: text = 'You will first see one image on the computer screen. Try to bring to mind the associated image pair.'
25.8901 	EXP 	text_4: text = 'Press space to continue!'
25.9324 	EXP 	text_3: text = 'You will first see one image on the computer screen. Try to bring to mind the associated image pair.'
25.9324 	EXP 	text_4: text = 'Press space to continue!'
25.9829 	EXP 	text_3: text = 'You will first see one image on the computer screen. Try to bring to mind the associated image pair.'
25.9829 	EXP 	text_4: text = 'Press space to continue!'
26.0230 	EXP 	text_3: text = 'You will first see one image on the computer screen. Try to bring to mind the associated image pair.'
26.0230 	EXP 	text_4: text = 'Press space to continue!'
26.0660 	EXP 	text_3: text = 'You will first see one image on the computer screen. Try to bring to mind the associated image pair.'
26.0660 	EXP 	text_4: text = 'Press space to continue!'
26.1069 	EXP 	text_3: text = 'You will first see one image on the computer screen. Try to bring to mind the associated image pair.'
26.1069 	EXP 	text_4: text = 'Press space to continue!'
26.1496 	EXP 	text_3: text = 'You will first see one image on the computer screen. Try to bring to mind the associated image pair.'
26.1496 	EXP 	text_4: text = 'Press space to continue!'
26.1908 	EXP 	text_3: text = 'You will first see one image on the computer screen. Try to bring to mind the associated image pair.'
26.1908 	EXP 	text_4: text = 'Press space to continue!'
26.2324 	EXP 	text_3: text = 'You will first see one image on the computer screen. Try to bring to mind the associated image pair.'
26.2324 	EXP 	text_4: text = 'Press space to continue!'
26.2732 	EXP 	text_3: text = 'You will first see one image on the computer screen. Try to bring to mind the associated image pair.'
26.2732 	EXP 	text_4: text = 'Press space to continue!'
26.3162 	EXP 	text_3: text = 'You will first see one image on the computer screen. Try to bring to mind the associated image pair.'
26.3162 	EXP 	text_4: text = 'Press space to continue!'
26.3568 	EXP 	text_3: text = 'You will first see one image on the computer screen. Try to bring to mind the associated image pair.'
26.3568 	EXP 	text_4: text = 'Press space to continue!'
26.3998 	EXP 	text_3: text = 'You will first see one image on the computer screen. Try to bring to mind the associated image pair.'
26.3998 	EXP 	text_4: text = 'Press space to continue!'
26.4403 	EXP 	text_3: text = 'You will first see one image on the computer screen. Try to bring to mind the associated image pair.'
26.4403 	EXP 	text_4: text = 'Press space to continue!'
26.4836 	EXP 	text_3: text = 'You will first see one image on the computer screen. Try to bring to mind the associated image pair.'
26.4836 	EXP 	text_4: text = 'Press space to continue!'
26.5247 	EXP 	text_3: text = 'You will first see one image on the computer screen. Try to bring to mind the associated image pair.'
26.5247 	EXP 	text_4: text = 'Press space to continue!'
26.5666 	EXP 	text_3: text = 'You will first see one image on the computer screen. Try to bring to mind the associated image pair.'
26.5666 	EXP 	text_4: text = 'Press space to continue!'
26.6074 	EXP 	text_3: text = 'You will first see one image on the computer screen. Try to bring to mind the associated image pair.'
26.6074 	EXP 	text_4: text = 'Press space to continue!'
26.6164 	EXP 	New trial (rep=0, index=2): OrderedDict([('instructions1', 'In this situation, you would try to imagine the book.'), ('Instructions2', 'Press space to continue!'), ('Image1', 'instruction_images/jessica_alba.jpg'), ('Image2', None), ('Image3', None), ('Image_4', None), ('position_1x', 0), ('position_1y', 0.3), ('position_2x', 0.0), ('position_2y', -0.4), ('J_key', 'J'), ('K_key', 'K'), ('L_key', 'L')])
26.6496 	DATA 	Keypress: space
26.6662 	EXP 	text_3: autoDraw = False
26.6662 	EXP 	text_4: autoDraw = False
26.6662 	EXP 	image_3: autoDraw = False
26.6662 	EXP 	text_3: autoDraw = True
26.6662 	EXP 	text_4: autoDraw = True
26.6662 	EXP 	image_3: autoDraw = True
26.6662 	EXP 	text_3: text = 'In this situation, you would try to imagine the book.'
26.6662 	EXP 	text_4: text = 'Press space to continue!'
26.7008 	EXP 	text_3: text = 'In this situation, you would try to imagine the book.'
26.7008 	EXP 	text_4: text = 'Press space to continue!'
26.7376 	EXP 	text_3: text = 'In this situation, you would try to imagine the book.'
26.7376 	EXP 	text_4: text = 'Press space to continue!'
26.7736 	EXP 	text_3: text = 'In this situation, you would try to imagine the book.'
26.7736 	EXP 	text_4: text = 'Press space to continue!'
26.8158 	EXP 	text_3: text = 'In this situation, you would try to imagine the book.'
26.8158 	EXP 	text_4: text = 'Press space to continue!'
26.8505 	EXP 	text_3: text = 'In this situation, you would try to imagine the book.'
26.8505 	EXP 	text_4: text = 'Press space to continue!'
26.8858 	EXP 	text_3: text = 'In this situation, you would try to imagine the book.'
26.8858 	EXP 	text_4: text = 'Press space to continue!'
26.9207 	EXP 	text_3: text = 'In this situation, you would try to imagine the book.'
26.9207 	EXP 	text_4: text = 'Press space to continue!'
26.9562 	EXP 	text_3: text = 'In this situation, you would try to imagine the book.'
26.9562 	EXP 	text_4: text = 'Press space to continue!'
27.0001 	EXP 	text_3: text = 'In this situation, you would try to imagine the book.'
27.0001 	EXP 	text_4: text = 'Press space to continue!'
27.0343 	EXP 	text_3: text = 'In this situation, you would try to imagine the book.'
27.0343 	EXP 	text_4: text = 'Press space to continue!'
27.0696 	EXP 	text_3: text = 'In this situation, you would try to imagine the book.'
27.0696 	EXP 	text_4: text = 'Press space to continue!'
27.1054 	EXP 	text_3: text = 'In this situation, you would try to imagine the book.'
27.1054 	EXP 	text_4: text = 'Press space to continue!'
27.1499 	EXP 	text_3: text = 'In this situation, you would try to imagine the book.'
27.1499 	EXP 	text_4: text = 'Press space to continue!'
27.1855 	EXP 	text_3: text = 'In this situation, you would try to imagine the book.'
27.1855 	EXP 	text_4: text = 'Press space to continue!'
27.2206 	EXP 	text_3: text = 'In this situation, you would try to imagine the book.'
27.2206 	EXP 	text_4: text = 'Press space to continue!'
27.2557 	EXP 	text_3: text = 'In this situation, you would try to imagine the book.'
27.2557 	EXP 	text_4: text = 'Press space to continue!'
27.2994 	EXP 	text_3: text = 'In this situation, you would try to imagine the book.'
27.2994 	EXP 	text_4: text = 'Press space to continue!'
27.3355 	EXP 	text_3: text = 'In this situation, you would try to imagine the book.'
27.3355 	EXP 	text_4: text = 'Press space to continue!'
27.3707 	EXP 	text_3: text = 'In this situation, you would try to imagine the book.'
27.3707 	EXP 	text_4: text = 'Press space to continue!'
27.4069 	EXP 	text_3: text = 'In this situation, you would try to imagine the book.'
27.4069 	EXP 	text_4: text = 'Press space to continue!'
27.4487 	EXP 	text_3: text = 'In this situation, you would try to imagine the book.'
27.4487 	EXP 	text_4: text = 'Press space to continue!'
27.4841 	EXP 	text_3: text = 'In this situation, you would try to imagine the book.'
27.4841 	EXP 	text_4: text = 'Press space to continue!'
27.5201 	EXP 	text_3: text = 'In this situation, you would try to imagine the book.'
27.5201 	EXP 	text_4: text = 'Press space to continue!'
27.5658 	EXP 	text_3: text = 'In this situation, you would try to imagine the book.'
27.5658 	EXP 	text_4: text = 'Press space to continue!'
27.6021 	EXP 	text_3: text = 'In this situation, you would try to imagine the book.'
27.6021 	EXP 	text_4: text = 'Press space to continue!'
27.6370 	EXP 	text_3: text = 'In this situation, you would try to imagine the book.'
27.6370 	EXP 	text_4: text = 'Press space to continue!'
27.6729 	EXP 	text_3: text = 'In this situation, you would try to imagine the book.'
27.6729 	EXP 	text_4: text = 'Press space to continue!'
27.7159 	EXP 	text_3: text = 'In this situation, you would try to imagine the book.'
27.7159 	EXP 	text_4: text = 'Press space to continue!'
27.7519 	EXP 	text_3: text = 'In this situation, you would try to imagine the book.'
27.7519 	EXP 	text_4: text = 'Press space to continue!'
27.7876 	EXP 	text_3: text = 'In this situation, you would try to imagine the book.'
27.7876 	EXP 	text_4: text = 'Press space to continue!'
27.8236 	EXP 	text_3: text = 'In this situation, you would try to imagine the book.'
27.8236 	EXP 	text_4: text = 'Press space to continue!'
27.8656 	EXP 	text_3: text = 'In this situation, you would try to imagine the book.'
27.8656 	EXP 	text_4: text = 'Press space to continue!'
27.9009 	EXP 	text_3: text = 'In this situation, you would try to imagine the book.'
27.9009 	EXP 	text_4: text = 'Press space to continue!'
27.9260 	DATA 	Keypress: space
27.9392 	EXP 	text_3: text = 'In this situation, you would try to imagine the book.'
27.9392 	EXP 	text_4: text = 'Press space to continue!'
27.9587 	EXP 	Imported instructions_intentional_encoding.xlsx as conditions, 5 conditions, 13 params
27.9589 	EXP 	Created sequence: sequential, trialTypes=5, nReps=1, seed=None
27.9594 	EXP 	New trial (rep=0, index=0): OrderedDict([('instructions1', 'After you see one of the images, you will see three other images. Try to select the correct image pair.'), ('Instructions2', 'Press space to continue!'), ('Image1', 'instruction_images/jessica_alba.jpg'), ('Image2', 'instruction_images/oldBook.png'), ('Image3', 'instruction_images/oldBook.png'), ('Image_4', 'instruction_images/oldBook.png'), ('position_1x', 0), ('position_1y', 0.3), ('position_2x', 0.0), ('position_2y', -0.4), ('J_key', 'J'), ('K_key', 'K'), ('L_key', 'L')])
28.1006 	EXP 	text_3: autoDraw = False
28.1006 	EXP 	text_4: autoDraw = False
28.1006 	EXP 	image_3: autoDraw = False
28.1006 	EXP 	K: text = 'K'
28.1006 	EXP 	L: text = 'L'
28.1006 	EXP 	J: text = 'J'
28.1006 	EXP 	text_5: autoDraw = True
28.1006 	EXP 	text_8: autoDraw = True
28.1006 	EXP 	image: autoDraw = True
28.1006 	EXP 	image_2: autoDraw = True
28.1006 	EXP 	image_5: autoDraw = True
28.1006 	EXP 	image_6: autoDraw = True
28.1006 	EXP 	K: autoDraw = True
28.1006 	EXP 	L: autoDraw = True
28.1006 	EXP 	J: autoDraw = True
28.1006 	EXP 	text_5: text = 'After you see one of the images, you will see three other images. Try to select the correct image pair.'
28.1006 	EXP 	text_8: text = 'Press space to continue!'
28.1006 	EXP 	K: text = 'K'
28.1006 	EXP 	L: text = 'L'
28.1006 	EXP 	J: text = 'J'
28.1825 	EXP 	text_5: text = 'After you see one of the images, you will see three other images. Try to select the correct image pair.'
28.1825 	EXP 	text_8: text = 'Press space to continue!'
28.1825 	EXP 	K: text = 'K'
28.1825 	EXP 	L: text = 'L'
28.1825 	EXP 	J: text = 'J'
28.2658 	EXP 	text_5: text = 'After you see one of the images, you will see three other images. Try to select the correct image pair.'
28.2658 	EXP 	text_8: text = 'Press space to continue!'
28.2658 	EXP 	K: text = 'K'
28.2658 	EXP 	L: text = 'L'
28.2658 	EXP 	J: text = 'J'
28.3489 	EXP 	text_5: text = 'After you see one of the images, you will see three other images. Try to select the correct image pair.'
28.3489 	EXP 	text_8: text = 'Press space to continue!'
28.3489 	EXP 	K: text = 'K'
28.3489 	EXP 	L: text = 'L'
28.3489 	EXP 	J: text = 'J'
28.4329 	EXP 	text_5: text = 'After you see one of the images, you will see three other images. Try to select the correct image pair.'
28.4329 	EXP 	text_8: text = 'Press space to continue!'
28.4329 	EXP 	K: text = 'K'
28.4329 	EXP 	L: text = 'L'
28.4329 	EXP 	J: text = 'J'
28.5151 	EXP 	text_5: text = 'After you see one of the images, you will see three other images. Try to select the correct image pair.'
28.5151 	EXP 	text_8: text = 'Press space to continue!'
28.5151 	EXP 	K: text = 'K'
28.5151 	EXP 	L: text = 'L'
28.5151 	EXP 	J: text = 'J'
28.5989 	EXP 	text_5: text = 'After you see one of the images, you will see three other images. Try to select the correct image pair.'
28.5989 	EXP 	text_8: text = 'Press space to continue!'
28.5989 	EXP 	K: text = 'K'
28.5989 	EXP 	L: text = 'L'
28.5989 	EXP 	J: text = 'J'
28.6827 	EXP 	text_5: text = 'After you see one of the images, you will see three other images. Try to select the correct image pair.'
28.6827 	EXP 	text_8: text = 'Press space to continue!'
28.6827 	EXP 	K: text = 'K'
28.6827 	EXP 	L: text = 'L'
28.6827 	EXP 	J: text = 'J'
28.7654 	EXP 	text_5: text = 'After you see one of the images, you will see three other images. Try to select the correct image pair.'
28.7654 	EXP 	text_8: text = 'Press space to continue!'
28.7654 	EXP 	K: text = 'K'
28.7654 	EXP 	L: text = 'L'
28.7654 	EXP 	J: text = 'J'
28.8487 	EXP 	text_5: text = 'After you see one of the images, you will see three other images. Try to select the correct image pair.'
28.8487 	EXP 	text_8: text = 'Press space to continue!'
28.8487 	EXP 	K: text = 'K'
28.8487 	EXP 	L: text = 'L'
28.8487 	EXP 	J: text = 'J'
28.9327 	EXP 	text_5: text = 'After you see one of the images, you will see three other images. Try to select the correct image pair.'
28.9327 	EXP 	text_8: text = 'Press space to continue!'
28.9327 	EXP 	K: text = 'K'
28.9327 	EXP 	L: text = 'L'
28.9327 	EXP 	J: text = 'J'
29.0156 	EXP 	text_5: text = 'After you see one of the images, you will see three other images. Try to select the correct image pair.'
29.0156 	EXP 	text_8: text = 'Press space to continue!'
29.0156 	EXP 	K: text = 'K'
29.0156 	EXP 	L: text = 'L'
29.0156 	EXP 	J: text = 'J'
29.0993 	EXP 	text_5: text = 'After you see one of the images, you will see three other images. Try to select the correct image pair.'
29.0993 	EXP 	text_8: text = 'Press space to continue!'
29.0993 	EXP 	K: text = 'K'
29.0993 	EXP 	L: text = 'L'
29.0993 	EXP 	J: text = 'J'
29.1826 	EXP 	text_5: text = 'After you see one of the images, you will see three other images. Try to select the correct image pair.'
29.1826 	EXP 	text_8: text = 'Press space to continue!'
29.1826 	EXP 	K: text = 'K'
29.1826 	EXP 	L: text = 'L'
29.1826 	EXP 	J: text = 'J'
29.2662 	EXP 	text_5: text = 'After you see one of the images, you will see three other images. Try to select the correct image pair.'
29.2662 	EXP 	text_8: text = 'Press space to continue!'
29.2662 	EXP 	K: text = 'K'
29.2662 	EXP 	L: text = 'L'
29.2662 	EXP 	J: text = 'J'
29.3496 	EXP 	text_5: text = 'After you see one of the images, you will see three other images. Try to select the correct image pair.'
29.3496 	EXP 	text_8: text = 'Press space to continue!'
29.3496 	EXP 	K: text = 'K'
29.3496 	EXP 	L: text = 'L'
29.3496 	EXP 	J: text = 'J'
29.4322 	EXP 	text_5: text = 'After you see one of the images, you will see three other images. Try to select the correct image pair.'
29.4322 	EXP 	text_8: text = 'Press space to continue!'
29.4322 	EXP 	K: text = 'K'
29.4322 	EXP 	L: text = 'L'
29.4322 	EXP 	J: text = 'J'
29.5156 	EXP 	text_5: text = 'After you see one of the images, you will see three other images. Try to select the correct image pair.'
29.5156 	EXP 	text_8: text = 'Press space to continue!'
29.5156 	EXP 	K: text = 'K'
29.5156 	EXP 	L: text = 'L'
29.5156 	EXP 	J: text = 'J'
29.5986 	EXP 	text_5: text = 'After you see one of the images, you will see three other images. Try to select the correct image pair.'
29.5986 	EXP 	text_8: text = 'Press space to continue!'
29.5986 	EXP 	K: text = 'K'
29.5986 	EXP 	L: text = 'L'
29.5986 	EXP 	J: text = 'J'
29.6825 	EXP 	text_5: text = 'After you see one of the images, you will see three other images. Try to select the correct image pair.'
29.6825 	EXP 	text_8: text = 'Press space to continue!'
29.6825 	EXP 	K: text = 'K'
29.6825 	EXP 	L: text = 'L'
29.6825 	EXP 	J: text = 'J'
29.7662 	EXP 	text_5: text = 'After you see one of the images, you will see three other images. Try to select the correct image pair.'
29.7662 	EXP 	text_8: text = 'Press space to continue!'
29.7662 	EXP 	K: text = 'K'
29.7662 	EXP 	L: text = 'L'
29.7662 	EXP 	J: text = 'J'
29.8491 	EXP 	text_5: text = 'After you see one of the images, you will see three other images. Try to select the correct image pair.'
29.8491 	EXP 	text_8: text = 'Press space to continue!'
29.8491 	EXP 	K: text = 'K'
29.8491 	EXP 	L: text = 'L'
29.8491 	EXP 	J: text = 'J'
29.9327 	EXP 	text_5: text = 'After you see one of the images, you will see three other images. Try to select the correct image pair.'
29.9327 	EXP 	text_8: text = 'Press space to continue!'
29.9327 	EXP 	K: text = 'K'
29.9327 	EXP 	L: text = 'L'
29.9327 	EXP 	J: text = 'J'
30.0092 	EXP 	text_5: text = 'After you see one of the images, you will see three other images. Try to select the correct image pair.'
30.0092 	EXP 	text_8: text = 'Press space to continue!'
30.0092 	EXP 	K: text = 'K'
30.0092 	EXP 	L: text = 'L'
30.0092 	EXP 	J: text = 'J'
30.0876 	EXP 	text_5: text = 'After you see one of the images, you will see three other images. Try to select the correct image pair.'
30.0876 	EXP 	text_8: text = 'Press space to continue!'
30.0876 	EXP 	K: text = 'K'
30.0876 	EXP 	L: text = 'L'
30.0876 	EXP 	J: text = 'J'
30.1656 	EXP 	text_5: text = 'After you see one of the images, you will see three other images. Try to select the correct image pair.'
30.1656 	EXP 	text_8: text = 'Press space to continue!'
30.1656 	EXP 	K: text = 'K'
30.1656 	EXP 	L: text = 'L'
30.1656 	EXP 	J: text = 'J'
30.2408 	EXP 	text_5: text = 'After you see one of the images, you will see three other images. Try to select the correct image pair.'
30.2408 	EXP 	text_8: text = 'Press space to continue!'
30.2408 	EXP 	K: text = 'K'
30.2408 	EXP 	L: text = 'L'
30.2408 	EXP 	J: text = 'J'
30.3163 	EXP 	text_5: text = 'After you see one of the images, you will see three other images. Try to select the correct image pair.'
30.3163 	EXP 	text_8: text = 'Press space to continue!'
30.3163 	EXP 	K: text = 'K'
30.3163 	EXP 	L: text = 'L'
30.3163 	EXP 	J: text = 'J'
30.3982 	EXP 	text_5: text = 'After you see one of the images, you will see three other images. Try to select the correct image pair.'
30.3982 	EXP 	text_8: text = 'Press space to continue!'
30.3982 	EXP 	K: text = 'K'
30.3982 	EXP 	L: text = 'L'
30.3982 	EXP 	J: text = 'J'
30.4736 	EXP 	text_5: text = 'After you see one of the images, you will see three other images. Try to select the correct image pair.'
30.4736 	EXP 	text_8: text = 'Press space to continue!'
30.4736 	EXP 	K: text = 'K'
30.4736 	EXP 	L: text = 'L'
30.4736 	EXP 	J: text = 'J'
30.5519 	EXP 	text_5: text = 'After you see one of the images, you will see three other images. Try to select the correct image pair.'
30.5519 	EXP 	text_8: text = 'Press space to continue!'
30.5519 	EXP 	K: text = 'K'
30.5519 	EXP 	L: text = 'L'
30.5519 	EXP 	J: text = 'J'
30.6322 	EXP 	text_5: text = 'After you see one of the images, you will see three other images. Try to select the correct image pair.'
30.6322 	EXP 	text_8: text = 'Press space to continue!'
30.6322 	EXP 	K: text = 'K'
30.6322 	EXP 	L: text = 'L'
30.6322 	EXP 	J: text = 'J'
30.7082 	EXP 	text_5: text = 'After you see one of the images, you will see three other images. Try to select the correct image pair.'
30.7082 	EXP 	text_8: text = 'Press space to continue!'
30.7082 	EXP 	K: text = 'K'
30.7082 	EXP 	L: text = 'L'
30.7082 	EXP 	J: text = 'J'
30.7839 	EXP 	text_5: text = 'After you see one of the images, you will see three other images. Try to select the correct image pair.'
30.7839 	EXP 	text_8: text = 'Press space to continue!'
30.7839 	EXP 	K: text = 'K'
30.7839 	EXP 	L: text = 'L'
30.7839 	EXP 	J: text = 'J'
30.8603 	EXP 	text_5: text = 'After you see one of the images, you will see three other images. Try to select the correct image pair.'
30.8603 	EXP 	text_8: text = 'Press space to continue!'
30.8603 	EXP 	K: text = 'K'
30.8603 	EXP 	L: text = 'L'
30.8603 	EXP 	J: text = 'J'
30.9349 	EXP 	text_5: text = 'After you see one of the images, you will see three other images. Try to select the correct image pair.'
30.9349 	EXP 	text_8: text = 'Press space to continue!'
30.9349 	EXP 	K: text = 'K'
30.9349 	EXP 	L: text = 'L'
30.9349 	EXP 	J: text = 'J'
31.0160 	EXP 	text_5: text = 'After you see one of the images, you will see three other images. Try to select the correct image pair.'
31.0160 	EXP 	text_8: text = 'Press space to continue!'
31.0160 	EXP 	K: text = 'K'
31.0160 	EXP 	L: text = 'L'
31.0160 	EXP 	J: text = 'J'
31.0930 	EXP 	text_5: text = 'After you see one of the images, you will see three other images. Try to select the correct image pair.'
31.0930 	EXP 	text_8: text = 'Press space to continue!'
31.0930 	EXP 	K: text = 'K'
31.0930 	EXP 	L: text = 'L'
31.0930 	EXP 	J: text = 'J'
31.1703 	EXP 	text_5: text = 'After you see one of the images, you will see three other images. Try to select the correct image pair.'
31.1703 	EXP 	text_8: text = 'Press space to continue!'
31.1703 	EXP 	K: text = 'K'
31.1703 	EXP 	L: text = 'L'
31.1703 	EXP 	J: text = 'J'
31.2490 	EXP 	text_5: text = 'After you see one of the images, you will see three other images. Try to select the correct image pair.'
31.2490 	EXP 	text_8: text = 'Press space to continue!'
31.2490 	EXP 	K: text = 'K'
31.2490 	EXP 	L: text = 'L'
31.2490 	EXP 	J: text = 'J'
31.3333 	EXP 	text_5: text = 'After you see one of the images, you will see three other images. Try to select the correct image pair.'
31.3333 	EXP 	text_8: text = 'Press space to continue!'
31.3333 	EXP 	K: text = 'K'
31.3333 	EXP 	L: text = 'L'
31.3333 	EXP 	J: text = 'J'
31.4159 	EXP 	text_5: text = 'After you see one of the images, you will see three other images. Try to select the correct image pair.'
31.4159 	EXP 	text_8: text = 'Press space to continue!'
31.4159 	EXP 	K: text = 'K'
31.4159 	EXP 	L: text = 'L'
31.4159 	EXP 	J: text = 'J'
31.4916 	EXP 	text_5: text = 'After you see one of the images, you will see three other images. Try to select the correct image pair.'
31.4916 	EXP 	text_8: text = 'Press space to continue!'
31.4916 	EXP 	K: text = 'K'
31.4916 	EXP 	L: text = 'L'
31.4916 	EXP 	J: text = 'J'
31.5722 	EXP 	text_5: text = 'After you see one of the images, you will see three other images. Try to select the correct image pair.'
31.5722 	EXP 	text_8: text = 'Press space to continue!'
31.5722 	EXP 	K: text = 'K'
31.5722 	EXP 	L: text = 'L'
31.5722 	EXP 	J: text = 'J'
31.6489 	EXP 	text_5: text = 'After you see one of the images, you will see three other images. Try to select the correct image pair.'
31.6489 	EXP 	text_8: text = 'Press space to continue!'
31.6489 	EXP 	K: text = 'K'
31.6489 	EXP 	L: text = 'L'
31.6489 	EXP 	J: text = 'J'
31.7250 	EXP 	text_5: text = 'After you see one of the images, you will see three other images. Try to select the correct image pair.'
31.7250 	EXP 	text_8: text = 'Press space to continue!'
31.7250 	EXP 	K: text = 'K'
31.7250 	EXP 	L: text = 'L'
31.7250 	EXP 	J: text = 'J'
31.8017 	EXP 	text_5: text = 'After you see one of the images, you will see three other images. Try to select the correct image pair.'
31.8017 	EXP 	text_8: text = 'Press space to continue!'
31.8017 	EXP 	K: text = 'K'
31.8017 	EXP 	L: text = 'L'
31.8017 	EXP 	J: text = 'J'
31.8828 	EXP 	text_5: text = 'After you see one of the images, you will see three other images. Try to select the correct image pair.'
31.8828 	EXP 	text_8: text = 'Press space to continue!'
31.8828 	EXP 	K: text = 'K'
31.8828 	EXP 	L: text = 'L'
31.8828 	EXP 	J: text = 'J'
31.9598 	EXP 	text_5: text = 'After you see one of the images, you will see three other images. Try to select the correct image pair.'
31.9598 	EXP 	text_8: text = 'Press space to continue!'
31.9598 	EXP 	K: text = 'K'
31.9598 	EXP 	L: text = 'L'
31.9598 	EXP 	J: text = 'J'
32.0359 	EXP 	text_5: text = 'After you see one of the images, you will see three other images. Try to select the correct image pair.'
32.0359 	EXP 	text_8: text = 'Press space to continue!'
32.0359 	EXP 	K: text = 'K'
32.0359 	EXP 	L: text = 'L'
32.0359 	EXP 	J: text = 'J'
32.1160 	EXP 	text_5: text = 'After you see one of the images, you will see three other images. Try to select the correct image pair.'
32.1160 	EXP 	text_8: text = 'Press space to continue!'
32.1160 	EXP 	K: text = 'K'
32.1160 	EXP 	L: text = 'L'
32.1160 	EXP 	J: text = 'J'
32.1925 	EXP 	text_5: text = 'After you see one of the images, you will see three other images. Try to select the correct image pair.'
32.1925 	EXP 	text_8: text = 'Press space to continue!'
32.1925 	EXP 	K: text = 'K'
32.1925 	EXP 	L: text = 'L'
32.1925 	EXP 	J: text = 'J'
32.2666 	EXP 	text_5: text = 'After you see one of the images, you will see three other images. Try to select the correct image pair.'
32.2666 	EXP 	text_8: text = 'Press space to continue!'
32.2666 	EXP 	K: text = 'K'
32.2666 	EXP 	L: text = 'L'
32.2666 	EXP 	J: text = 'J'
32.3439 	EXP 	text_5: text = 'After you see one of the images, you will see three other images. Try to select the correct image pair.'
32.3439 	EXP 	text_8: text = 'Press space to continue!'
32.3439 	EXP 	K: text = 'K'
32.3439 	EXP 	L: text = 'L'
32.3439 	EXP 	J: text = 'J'
32.4199 	EXP 	text_5: text = 'After you see one of the images, you will see three other images. Try to select the correct image pair.'
32.4199 	EXP 	text_8: text = 'Press space to continue!'
32.4199 	EXP 	K: text = 'K'
32.4199 	EXP 	L: text = 'L'
32.4199 	EXP 	J: text = 'J'
32.4986 	EXP 	text_5: text = 'After you see one of the images, you will see three other images. Try to select the correct image pair.'
32.4986 	EXP 	text_8: text = 'Press space to continue!'
32.4986 	EXP 	K: text = 'K'
32.4986 	EXP 	L: text = 'L'
32.4986 	EXP 	J: text = 'J'
32.5990 	EXP 	text_5: text = 'After you see one of the images, you will see three other images. Try to select the correct image pair.'
32.5990 	EXP 	text_8: text = 'Press space to continue!'
32.5990 	EXP 	K: text = 'K'
32.5990 	EXP 	L: text = 'L'
32.5990 	EXP 	J: text = 'J'
32.6826 	EXP 	text_5: text = 'After you see one of the images, you will see three other images. Try to select the correct image pair.'
32.6826 	EXP 	text_8: text = 'Press space to continue!'
32.6826 	EXP 	K: text = 'K'
32.6826 	EXP 	L: text = 'L'
32.6826 	EXP 	J: text = 'J'
32.7585 	EXP 	text_5: text = 'After you see one of the images, you will see three other images. Try to select the correct image pair.'
32.7585 	EXP 	text_8: text = 'Press space to continue!'
32.7585 	EXP 	K: text = 'K'
32.7585 	EXP 	L: text = 'L'
32.7585 	EXP 	J: text = 'J'
32.8332 	EXP 	text_5: text = 'After you see one of the images, you will see three other images. Try to select the correct image pair.'
32.8332 	EXP 	text_8: text = 'Press space to continue!'
32.8332 	EXP 	K: text = 'K'
32.8332 	EXP 	L: text = 'L'
32.8332 	EXP 	J: text = 'J'
32.9157 	EXP 	text_5: text = 'After you see one of the images, you will see three other images. Try to select the correct image pair.'
32.9157 	EXP 	text_8: text = 'Press space to continue!'
32.9157 	EXP 	K: text = 'K'
32.9157 	EXP 	L: text = 'L'
32.9157 	EXP 	J: text = 'J'
32.9918 	EXP 	text_5: text = 'After you see one of the images, you will see three other images. Try to select the correct image pair.'
32.9918 	EXP 	text_8: text = 'Press space to continue!'
32.9918 	EXP 	K: text = 'K'
32.9918 	EXP 	L: text = 'L'
32.9918 	EXP 	J: text = 'J'
33.0661 	EXP 	text_5: text = 'After you see one of the images, you will see three other images. Try to select the correct image pair.'
33.0661 	EXP 	text_8: text = 'Press space to continue!'
33.0661 	EXP 	K: text = 'K'
33.0661 	EXP 	L: text = 'L'
33.0661 	EXP 	J: text = 'J'
33.1432 	EXP 	text_5: text = 'After you see one of the images, you will see three other images. Try to select the correct image pair.'
33.1432 	EXP 	text_8: text = 'Press space to continue!'
33.1432 	EXP 	K: text = 'K'
33.1432 	EXP 	L: text = 'L'
33.1432 	EXP 	J: text = 'J'
33.2076 	DATA 	Keypress: space
33.2232 	EXP 	text_5: text = 'After you see one of the images, you will see three other images. Try to select the correct image pair.'
33.2232 	EXP 	text_8: text = 'Press space to continue!'
33.2232 	EXP 	K: text = 'K'
33.2232 	EXP 	L: text = 'L'
33.2232 	EXP 	J: text = 'J'
33.2623 	EXP 	New trial (rep=0, index=1): OrderedDict([('instructions1', "The response options are below each image. In this case, you should press 'J' because the book was paired with the woman, Jessica Alba."), ('Instructions2', 'Press space to continue!'), ('Image1', None), ('Image2', 'instruction_images/oldBook.png'), ('Image3', 'instruction_images/oldBook.png'), ('Image_4', 'instruction_images/oldBook.png'), ('position_1x', 0), ('position_1y', 0.3), ('position_2x', 0.0), ('position_2y', -0.4), ('J_key', 'J'), ('K_key', 'K'), ('L_key', 'L')])
33.3492 	EXP 	text_5: autoDraw = False
33.3492 	EXP 	text_8: autoDraw = False
33.3492 	EXP 	image: autoDraw = False
33.3492 	EXP 	image_2: autoDraw = False
33.3492 	EXP 	image_5: autoDraw = False
33.3492 	EXP 	image_6: autoDraw = False
33.3492 	EXP 	K: autoDraw = False
33.3492 	EXP 	L: autoDraw = False
33.3492 	EXP 	J: autoDraw = False
33.3492 	EXP 	K: text = 'K'
33.3492 	EXP 	L: text = 'L'
33.3492 	EXP 	J: text = 'J'
33.3492 	EXP 	text_5: autoDraw = True
33.3492 	EXP 	text_8: autoDraw = True
33.3492 	EXP 	image: autoDraw = True
33.3492 	EXP 	image_2: autoDraw = True
33.3492 	EXP 	image_5: autoDraw = True
33.3492 	EXP 	image_6: autoDraw = True
33.3492 	EXP 	K: autoDraw = True
33.3492 	EXP 	L: autoDraw = True
33.3492 	EXP 	J: autoDraw = True
33.3492 	EXP 	text_5: text = "The response options are below each image. In this case, you should press 'J' because the book was paired with the woman, Jessica Alba."
33.3492 	EXP 	text_8: text = 'Press space to continue!'
33.3492 	EXP 	K: text = 'K'
33.3492 	EXP 	L: text = 'L'
33.3492 	EXP 	J: text = 'J'
33.4212 	EXP 	text_5: text = "The response options are below each image. In this case, you should press 'J' because the book was paired with the woman, Jessica Alba."
33.4212 	EXP 	text_8: text = 'Press space to continue!'
33.4212 	EXP 	K: text = 'K'
33.4212 	EXP 	L: text = 'L'
33.4212 	EXP 	J: text = 'J'
33.4921 	EXP 	text_5: text = "The response options are below each image. In this case, you should press 'J' because the book was paired with the woman, Jessica Alba."
33.4921 	EXP 	text_8: text = 'Press space to continue!'
33.4921 	EXP 	K: text = 'K'
33.4921 	EXP 	L: text = 'L'
33.4921 	EXP 	J: text = 'J'
33.5659 	EXP 	text_5: text = "The response options are below each image. In this case, you should press 'J' because the book was paired with the woman, Jessica Alba."
33.5659 	EXP 	text_8: text = 'Press space to continue!'
33.5659 	EXP 	K: text = 'K'
33.5659 	EXP 	L: text = 'L'
33.5659 	EXP 	J: text = 'J'
33.6371 	EXP 	text_5: text = "The response options are below each image. In this case, you should press 'J' because the book was paired with the woman, Jessica Alba."
33.6371 	EXP 	text_8: text = 'Press space to continue!'
33.6371 	EXP 	K: text = 'K'
33.6371 	EXP 	L: text = 'L'
33.6371 	EXP 	J: text = 'J'
33.7158 	EXP 	text_5: text = "The response options are below each image. In this case, you should press 'J' because the book was paired with the woman, Jessica Alba."
33.7158 	EXP 	text_8: text = 'Press space to continue!'
33.7158 	EXP 	K: text = 'K'
33.7158 	EXP 	L: text = 'L'
33.7158 	EXP 	J: text = 'J'
33.7870 	EXP 	text_5: text = "The response options are below each image. In this case, you should press 'J' because the book was paired with the woman, Jessica Alba."
33.7870 	EXP 	text_8: text = 'Press space to continue!'
33.7870 	EXP 	K: text = 'K'
33.7870 	EXP 	L: text = 'L'
33.7870 	EXP 	J: text = 'J'
33.8589 	EXP 	text_5: text = "The response options are below each image. In this case, you should press 'J' because the book was paired with the woman, Jessica Alba."
33.8589 	EXP 	text_8: text = 'Press space to continue!'
33.8589 	EXP 	K: text = 'K'
33.8589 	EXP 	L: text = 'L'
33.8589 	EXP 	J: text = 'J'
33.9319 	EXP 	text_5: text = "The response options are below each image. In this case, you should press 'J' because the book was paired with the woman, Jessica Alba."
33.9319 	EXP 	text_8: text = 'Press space to continue!'
33.9319 	EXP 	K: text = 'K'
33.9319 	EXP 	L: text = 'L'
33.9319 	EXP 	J: text = 'J'
34.0034 	EXP 	text_5: text = "The response options are below each image. In this case, you should press 'J' because the book was paired with the woman, Jessica Alba."
34.0034 	EXP 	text_8: text = 'Press space to continue!'
34.0034 	EXP 	K: text = 'K'
34.0034 	EXP 	L: text = 'L'
34.0034 	EXP 	J: text = 'J'
34.0735 	EXP 	text_5: text = "The response options are below each image. In this case, you should press 'J' because the book was paired with the woman, Jessica Alba."
34.0735 	EXP 	text_8: text = 'Press space to continue!'
34.0735 	EXP 	K: text = 'K'
34.0735 	EXP 	L: text = 'L'
34.0735 	EXP 	J: text = 'J'
34.1481 	EXP 	text_5: text = "The response options are below each image. In this case, you should press 'J' because the book was paired with the woman, Jessica Alba."
34.1481 	EXP 	text_8: text = 'Press space to continue!'
34.1481 	EXP 	K: text = 'K'
34.1481 	EXP 	L: text = 'L'
34.1481 	EXP 	J: text = 'J'
34.2194 	EXP 	text_5: text = "The response options are below each image. In this case, you should press 'J' because the book was paired with the woman, Jessica Alba."
34.2194 	EXP 	text_8: text = 'Press space to continue!'
34.2194 	EXP 	K: text = 'K'
34.2194 	EXP 	L: text = 'L'
34.2194 	EXP 	J: text = 'J'
34.2907 	EXP 	text_5: text = "The response options are below each image. In this case, you should press 'J' because the book was paired with the woman, Jessica Alba."
34.2907 	EXP 	text_8: text = 'Press space to continue!'
34.2907 	EXP 	K: text = 'K'
34.2907 	EXP 	L: text = 'L'
34.2907 	EXP 	J: text = 'J'
34.3656 	EXP 	text_5: text = "The response options are below each image. In this case, you should press 'J' because the book was paired with the woman, Jessica Alba."
34.3656 	EXP 	text_8: text = 'Press space to continue!'
34.3656 	EXP 	K: text = 'K'
34.3656 	EXP 	L: text = 'L'
34.3656 	EXP 	J: text = 'J'
34.4379 	EXP 	text_5: text = "The response options are below each image. In this case, you should press 'J' because the book was paired with the woman, Jessica Alba."
34.4379 	EXP 	text_8: text = 'Press space to continue!'
34.4379 	EXP 	K: text = 'K'
34.4379 	EXP 	L: text = 'L'
34.4379 	EXP 	J: text = 'J'
34.5085 	EXP 	text_5: text = "The response options are below each image. In this case, you should press 'J' because the book was paired with the woman, Jessica Alba."
34.5085 	EXP 	text_8: text = 'Press space to continue!'
34.5085 	EXP 	K: text = 'K'
34.5085 	EXP 	L: text = 'L'
34.5085 	EXP 	J: text = 'J'
34.5824 	EXP 	text_5: text = "The response options are below each image. In this case, you should press 'J' because the book was paired with the woman, Jessica Alba."
34.5824 	EXP 	text_8: text = 'Press space to continue!'
34.5824 	EXP 	K: text = 'K'
34.5824 	EXP 	L: text = 'L'
34.5824 	EXP 	J: text = 'J'
34.6547 	EXP 	text_5: text = "The response options are below each image. In this case, you should press 'J' because the book was paired with the woman, Jessica Alba."
34.6547 	EXP 	text_8: text = 'Press space to continue!'
34.6547 	EXP 	K: text = 'K'
34.6547 	EXP 	L: text = 'L'
34.6547 	EXP 	J: text = 'J'
34.7317 	EXP 	text_5: text = "The response options are below each image. In this case, you should press 'J' because the book was paired with the woman, Jessica Alba."
34.7317 	EXP 	text_8: text = 'Press space to continue!'
34.7317 	EXP 	K: text = 'K'
34.7317 	EXP 	L: text = 'L'
34.7317 	EXP 	J: text = 'J'
34.7901 	DATA 	Keypress: escape
34.8047 	EXP 	text_5: text = "The response options are below each image. In this case, you should press 'J' because the book was paired with the woman, Jessica Alba."
34.8047 	EXP 	text_8: text = 'Press space to continue!'
34.8047 	EXP 	K: text = 'K'
34.8047 	EXP 	L: text = 'L'
34.8047 	EXP 	J: text = 'J'
34.8823 	EXP 	text_5: text = "The response options are below each image. In this case, you should press 'J' because the book was paired with the woman, Jessica Alba."
34.8823 	EXP 	text_8: text = 'Press space to continue!'
34.8823 	EXP 	K: text = 'K'
34.8823 	EXP 	L: text = 'L'
34.8823 	EXP 	J: text = 'J'
35.2195 	EXP 	window1: mouseVisible = True
