6.1383 	EXP 	Created window1 = Window(allowGUI=False, allowStencil=False, args=UNKNOWN, autoLog=True, bitsMode=UNKNOWN, blendMode='avg', color=array([0.992, 0.992, 0.992]), colorSpace='rgb', fullscr=<method-wrapper '__getattribute__' of attributeSetter object at 0x1312c7dd8>, gamma=None, gammaErrorPolicy='raise', kwargs=UNKNOWN, lms=UNKNOWN, monitor=<psychopy.monitors.calibTools.Monitor object at 0x131160cf8>, multiSample=False, name='window1', numSamples=2, pos=[360.0, 225.0], screen=0, size=array([2880, 1800]), stereo=False, units='height', useFBO=True, useRetina=True, viewOri=0.0, viewPos=None, viewScale=None, waitBlanking=True, winType='pyglet')
6.1384 	EXP 	window1: recordFrameIntervals = False
6.3050 	EXP 	window1: recordFrameIntervals = True
6.4882 	EXP 	window1: recordFrameIntervals = False
6.8330 	EXP 	Created Instruction_text = TextStim(__class__=<class 'psychopy.visual.text.TextStim'>, alignHoriz='center', alignVert='center', antialias=True, autoLog=True, bold=False, color='black', colorSpace='named', contrast=1.0, depth=0.0, flipHoriz=False, flipVert=False, font='Arial', fontFiles=[], height=0.1, italic=False, languageStyle='LTR', name='Instruction_text', opacity=1.0, ori=0, pos=array([0., 0.]), rgb=array([0., 0., 0.]), text='Remember the image pairs', units='height', win=Window(...), wrapWidth=1)
6.8685 	EXP 	Created a_image = ImageStim(__class__=<class 'psychopy.visual.image.ImageStim'>, autoLog=True, color=array([1., 1., 1.]), colorSpace='rgb', contrast=1.0, depth=0.0, flipHoriz=False, flipVert=False, image='sin', interpolate=True, mask=None, maskParams=None, name='a_image', opacity=1.0, ori=0.0, pos=array([-0.3,  0. ]), size=array([0.5, 0.5]), texRes=128, units='height', win=Window(...))
6.8709 	EXP 	Created b_image = ImageStim(__class__=<class 'psychopy.visual.image.ImageStim'>, autoLog=True, color=array([1., 1., 1.]), colorSpace='rgb', contrast=1.0, depth=-1.0, flipHoriz=False, flipVert=False, image='sin', interpolate=True, mask=None, maskParams=None, name='b_image', opacity=1.0, ori=0.0, pos=array([0.3, 0. ]), size=array([0.5, 0.5]), texRes=128, units='height', win=Window(...))
6.8725 	EXP 	Created a_image_reactivate = ImageStim(__class__=<class 'psychopy.visual.image.ImageStim'>, autoLog=True, color=array([1., 1., 1.]), colorSpace='rgb', contrast=1.0, depth=0.0, flipHoriz=False, flipVert=False, image=None, interpolate=True, mask=None, maskParams=None, name='a_image_reactivate', opacity=1.0, ori=0.0, pos=array([-0.5,  0. ]), size=array([0.5, 0.5]), texRes=128, units='height', win=Window(...))
6.8830 	EXP 	Created instruct_text = TextStim(__class__=<class 'psychopy.visual.text.TextStim'>, alignHoriz='center', alignVert='center', antialias=True, autoLog=True, bold=False, color='white', colorSpace='named', contrast=1.0, depth=-1.0, flipHoriz=False, flipVert=False, font='Arial', fontFiles=[], height=0.1, italic=False, languageStyle='LTR', name='instruct_text', opacity=1.0, ori=0, pos=array([0. , 0.5]), rgb=array([255., 255., 255.]), text='Retrieve the associate', units='height', win=Window(...), wrapWidth=1)
6.9049 	EXP 	Instruction_text: autoDraw = True
7.8205 	EXP 	Imported intentional_encoding.xlsx as conditions, 12 conditions, 4 params
7.8208 	EXP 	Created sequence: sequential, trialTypes=12, nReps=1, seed=None
7.8211 	EXP 	New trial (rep=0, index=0): OrderedDict([('trial', 1), ('image_a', 'images/flipflopsBlue.png'), ('image_b', 'images/amy_poehler_c.jpg'), ('category_b', 'face')])
7.8876 	DATA 	Keypress: space
7.9068 	EXP 	Instruction_text: autoDraw = False
7.9068 	EXP 	a_image: image = 'images/flipflopsBlue.png'
7.9068 	EXP 	b_image: image = 'images/amy_poehler_c.jpg'
8.4064 	EXP 	a_image: autoDraw = True
8.4064 	EXP 	b_image: autoDraw = True
13.3246 	EXP 	New trial (rep=0, index=1): OrderedDict([('trial', 2), ('image_a', 'images/bag_gift.png'), ('image_b', 'images/bill_gates_a.jpg'), ('category_b', 'face')])
13.3733 	EXP 	a_image: autoDraw = False
13.3733 	EXP 	b_image: autoDraw = False
13.3733 	EXP 	a_image: image = 'images/bag_gift.png'
13.3733 	EXP 	b_image: image = 'images/bill_gates_a.jpg'
13.8558 	EXP 	a_image: autoDraw = True
13.8558 	EXP 	b_image: autoDraw = True
14.4268 	DATA 	Keypress: escape
14.8782 	EXP 	window1: mouseVisible = True
