5.0776 	EXP 	Created window1 = Window(allowGUI=False, allowStencil=False, args=UNKNOWN, autoLog=True, bitsMode=UNKNOWN, blendMode='avg', color=array([0.992, 0.992, 0.992]), colorSpace='rgb', fullscr=<method-wrapper '__getattribute__' of attributeSetter object at 0x131376d68>, gamma=None, gammaErrorPolicy='raise', kwargs=UNKNOWN, lms=UNKNOWN, monitor=<psychopy.monitors.calibTools.Monitor object at 0x130b6ac88>, multiSample=False, name='window1', numSamples=2, pos=[360.0, 225.0], screen=0, size=array([2880, 1800]), stereo=False, units='height', useFBO=True, useRetina=True, viewOri=0.0, viewPos=None, viewScale=None, waitBlanking=True, winType='pyglet')
5.0776 	EXP 	window1: recordFrameIntervals = False
5.2434 	EXP 	window1: recordFrameIntervals = True
5.4279 	EXP 	window1: recordFrameIntervals = False
5.7643 	EXP 	Created Instruction_text = TextStim(__class__=<class 'psychopy.visual.text.TextStim'>, alignHoriz='center', alignVert='center', antialias=True, autoLog=True, bold=False, color='black', colorSpace='named', contrast=1.0, depth=0.0, flipHoriz=False, flipVert=False, font='Arial', fontFiles=[], height=0.1, italic=False, languageStyle='LTR', name='Instruction_text', opacity=1.0, ori=0, pos=array([0., 0.]), rgb=array([0., 0., 0.]), text='Remember the image pairs', units='height', win=Window(...), wrapWidth=1)
5.8010 	EXP 	Created a_image = ImageStim(__class__=<class 'psychopy.visual.image.ImageStim'>, autoLog=True, color=array([1., 1., 1.]), colorSpace='rgb', contrast=1.0, depth=0.0, flipHoriz=False, flipVert=False, image='sin', interpolate=True, mask=None, maskParams=None, name='a_image', opacity=1.0, ori=0.0, pos=array([-0.3,  0. ]), size=array([0.5, 0.5]), texRes=128, units='height', win=Window(...))
5.8032 	EXP 	Created b_image = ImageStim(__class__=<class 'psychopy.visual.image.ImageStim'>, autoLog=True, color=array([1., 1., 1.]), colorSpace='rgb', contrast=1.0, depth=-1.0, flipHoriz=False, flipVert=False, image='sin', interpolate=True, mask=None, maskParams=None, name='b_image', opacity=1.0, ori=0.0, pos=array([0.3, 0. ]), size=array([0.5, 0.5]), texRes=128, units='height', win=Window(...))
5.8407 	EXP 	Created text = TextStim(__class__=<class 'psychopy.visual.text.TextStim'>, alignHoriz='center', alignVert='center', antialias=True, autoLog=True, bold=False, color='white', colorSpace='named', contrast=1.0, depth=0.0, flipHoriz=False, flipVert=False, font='Arial', fontFiles=[], height=0.1, italic=False, languageStyle='LTR', name='text', opacity=1.0, ori=0, pos=array([0., 0.]), rgb=array([255., 255., 255.]), text=str(...), units='height', win=Window(...), wrapWidth=1)
5.8609 	EXP 	Instruction_text: autoDraw = True
6.4086 	EXP 	Imported intentional_encoding.xlsx as conditions, 12 conditions, 4 params
6.4091 	EXP 	Created sequence: sequential, trialTypes=12, nReps=1, seed=None
6.4095 	EXP 	New trial (rep=0, index=0): OrderedDict([('trial', 1), ('image_a', 'images/flipflopsBlue.png'), ('image_b', 'images/amy_poehler_c.jpg'), ('category_b', 'face')])
6.4764 	DATA 	Keypress: space
6.4938 	EXP 	Instruction_text: autoDraw = False
6.4938 	EXP 	a_image: image = 'images/flipflopsBlue.png'
6.4938 	EXP 	b_image: image = 'images/amy_poehler_c.jpg'
6.9932 	EXP 	a_image: autoDraw = True
6.9932 	EXP 	b_image: autoDraw = True
7.4124 	EXP 	New trial (rep=0, index=1): OrderedDict([('trial', 2), ('image_a', 'images/bag_gift.png'), ('image_b', 'images/bill_gates_a.jpg'), ('category_b', 'face')])
7.4431 	EXP 	a_image: autoDraw = False
7.4431 	EXP 	b_image: autoDraw = False
7.4431 	EXP 	a_image: image = 'images/bag_gift.png'
7.4431 	EXP 	b_image: image = 'images/bill_gates_a.jpg'
7.9246 	EXP 	a_image: autoDraw = True
7.9246 	EXP 	b_image: autoDraw = True
8.4089 	EXP 	New trial (rep=0, index=2): OrderedDict([('trial', 3), ('image_a', 'images/ball_8.png'), ('image_b', 'images/courtney_cox_c.jpg'), ('category_b', 'face')])
8.4408 	EXP 	a_image: autoDraw = False
8.4408 	EXP 	b_image: autoDraw = False
8.4408 	EXP 	a_image: image = 'images/ball_8.png'
8.4408 	EXP 	b_image: image = 'images/courtney_cox_c.jpg'
8.9244 	EXP 	a_image: autoDraw = True
8.9244 	EXP 	b_image: autoDraw = True
9.4088 	EXP 	New trial (rep=0, index=3): OrderedDict([('trial', 4), ('image_a', 'images/ball_baseball.png'), ('image_b', 'images/dakota_fanning_c.jpg'), ('category_b', 'face')])
9.4416 	EXP 	a_image: autoDraw = False
9.4416 	EXP 	b_image: autoDraw = False
9.4416 	EXP 	a_image: image = 'images/ball_baseball.png'
9.4416 	EXP 	b_image: image = 'images/dakota_fanning_c.jpg'
9.9242 	EXP 	a_image: autoDraw = True
9.9242 	EXP 	b_image: autoDraw = True
10.4086 	EXP 	New trial (rep=0, index=4): OrderedDict([('trial', 5), ('image_a', 'images/balloon.jpg'), ('image_b', 'images/drew_barrymore_c.jpg'), ('category_b', 'face')])
10.4412 	EXP 	a_image: autoDraw = False
10.4412 	EXP 	b_image: autoDraw = False
10.4412 	EXP 	a_image: image = 'images/balloon.jpg'
10.4412 	EXP 	b_image: image = 'images/drew_barrymore_c.jpg'
10.9246 	EXP 	a_image: autoDraw = True
10.9246 	EXP 	b_image: autoDraw = True
11.4091 	EXP 	New trial (rep=0, index=5): OrderedDict([('trial', 6), ('image_a', 'images/bandage.jpg'), ('image_b', 'images/ellen_degeneres_b.jpg'), ('category_b', 'face')])
11.4437 	EXP 	a_image: autoDraw = False
11.4437 	EXP 	b_image: autoDraw = False
11.4437 	EXP 	a_image: image = 'images/bandage.jpg'
11.4437 	EXP 	b_image: image = 'images/ellen_degeneres_b.jpg'
11.9243 	EXP 	a_image: autoDraw = True
11.9243 	EXP 	b_image: autoDraw = True
12.4089 	EXP 	New trial (rep=0, index=6): OrderedDict([('trial', 7), ('image_a', 'images/barrel.jpg'), ('image_b', 'images/emma_stone.jpg'), ('category_b', 'face')])
12.4455 	EXP 	a_image: autoDraw = False
12.4455 	EXP 	b_image: autoDraw = False
12.4455 	EXP 	a_image: image = 'images/barrel.jpg'
12.4455 	EXP 	b_image: image = 'images/emma_stone.jpg'
12.9246 	EXP 	a_image: autoDraw = True
12.9246 	EXP 	b_image: autoDraw = True
13.4087 	EXP 	New trial (rep=0, index=7): OrderedDict([('trial', 8), ('image_a', 'images/bathrobe.png'), ('image_b', 'images/emma_watson.jpg'), ('category_b', 'face')])
13.4413 	EXP 	a_image: autoDraw = False
13.4413 	EXP 	b_image: autoDraw = False
13.4413 	EXP 	a_image: image = 'images/bathrobe.png'
13.4413 	EXP 	b_image: image = 'images/emma_watson.jpg'
13.9244 	EXP 	a_image: autoDraw = True
13.9244 	EXP 	b_image: autoDraw = True
14.4083 	EXP 	New trial (rep=0, index=8): OrderedDict([('trial', 9), ('image_a', 'images/beetle.png'), ('image_b', 'images/george_clooney_a.jpg'), ('category_b', 'face')])
14.4413 	EXP 	a_image: autoDraw = False
14.4413 	EXP 	b_image: autoDraw = False
14.4413 	EXP 	a_image: image = 'images/beetle.png'
14.4413 	EXP 	b_image: image = 'images/george_clooney_a.jpg'
14.9251 	EXP 	a_image: autoDraw = True
14.9251 	EXP 	b_image: autoDraw = True
15.4083 	EXP 	New trial (rep=0, index=9): OrderedDict([('trial', 10), ('image_a', 'images/bench_park.png'), ('image_b', 'images/gwen_stefani_c.jpg'), ('category_b', 'face')])
15.4412 	EXP 	a_image: autoDraw = False
15.4412 	EXP 	b_image: autoDraw = False
15.4412 	EXP 	a_image: image = 'images/bench_park.png'
15.4412 	EXP 	b_image: image = 'images/gwen_stefani_c.jpg'
15.9077 	EXP 	a_image: autoDraw = True
15.9077 	EXP 	b_image: autoDraw = True
16.3924 	EXP 	New trial (rep=0, index=10): OrderedDict([('trial', 11), ('image_a', 'images/bib.png'), ('image_b', 'images/hillary_clinton_a.jpg'), ('category_b', 'face')])
16.4268 	EXP 	a_image: autoDraw = False
16.4268 	EXP 	b_image: autoDraw = False
16.4268 	EXP 	a_image: autoDraw = False
16.4268 	EXP 	b_image: autoDraw = False
16.4268 	EXP 	a_image: image = 'images/bib.png'
16.4268 	EXP 	b_image: image = 'images/hillary_clinton_a.jpg'
16.9079 	EXP 	a_image: autoDraw = True
16.9079 	EXP 	b_image: autoDraw = True
17.3926 	EXP 	New trial (rep=0, index=11): OrderedDict([('trial', 12), ('image_a', 'images/bird_parrot.png'), ('image_b', 'images/jackie_kennedy_a.jpg'), ('category_b', 'face')])
17.4249 	EXP 	a_image: autoDraw = False
17.4249 	EXP 	b_image: autoDraw = False
17.4249 	EXP 	a_image: autoDraw = False
17.4249 	EXP 	b_image: autoDraw = False
17.4249 	EXP 	a_image: image = 'images/bird_parrot.png'
17.4249 	EXP 	b_image: image = 'images/jackie_kennedy_a.jpg'
17.9075 	EXP 	a_image: autoDraw = True
17.9075 	EXP 	b_image: autoDraw = True
18.4082 	EXP 	a_image: autoDraw = False
18.4082 	EXP 	b_image: autoDraw = False
18.4082 	EXP 	a_image: autoDraw = False
18.4082 	EXP 	b_image: autoDraw = False
18.4082 	EXP 	text: autoDraw = True
19.4084 	EXP 	text: autoDraw = False
19.4084 	EXP 	text: autoDraw = False
19.6882 	EXP 	window1: mouseVisible = True
