5.9056 	EXP 	Created window1 = Window(allowGUI=False, allowStencil=False, args=UNKNOWN, autoLog=True, bitsMode=UNKNOWN, blendMode='avg', color=array([0.992, 0.992, 0.992]), colorSpace='rgb', fullscr=<method-wrapper '__getattribute__' of attributeSetter object at 0x131ac6cf8>, gamma=None, gammaErrorPolicy='raise', kwargs=UNKNOWN, lms=UNKNOWN, monitor=<psychopy.monitors.calibTools.Monitor object at 0x13195fc18>, multiSample=False, name='window1', numSamples=2, pos=[360.0, 225.0], screen=0, size=array([2880, 1800]), stereo=False, units='height', useFBO=True, useRetina=True, viewOri=0.0, viewPos=None, viewScale=None, waitBlanking=True, winType='pyglet')
5.9056 	EXP 	window1: recordFrameIntervals = False
6.0713 	EXP 	window1: recordFrameIntervals = True
6.2552 	EXP 	window1: recordFrameIntervals = False
6.7384 	EXP 	Created Instruction_text = TextStim(__class__=<class 'psychopy.visual.text.TextStim'>, alignHoriz='center', alignVert='center', antialias=True, autoLog=True, bold=False, color='black', colorSpace='named', contrast=1.0, depth=0.0, flipHoriz=False, flipVert=False, font='Arial', fontFiles=[], height=0.1, italic=False, languageStyle='LTR', name='Instruction_text', opacity=1.0, ori=0, pos=array([0., 0.]), rgb=array([0., 0., 0.]), text='Remember the image pairs', units='height', win=Window(...), wrapWidth=1)
6.7723 	EXP 	Created a_image = ImageStim(__class__=<class 'psychopy.visual.image.ImageStim'>, autoLog=True, color=array([1., 1., 1.]), colorSpace='rgb', contrast=1.0, depth=0.0, flipHoriz=False, flipVert=False, image='sin', interpolate=True, mask=None, maskParams=None, name='a_image', opacity=1.0, ori=0.0, pos=array([-0.3,  0. ]), size=array([0.5, 0.5]), texRes=128, units='height', win=Window(...))
6.7742 	EXP 	Created b_image = ImageStim(__class__=<class 'psychopy.visual.image.ImageStim'>, autoLog=True, color=array([1., 1., 1.]), colorSpace='rgb', contrast=1.0, depth=-1.0, flipHoriz=False, flipVert=False, image='sin', interpolate=True, mask=None, maskParams=None, name='b_image', opacity=1.0, ori=0.0, pos=array([0.3, 0. ]), size=array([0.5, 0.5]), texRes=128, units='height', win=Window(...))
6.7840 	EXP 	Created instruct_text = TextStim(__class__=<class 'psychopy.visual.text.TextStim'>, alignHoriz='center', alignVert='center', antialias=True, autoLog=True, bold=False, color='white', colorSpace='named', contrast=1.0, depth=0.0, flipHoriz=False, flipVert=False, font='Arial', fontFiles=[], height=0.1, italic=False, languageStyle='LTR', name='instruct_text', opacity=1.0, ori=0, pos=array([0. , 0.5]), rgb=array([255., 255., 255.]), text='Retrieve the associate', units='height', win=Window(...), wrapWidth=1)
6.8052 	EXP 	Instruction_text: autoDraw = True
7.0251 	DATA 	Keypress: space
7.2900 	EXP 	Imported intentional_encoding.xlsx as conditions, 12 conditions, 4 params
7.2903 	EXP 	Created sequence: sequential, trialTypes=12, nReps=1, seed=None
7.2907 	EXP 	New trial (rep=0, index=0): OrderedDict([('trial', 1), ('image_a', 'images/flipflopsBlue.png'), ('image_b', 'images/amy_poehler_c.jpg'), ('category_b', 'face')])
7.3707 	EXP 	Instruction_text: autoDraw = False
7.3707 	EXP 	a_image: image = 'images/flipflopsBlue.png'
7.3707 	EXP 	b_image: image = 'images/amy_poehler_c.jpg'
7.8716 	EXP 	a_image: autoDraw = True
7.8716 	EXP 	b_image: autoDraw = True
8.2887 	EXP 	New trial (rep=0, index=1): OrderedDict([('trial', 2), ('image_a', 'images/bag_gift.png'), ('image_b', 'images/bill_gates_a.jpg'), ('category_b', 'face')])
8.3235 	EXP 	a_image: autoDraw = False
8.3235 	EXP 	b_image: autoDraw = False
8.3235 	EXP 	a_image: image = 'images/bag_gift.png'
8.3235 	EXP 	b_image: image = 'images/bill_gates_a.jpg'
8.8047 	EXP 	a_image: autoDraw = True
8.8047 	EXP 	b_image: autoDraw = True
9.2885 	EXP 	New trial (rep=0, index=2): OrderedDict([('trial', 3), ('image_a', 'images/ball_8.png'), ('image_b', 'images/courtney_cox_c.jpg'), ('category_b', 'face')])
9.3240 	EXP 	a_image: autoDraw = False
9.3240 	EXP 	b_image: autoDraw = False
9.3240 	EXP 	a_image: image = 'images/ball_8.png'
9.3240 	EXP 	b_image: image = 'images/courtney_cox_c.jpg'
9.8073 	EXP 	a_image: autoDraw = True
9.8073 	EXP 	b_image: autoDraw = True
10.2918 	EXP 	New trial (rep=0, index=3): OrderedDict([('trial', 4), ('image_a', 'images/ball_baseball.png'), ('image_b', 'images/dakota_fanning_c.jpg'), ('category_b', 'face')])
10.3240 	EXP 	a_image: autoDraw = False
10.3240 	EXP 	b_image: autoDraw = False
10.3240 	EXP 	a_image: image = 'images/ball_baseball.png'
10.3240 	EXP 	b_image: image = 'images/dakota_fanning_c.jpg'
10.8075 	EXP 	a_image: autoDraw = True
10.8075 	EXP 	b_image: autoDraw = True
11.2914 	EXP 	New trial (rep=0, index=4): OrderedDict([('trial', 5), ('image_a', 'images/balloon.jpg'), ('image_b', 'images/drew_barrymore_c.jpg'), ('category_b', 'face')])
11.3237 	EXP 	a_image: autoDraw = False
11.3237 	EXP 	b_image: autoDraw = False
11.3237 	EXP 	a_image: image = 'images/balloon.jpg'
11.3237 	EXP 	b_image: image = 'images/drew_barrymore_c.jpg'
11.8072 	EXP 	a_image: autoDraw = True
11.8072 	EXP 	b_image: autoDraw = True
12.2915 	EXP 	New trial (rep=0, index=5): OrderedDict([('trial', 6), ('image_a', 'images/bandage.jpg'), ('image_b', 'images/ellen_degeneres_b.jpg'), ('category_b', 'face')])
12.3259 	EXP 	a_image: autoDraw = False
12.3259 	EXP 	b_image: autoDraw = False
12.3259 	EXP 	a_image: image = 'images/bandage.jpg'
12.3259 	EXP 	b_image: image = 'images/ellen_degeneres_b.jpg'
12.8069 	EXP 	a_image: autoDraw = True
12.8069 	EXP 	b_image: autoDraw = True
13.2919 	EXP 	New trial (rep=0, index=6): OrderedDict([('trial', 7), ('image_a', 'images/barrel.jpg'), ('image_b', 'images/emma_stone.jpg'), ('category_b', 'face')])
13.3279 	EXP 	a_image: autoDraw = False
13.3279 	EXP 	b_image: autoDraw = False
13.3279 	EXP 	a_image: image = 'images/barrel.jpg'
13.3279 	EXP 	b_image: image = 'images/emma_stone.jpg'
13.8075 	EXP 	a_image: autoDraw = True
13.8075 	EXP 	b_image: autoDraw = True
14.2914 	EXP 	New trial (rep=0, index=7): OrderedDict([('trial', 8), ('image_a', 'images/bathrobe.png'), ('image_b', 'images/emma_watson.jpg'), ('category_b', 'face')])
14.3241 	EXP 	a_image: autoDraw = False
14.3241 	EXP 	b_image: autoDraw = False
14.3241 	EXP 	a_image: image = 'images/bathrobe.png'
14.3241 	EXP 	b_image: image = 'images/emma_watson.jpg'
14.8075 	EXP 	a_image: autoDraw = True
14.8075 	EXP 	b_image: autoDraw = True
15.2919 	EXP 	New trial (rep=0, index=8): OrderedDict([('trial', 9), ('image_a', 'images/beetle.png'), ('image_b', 'images/george_clooney_a.jpg'), ('category_b', 'face')])
15.3243 	EXP 	a_image: autoDraw = False
15.3243 	EXP 	b_image: autoDraw = False
15.3243 	EXP 	a_image: image = 'images/beetle.png'
15.3243 	EXP 	b_image: image = 'images/george_clooney_a.jpg'
15.8073 	EXP 	a_image: autoDraw = True
15.8073 	EXP 	b_image: autoDraw = True
16.2915 	EXP 	New trial (rep=0, index=9): OrderedDict([('trial', 10), ('image_a', 'images/bench_park.png'), ('image_b', 'images/gwen_stefani_c.jpg'), ('category_b', 'face')])
16.3233 	EXP 	a_image: autoDraw = False
16.3233 	EXP 	b_image: autoDraw = False
16.3233 	EXP 	a_image: image = 'images/bench_park.png'
16.3233 	EXP 	b_image: image = 'images/gwen_stefani_c.jpg'
16.8073 	EXP 	a_image: autoDraw = True
16.8073 	EXP 	b_image: autoDraw = True
17.2915 	EXP 	New trial (rep=0, index=10): OrderedDict([('trial', 11), ('image_a', 'images/bib.png'), ('image_b', 'images/hillary_clinton_a.jpg'), ('category_b', 'face')])
17.3249 	EXP 	a_image: autoDraw = False
17.3249 	EXP 	b_image: autoDraw = False
17.3249 	EXP 	a_image: image = 'images/bib.png'
17.3249 	EXP 	b_image: image = 'images/hillary_clinton_a.jpg'
17.8065 	EXP 	a_image: autoDraw = True
17.8065 	EXP 	b_image: autoDraw = True
18.2923 	EXP 	New trial (rep=0, index=11): OrderedDict([('trial', 12), ('image_a', 'images/bird_parrot.png'), ('image_b', 'images/jackie_kennedy_a.jpg'), ('category_b', 'face')])
18.3239 	EXP 	a_image: autoDraw = False
18.3239 	EXP 	b_image: autoDraw = False
18.3239 	EXP 	a_image: image = 'images/bird_parrot.png'
18.3239 	EXP 	b_image: image = 'images/jackie_kennedy_a.jpg'
18.8074 	EXP 	a_image: autoDraw = True
18.8074 	EXP 	b_image: autoDraw = True
19.3034 	EXP 	Imported test_encoding.xlsx as conditions, 48 conditions, 6 params
19.5773 	EXP 	window1: mouseVisible = True
